    2       1             ! num_pot, pot. type
 6.88000  0.80000  1.00000           ! Ecut, Smth, scalkin
 
 Cd       48052       ! Atom, atomic_num
 2.6280000000000E+02      4          !norm. atomic volume, ngauss
 1.1377942139948E+00      1          !SO param
 0.0000000000000E+00      0          !af param for strain
 0.0000000000000E+00      0          !beta param
-4.9480400000000E-01  0.0000000000000E+00  2.2508400000000E+00   0  0  0  !gaussian's param
-8.8119900000000E-03  3.5127900000000E+00  2.3379600000000E+00   0  0  0  !gaussian's param
 1.1256500000000E+00 -1.0642300000000E+00  3.2992700000000E+00   0  0  0  !gaussian's param
 6.2469600000000E-02  1.5789400000000E+00  1.7675600000000E+00   0  0  0  !gaussian's param
 
 Te       52048       ! Atom, atomic_num
 1.4520000000000E+02      4          !norm. atomic volume, ngauss
 4.8975982253211E-01      1          !SO param
 0.0000000000000E+00      0          !af param for strain
 0.0000000000000E+00      0          !beta param
-1.9876093800799E+00  0.0000000000000E+00  1.4477889631092E+00   1  0  1  !gaussian's param
-1.3037355744631E-07  4.3289863916192E+00  1.0828630434682E-01   1  1  1  !gaussian's param
-8.3708825562219E-02  2.2569590083362E+00  1.0000000000412E+00   1  1  1  !gaussian's param
 2.8969109661285E-01  8.4959966786509E-02  2.8044543084713E-01   1  1  1  !gaussian's param
 1.0000000000000E+00      0          !kin_scal param
 
 SO calc.
 **************************
 Results for structure bulkCdTe.config               
X-point:  1.00000  0.00000  0.00000
The  8th state is the VBM of bulkCdTe.config     
   Property       Ideal_Value   fitted_Value  Error    Weighted_Err**2   Weight
   --------             ------   -------     -----     ------------
 
eg1v             -11.59000  -9.54795424   2.04204576       0.03104303     1.000
evbm              -4.63391  -4.58275011   0.05116407      59.73520139   700.000
eg1c               1.47500   1.48236290   0.00736290       0.99672023   200.000
eg15c              5.36000   2.81131187  -2.54868813       0.90440677     2.000
ex1v             -11.04000  -8.26261511   2.77738489       0.01582246     0.500
ex3v              -4.57000  -4.23010949   0.33989051       0.00138288     0.500
ex5v              -2.05000  -1.89497977   0.15502023       0.05146495     3.000
ex1c               3.29000   1.42160297  -1.86839703       8.06281229     5.000
ex3c               3.95000   1.74200016  -2.20799984       1.24986721     2.000
el1v             -11.16000  -8.61248809   2.54751191       0.00052108     0.100
el2v              -4.76000  -4.34571870   0.41428130       0.00189372     0.500
el3v              -0.85000  -0.68434425   0.16565575       0.15192707     2.000
el1c               2.70000   1.61378122  -1.08621878       4.04619767     5.000
el3c               6.18000   3.40465100  -2.77534900       0.80671150     2.000
mg1c               0.12800   0.11716077  -0.01083923       2.86838014    20.000
mghh100            1.31500   0.37171170  -0.94328830      12.86404043     5.000
mghh111            2.56500   1.08142268  -1.48357732       0.08363453     0.500
mghh110            2.09200   0.77970653  -1.31229347       0.09837361     0.500
mglh100            0.16600   0.14346379  -0.02253621       0.01843086     1.000
mglh111            0.15700   0.11453268  -0.04246732       0.07316619     1.000
dpa               -3.70000  -1.63036903   2.06963097     125.15331882    20.000
dpag15v            0.89000   2.60488970   1.71488970    5940.35436847    40.000
dpaGX              1.44000   3.80102593   2.36102593      67.20731368     5.000
dpaGL             -1.88000   0.95072131   2.83072131      56.67852494     5.000
dpb100            -1.20000  -1.56276545  -0.36276545       9.13880365    10.000
edso0              0.89000   0.72946843  -0.16053157      29.28083125    30.000
edso1              0.53000   0.48298501  -0.04701499       0.19672562     5.000
edso2              0.38000   0.13708110  -0.24291890       1.63461468     2.000
 Total Error =    6321.70649912962     
