    2       1             ! num_pot, pot. type
 6.88000  0.80000  1.00000           ! Ecut, Smth, scalkin
 
 Cd       48034       ! Atom, atomic_num
 2.6280000000000E+02      4          !norm. atomic volume, ngauss
 2.9288204348843E-01      1          !SO param
 0.0000000000000E+00      0          !af param for strain
 0.0000000000000E+00      0          !beta param
-4.9480400000000E-01  0.0000000000000E+00  2.2508400000000E+00   0  0  0  !gaussian's param
-8.8119900000000E-03  3.5127900000000E+00  2.3379600000000E+00   0  0  0  !gaussian's param
 1.1256500000000E+00 -1.0642300000000E+00  3.2992700000000E+00   0  0  0  !gaussian's param
 6.2469600000000E-02  1.5789400000000E+00  1.7675600000000E+00   0  0  0  !gaussian's param
 
 Se       34048       ! Atom, atomic_num
 1.4520000000000E+02      4          !norm. atomic volume, ngauss
 3.8863733845661E-01      1          !SO param
 0.0000000000000E+00      0          !af param for strain
 0.0000000000000E+00      0          !beta param
-1.8643325937985E+00  0.0000000000000E+00  1.3317173326749E+00   1  0  1  !gaussian's param
-1.6826566024898E-07  9.6946555972365E-02  2.1636199243524E-01   1  1  1  !gaussian's param
-1.1739937148153E-01  3.4331471828203E+00  1.0000000000000E-01   1  1  1  !gaussian's param
 3.1896343035554E-01  4.5981304352306E-01  3.3807031374336E-01   1  1  1  !gaussian's param
 1.0000000000000E+00      0          !kin_scal param
 
 SO calc.
 **************************
 Results for structure bulkCdSe.config               
X-point:  1.00000  0.00000  0.00000
The  8th state is the VBM of bulkCdSe.config     
   Property       Ideal_Value   fitted_Value  Error    Weighted_Err**2   Weight
   --------             ------   -------     -----     ------------
 
eg1v             -12.97000 -10.32667972   2.64332028       0.04153552     1.000
evbm              -5.35971  -5.33028780   0.02941739      14.76123250   700.000
eg1c               1.74000   1.73709052  -0.00290948       0.11183873   200.000
eg15c              6.45000   3.17075236  -3.27924764       1.03392489     2.000
ex1v             -12.41000  -8.38469215   4.02530785       0.02630236     0.500
ex3v              -4.36000  -4.95340681  -0.59340681       0.00463097     0.500
ex5v              -2.05000  -2.26010600  -0.21010600       0.04201740     2.000
ex1c               3.95000   1.04830321  -2.90169679       4.85682412     3.000
ex3c               4.14000   1.56000825  -2.57999175       1.55344522     2.000
el1v             -12.54000  -8.93912336   3.60087664       0.00082456     0.100
el2v              -4.75000  -5.16871103  -0.41871103       0.00194259     0.500
el3v              -0.78000  -0.85825143  -0.07825143       0.04025830     2.000
el1c               3.39000   1.81553192  -1.57446808       5.39272575     5.000
mg1c               0.12000   0.17468033   0.05468033     129.77162498    25.000
mghh100            0.90000   0.33734738  -0.56265262      39.08370045    10.000
mghh110            1.70000   0.67758768  -1.02241232       1.44681932     2.000
mghh111            2.14000   0.87249285  -1.26750715       0.08770277     0.500
mglh100            0.18000   0.19647082   0.01647082       0.03349231     2.000
mglh110            0.16000   0.15212299  -0.00787701       0.00242372     1.000
mglh111            0.16000   0.14491552  -0.01508448       0.00888834     1.000
dpa               -2.90000  -3.55670368  -0.65670368      20.51175842    20.000
dpag15v            0.90000   1.35187625   0.45187625     403.34251393    40.000
dpaGX              1.03000   7.02830515   5.99830515     305.22856213     3.000
dpaGL             -2.19000   2.92329766   5.11329766      49.06326326     3.000
dpb100            -1.20000  -2.33402786  -1.13402786     357.22755073    20.000
edso0              0.42000   0.46698206   0.04698206      11.26180609    30.000
edso1              0.20000   0.29426139   0.09426139       0.22213026     1.000
 Total Error =    1345.15973963343     
