May 14 2011   3:59:01.948 PM
 Spin-Orbit interaction is ON
 Reweight of KE term    1.00000000000000     
 Fixed Reweight
 debug: close fit.d file 
 Read in a total of            2  pseudopotentials
 There are a total of          14 parameters to be fitted
 
 Reading expt. data from input.CdTe                    
     Input Quantity      Non So.      S.O.    weight
     --------------       -----     ------    ------
  eg1v                 -11.07000   -11.59000     1.00000
  evbm                  -4.63391    -4.63391   700.00000
  eg1c                   1.59000     1.59000   200.00000
  eg15c                  5.36000     5.36000     2.00000
  ex1v                  -9.12000   -11.04000     0.50000
  ex3v                  -5.05000    -4.57000     0.50000
  ex5v                  -1.60000    -2.05000     2.00000
  ex1c                   3.48000     3.29000    40.00000
  ex3c                   3.95000     3.95000     2.00000
  el1v                  -9.64000   -11.16000     0.10000
  el2v                  -4.73000    -4.76000     0.50000
  el3v                  -0.65000    -0.85000    20.00000
  el1c                   2.82000     2.70000    40.00000
  el3c                   6.18000     6.18000     5.00000
  mg1c                   0.12800     0.12800    35.00000
  mghh100                1.31500     1.31500    10.00000
  mghh111                2.56500     2.56500     0.50000
  mghh110                2.09200     2.09200     0.50000
  mglh100                0.16600     0.16600     1.00000
  mglh111                0.15700     0.15700     1.00000
  dpa                   -3.70000    -3.70000    10.00000
  dpag15v                0.89000     0.89000    10.00000
  dpaGX                  1.44000     1.44000     5.00000
  dpaGL                 -1.88000    -1.88000     5.00000
  dpb100                -1.20000    -1.20000    10.00000
  edso0                  0.89000     0.89000    30.00000
  edso1                  0.53000     0.53000     5.00000
  edso2                  0.38000     0.38000     2.00000
          28  Properties to be fitted for bulkCdTe.config               
 
          28  total expt. properties to be fitted
 
 Reading in structure bulkCdTe.config               
 Initial EPM:
 
 Iteration no.            1
 Values of the pseudopotential parameters
 ----------------------------------------
 Weight of Kinetic Energy   1.00000000000000     
 
 6.88000  0.80000  1.00000           ! Ecut, Smth, scalkin
 
 Cd       48052       ! Atom, atomic_num
 2.6280000000000E+02      4          !norm. atomic volume, ngauss
 1.1377942139948E-01      1          !SO param
 6.6632816652266E-01      1          !af param for strain
 0.0000000000000E+00      0          !beta param
-4.9480400000000E-01  0.0000000000000E+00  2.2508400000000E+00   0  0  0  !gaussian's param
-8.8119900000000E-03  3.5127900000000E+00  2.3379600000000E+00   0  0  0  !gaussian's param
 1.1256500000000E+00 -1.0642300000000E+00  3.2992700000000E+00   0  0  0  !gaussian's param
 6.2469600000000E-02  1.5789400000000E+00  1.7675600000000E+00   0  0  0  !gaussian's param
 
 Te       52048       ! Atom, atomic_num
 1.4520000000000E+02      4          !norm. atomic volume, ngauss
 3.1373062654333E-01      1          !SO param
 0.0000000000000E+00      0          !af param for strain
 0.0000000000000E+00      0          !beta param
-1.4426193672981E+00  0.0000000000000E+00  1.2057241191235E+00   1  0  1  !gaussian's param
-1.3037355744631E-06  7.8931459346945E-01  7.4787113616033E-01   1  1  1  !gaussian's param
-1.3055206658163E-02  1.2112964056167E+00  1.0000000000412E-01   1  1  1  !gaussian's param
 1.0076508587478E-01  1.6994852997243E-01  1.8593731780395E-01   1  1  1  !gaussian's param
 Results for structure bulkCdTe.config               
X-point:  1.00000  0.00000  0.00000
The  8th state is the VBM of bulkCdTe.config     
   Property       Ideal_Value   fitted_Value  Error    Weighted_Err**2   Weight
   --------             ------   -------     -----     ------------
 
eg1v             -11.59000 -10.75577013   0.83422987       0.00518089     1.000
evbm              -4.63391  -4.63422488  -0.00031070       0.00220283   700.000
eg1c               1.59000   1.56065693  -0.02934307      13.62312993   200.000
eg15c              5.36000   5.18673945  -0.17326055       0.00417955     2.000
ex1v             -11.04000 -10.22594965   0.81405035       0.00135927     0.500
ex3v              -4.57000  -3.06332037   1.50667963       0.02717374     0.500
ex5v              -2.05000  -1.14771148   0.90228852       0.77489548     2.000
ex1c               3.29000   3.01110892  -0.27889108      11.49734176    40.000
ex3c               3.95000   3.70177677  -0.24822323       0.01579613     2.000
el1v             -11.16000 -10.36074623   0.79925377       0.00005129     0.100
el2v              -4.76000  -3.18509416   1.57490584       0.02736751     0.500
el3v              -0.85000  -0.42821610   0.42178390      98.49226677    20.000
el1c               2.70000   2.86490497   0.16490497       5.96842813    40.000
el3c               6.18000   5.47672380  -0.70327620       0.32375382     5.000
mg1c               0.12800   0.14779264   0.01979264      29.29027309    35.000
mghh100            1.31500   0.90514606  -0.40985394       9.71419293    10.000
mghh111            2.56500   2.12001012  -0.44498988       0.00752429     0.500
mghh110            2.09200   1.62854479  -0.46345521       0.01226965     0.500
mglh100            0.16600   0.20684633   0.04084633       0.06054663     1.000
mglh111            0.15700   0.18304588   0.02604588       0.02752193     1.000
dpa               -3.70000  -2.86757801   0.83242199       5.06155133    10.000
dpag15v            0.89000   0.87999749  -0.01000251       0.01263101    10.000
dpaGX              1.44000   0.98767475  -0.45232525       2.46670197     5.000
dpaGL             -1.88000  -1.83465814   0.04534186       0.01454196     5.000
dpb100            -1.20000  -1.21416645  -0.01416645       0.01393669    10.000
edso0              0.89000   0.86442815  -0.02557185       0.74299651    30.000
edso1              0.53000   0.50791560  -0.02208440       0.04340698     5.000
edso2              0.38000   0.40469141   0.02469141       0.01688824     2.000
 
 Total Error =    178.248110303470     
 
 Iteration no.          501
 Values of the pseudopotential parameters
 ----------------------------------------
 Weight of Kinetic Energy   1.00000000000000     
 
 6.88000  0.80000  1.00000           ! Ecut, Smth, scalkin
 
 Cd       48052       ! Atom, atomic_num
 2.6280000000000E+02      4          !norm. atomic volume, ngauss
 1.1268605205951E-01      1          !SO param
 6.6493048659801E-01      1          !af param for strain
 0.0000000000000E+00      0          !beta param
-4.9480400000000E-01  0.0000000000000E+00  2.2508400000000E+00   0  0  0  !gaussian's param
-8.8119900000000E-03  3.5127900000000E+00  2.3379600000000E+00   0  0  0  !gaussian's param
 1.1256500000000E+00 -1.0642300000000E+00  3.2992700000000E+00   0  0  0  !gaussian's param
 6.2469600000000E-02  1.5789400000000E+00  1.7675600000000E+00   0  0  0  !gaussian's param
 
 Te       52048       ! Atom, atomic_num
 1.4520000000000E+02      4          !norm. atomic volume, ngauss
 3.1384912720512E-01      1          !SO param
 0.0000000000000E+00      0          !af param for strain
 0.0000000000000E+00      0          !beta param
-1.4429268656649E+00  0.0000000000000E+00  1.2056038856171E+00   1  0  1  !gaussian's param
-1.3091989155117E-06  7.8721847352162E-01  7.5074506713568E-01   1  1  1  !gaussian's param
-1.3031623231212E-02  1.2001865667771E+00  1.0009020145578E-01   1  1  1  !gaussian's param
 1.0148666211314E-01  1.7011663288552E-01  1.8542591719753E-01   1  1  1  !gaussian's param
 Results for structure bulkCdTe.config               
X-point:  1.00000  0.00000  0.00000
The  8th state is the VBM of bulkCdTe.config     
   Property       Ideal_Value   fitted_Value  Error    Weighted_Err**2   Weight
   --------             ------   -------     -----     ------------
 
eg1v             -11.59000 -10.72556111   0.86443889       0.00556291     1.000
evbm              -4.63391  -4.63270385   0.00121033       0.03342755   700.000
eg1c               1.59000   1.58400245  -0.00599755       0.56913338   200.000
eg15c              5.36000   5.18446418  -0.17553582       0.00429005     2.000
ex1v             -11.04000 -10.19079084   0.84920916       0.00147921     0.500
ex3v              -4.57000  -3.06427374   1.50572626       0.02713936     0.500
ex5v              -2.05000  -1.14825279   0.90174721       0.77396599     2.000
ex1c               3.29000   3.01410773  -0.27589227      11.25141814    40.000
ex3c               3.95000   3.69954758  -0.25045242       0.01608112     2.000
el1v             -11.16000 -10.32693530   0.83306470       0.00005572     0.100
el2v              -4.76000  -3.18603273   1.57396727       0.02733490     0.500
el3v              -0.85000  -0.42847236   0.42152764      98.37262282    20.000
el1c               2.70000   2.87547247   0.17547247       6.75787954    40.000
el3c               6.18000   5.47431436  -0.70568564       0.32597600     5.000
mg1c               0.12800   0.14922372   0.02122372      33.67899353    35.000
mghh100            1.31500   0.90453339  -0.41046661       9.74325713    10.000
mghh111            2.56500   2.11846534  -0.44653466       0.00757662     0.500
mghh110            2.09200   1.62790838  -0.46409162       0.01230337     0.500
mglh100            0.16600   0.20915634   0.04315634       0.06758853     1.000
mglh111            0.15700   0.18483565   0.02783565       0.03143427     1.000
dpa               -3.70000  -2.89553223   0.80446777       4.72730750    10.000
dpag15v            0.89000   0.88359851  -0.00640149       0.00517348    10.000
dpaGX              1.44000   0.99217379  -0.44782621       2.41787606     5.000
dpaGL             -1.88000  -1.84197510   0.03802490       0.01022729     5.000
dpb100            -1.20000  -1.21485876  -0.01485876       0.01533213    10.000
edso0              0.89000   0.86338701  -0.02661299       0.80472945    30.000
edso1              0.53000   0.50728525  -0.02271475       0.04592026     5.000
edso2              0.38000   0.40431499   0.02431499       0.01637725     2.000
 
 Total Error =    169.750463536817     
 
 Iteration no.         1001
 Values of the pseudopotential parameters
 ----------------------------------------
 Weight of Kinetic Energy   1.00000000000000     
 
 6.88000  0.80000  1.00000           ! Ecut, Smth, scalkin
 
 Cd       48052       ! Atom, atomic_num
 2.6280000000000E+02      4          !norm. atomic volume, ngauss
 1.1214221962101E-01      1          !SO param
 6.6323009856147E-01      1          !af param for strain
 0.0000000000000E+00      0          !beta param
-4.9480400000000E-01  0.0000000000000E+00  2.2508400000000E+00   0  0  0  !gaussian's param
-8.8119900000000E-03  3.5127900000000E+00  2.3379600000000E+00   0  0  0  !gaussian's param
 1.1256500000000E+00 -1.0642300000000E+00  3.2992700000000E+00   0  0  0  !gaussian's param
 6.2469600000000E-02  1.5789400000000E+00  1.7675600000000E+00   0  0  0  !gaussian's param
 
 Te       52048       ! Atom, atomic_num
 1.4520000000000E+02      4          !norm. atomic volume, ngauss
 3.1531053017378E-01      1          !SO param
 0.0000000000000E+00      0          !af param for strain
 0.0000000000000E+00      0          !beta param
-1.4446932990699E+00  0.0000000000000E+00  1.2078877081538E+00   1  0  1  !gaussian's param
-1.3370100559260E-06  7.8163379190174E-01  7.5945354154662E-01   1  1  1  !gaussian's param
-1.3043369808166E-02  1.2041574551171E+00  1.0026932779536E-01   1  1  1  !gaussian's param
 1.0142582216540E-01  1.7191120116658E-01  1.8575094854641E-01   1  1  1  !gaussian's param
 Results for structure bulkCdTe.config               
X-point:  1.00000  0.00000  0.00000
The  8th state is the VBM of bulkCdTe.config     
   Property       Ideal_Value   fitted_Value  Error    Weighted_Err**2   Weight
   --------             ------   -------     -----     ------------
 
eg1v             -11.59000 -10.71755176   0.87244824       0.00566647     1.000
evbm              -4.63391  -4.63299732   0.00091686       0.01918246   700.000
eg1c               1.59000   1.58308553  -0.00691447       0.75645598   200.000
eg15c              5.36000   5.17490486  -0.18509514       0.00477002     2.000
ex1v             -11.04000 -10.18036039   0.85963961       0.00151577     0.500
ex3v              -4.57000  -3.06974897   1.50025103       0.02694235     0.500
ex5v              -2.05000  -1.15063138   0.89936862       0.76988832     2.000
ex1c               3.29000   3.00687419  -0.28312581      11.84914785    40.000
ex3c               3.95000   3.69053074  -0.25946926       0.01725987     2.000
el1v             -11.16000 -10.31713535   0.84286465       0.00005704     0.100
el2v              -4.76000  -3.19150571   1.56849429       0.02714513     0.500
el3v              -0.85000  -0.42946152   0.42053848      97.91148270    20.000
el1c               2.70000   2.86986690   0.16986690       6.33300730    40.000
el3c               6.18000   5.46506025  -0.71493975       0.33458152     5.000
mg1c               0.12800   0.14901449   0.02101449      33.01822302    35.000
mghh100            1.31500   0.90176454  -0.41323546       9.87514883    10.000
mghh111            2.56500   2.11231159  -0.45268841       0.00778689     0.500
mghh110            2.09200   1.62311673  -0.46888327       0.01255874     0.500
mglh100            0.16600   0.20867883   0.04267883       0.06610113     1.000
mglh111            0.15700   0.18439398   0.02739398       0.03044466     1.000
dpa               -3.70000  -2.89000816   0.80999184       4.79245273    10.000
dpag15v            0.89000   0.88619559  -0.00380441       0.00182723    10.000
dpaGX              1.44000   1.00633635  -0.43366365       2.26736305     5.000
dpaGL             -1.88000  -1.82897912   0.05102088       0.01841282     5.000
dpb100            -1.20000  -1.21625654  -0.01625654       0.01835243    10.000
edso0              0.89000   0.86561981  -0.02438019       0.67536208    30.000
edso1              0.53000   0.50849794  -0.02150206       0.04114796     5.000
edso2              0.38000   0.40522672   0.02522672       0.01762846     2.000
 
 Total Error =    168.899912828992     
 
 Iteration no.         1501
 Values of the pseudopotential parameters
 ----------------------------------------
 Weight of Kinetic Energy   1.00000000000000     
 
 6.88000  0.80000  1.00000           ! Ecut, Smth, scalkin
 
 Cd       48052       ! Atom, atomic_num
 2.6280000000000E+02      4          !norm. atomic volume, ngauss
 1.1223151215662E-01      1          !SO param
 6.6308752082356E-01      1          !af param for strain
 0.0000000000000E+00      0          !beta param
-4.9480400000000E-01  0.0000000000000E+00  2.2508400000000E+00   0  0  0  !gaussian's param
-8.8119900000000E-03  3.5127900000000E+00  2.3379600000000E+00   0  0  0  !gaussian's param
 1.1256500000000E+00 -1.0642300000000E+00  3.2992700000000E+00   0  0  0  !gaussian's param
 6.2469600000000E-02  1.5789400000000E+00  1.7675600000000E+00   0  0  0  !gaussian's param
 
 Te       52048       ! Atom, atomic_num
 1.4520000000000E+02      4          !norm. atomic volume, ngauss
 3.1754690759646E-01      1          !SO param
 0.0000000000000E+00      0          !af param for strain
 0.0000000000000E+00      0          !beta param
-1.4456205699230E+00  0.0000000000000E+00  1.2085966171480E+00   1  0  1  !gaussian's param
-1.3513877515418E-06  7.8034498923562E-01  7.6067144434588E-01   1  1  1  !gaussian's param
-1.3051998794576E-02  1.2066919018072E+00  1.0040582405477E-01   1  1  1  !gaussian's param
 1.0143171588964E-01  1.7199104174096E-01  1.8575767393892E-01   1  1  1  !gaussian's param
 Results for structure bulkCdTe.config               
X-point:  1.00000  0.00000  0.00000
The  8th state is the VBM of bulkCdTe.config     
   Property       Ideal_Value   fitted_Value  Error    Weighted_Err**2   Weight
   --------             ------   -------     -----     ------------
 
eg1v             -11.59000 -10.71758221   0.87241779       0.00566607     1.000
evbm              -4.63391  -4.63568245  -0.00176827       0.07135052   700.000
eg1c               1.59000   1.58325560  -0.00674440       0.71970221   200.000
eg15c              5.36000   5.17271875  -0.18728125       0.00488336     2.000
ex1v             -11.04000 -10.18010717   0.85989283       0.00151667     0.500
ex3v              -4.57000  -3.07242577   1.49757423       0.02684629     0.500
ex5v              -2.05000  -1.15108466   0.89891534       0.76911247     2.000
ex1c               3.29000   3.00598191  -0.28401809      11.92395125    40.000
ex3c               3.95000   3.68873313  -0.26126687       0.01749986     2.000
el1v             -11.16000 -10.31695819   0.84304181       0.00005707     0.100
el2v              -4.76000  -3.19389468   1.56610532       0.02706251     0.500
el3v              -0.85000  -0.42966190   0.42033810      97.81819891    20.000
el1c               2.70000   2.86895128   0.16895128       6.26491828    40.000
el3c               6.18000   5.46308629  -0.71691371       0.33643164     5.000
mg1c               0.12800   0.14907372   0.02107372      33.20461262    35.000
mghh100            1.31500   0.90123860  -0.41376140       9.90030193    10.000
mghh111            2.56500   2.11115706  -0.45384294       0.00782666     0.500
mghh110            2.09200   1.62221766  -0.46978234       0.01260695     0.500
mglh100            0.16600   0.20861481   0.04261481       0.06590297     1.000
mglh111            0.15700   0.18433071   0.02733071       0.03030419     1.000
dpa               -3.70000  -2.88699296   0.81300704       4.82819899    10.000
dpag15v            0.89000   0.88628949  -0.00371051       0.00173815    10.000
dpaGX              1.44000   1.01110505  -0.42889495       2.21777201     5.000
dpaGL             -1.88000  -1.82440088   0.05559912       0.02186554     5.000
dpb100            -1.20000  -1.21661434  -0.01661434       0.01916919    10.000
edso0              0.89000   0.87172963  -0.01827037       0.37927752    30.000
edso1              0.53000   0.51186903  -0.01813097       0.02925703     5.000
edso2              0.38000   0.40784390   0.02784390       0.02147598     2.000
 
 Total Error =    168.727506818628     
 
 Iteration no.         2001
 Values of the pseudopotential parameters
 ----------------------------------------
 Weight of Kinetic Energy   1.00000000000000     
 
 6.88000  0.80000  1.00000           ! Ecut, Smth, scalkin
 
 Cd       48052       ! Atom, atomic_num
 2.6280000000000E+02      4          !norm. atomic volume, ngauss
 1.1222531267403E-01      1          !SO param
 6.6279097825934E-01      1          !af param for strain
 0.0000000000000E+00      0          !beta param
-4.9480400000000E-01  0.0000000000000E+00  2.2508400000000E+00   0  0  0  !gaussian's param
-8.8119900000000E-03  3.5127900000000E+00  2.3379600000000E+00   0  0  0  !gaussian's param
 1.1256500000000E+00 -1.0642300000000E+00  3.2992700000000E+00   0  0  0  !gaussian's param
 6.2469600000000E-02  1.5789400000000E+00  1.7675600000000E+00   0  0  0  !gaussian's param
 
 Te       52048       ! Atom, atomic_num
 1.4520000000000E+02      4          !norm. atomic volume, ngauss
 3.1741057961379E-01      1          !SO param
 0.0000000000000E+00      0          !af param for strain
 0.0000000000000E+00      0          !beta param
-1.4459988410380E+00  0.0000000000000E+00  1.2095920158570E+00   1  0  1  !gaussian's param
-1.3512930579175E-06  7.8223055885107E-01  7.7180656440903E-01   1  1  1  !gaussian's param
-1.3055658897209E-02  1.2084339175446E+00  1.0219596138165E-01   1  1  1  !gaussian's param
 1.0145304563891E-01  1.7197040408081E-01  1.8576521968234E-01   1  1  1  !gaussian's param
 Results for structure bulkCdTe.config               
X-point:  1.00000  0.00000  0.00000
The  8th state is the VBM of bulkCdTe.config     
   Property       Ideal_Value   fitted_Value  Error    Weighted_Err**2   Weight
   --------             ------   -------     -----     ------------
 
eg1v             -11.59000 -10.70980320   0.88019680       0.00576757     1.000
evbm              -4.63391  -4.63219309   0.00172109       0.06759375   700.000
eg1c               1.59000   1.58382603  -0.00617397       0.60310694   200.000
eg15c              5.36000   5.16699850  -0.19300150       0.00518623     2.000
ex1v             -11.04000 -10.17042305   0.86957695       0.00155102     0.500
ex3v              -4.57000  -3.07501306   1.49498694       0.02675361     0.500
ex5v              -2.05000  -1.15256683   0.89743317       0.76657828     2.000
ex1c               3.29000   3.00126227  -0.28873773      12.32353354    40.000
ex3c               3.95000   3.68316213  -0.26683787       0.01825411     2.000
el1v             -11.16000 -10.30777877   0.85222123       0.00005831     0.100
el2v              -4.76000  -3.19663928   1.56336072       0.02696774     0.500
el3v              -0.85000  -0.43024598   0.41975402      97.54653960    20.000
el1c               2.70000   2.86613695   0.16613695       6.05793910    40.000
el3c               6.18000   5.45746910  -0.72253090       0.34172434     5.000
mg1c               0.12800   0.14898262   0.02098262      32.91817069    35.000
mghh100            1.31500   0.89951917  -0.41548083       9.98275641    10.000
mghh111            2.56500   2.10747163  -0.45752837       0.00795429     0.500
mghh110            2.09200   1.61933227  -0.47266773       0.01276229     0.500
mglh100            0.16600   0.20844129   0.04244129       0.06536738     1.000
mglh111            0.15700   0.18415137   0.02715137       0.02990778     1.000
dpa               -3.70000  -2.88917275   0.81082725       4.80234358    10.000
dpag15v            0.89000   0.88476186  -0.00523814       0.00346397    10.000
dpaGX              1.44000   1.01660682  -0.42339318       2.16123875     5.000
dpaGL             -1.88000  -1.82130533   0.05869467       0.02436810     5.000
dpb100            -1.20000  -1.21729925  -0.01729925       0.02078222    10.000
edso0              0.89000   0.87037370  -0.01962630       0.43766256    30.000
edso1              0.53000   0.51112831  -0.01887169       0.03169639     5.000
edso2              0.38000   0.40719442   0.02719442       0.02048578     2.000
 
 Total Error =    168.310514310004     
Output flag from DQED, IGO =      3
 
Computed X:
 
  0.987185    
  0.994657    
   1.01210    
   1.00235    
   1.00319    
   1.03576    
  0.991188    
   1.03167    
   1.00006    
  0.997638    
   1.02165    
   1.00683    
   1.01163    
  0.999072    
 
L2 norm of the residual, FNORM =    168.309    
 
EPMFIT_DQED
Normal end of execution.
 
 Iteration no.         2162
 Values of the pseudopotential parameters
 ----------------------------------------
 Weight of Kinetic Energy   1.00000000000000     
 
 6.88000  0.80000  1.00000           ! Ecut, Smth, scalkin
 
 Cd       48052       ! Atom, atomic_num
 2.6280000000000E+02      4          !norm. atomic volume, ngauss
 1.1232135426018E-01      1          !SO param
 6.6276781121311E-01      1          !af param for strain
 0.0000000000000E+00      0          !beta param
-4.9480400000000E-01  0.0000000000000E+00  2.2508400000000E+00   0  0  0  !gaussian's param
-8.8119900000000E-03  3.5127900000000E+00  2.3379600000000E+00   0  0  0  !gaussian's param
 1.1256500000000E+00 -1.0642300000000E+00  3.2992700000000E+00   0  0  0  !gaussian's param
 6.2469600000000E-02  1.5789400000000E+00  1.7675600000000E+00   0  0  0  !gaussian's param
 
 Te       52048       ! Atom, atomic_num
 1.4520000000000E+02      4          !norm. atomic volume, ngauss
 3.1752820884187E-01      1          !SO param
 0.0000000000000E+00      0          !af param for strain
 0.0000000000000E+00      0          !beta param
-1.4460031273666E+00  0.0000000000000E+00  1.2095718382784E+00   1  0  1  !gaussian's param
-1.3503512917131E-06  7.8235899355790E-01  7.7155354123160E-01   1  1  1  !gaussian's param
-1.3055936667137E-02  1.2084351125415E+00  1.0216452043737E-01   1  1  1  !gaussian's param
 1.0145292977593E-01  1.7192556475903E-01  1.8576467724823E-01   1  1  1  !gaussian's param
 Results for structure bulkCdTe.config               
X-point:  1.00000  0.00000  0.00000
The  8th state is the VBM of bulkCdTe.config     
   Property       Ideal_Value   fitted_Value  Error    Weighted_Err**2   Weight
   --------             ------   -------     -----     ------------
 
eg1v             -11.59000 -10.71019524   0.87980476       0.00576243     1.000
evbm              -4.63391  -4.63228617   0.00162801       0.06048014   700.000
eg1c               1.59000   1.58368392  -0.00631608       0.63119109   200.000
eg15c              5.36000   5.16705938  -0.19294062       0.00518296     2.000
ex1v             -11.04000 -10.17088490   0.86911510       0.00154937     0.500
ex3v              -4.57000  -3.07506666   1.49493334       0.02675169     0.500
ex5v              -2.05000  -1.15254428   0.89745572       0.76661680     2.000
ex1c               3.29000   3.00132772  -0.28867228      12.31794772    40.000
ex3c               3.95000   3.68325378  -0.26674622       0.01824158     2.000
el1v             -11.16000 -10.30822208   0.85177792       0.00005825     0.100
el2v              -4.76000  -3.19667471   1.56332529       0.02696651     0.500
el3v              -0.85000  -0.43023440   0.41976560      97.55192170    20.000
el1c               2.70000   2.86612061   0.16612061       6.05674781    40.000
el3c               6.18000   5.45754882  -0.72245118       0.34164893     5.000
mg1c               0.12800   0.14898051   0.02098051      32.91155360    35.000
mghh100            1.31500   0.89954513  -0.41545487       9.98150880    10.000
mghh111            2.56500   2.10754894  -0.45745106       0.00795160     0.500
mghh110            2.09200   1.61938307  -0.47261693       0.01275955     0.500
mglh100            0.16600   0.20843027   0.04243027       0.06533342     1.000
mglh111            0.15700   0.18414328   0.02714328       0.02988995     1.000
dpa               -3.70000  -2.88892795   0.81107205       4.80524373    10.000
dpag15v            0.89000   0.88489611  -0.00510389       0.00328869    10.000
dpaGX              1.44000   1.01653949  -0.42346051       2.16192621     5.000
dpaGL             -1.88000  -1.82125616   0.05874384       0.02440894     5.000
dpb100            -1.20000  -1.21728569  -0.01728569       0.02074966    10.000
edso0              0.89000   0.87074559  -0.01925441       0.42123357    30.000
edso1              0.53000   0.51133692  -0.01866308       0.03099951     5.000
edso2              0.38000   0.40734817   0.02734817       0.02071807     2.000
 
 Total Error =    168.308632286404     
 Ending at
May 14 2011   4:11:35.223 PM
