January 16 2012   4:14:47.588 PM
 Spin-Orbit interaction is ON
 Reweight of KE term    1.00000000000000     
 Fixed Reweight
 debug: close fit.d file 
 Read in a total of            2  pseudopotentials
 There are a total of          14 parameters to be fitted
 
 Reading expt. data from input.ZnTe                    
     Input Quantity      Non So.      S.O.    weight
     --------------       -----     ------    ------
  eg1v                 -12.26000   -12.26000     1.00000
  evbm                  -5.25900    -5.25900   500.00000
  eg1c                   2.39500     2.39500   150.00000
  eg15c                  8.74000     8.74000     2.00000
  ex1v                 -10.97000   -10.97000     0.50000
  ex3v                  -5.27000    -5.27000     0.50000
  ex5v                  -2.35000    -2.35000     2.00000
  ex1c                   3.20000     3.20000    60.00000
  el1v                 -11.30000   -11.30000     0.10000
  el2v                  -5.50000    -5.50000     0.50000
  el3v                  -0.97000    -0.97000     2.00000
  el1c                   2.82000     2.82000    70.00000
  mg1c                   0.12800     0.12800    15.00000
  mghh100                0.48500     0.48500    10.00000
  mghh110                0.89100     0.89100     5.00000
  mghh111                1.23600     1.23600     1.50000
  mglh100                0.15200     0.15200     5.00000
  mglh110                0.13300     0.13300     2.00000
  mglh111                0.12700     0.12700     1.00000
  dpa                   -5.60000    -5.60000    20.00000
  dpag15v                0.99000     0.99000     5.00000
  dpaGX                  1.72000     1.72000     2.00000
  dpaGL                 -2.40000    -2.40000     3.00000
  dpb100                -1.27000    -1.27000    20.00000
  edso0                  0.97000     0.97000    20.00000
          25  Properties to be fitted for bulkZnTe.config               
 
          25  total expt. properties to be fitted
 
 Reading in structure bulkZnTe.config               
 Initial EPM:
 
 Iteration no.            1
 Values of the pseudopotential parameters
 ----------------------------------------
 Weight of Kinetic Energy   1.00000000000000     
 
 6.88000  0.80000  1.00000           ! Ecut, Smth, scalkin
 
 Zn       30052       ! Atom, atomic_num
 2.6280000000000E+02      4          !norm. atomic volume, ngauss
 7.7082696578741E-26      1          !SO param
 9.4170047372392E-01      1          !af param for strain
 0.0000000000000E+00      0          !beta param
-5.1536162474013E-01  0.0000000000000E+00  2.4353582903599E+00   1  0  1  !gaussian's param
-9.2951632523749E-02  2.7589362739958E+00  5.4723404451951E+00   1  1  1  !gaussian's param
 1.2579123071549E+00 -1.0355752559867E+00  2.2858334878692E+00   1  1  1  !gaussian's param
 4.6641919463672E-02  1.9800709306712E+00  9.9999992316166E+00   1  1  1  !gaussian's param
 
 Te       52030       ! Atom, atomic_num
 1.4520000000000E+02      4          !norm. atomic volume, ngauss
 3.2751136877739E-01      1          !SO param
 0.0000000000000E+00      0          !af param for strain
 0.0000000000000E+00      0          !beta param
-1.5340029266995E+00  0.0000000000000E+00  1.3225910506160E+00   0  0  0  !gaussian's param
-1.0764813542513E-06  8.3017997073139E-01  6.6622445438183E+00   0  0  0  !gaussian's param
-1.4551274173559E-02  8.8005298214158E-21  2.4285984751984E-01   0  0  0  !gaussian's param
 8.6471412439098E-02  1.1630910438641E-01  1.1057752965712E-01   0  0  0  !gaussian's param
 Results for structure bulkZnTe.config               
X-point:  1.00000  0.00000  0.00000
The  8th state is the VBM of bulkZnTe.config     
   Property       Ideal_Value   fitted_Value  Error    Weighted_Err**2   Weight
   --------             ------   -------     -----     ------------
 
eg1v             -12.26000 -10.90255156   1.35744844       0.01225930     1.000
evbm              -5.25900  -5.25908941  -0.00008941       0.00007226   500.000
eg1c               2.39500   2.39421753  -0.00078247       0.00240166   150.000
eg15c              8.74000   5.07729212  -3.66270788       0.70249250     2.000
ex1v             -10.97000  -9.93291895   1.03708105       0.00223435     0.500
ex3v              -5.27000  -3.81831217   1.45168783       0.01896991     0.500
ex5v              -2.35000  -1.49452831   0.85547169       0.53007284     2.000
ex1c               3.20000   3.01895811  -0.18104189      11.52287073    60.000
el1v             -11.30000 -10.14405789   1.15594211       0.00010464     0.100
el2v              -5.50000  -3.99205569   1.50794431       0.01879253     0.500
el3v              -0.97000  -0.56140697   0.40859303       0.70973862     2.000
el1c               2.82000   2.84646408   0.02646408       0.43153032    70.000
mg1c               0.12800   0.16970134   0.04170134      23.88156051    15.000
mghh100            0.48500   0.74232380   0.25732380      28.14987309    10.000
mghh110            0.89100   1.35351771   0.46251771       6.73660898     5.000
mghh111            1.23600   1.74458683   0.50858683       0.38095686     1.500
mglh100            0.15200   0.23877246   0.08677246       8.14735540     5.000
mglh110            0.13300   0.20854228   0.07554228       1.29043717     2.000
mglh111            0.12700   0.20161759   0.07461759       0.34520339     1.000
dpa               -5.60000  -5.31205575   0.28794425       1.05754960    20.000
dpag15v            0.99000   0.97985143  -0.01014857       0.00262711     5.000
dpaGX              1.72000   1.18985155  -0.53014845       0.38001268     2.000
dpaGL             -2.40000  -2.64854965  -0.24854965       0.09652645     3.000
dpb100            -1.27000  -1.27142680  -0.00142680       0.00050487    20.000
edso0              0.97000   0.94301437  -0.02698563       0.30958630    20.000
 
 Total Error =    84.7303420827110     
 
 Iteration no.          501
 Values of the pseudopotential parameters
 ----------------------------------------
 Weight of Kinetic Energy   1.00000000000000     
 
 6.88000  0.80000  1.00000           ! Ecut, Smth, scalkin
 
 Zn       30052       ! Atom, atomic_num
 2.6280000000000E+02      4          !norm. atomic volume, ngauss
 7.7082696578741E-26      1          !SO param
 9.4170049517851E-01      1          !af param for strain
 0.0000000000000E+00      0          !beta param
-5.1539579114418E-01  0.0000000000000E+00  2.4346788950470E+00   1  0  1  !gaussian's param
-9.2944679643186E-02  2.7589299917659E+00  5.4727724309379E+00   1  1  1  !gaussian's param
 1.2578938153970E+00 -1.0357552677915E+00  2.2858481582611E+00   1  1  1  !gaussian's param
 4.6641953573102E-02  1.9821235092341E+00  1.0000000000000E+01   1  1  1  !gaussian's param
 
 Te       52030       ! Atom, atomic_num
 1.4520000000000E+02      4          !norm. atomic volume, ngauss
 3.2752029794511E-01      1          !SO param
 0.0000000000000E+00      0          !af param for strain
 0.0000000000000E+00      0          !beta param
-1.5340029266995E+00  0.0000000000000E+00  1.3225910506160E+00   0  0  0  !gaussian's param
-1.0764813542513E-06  8.3017997073139E-01  6.6622445438183E+00   0  0  0  !gaussian's param
-1.4551274173559E-02  8.8005298214158E-21  2.4285984751984E-01   0  0  0  !gaussian's param
 8.6471412439098E-02  1.1630910438641E-01  1.1057752965712E-01   0  0  0  !gaussian's param
 Results for structure bulkZnTe.config               
X-point:  1.00000  0.00000  0.00000
The  8th state is the VBM of bulkZnTe.config     
   Property       Ideal_Value   fitted_Value  Error    Weighted_Err**2   Weight
   --------             ------   -------     -----     ------------
 
eg1v             -12.26000 -10.90485901   1.35514099       0.01221766     1.000
evbm              -5.25900  -5.25722393   0.00177607       0.02851363   500.000
eg1c               2.39500   2.38896321  -0.00603679       0.14295001   150.000
eg15c              8.74000   5.07714287  -3.66285713       0.70254975     2.000
ex1v             -10.97000  -9.93550273   1.03449727       0.00222324     0.500
ex3v              -5.27000  -3.81948969   1.45051031       0.01893915     0.500
ex5v              -2.35000  -1.49450236   0.85549764       0.53010500     2.000
ex1c               3.20000   3.01648284  -0.18351716      11.84011442    60.000
el1v             -11.30000 -10.14654189   1.15345811       0.00010419     0.100
el2v              -5.50000  -3.99297129   1.50702871       0.01876972     0.500
el3v              -0.97000  -0.56133775   0.40866225       0.70997911     2.000
el1c               2.82000   2.84152301   0.02152301       0.28543271    70.000
mg1c               0.12800   0.16940069   0.04140069      23.53843768    15.000
mghh100            0.48500   0.74254184   0.25754184      28.19759737    10.000
mghh110            0.89100   1.35369428   0.46269428       6.74175346     5.000
mghh111            1.23600   1.74487901   0.50887901       0.38139470     1.500
mglh100            0.15200   0.23832916   0.08632916       8.06432231     5.000
mglh110            0.13300   0.20821720   0.07521720       1.27935502     2.000
mglh111            0.12700   0.20131387   0.07431387       0.34239890     1.000
dpa               -5.60000  -5.31994629   0.28005371       1.00038370    20.000
dpag15v            0.99000   0.98708220  -0.00291780       0.00021716     5.000
dpaGX              1.72000   0.09644967  -1.62355033       3.56397469     2.000
dpaGL             -2.40000  -2.66379465  -0.26379465       0.10873065     3.000
dpb100            -1.27000  -1.27171664  -0.00171664       0.00073082    20.000
edso0              0.97000   0.94359342  -0.02640658       0.29644283    20.000
 
 Total Error =    87.8076378458549     
 
 Iteration no.         1001
 Values of the pseudopotential parameters
 ----------------------------------------
 Weight of Kinetic Energy   1.00000000000000     
 
 6.88000  0.80000  1.00000           ! Ecut, Smth, scalkin
 
 Zn       30052       ! Atom, atomic_num
 2.6280000000000E+02      4          !norm. atomic volume, ngauss
 7.7082696578741E-26      1          !SO param
 9.4169335741426E-01      1          !af param for strain
 0.0000000000000E+00      0          !beta param
-5.1554591852113E-01  0.0000000000000E+00  2.4347824434831E+00   1  0  1  !gaussian's param
-9.2962760078762E-02  2.7605443618171E+00  5.4740499481133E+00   1  1  1  !gaussian's param
 1.2577786352798E+00 -1.0360013720676E+00  2.2860907905008E+00   1  1  1  !gaussian's param
 4.6642091591132E-02  1.9804651006748E+00  9.9999996954800E+00   1  1  1  !gaussian's param
 
 Te       52030       ! Atom, atomic_num
 1.4520000000000E+02      4          !norm. atomic volume, ngauss
 3.2755013803238E-01      1          !SO param
 0.0000000000000E+00      0          !af param for strain
 0.0000000000000E+00      0          !beta param
-1.5340029266995E+00  0.0000000000000E+00  1.3225910506160E+00   0  0  0  !gaussian's param
-1.0764813542513E-06  8.3017997073139E-01  6.6622445438183E+00   0  0  0  !gaussian's param
-1.4551274173559E-02  8.8005298214158E-21  2.4285984751984E-01   0  0  0  !gaussian's param
 8.6471412439098E-02  1.1630910438641E-01  1.1057752965712E-01   0  0  0  !gaussian's param
 Results for structure bulkZnTe.config               
X-point:  1.00000  0.00000  0.00000
The  8th state is the VBM of bulkZnTe.config     
   Property       Ideal_Value   fitted_Value  Error    Weighted_Err**2   Weight
   --------             ------   -------     -----     ------------
 
eg1v             -12.26000 -10.90536084   1.35463916       0.01220861     1.000
evbm              -5.25900  -5.25886723   0.00013277       0.00015935   500.000
eg1c               2.39500   2.38871769  -0.00628231       0.15481388   150.000
eg15c              8.74000   5.07261936  -3.66738064       0.70428608     2.000
ex1v             -10.97000  -9.93569257   1.03430743       0.00222242     0.500
ex3v              -5.27000  -3.82066809   1.44933191       0.01890839     0.500
ex5v              -2.35000  -1.49574293   0.85425707       0.52856868     2.000
ex1c               3.20000   3.01505381  -0.18494619      12.02522842    60.000
el1v             -11.30000 -10.14688823   1.15311177       0.00010413     0.100
el2v              -5.50000  -3.99417132   1.50582868       0.01873983     0.500
el3v              -0.97000  -0.56193421   0.40806579       0.70790812     2.000
el1c               2.82000   2.84199126   0.02199126       0.29798744    70.000
mg1c               0.12800   0.16937528   0.04137528      23.50956139    15.000
mghh100            0.48500   0.74128874   0.25628874      27.92386785    10.000
mghh110            0.89100   1.35112857   0.46012857       6.66719262     5.000
mghh111            1.23600   1.74123778   0.50523778       0.37595617     1.500
mglh100            0.15200   0.23819333   0.08619333       8.03896466     5.000
mglh110            0.13300   0.20807575   0.07507575       1.27454779     2.000
mglh111            0.12700   0.20117343   0.07417343       0.34110598     1.000
dpa               -5.60000  -5.30784830   0.29215170       1.08868132    20.000
dpag15v            0.99000   0.97540335  -0.01459665       0.00543471     5.000
dpaGX              1.72000   1.18823289  -0.53176711       0.38233675     2.000
dpaGL             -2.40000  -2.64596340  -0.24596340       0.09452812     3.000
dpb100            -1.27000  -1.27458845  -0.00458845       0.00522137    20.000
edso0              0.97000   0.94307164  -0.02692836       0.30827350    20.000
 
 Total Error =    84.4868075643702     
Output flag from DQED, IGO =      3
 
Computed X:
 
   1.00000    
  0.999993    
   1.00035    
  0.999765    
   1.00012    
   1.00059    
   1.00029    
  0.999899    
   1.00042    
   1.00012    
   1.00000    
   1.00020    
   1.00000    
   1.00014    
 
L2 norm of the residual, FNORM =    84.4815    
 
EPMFIT_DQED
Normal end of execution.
 
 Iteration no.         1067
 Values of the pseudopotential parameters
 ----------------------------------------
 Weight of Kinetic Energy   1.00000000000000     
 
 6.88000  0.80000  1.00000           ! Ecut, Smth, scalkin
 
 Zn       30052       ! Atom, atomic_num
 2.6280000000000E+02      4          !norm. atomic volume, ngauss
 7.7082696578741E-26      1          !SO param
 9.4169346114576E-01      1          !af param for strain
 0.0000000000000E+00      0          !beta param
-5.1553945698409E-01  0.0000000000000E+00  2.4347865696554E+00   1  0  1  !gaussian's param
-9.2962675620453E-02  2.7605523373191E+00  5.4739112841790E+00   1  1  1  !gaussian's param
 1.2577853267853E+00 -1.0360061959603E+00  2.2861109607129E+00   1  1  1  !gaussian's param
 4.6642136192468E-02  1.9804626071335E+00  9.9999997888638E+00   1  1  1  !gaussian's param
 
 Te       52030       ! Atom, atomic_num
 1.4520000000000E+02      4          !norm. atomic volume, ngauss
 3.2755704573567E-01      1          !SO param
 0.0000000000000E+00      0          !af param for strain
 0.0000000000000E+00      0          !beta param
-1.5340029266995E+00  0.0000000000000E+00  1.3225910506160E+00   0  0  0  !gaussian's param
-1.0764813542513E-06  8.3017997073139E-01  6.6622445438183E+00   0  0  0  !gaussian's param
-1.4551274173559E-02  8.8005298214158E-21  2.4285984751984E-01   0  0  0  !gaussian's param
 8.6471412439098E-02  1.1630910438641E-01  1.1057752965712E-01   0  0  0  !gaussian's param
 Results for structure bulkZnTe.config               
X-point:  1.00000  0.00000  0.00000
The  8th state is the VBM of bulkZnTe.config     
   Property       Ideal_Value   fitted_Value  Error    Weighted_Err**2   Weight
   --------             ------   -------     -----     ------------
 
eg1v             -12.26000 -10.90537500   1.35462500       0.01220836     1.000
evbm              -5.25900  -5.25883531   0.00016469       0.00024516   500.000
eg1c               2.39500   2.38871373  -0.00628627       0.15500921   150.000
eg15c              8.74000   5.07260698  -3.66739302       0.70429083     2.000
ex1v             -10.97000  -9.93570916   1.03429084       0.00222235     0.500
ex3v              -5.27000  -3.82067187   1.44932813       0.01890829     0.500
ex5v              -2.35000  -1.49574676   0.85425324       0.52856395     2.000
ex1c               3.20000   3.01503753  -0.18496247      12.02734531    60.000
el1v             -11.30000 -10.14690423   1.15309577       0.00010413     0.100
el2v              -5.50000  -3.99417736   1.50582264       0.01873968     0.500
el3v              -0.97000  -0.56193565   0.40806435       0.70790313     2.000
el1c               2.82000   2.84199140   0.02199140       0.29799131    70.000
mg1c               0.12800   0.16937548   0.04137548      23.50978500    15.000
mghh100            0.48500   0.74128457   0.25628457      27.92295953    10.000
mghh110            0.89100   1.35111985   0.46011985       6.66693995     5.000
mghh111            1.23600   1.74122523   0.50522523       0.37593749     1.500
mglh100            0.15200   0.23819301   0.08619301       8.03890625     5.000
mglh110            0.13300   0.20807539   0.07507539       1.27453555     2.000
mglh111            0.12700   0.20117307   0.07417307       0.34110264     1.000
dpa               -5.60000  -5.30770537   0.29229463       1.08974682    20.000
dpag15v            0.99000   0.97532139  -0.01467861       0.00549591     5.000
dpaGX              1.72000   1.19333101  -0.52666899       0.37504087     2.000
dpaGL             -2.40000  -2.64583895  -0.24583895       0.09443248     3.000
dpb100            -1.27000  -1.27460609  -0.00460609       0.00526160    20.000
edso0              0.97000   0.94309344  -0.02690656       0.30777476    20.000
 
 Total Error =    84.4814505548282     
 Ending at
January 16 2012   4:19:49.118 PM
