    2       1             ! num_pot, pot. type
 6.88000  0.80000  1.00000           ! Ecut, Smth, scalkin
 
 Zn       30052       ! Atom, atomic_num
 2.6280000000000E+02      4          !norm. atomic volume, ngauss
 7.7082696578741E-26      1          !SO param
 9.4169346114576E-01      1          !af param for strain
 0.0000000000000E+00      0          !beta param
-5.1553945698409E-01  0.0000000000000E+00  2.4347865696554E+00   1  0  1  !gaussian's param
-9.2962675620453E-02  2.7605523373191E+00  5.4739112841790E+00   1  1  1  !gaussian's param
 1.2577853267853E+00 -1.0360061959603E+00  2.2861109607129E+00   1  1  1  !gaussian's param
 4.6642136192468E-02  1.9804626071335E+00  9.9999997888638E+00   1  1  1  !gaussian's param
 
 Te       52030       ! Atom, atomic_num
 1.4520000000000E+02      4          !norm. atomic volume, ngauss
 3.2755704573567E-01      1          !SO param
 0.0000000000000E+00      0          !af param for strain
 0.0000000000000E+00      0          !beta param
-1.5340029266995E+00  0.0000000000000E+00  1.3225910506160E+00   0  0  0  !gaussian's param
-1.0764813542513E-06  8.3017997073139E-01  6.6622445438183E+00   0  0  0  !gaussian's param
-1.4551274173559E-02  8.8005298214158E-21  2.4285984751984E-01   0  0  0  !gaussian's param
 8.6471412439098E-02  1.1630910438641E-01  1.1057752965712E-01   0  0  0  !gaussian's param
 1.0000000000000E+00      0          !kin_scal param
 
 SO calc.
 **************************
 Results for structure bulkZnTe.config               
X-point:  1.00000  0.00000  0.00000
The  8th state is the VBM of bulkZnTe.config     
   Property       Ideal_Value   fitted_Value  Error    Weighted_Err**2   Weight
   --------             ------   -------     -----     ------------
 
eg1v             -12.26000 -10.90537500   1.35462500       0.01220836     1.000
evbm              -5.25900  -5.25883531   0.00016469       0.00024516   500.000
eg1c               2.39500   2.38871373  -0.00628627       0.15500921   150.000
eg15c              8.74000   5.07260698  -3.66739302       0.70429083     2.000
ex1v             -10.97000  -9.93570916   1.03429084       0.00222235     0.500
ex3v              -5.27000  -3.82067187   1.44932813       0.01890829     0.500
ex5v              -2.35000  -1.49574676   0.85425324       0.52856395     2.000
ex1c               3.20000   3.01503753  -0.18496247      12.02734531    60.000
el1v             -11.30000 -10.14690423   1.15309577       0.00010413     0.100
el2v              -5.50000  -3.99417736   1.50582264       0.01873968     0.500
el3v              -0.97000  -0.56193565   0.40806435       0.70790313     2.000
el1c               2.82000   2.84199140   0.02199140       0.29799131    70.000
mg1c               0.12800   0.16937548   0.04137548      23.50978500    15.000
mghh100            0.48500   0.74128457   0.25628457      27.92295953    10.000
mghh110            0.89100   1.35111985   0.46011985       6.66693995     5.000
mghh111            1.23600   1.74122523   0.50522523       0.37593749     1.500
mglh100            0.15200   0.23819301   0.08619301       8.03890625     5.000
mglh110            0.13300   0.20807539   0.07507539       1.27453555     2.000
mglh111            0.12700   0.20117307   0.07417307       0.34110264     1.000
dpa               -5.60000  -5.30770537   0.29229463       1.08974682    20.000
dpag15v            0.99000   0.97532139  -0.01467861       0.00549591     5.000
dpaGX              1.72000   1.19333101  -0.52666899       0.37504087     2.000
dpaGL             -2.40000  -2.64583895  -0.24583895       0.09443248     3.000
dpb100            -1.27000  -1.27460609  -0.00460609       0.00526160    20.000
edso0              0.97000   0.94309344  -0.02690656       0.30777476    20.000
 Total Error =    84.4814505548282     
