June 27 2011  10:42:25.191 PM
 Spin-Orbit interaction is ON
 Reweight of KE term    1.00000000000000     
 Fixed Reweight
 debug: close fit.d file 
 Read in a total of            2  pseudopotentials
 There are a total of          25 parameters to be fitted
 
 Reading expt. data from input.CdSe                    
     Input Quantity      Non So.      S.O.    weight
     --------------       -----     ------    ------
  eg1v                 -11.75000   -12.97000     1.00000
  evbm                  -5.35971    -5.35971   700.00000
  eg1c                   1.74000     1.74000   200.00000
  eg15c                  6.45000     6.45000     2.00000
  ex1v                 -10.95000   -12.41000     0.50000
  ex3v                  -3.57000    -4.36000     0.50000
  ex5v                  -1.34000    -2.05000     2.00000
  ex1c                   3.35000     3.95000     3.00000
  ex3c                   4.14000     4.14000     2.00000
  el1v                 -11.18000   -12.54000     0.10000
  el2v                  -3.72000    -4.75000     0.50000
  el3v                  -0.50000    -0.78000     2.00000
  el1c                   3.14000     3.39000     5.00000
  mg1c                   0.12000     0.12000    25.00000
  mghh100                0.90000     0.90000    10.00000
  mghh110                1.70000     1.70000     2.00000
  mghh111                2.14000     2.14000     0.50000
  mglh100                0.18000     0.18000     2.00000
  mglh110                0.16000     0.16000     1.00000
  mglh111                0.16000     0.16000     1.00000
  dpa                   -2.90000    -2.90000    20.00000
  dpag15v                0.90000     0.90000    10.00000
  dpaGX                  1.03000     1.03000     3.00000
  dpaGL                 -2.19000    -2.19000     3.00000
  dpb100                -1.20000    -1.20000    20.00000
  edso0                  0.41000     0.42000    30.00000
  edso1                  0.41000     0.20000     1.00000
          27  Properties to be fitted for bulkCdSe.config               
 
          27  total expt. properties to be fitted
 
 Reading in structure bulkCdSe.config               
 Initial EPM:
 
 Iteration no.            1
 Values of the pseudopotential parameters
 ----------------------------------------
 Weight of Kinetic Energy   1.00000000000000     
 
 6.88000  0.80000  1.00000           ! Ecut, Smth, scalkin
 
 Cd       48034       ! Atom, atomic_num
 2.6280000000000E+02      4          !norm. atomic volume, ngauss
 4.3871664365622E-02      1          !SO param
 6.3719712997435E-01      1          !af param for strain
 0.0000000000000E+00      0          !beta param
-4.9799496008684E-01  0.0000000000000E+00  2.2718647983998E+00   1  0  1  !gaussian's param
-1.1473961881201E-02  3.0821754287204E+00  1.6501969300504E+00   1  1  1  !gaussian's param
 1.0859289130195E+00 -1.0709758089079E+00  3.3549787851179E+00   1  1  1  !gaussian's param
 6.2303483624745E-02  1.7066648239653E+00  1.5302049252093E+00   1  1  1  !gaussian's param
 
 Se       34048       ! Atom, atomic_num
 1.4520000000000E+02      4          !norm. atomic volume, ngauss
 1.3222687272694E-01      1          !SO param
 0.0000000000000E+00      0          !af param for strain
 0.0000000000000E+00      0          !beta param
-1.3647823718425E+00  0.0000000000000E+00  1.1412111019893E+00   1  0  1  !gaussian's param
-1.2270101211475E-06  1.3548480658142E-01  2.8640688446444E+00   1  1  1  !gaussian's param
-1.7861860194601E-02  5.3917735364345E-01  3.0377925449589E-01   1  1  1  !gaussian's param
 9.6936963584514E-02  8.4988198889042E-02  1.9818133767875E-01   1  1  1  !gaussian's param
 Results for structure bulkCdSe.config               
X-point:  1.00000  0.00000  0.00000
The  8th state is the VBM of bulkCdSe.config     
   Property       Ideal_Value   fitted_Value  Error    Weighted_Err**2   Weight
   --------             ------   -------     -----     ------------
 
eg1v             -12.97000 -11.85490505   1.11509495       0.00739169     1.000
evbm              -5.35971  -5.36005338  -0.00034819       0.00206793   700.000
eg1c               1.74000   1.73896015  -0.00103985       0.01428577   200.000
eg15c              6.45000   5.59126221  -0.85873779       0.07090253     2.000
ex1v             -12.41000 -11.10781375   1.30218625       0.00275260     0.500
ex3v              -4.36000  -3.55748248   0.80251752       0.00846986     0.500
ex5v              -2.05000  -1.43246013   0.61753987       0.36297965     2.000
ex1c               3.95000   2.90417801  -1.04582199       0.63090483     3.000
ex3c               4.14000   3.88449899  -0.25550101       0.01523507     2.000
el1v             -12.54000 -11.28845665   1.25154335       0.00009961     0.100
el2v              -4.75000  -3.76471627   0.98528373       0.01075661     0.500
el3v              -0.78000  -0.52131168   0.25868832       0.43997137     2.000
el1c               3.39000   3.05916492  -0.33083508       0.23810237     5.000
mg1c               0.12000   0.13039065   0.01039065       4.68600794    25.000
mghh100            0.90000   0.79210547  -0.10789453       1.43718874    10.000
mghh110            1.70000   1.43564194  -0.26435806       0.09672690     2.000
mghh111            2.14000   1.87275706  -0.26724294       0.00389875     0.500
mglh100            0.18000   0.19061255   0.01061255       0.01390447     2.000
mglh110            0.16000   0.17208650   0.01208650       0.00570638     1.000
mglh111            0.16000   0.16746755   0.00746755       0.00217830     1.000
dpa               -2.90000  -2.89659211   0.00340789       0.00055238    20.000
dpag15v            0.90000   0.86960295  -0.03039705       0.11407171    10.000
dpaGX              1.03000   1.87487508   0.84487508       6.05554255     3.000
dpaGL             -2.19000  -1.40287636   0.78712364       1.16262643     3.000
dpb100            -1.20000  -1.35008335  -0.15008335       6.25694801    20.000
edso0              0.42000   0.41739875  -0.00260125       0.03452309    30.000
edso1              0.20000   0.24903914   0.04903914       0.06012092     1.000
 
 Total Error =    21.7339164556806     
 
 Iteration no.          501
 Values of the pseudopotential parameters
 ----------------------------------------
 Weight of Kinetic Energy   1.00000000000000     
 
 6.88000  0.80000  1.00000           ! Ecut, Smth, scalkin
 
 Cd       48034       ! Atom, atomic_num
 2.6280000000000E+02      4          !norm. atomic volume, ngauss
 4.3906960077634E-02      1          !SO param
 6.3264272319888E-01      1          !af param for strain
 0.0000000000000E+00      0          !beta param
-4.9753106151698E-01  0.0000000000000E+00  2.3180396838825E+00   1  0  1  !gaussian's param
-1.1479730202692E-02  3.0821220050130E+00  1.6526032450462E+00   1  1  1  !gaussian's param
 1.0920059069995E+00 -1.0642722868371E+00  3.3717729681449E+00   1  1  1  !gaussian's param
 6.1740641067280E-02  1.7088300963243E+00  1.5233161048774E+00   1  1  1  !gaussian's param
 
 Se       34048       ! Atom, atomic_num
 1.4520000000000E+02      4          !norm. atomic volume, ngauss
 1.3206762993228E-01      1          !SO param
 0.0000000000000E+00      0          !af param for strain
 0.0000000000000E+00      0          !beta param
-1.3610061129545E+00  0.0000000000000E+00  1.1323606921031E+00   1  0  1  !gaussian's param
-1.2403663019711E-06  1.3282880771449E-01  2.8398634624434E+00   1  1  1  !gaussian's param
-1.8028101119941E-02  5.3990670789015E-01  3.0520342373649E-01   1  1  1  !gaussian's param
 9.6391251700712E-02  8.4554199853467E-02  1.9957666114179E-01   1  1  1  !gaussian's param
 Results for structure bulkCdSe.config               
X-point:  1.00000  0.00000  0.00000
The  8th state is the VBM of bulkCdSe.config     
   Property       Ideal_Value   fitted_Value  Error    Weighted_Err**2   Weight
   --------             ------   -------     -----     ------------
 
eg1v             -12.97000 -11.97147069   0.99852931       0.00592709     1.000
evbm              -5.35971  -5.40093864  -0.04123345      29.00103698   700.000
eg1c               1.74000   1.72865299  -0.01134701       1.70107915   200.000
eg15c              6.45000   5.70575492  -0.74424508       0.05325649     2.000
ex1v             -12.41000 -11.26211303   1.14788697       0.00213892     0.500
ex3v              -4.36000  -3.49230807   0.86769193       0.00990144     0.500
ex5v              -2.05000  -1.40395590   0.64604410       0.39726161     2.000
ex1c               3.95000   2.97112293  -0.97887707       0.55271930     3.000
ex3c               4.14000   3.97813631  -0.16186369       0.00611446     2.000
el1v             -12.54000 -11.43339512   1.10660488       0.00007787     0.100
el2v              -4.75000  -3.70410279   1.04589721       0.01212079     0.500
el3v              -0.78000  -0.50847182   0.27152818       0.48473078     2.000
el1c               3.39000   3.11471694  -0.27528306       0.16485403     5.000
mg1c               0.12000   0.13146959   0.01146959       5.70969992    25.000
mghh100            0.90000   0.81733189  -0.08266811       0.84370580    10.000
mghh110            1.70000   1.47869910  -0.22130090       0.06778420     2.000
mghh111            2.14000   1.92836974  -0.21163026       0.00244494     0.500
mglh100            0.18000   0.19316337   0.01316337       0.02139189     2.000
mglh110            0.16000   0.17472566   0.01472566       0.00847051     1.000
mglh111            0.16000   0.17010434   0.01010434       0.00398819     1.000
dpa               -2.90000  -2.70328195   0.19671805       1.84057032    20.000
dpag15v            0.90000   0.88220900  -0.01779100       0.03907650    10.000
dpaGX              1.03000   1.86756458   0.83756458       5.95120167     3.000
dpaGL             -2.19000  -1.33389931   0.85610069       1.37532067     3.000
dpb100            -1.20000  -1.30964261  -0.10964261       3.33930610    20.000
edso0              0.42000   0.42478048   0.00478048       0.11659688    30.000
edso1              0.20000   0.25369982   0.05369982       0.07209177     1.000
 
 Total Error =    51.7828682733722     
 
 Iteration no.         1001
 Values of the pseudopotential parameters
 ----------------------------------------
 Weight of Kinetic Energy   1.00000000000000     
 
 6.88000  0.80000  1.00000           ! Ecut, Smth, scalkin
 
 Cd       48034       ! Atom, atomic_num
 2.6280000000000E+02      4          !norm. atomic volume, ngauss
 4.3893983684432E-02      1          !SO param
 6.3384476132883E-01      1          !af param for strain
 0.0000000000000E+00      0          !beta param
-4.9774437277611E-01  0.0000000000000E+00  2.2763401968185E+00   1  0  1  !gaussian's param
-1.1444119734189E-02  3.0816129786577E+00  1.6501651022880E+00   1  1  1  !gaussian's param
 1.0860631829631E+00 -1.0704836629992E+00  3.3542606956462E+00   1  1  1  !gaussian's param
 6.2284388507347E-02  1.7070381008301E+00  1.5286127143731E+00   1  1  1  !gaussian's param
 
 Se       34048       ! Atom, atomic_num
 1.4520000000000E+02      4          !norm. atomic volume, ngauss
 1.3222283413318E-01      1          !SO param
 0.0000000000000E+00      0          !af param for strain
 0.0000000000000E+00      0          !beta param
-1.3640999224481E+00  0.0000000000000E+00  1.1404369367584E+00   1  0  1  !gaussian's param
-1.2279773459554E-06  1.3618678496858E-01  2.8740993781530E+00   1  1  1  !gaussian's param
-1.7911570159168E-02  5.3917065096649E-01  3.0381449522302E-01   1  1  1  !gaussian's param
 9.6847034274768E-02  8.4991196008557E-02  1.9811071958667E-01   1  1  1  !gaussian's param
 Results for structure bulkCdSe.config               
X-point:  1.00000  0.00000  0.00000
The  8th state is the VBM of bulkCdSe.config     
   Property       Ideal_Value   fitted_Value  Error    Weighted_Err**2   Weight
   --------             ------   -------     -----     ------------
 
eg1v             -12.97000 -11.86468782   1.10531218       0.00726256     1.000
evbm              -5.35971  -5.35890508   0.00080011       0.01091976   700.000
eg1c               1.74000   1.73727320  -0.00272680       0.09823563   200.000
eg15c              6.45000   5.60059685  -0.84940315       0.06936946     2.000
ex1v             -12.41000 -11.12079142   1.28920858       0.00269801     0.500
ex3v              -4.36000  -3.55203182   0.80796818       0.00858530     0.500
ex5v              -2.05000  -1.43016272   0.61983728       0.36568543     2.000
ex1c               3.95000   2.90865894  -1.04134106       0.62551007     3.000
ex3c               4.14000   3.89163905  -0.24836095       0.01439547     2.000
el1v             -12.54000 -11.30063008   1.23936992       0.00009768     0.100
el2v              -4.75000  -3.75983208   0.99016792       0.01086352     0.500
el3v              -0.78000  -0.52022725   0.25977275       0.44366786     2.000
el1c               3.39000   3.06325948  -0.32674052       0.23224512     5.000
mg1c               0.12000   0.13043723   0.01043723       4.72811256    25.000
mghh100            0.90000   0.79412211  -0.10587789       1.38396648    10.000
mghh110            1.70000   1.43912665  -0.26087335       0.09419364     2.000
mghh111            2.14000   1.87732464  -0.26267536       0.00376661     0.500
mglh100            0.18000   0.19075112   0.01075112       0.01426996     2.000
mglh110            0.16000   0.17224408   0.01224408       0.00585615     1.000
mglh111            0.16000   0.16762749   0.00762749       0.00227260     1.000
dpa               -2.90000  -2.87906320   0.02093680       0.02084898    20.000
dpag15v            0.90000   0.88307593  -0.01692407       0.03536103    10.000
dpaGX              1.03000   1.87512282   0.84512282       6.05909438     3.000
dpaGL             -2.19000  -1.39506528   0.79493472       1.18581573     3.000
dpb100            -1.20000  -1.34592994  -0.14592994       5.91542979    20.000
edso0              0.42000   0.41809728  -0.00190272       0.01847110    30.000
edso1              0.20000   0.24947680   0.04947680       0.06119885     1.000
 
 Total Error =    21.4181937365174     
 
 Iteration no.         1501
 Values of the pseudopotential parameters
 ----------------------------------------
 Weight of Kinetic Energy   1.00000000000000     
 
 6.88000  0.80000  1.00000           ! Ecut, Smth, scalkin
 
 Cd       48034       ! Atom, atomic_num
 2.6280000000000E+02      4          !norm. atomic volume, ngauss
 4.2348872392235E-02      1          !SO param
 6.2471836819839E-01      1          !af param for strain
 0.0000000000000E+00      0          !beta param
-4.9753100668841E-01  0.0000000000000E+00  2.3396853907857E+00   1  0  1  !gaussian's param
-1.1570165910313E-02  3.0805177674954E+00  1.6501593718889E+00   1  1  1  !gaussian's param
 1.0822089786465E+00 -1.0703837378014E+00  3.3532314254385E+00   1  1  1  !gaussian's param
 6.2409555807821E-02  1.7147590676964E+00  1.5200590592232E+00   1  1  1  !gaussian's param
 
 Se       34048       ! Atom, atomic_num
 1.4520000000000E+02      4          !norm. atomic volume, ngauss
 1.3222097245715E-01      1          !SO param
 0.0000000000000E+00      0          !af param for strain
 0.0000000000000E+00      0          !beta param
-1.3616789060556E+00  0.0000000000000E+00  1.1389299001394E+00   1  0  1  !gaussian's param
-1.2497871147074E-06  1.2967945011267E-01  2.8861339467220E+00   1  1  1  !gaussian's param
-1.7929544700903E-02  5.3917023829322E-01  3.0366073652065E-01   1  1  1  !gaussian's param
 9.6771964982316E-02  8.4995863254735E-02  1.9790060839890E-01   1  1  1  !gaussian's param
 Results for structure bulkCdSe.config               
X-point:  1.00000  0.00000  0.00000
The  8th state is the VBM of bulkCdSe.config     
   Property       Ideal_Value   fitted_Value  Error    Weighted_Err**2   Weight
   --------             ------   -------     -----     ------------
 
eg1v             -12.97000 -11.89180629   1.07819371       0.00691057     1.000
evbm              -5.35971  -5.35821920   0.00148599       0.03766570   700.000
eg1c               1.74000   1.74427990   0.00427990       0.24200725   200.000
eg15c              6.45000   5.63940493  -0.81059507       0.06317547     2.000
ex1v             -12.41000 -11.15793334   1.25206666       0.00254479     0.500
ex3v              -4.36000  -3.52528013   0.83471987       0.00916323     0.500
ex5v              -2.05000  -1.42197437   0.62802563       0.37541101     2.000
ex1c               3.95000   2.91388480  -1.03611520       0.61924771     3.000
ex3c               4.14000   3.91086282  -0.22913718       0.01225323     2.000
el1v             -12.54000 -11.33506703   1.20493297       0.00009233     0.100
el2v              -4.75000  -3.73973912   1.01026088       0.01130889     0.500
el3v              -0.78000  -0.51553891   0.26446109       0.45982690     2.000
el1c               3.39000   3.08579213  -0.30420787       0.20131749     5.000
mg1c               0.12000   0.13146486   0.01146486       5.70499366    25.000
mghh100            0.90000   0.80191243  -0.09808757       1.18779886    10.000
mghh110            1.70000   1.45403429  -0.24596571       0.08373582     2.000
mghh111            2.14000   1.89740539  -0.24259461       0.00321273     0.500
mglh100            0.18000   0.19269359   0.01269359       0.01989224     2.000
mglh110            0.16000   0.17397777   0.01397777       0.00763196     1.000
mglh111            0.16000   0.16930998   0.00930998       0.00338577     1.000
dpa               -2.90000  -2.75726180   0.14273820       0.96904613    20.000
dpag15v            0.90000   0.89524265  -0.00475735       0.00279412    10.000
dpaGX              1.03000   1.91599636   0.88599636       6.65935145     3.000
dpaGL             -2.19000  -1.30453605   0.88546395       1.47128241     3.000
dpb100            -1.20000  -1.30528932  -0.10528932       3.07940042    20.000
edso0              0.42000   0.42060411   0.00060411       0.00186197    30.000
edso1              0.20000   0.25098907   0.05098907       0.06499713     1.000
 
 Total Error =    21.3003092353851     
 
 Iteration no.         2001
 Values of the pseudopotential parameters
 ----------------------------------------
 Weight of Kinetic Energy   1.00000000000000     
 
 6.88000  0.80000  1.00000           ! Ecut, Smth, scalkin
 
 Cd       48034       ! Atom, atomic_num
 2.6280000000000E+02      4          !norm. atomic volume, ngauss
 6.5807496548433E-02      1          !SO param
 6.3504437597052E-01      1          !af param for strain
 0.0000000000000E+00      0          !beta param
-4.9742330631530E-01  0.0000000000000E+00  2.2950687426730E+00   1  0  1  !gaussian's param
-1.1654247455189E-02  3.0790871753543E+00  1.6501468875095E+00   1  1  1  !gaussian's param
 1.0880155026001E+00 -1.0703988788057E+00  3.3533873839450E+00   1  1  1  !gaussian's param
 6.2248393035804E-02  1.7153241801400E+00  1.5677996891866E+00   1  1  1  !gaussian's param
 
 Se       34048       ! Atom, atomic_num
 1.4520000000000E+02      4          !norm. atomic volume, ngauss
 1.3222239182515E-01      1          !SO param
 0.0000000000000E+00      0          !af param for strain
 0.0000000000000E+00      0          !beta param
-1.3620172570290E+00  0.0000000000000E+00  1.1334123510757E+00   1  0  1  !gaussian's param
-1.2970484213953E-06  1.3555230054177E-01  2.8246077807957E+00   1  1  1  !gaussian's param
-1.7756467928461E-02  5.3916438990737E-01  3.0377362822992E-01   1  1  1  !gaussian's param
 9.6956885669754E-02  8.5003550467709E-02  1.9755018428179E-01   1  1  1  !gaussian's param
 Results for structure bulkCdSe.config               
X-point:  1.00000  0.00000  0.00000
The  8th state is the VBM of bulkCdSe.config     
   Property       Ideal_Value   fitted_Value  Error    Weighted_Err**2   Weight
   --------             ------   -------     -----     ------------
 
eg1v             -12.97000 -11.90228835   1.06771165       0.00677685     1.000
evbm              -5.35971  -5.38866924  -0.02896405      14.30977364   700.000
eg1c               1.74000   1.74949546   0.00949546       1.19122320   200.000
eg15c              6.45000   5.64101068  -0.80898932       0.06292542     2.000
ex1v             -12.41000 -11.17302536   1.23697464       0.00248381     0.500
ex3v              -4.36000  -3.52638330   0.83361670       0.00913902     0.500
ex5v              -2.05000  -1.41773028   0.63226972       0.38050209     2.000
ex1c               3.95000   2.95865064  -0.99134936       0.56689389     3.000
ex3c               4.14000   3.93976228  -0.20023772       0.00935731     2.000
el1v             -12.54000 -11.34908201   1.19091799       0.00009019     0.100
el2v              -4.75000  -3.73199239   1.01800761       0.01148299     0.500
el3v              -0.78000  -0.51451798   0.26548202       0.46338399     2.000
el1c               3.39000   3.09592685  -0.29407315       0.18812710     5.000
mg1c               0.12000   0.13183316   0.01183316       6.07741954    25.000
mghh100            0.90000   0.80459341  -0.09540659       1.12375516    10.000
mghh110            1.70000   1.45786560  -0.24213440       0.08114750     2.000
mghh111            2.14000   1.90158027  -0.23841973       0.00310311     0.500
mglh100            0.18000   0.19326874   0.01326874       0.02173575     2.000
mglh110            0.16000   0.17451680   0.01451680       0.00823193     1.000
mglh111            0.16000   0.16983836   0.00983836       0.00378099     1.000
dpa               -2.90000  -2.88635525   0.01364475       0.00885513    20.000
dpag15v            0.90000   0.89197306  -0.00802694       0.00795454    10.000
dpaGX              1.03000   1.83507045   0.80507045       5.49839373     3.000
dpaGL             -2.19000  -1.41872633   0.77127367       1.11627523     3.000
dpb100            -1.20000  -1.33154765  -0.13154765       4.80688426    20.000
edso0              0.42000   0.42272595   0.00272595       0.03791225    30.000
edso1              0.20000   0.25338304   0.05338304       0.07124374     1.000
 
 Total Error =    36.0688523429364     
 
 Iteration no.         2501
 Values of the pseudopotential parameters
 ----------------------------------------
 Weight of Kinetic Energy   1.00000000000000     
 
 6.88000  0.80000  1.00000           ! Ecut, Smth, scalkin
 
 Cd       48034       ! Atom, atomic_num
 2.6280000000000E+02      4          !norm. atomic volume, ngauss
 5.5367022368202E-02      1          !SO param
 6.3195247178360E-01      1          !af param for strain
 0.0000000000000E+00      0          !beta param
-4.9747583758432E-01  0.0000000000000E+00  2.2924796879397E+00   1  0  1  !gaussian's param
-1.1874059201329E-02  3.0788627293540E+00  1.6501424472705E+00   1  1  1  !gaussian's param
 1.0878332902476E+00 -1.0703983324987E+00  3.3533817567614E+00   1  1  1  !gaussian's param
 6.2235704873752E-02  1.7140096161542E+00  1.5426929863270E+00   1  1  1  !gaussian's param
 
 Se       34048       ! Atom, atomic_num
 1.4520000000000E+02      4          !norm. atomic volume, ngauss
 1.3222240473408E-01      1          !SO param
 0.0000000000000E+00      0          !af param for strain
 0.0000000000000E+00      0          !beta param
-1.3622759425033E+00  0.0000000000000E+00  1.1370758123157E+00   1  0  1  !gaussian's param
-1.2495808517863E-06  1.3550681736528E-01  2.6225972589344E+00   1  1  1  !gaussian's param
-1.7806143375895E-02  5.3916088397263E-01  3.0373311712866E-01   1  1  1  !gaussian's param
 9.6885352850878E-02  8.4997319051216E-02  1.9784275102631E-01   1  1  1  !gaussian's param
 Results for structure bulkCdSe.config               
X-point:  1.00000  0.00000  0.00000
The  8th state is the VBM of bulkCdSe.config     
   Property       Ideal_Value   fitted_Value  Error    Weighted_Err**2   Weight
   --------             ------   -------     -----     ------------
 
eg1v             -12.97000 -11.88290628   1.08709372       0.00702512     1.000
evbm              -5.35971  -5.36080878  -0.00110359       0.02077442   700.000
eg1c               1.74000   1.73779311  -0.00220689       0.06434630   200.000
eg15c              6.45000   5.61484906  -0.83515094       0.06706107     2.000
ex1v             -12.41000 -11.14534357   1.26465643       0.00259622     0.500
ex3v              -4.36000  -3.54172108   0.81827892       0.00880582     0.500
ex5v              -2.05000  -1.42552260   0.62447740       0.37118099     2.000
ex1c               3.95000   2.92528728  -1.02471272       0.60569303     3.000
ex3c               4.14000   3.90726234  -0.23273766       0.01264133     2.000
el1v             -12.54000 -11.32350974   1.21649026       0.00009411     0.100
el2v              -4.75000  -3.74916949   1.00083051       0.01109874     0.500
el3v              -0.78000  -0.51779267   0.26220733       0.45202292     2.000
el1c               3.39000   3.07310499  -0.31689501       0.21845974     5.000
mg1c               0.12000   0.13075373   0.01075373       5.01921069    25.000
mghh100            0.90000   0.79818471  -0.10181529       1.27979662    10.000
mghh110            1.70000   1.44667603  -0.25332397       0.08882081     2.000
mghh111            2.14000   1.88749741  -0.25250259       0.00348052     0.500
mglh100            0.18000   0.19136662   0.01136662       0.01595062     2.000
mglh110            0.16000   0.17282756   0.01282756       0.00642759     1.000
mglh111            0.16000   0.16820069   0.00820069       0.00262700     1.000
dpa               -2.90000  -2.87548185   0.02451815       0.02859165    20.000
dpag15v            0.90000   0.89187911  -0.00812089       0.00814183    10.000
dpaGX              1.03000   1.86111392   0.83111392       5.85988614     3.000
dpaGL             -2.19000  -1.39659705   0.79340295       1.18125023     3.000
dpb100            -1.20000  -1.33408458  -0.13408458       4.99407634    20.000
edso0              0.42000   0.42022837   0.00022837       0.00026609    30.000
edso1              0.20000   0.25132876   0.05132876       0.06586605     1.000
 
 Total Error =    20.3961919810698     
 
 Iteration no.         3001
 Values of the pseudopotential parameters
 ----------------------------------------
 Weight of Kinetic Energy   1.00000000000000     
 
 6.88000  0.80000  1.00000           ! Ecut, Smth, scalkin
 
 Cd       48034       ! Atom, atomic_num
 2.6280000000000E+02      4          !norm. atomic volume, ngauss
 5.5136218775694E-02      1          !SO param
 6.3108355034189E-01      1          !af param for strain
 0.0000000000000E+00      0          !beta param
-4.9744906843039E-01  0.0000000000000E+00  2.2938693518960E+00   1  0  1  !gaussian's param
-1.1872012204042E-02  3.0788563696397E+00  1.6501456699716E+00   1  1  1  !gaussian's param
 1.0878487764710E+00 -1.0703982503875E+00  3.3533813420215E+00   1  1  1  !gaussian's param
 6.2234359153626E-02  1.7154850753512E+00  1.5305247698106E+00   1  1  1  !gaussian's param
 
 Se       34048       ! Atom, atomic_num
 1.4520000000000E+02      4          !norm. atomic volume, ngauss
 1.3222235230459E-01      1          !SO param
 0.0000000000000E+00      0          !af param for strain
 0.0000000000000E+00      0          !beta param
-1.3622573872162E+00  0.0000000000000E+00  1.1370651057165E+00   1  0  1  !gaussian's param
-1.2537477666933E-06  1.3550424917415E-01  2.6837352639000E+00   1  1  1  !gaussian's param
-1.7789252968394E-02  5.3916239458379E-01  3.0374813142816E-01   1  1  1  !gaussian's param
 9.6921921118399E-02  8.4998465279904E-02  1.9774913495833E-01   1  1  1  !gaussian's param
 Results for structure bulkCdSe.config               
X-point:  1.00000  0.00000  0.00000
The  8th state is the VBM of bulkCdSe.config     
   Property       Ideal_Value   fitted_Value  Error    Weighted_Err**2   Weight
   --------             ------   -------     -----     ------------
 
eg1v             -12.97000 -11.88331369   1.08668631       0.00701986     1.000
evbm              -5.35971  -5.35948892   0.00021627       0.00079781   700.000
eg1c               1.74000   1.73691430  -0.00308570       0.12579623   200.000
eg15c              6.45000   5.61548269  -0.83451731       0.06695935     2.000
ex1v             -12.41000 -11.14580575   1.26419425       0.00259432     0.500
ex3v              -4.36000  -3.54154521   0.81845479       0.00880960     0.500
ex5v              -2.05000  -1.42526427   0.62473573       0.37148815     2.000
ex1c               3.95000   2.92489684  -1.02510316       0.60615468     3.000
ex3c               4.14000   3.90515452  -0.23484548       0.01287134     2.000
el1v             -12.54000 -11.32393948   1.21606052       0.00009404     0.100
el2v              -4.75000  -3.74907753   1.00092247       0.01110078     0.500
el3v              -0.78000  -0.51761306   0.26238694       0.45264237     2.000
el1c               3.39000   3.07213820  -0.31786180       0.21979474     5.000
mg1c               0.12000   0.13071257   0.01071257       4.98086485    25.000
mghh100            0.90000   0.79858628  -0.10141372       1.26972122    10.000
mghh110            1.70000   1.44738309  -0.25261691       0.08832568     2.000
mghh111            2.14000   1.88847542  -0.25152458       0.00345361     0.500
mglh100            0.18000   0.19130727   0.01130727       0.01578448     2.000
mglh110            0.16000   0.17278786   0.01278786       0.00638786     1.000
mglh111            0.16000   0.16816489   0.00816489       0.00260412     1.000
dpa               -2.90000  -2.87135967   0.02864033       0.03901396    20.000
dpag15v            0.90000   0.89267705  -0.00732295       0.00662044    10.000
dpaGX              1.03000   1.86523581   0.83523581       5.91815418     3.000
dpaGL             -2.19000  -1.38985211   0.80014789       1.20141986     3.000
dpb100            -1.20000  -1.33169560  -0.13169560       4.81770306    20.000
edso0              0.42000   0.42039012   0.00039012       0.00077648    30.000
edso1              0.20000   0.25142150   0.05142150       0.06610428     1.000
 
 Total Error =    20.3030573653332     
 
 Iteration no.         3501
 Values of the pseudopotential parameters
 ----------------------------------------
 Weight of Kinetic Energy   1.00000000000000     
 
 6.88000  0.80000  1.00000           ! Ecut, Smth, scalkin
 
 Cd       48034       ! Atom, atomic_num
 2.6280000000000E+02      4          !norm. atomic volume, ngauss
 5.8967211439042E-02      1          !SO param
 6.3046701074431E-01      1          !af param for strain
 0.0000000000000E+00      0          !beta param
-4.9705074522674E-01  0.0000000000000E+00  2.2984635387471E+00   1  0  1  !gaussian's param
-1.1893894930559E-02  3.0780662527895E+00  1.6501794987206E+00   1  1  1  !gaussian's param
 1.0875947903782E+00 -1.0703973529151E+00  3.3533802828928E+00   1  1  1  !gaussian's param
 6.2232386773614E-02  1.7180517088749E+00  1.5243682224161E+00   1  1  1  !gaussian's param
 
 Se       34048       ! Atom, atomic_num
 1.4520000000000E+02      4          !norm. atomic volume, ngauss
 1.3221815477872E-01      1          !SO param
 0.0000000000000E+00      0          !af param for strain
 0.0000000000000E+00      0          !beta param
-1.3622795737221E+00  0.0000000000000E+00  1.1366046302545E+00   1  0  1  !gaussian's param
-1.2205553809311E-06  1.3480341445505E-01  3.1110426811239E+00   1  1  1  !gaussian's param
-1.7784516182330E-02  5.3914416094731E-01  3.0390811271799E-01   1  1  1  !gaussian's param
 9.6936956629081E-02  8.4999537797527E-02  1.9743964307967E-01   1  1  1  !gaussian's param
 Results for structure bulkCdSe.config               
X-point:  1.00000  0.00000  0.00000
The  8th state is the VBM of bulkCdSe.config     
   Property       Ideal_Value   fitted_Value  Error    Weighted_Err**2   Weight
   --------             ------   -------     -----     ------------
 
eg1v             -12.97000 -11.88701193   1.08298807       0.00697216     1.000
evbm              -5.35971  -5.36064557  -0.00094038       0.01508419   700.000
eg1c               1.74000   1.73926899  -0.00073101       0.00706013   200.000
eg15c              6.45000   5.62078143  -0.82921857       0.06611174     2.000
ex1v             -12.41000 -11.15111194   1.25888806       0.00257259     0.500
ex3v              -4.36000  -3.53793036   0.82206964       0.00888759     0.500
ex5v              -2.05000  -1.42360827   0.62639173       0.37346018     2.000
ex1c               3.95000   2.93068374  -1.01931626       0.59933028     3.000
ex3c               4.14000   3.90884560  -0.23115440       0.01246992     2.000
el1v             -12.54000 -11.32879962   1.21120038       0.00009329     0.100
el2v              -4.75000  -3.74542875   1.00457125       0.01118187     0.500
el3v              -0.78000  -0.51669939   0.26330061       0.45580020     2.000
el1c               3.39000   3.07607766  -0.31392234       0.21438038     5.000
mg1c               0.12000   0.13094661   0.01094661       5.20087882    25.000
mghh100            0.90000   0.80016013  -0.09983987       1.23061721    10.000
mghh110            1.70000   1.45041857  -0.24958143       0.08621577     2.000
mghh111            2.14000   1.89257216  -0.24742784       0.00334202     0.500
mglh100            0.18000   0.19172148   0.01172148       0.01696210     2.000
mglh110            0.16000   0.17315547   0.01315547       0.00676040     1.000
mglh111            0.16000   0.16852117   0.00852117       0.00283634     1.000
dpa               -2.90000  -2.86548708   0.03451292       0.05665358    20.000
dpag15v            0.90000   0.89261726  -0.00738274       0.00672900    10.000
dpaGX              1.03000   1.86738103   0.83738103       5.94859352     3.000
dpaGL             -2.19000  -1.38250328   0.80749672       1.22358970     3.000
dpb100            -1.20000  -1.32656096  -0.12656096       4.44935479    20.000
edso0              0.42000   0.42115998   0.00115998       0.00686501    30.000
edso1              0.20000   0.25208420   0.05208420       0.06781910     1.000
 
 Total Error =    20.0806219118837     
 
 Iteration no.         4001
 Values of the pseudopotential parameters
 ----------------------------------------
 Weight of Kinetic Energy   1.00000000000000     
 
 6.88000  0.80000  1.00000           ! Ecut, Smth, scalkin
 
 Cd       48034       ! Atom, atomic_num
 2.6280000000000E+02      4          !norm. atomic volume, ngauss
 4.9814137545595E-02      1          !SO param
 6.3030929575600E-01      1          !af param for strain
 0.0000000000000E+00      0          !beta param
-4.9698728796314E-01  0.0000000000000E+00  2.3141649009034E+00   1  0  1  !gaussian's param
-1.2843361885125E-02  3.0756682426972E+00  1.6490957476472E+00   1  1  1  !gaussian's param
 1.0884269123938E+00 -1.0703989999839E+00  3.3533819784225E+00   1  1  1  !gaussian's param
 6.2236057851278E-02  1.7805679134538E+00  1.5481970238939E+00   1  1  1  !gaussian's param
 
 Se       34048       ! Atom, atomic_num
 1.4520000000000E+02      4          !norm. atomic volume, ngauss
 1.3221343280731E-01      1          !SO param
 0.0000000000000E+00      0          !af param for strain
 0.0000000000000E+00      0          !beta param
-1.3622639273443E+00  0.0000000000000E+00  1.1338847400375E+00   1  0  1  !gaussian's param
-1.0964618509306E-06  1.3363951357347E-01  3.3154160001915E+00   1  1  1  !gaussian's param
-1.7388555633198E-02  5.3914286564762E-01  3.0993767883478E-01   1  1  1  !gaussian's param
 9.7725355920207E-02  8.5059972033824E-02  1.9344979430873E-01   1  1  1  !gaussian's param
 Results for structure bulkCdSe.config               
X-point:  1.00000  0.00000  0.00000
The  8th state is the VBM of bulkCdSe.config     
   Property       Ideal_Value   fitted_Value  Error    Weighted_Err**2   Weight
   --------             ------   -------     -----     ------------
 
eg1v             -12.97000 -11.85292309   1.11707691       0.00741799     1.000
evbm              -5.35971  -5.32637350   0.03333169      18.95085853   700.000
eg1c               1.74000   1.69667112  -0.04332888      24.80369921   200.000
eg15c              6.45000   5.54872448  -0.90127552       0.07810084     2.000
ex1v             -12.41000 -11.10041198   1.30958802       0.00278398     0.500
ex3v              -4.36000  -3.59370165   0.76629835       0.00772259     0.500
ex5v              -2.05000  -1.43241464   0.61758536       0.36303312     2.000
ex1c               3.95000   2.93634782  -1.01365218       0.59268814     3.000
ex3c               4.14000   3.81709443  -0.32290557       0.02433383     2.000
el1v             -12.54000 -11.28183074   1.25816926       0.00010067     0.100
el2v              -4.75000  -3.78360720   0.96639280       0.01034809     0.500
el3v              -0.78000  -0.52357117   0.25642883       0.43231917     2.000
el1c               3.39000   2.99867973  -0.39132027       0.33312352     5.000
mg1c               0.12000   0.12747980   0.00747980       2.42827558    25.000
mghh100            0.90000   0.79398790  -0.10601210       1.38747719    10.000
mghh110            1.70000   1.43195526  -0.26804474       0.09944358     2.000
mghh111            2.14000   1.86457442  -0.27542558       0.00414115     0.500
mglh100            0.18000   0.18560804   0.00560804       0.00388272     2.000
mglh110            0.16000   0.16813594   0.00813594       0.00258568     1.000
mglh111            0.16000   0.16374162   0.00374162       0.00054686     1.000
dpa               -2.90000  -3.13539468  -0.23539468       2.63546521    20.000
dpag15v            0.90000   0.88081153  -0.01918847       0.04545647    10.000
dpaGX              1.03000   1.83122074   0.80122074       5.44593468     3.000
dpaGL             -2.19000  -1.43714261   0.75285739       1.06360340     3.000
dpb100            -1.20000  -1.30868177  -0.10868177       3.28103559    20.000
edso0              0.42000   0.42018246   0.00018246       0.00016985    30.000
edso1              0.20000   0.25089023   0.05089023       0.06474539     1.000
 
 Total Error =    62.0692930311907     
 
 Iteration no.         4501
 Values of the pseudopotential parameters
 ----------------------------------------
 Weight of Kinetic Energy   1.00000000000000     
 
 6.88000  0.80000  1.00000           ! Ecut, Smth, scalkin
 
 Cd       48034       ! Atom, atomic_num
 2.6280000000000E+02      4          !norm. atomic volume, ngauss
 5.7101180673229E-02      1          !SO param
 6.2997062728295E-01      1          !af param for strain
 0.0000000000000E+00      0          !beta param
-4.9681681519319E-01  0.0000000000000E+00  2.3106394039073E+00   1  0  1  !gaussian's param
-1.2086199891402E-02  3.0769230396501E+00  1.6502909384870E+00   1  1  1  !gaussian's param
 1.0877982871404E+00 -1.0703978207882E+00  3.3533807645319E+00   1  1  1  !gaussian's param
 6.2233429595005E-02  1.7417086145200E+00  1.5379326623657E+00   1  1  1  !gaussian's param
 
 Se       34048       ! Atom, atomic_num
 1.4520000000000E+02      4          !norm. atomic volume, ngauss
 1.3214785042414E-01      1          !SO param
 0.0000000000000E+00      0          !af param for strain
 0.0000000000000E+00      0          !beta param
-1.3622603279080E+00  0.0000000000000E+00  1.1347240034735E+00   1  0  1  !gaussian's param
-1.1442664535215E-06  1.3258817810450E-01  3.1571384068358E+00   1  1  1  !gaussian's param
-1.7639653369476E-02  5.3898160974105E-01  3.0625224610919E-01   1  1  1  !gaussian's param
 9.7131071334097E-02  8.5014249668927E-02  1.9505607577069E-01   1  1  1  !gaussian's param
 Results for structure bulkCdSe.config               
X-point:  1.00000  0.00000  0.00000
The  8th state is the VBM of bulkCdSe.config     
   Property       Ideal_Value   fitted_Value  Error    Weighted_Err**2   Weight
   --------             ------   -------     -----     ------------
 
eg1v             -12.97000 -11.87587571   1.09412429       0.00711629     1.000
evbm              -5.35971  -5.36010768  -0.00040249       0.00276326   700.000
eg1c               1.74000   1.73747224  -0.00252776       0.08441776   200.000
eg15c              6.45000   5.60838860  -0.84161140       0.06810261     2.000
ex1v             -12.41000 -11.13638545   1.27361455       0.00263313     0.500
ex3v              -4.36000  -3.54971301   0.81028699       0.00863465     0.500
ex5v              -2.05000  -1.42311703   0.62688297       0.37404618     2.000
ex1c               3.95000   2.94728147  -1.00271853       0.57997117     3.000
ex3c               4.14000   3.88958816  -0.25041184       0.01463420     2.000
el1v             -12.54000 -11.31473235   1.22526765       0.00009547     0.100
el2v              -4.75000  -3.75081431   0.99918569       0.01106229     0.500
el3v              -0.78000  -0.51765661   0.26234339       0.45249213     2.000
el1c               3.39000   3.06268940  -0.32731060       0.23305626     5.000
mg1c               0.12000   0.13066451   0.01066451       4.93627803    25.000
mghh100            0.90000   0.80101006  -0.09898994       1.20975412    10.000
mghh110            1.70000   1.44912609  -0.25087391       0.08711103     2.000
mghh111            2.14000   1.88889715  -0.25110285       0.00344204     0.500
mglh100            0.18000   0.19114847   0.01114847       0.01534426     2.000
mglh110            0.16000   0.17274589   0.01274589       0.00634601     1.000
mglh111            0.16000   0.16814509   0.00814509       0.00259150     1.000
dpa               -2.90000  -2.96305343  -0.06305343       0.18909561    20.000
dpag15v            0.90000   0.89356757  -0.00643243       0.00510817    10.000
dpaGX              1.03000   1.85082043   0.82082043       5.71563356     3.000
dpaGL             -2.19000  -1.40197711   0.78802289       1.16528443     3.000
dpb100            -1.20000  -1.31569511  -0.11569511       3.71815497    20.000
edso0              0.42000   0.42154987   0.00154987       0.01225555    30.000
edso1              0.20000   0.25220575   0.05220575       0.06813601     1.000
 
 Total Error =    18.9735606843688     
 
 Iteration no.         5001
 Values of the pseudopotential parameters
 ----------------------------------------
 Weight of Kinetic Energy   1.00000000000000     
 
 6.88000  0.80000  1.00000           ! Ecut, Smth, scalkin
 
 Cd       48034       ! Atom, atomic_num
 2.6280000000000E+02      4          !norm. atomic volume, ngauss
 5.7331739818903E-02      1          !SO param
 6.3040487410694E-01      1          !af param for strain
 0.0000000000000E+00      0          !beta param
-4.9659667301367E-01  0.0000000000000E+00  2.3020100576208E+00   1  0  1  !gaussian's param
-1.2736060630932E-02  3.0529593598540E+00  1.6502939460841E+00   1  1  1  !gaussian's param
 1.0877946306352E+00 -1.0703979755416E+00  3.3533809238386E+00   1  1  1  !gaussian's param
 6.2230472095001E-02  1.7419777131272E+00  1.5294575462595E+00   1  1  1  !gaussian's param
 
 Se       34048       ! Atom, atomic_num
 1.4520000000000E+02      4          !norm. atomic volume, ngauss
 1.3195137289203E-01      1          !SO param
 0.0000000000000E+00      0          !af param for strain
 0.0000000000000E+00      0          !beta param
-1.3622601428298E+00  0.0000000000000E+00  1.1343016445470E+00   1  0  1  !gaussian's param
-1.1335804776230E-06  1.2629950729649E-01  3.3180275856378E+00   1  1  1  !gaussian's param
-1.7335049032448E-02  5.3897228496289E-01  3.0641326917079E-01   1  1  1  !gaussian's param
 9.7063874727953E-02  8.5018271476566E-02  1.9511907381084E-01   1  1  1  !gaussian's param
 Results for structure bulkCdSe.config               
X-point:  1.00000  0.00000  0.00000
The  8th state is the VBM of bulkCdSe.config     
   Property       Ideal_Value   fitted_Value  Error    Weighted_Err**2   Weight
   --------             ------   -------     -----     ------------
 
eg1v             -12.97000 -11.86800706   1.10199294       0.00721901     1.000
evbm              -5.35971  -5.35723038   0.00247481       0.10447172   700.000
eg1c               1.74000   1.74566781   0.00566781       0.42441625   200.000
eg15c              6.45000   5.60552837  -0.84447163       0.06856630     2.000
ex1v             -12.41000 -11.12686597   1.28313403       0.00267264     0.500
ex3v              -4.36000  -3.55022190   0.80977810       0.00862381     0.500
ex5v              -2.05000  -1.42381885   0.62618115       0.37320912     2.000
ex1c               3.95000   2.94829171  -1.00170829       0.57880311     3.000
ex3c               4.14000   3.89194593  -0.24805407       0.01435992     2.000
el1v             -12.54000 -11.30557901   1.23442099       0.00009690     0.100
el2v              -4.75000  -3.75124742   0.99875258       0.01105271     0.500
el3v              -0.78000  -0.51805609   0.26194391       0.45111514     2.000
el1c               3.39000   3.06684275  -0.32315725       0.22717912     5.000
mg1c               0.12000   0.13106894   0.01106894       5.31777273    25.000
mghh100            0.90000   0.80022331  -0.09977669       1.22906012    10.000
mghh110            1.70000   1.44779451  -0.25220549       0.08803821     2.000
mghh111            2.14000   1.88684919  -0.25315081       0.00349841     0.500
mglh100            0.18000   0.19180131   0.01180131       0.01719393     2.000
mglh110            0.16000   0.17326082   0.01326082       0.00686911     1.000
mglh111            0.16000   0.16863085   0.00863085       0.00290983     1.000
dpa               -2.90000  -2.98404127  -0.08404127       0.33593031    20.000
dpag15v            0.90000   0.89965453  -0.00034547       0.00001473    10.000
dpaGX              1.03000   1.83869976   0.80869976       5.54807970     3.000
dpaGL             -2.19000  -1.42224861   0.76775139       1.10610283     3.000
dpb100            -1.20000  -1.32011954  -0.12011954       4.00797352    20.000
edso0              0.42000   0.42034992   0.00034992       0.00062472    30.000
edso1              0.20000   0.25149157   0.05149157       0.06628455     1.000
 
 Total Error =    20.0021384457628     
 
 Iteration no.         5501
 Values of the pseudopotential parameters
 ----------------------------------------
 Weight of Kinetic Energy   1.00000000000000     
 
 6.88000  0.80000  1.00000           ! Ecut, Smth, scalkin
 
 Cd       48034       ! Atom, atomic_num
 2.6280000000000E+02      4          !norm. atomic volume, ngauss
 5.6493801493925E-02      1          !SO param
 6.2645507952707E-01      1          !af param for strain
 0.0000000000000E+00      0          !beta param
-4.9621492689139E-01  0.0000000000000E+00  2.3436043613322E+00   1  0  1  !gaussian's param
-1.0431654981440E-02  3.0606341662425E+00  1.6504676499541E+00   1  1  1  !gaussian's param
 1.0878351046546E+00 -1.0703964185336E+00  3.3533793210193E+00   1  1  1  !gaussian's param
 6.2222355027999E-02  1.7495625427108E+00  1.5372342104277E+00   1  1  1  !gaussian's param
 
 Se       34048       ! Atom, atomic_num
 1.4520000000000E+02      4          !norm. atomic volume, ngauss
 1.2953386828520E-01      1          !SO param
 0.0000000000000E+00      0          !af param for strain
 0.0000000000000E+00      0          !beta param
-1.3622600726813E+00  0.0000000000000E+00  1.1344444689344E+00   1  0  1  !gaussian's param
-1.1445605246981E-06  1.3025201760589E-01  2.6727851288533E+00   1  1  1  !gaussian's param
-1.7472494193127E-02  5.3898087220015E-01  3.0629739423076E-01   1  1  1  !gaussian's param
 9.7150926446908E-02  8.5016118622299E-02  1.9511144124117E-01   1  1  1  !gaussian's param
 Results for structure bulkCdSe.config               
X-point:  1.00000  0.00000  0.00000
The  8th state is the VBM of bulkCdSe.config     
   Property       Ideal_Value   fitted_Value  Error    Weighted_Err**2   Weight
   --------             ------   -------     -----     ------------
 
eg1v             -12.97000 -11.88407386   1.08592614       0.00701004     1.000
evbm              -5.35971  -5.35877794   0.00092725       0.01466589   700.000
eg1c               1.74000   1.74024638   0.00024638       0.00080197   200.000
eg15c              6.45000   5.63018666  -0.81981334       0.06462053     2.000
ex1v             -12.41000 -11.14853252   1.26146748       0.00258314     0.500
ex3v              -4.36000  -3.53675673   0.82324327       0.00891299     0.500
ex5v              -2.05000  -1.41847955   0.63152045       0.37960079     2.000
ex1c               3.95000   2.95542628  -0.99457372       0.57058753     3.000
ex3c               4.14000   3.89273890  -0.24726110       0.01426826     2.000
el1v             -12.54000 -11.32584784   1.21415216       0.00009375     0.100
el2v              -4.75000  -3.73980097   1.01019903       0.01130750     0.500
el3v              -0.78000  -0.51544693   0.26455307       0.46014680     2.000
el1c               3.39000   3.07057784  -0.31942216       0.22195795     5.000
mg1c               0.12000   0.13100605   0.01100605       5.25751340    25.000
mghh100            0.90000   0.80520709  -0.09479291       1.10934520    10.000
mghh110            1.70000   1.45671481  -0.24328519       0.08192067     2.000
mghh111            2.14000   1.89883229  -0.24116771       0.00317505     0.500
mglh100            0.18000   0.19204425   0.01204425       0.01790912     2.000
mglh110            0.16000   0.17356560   0.01356560       0.00718849     1.000
mglh111            0.16000   0.16894527   0.00894527       0.00312570     1.000
dpa               -2.90000  -2.90320007  -0.00320007       0.00048706    20.000
dpag15v            0.90000   0.88480567  -0.01519433       0.02850220    10.000
dpaGX              1.03000   1.88101243   0.85101243       6.14383952     3.000
dpaGL             -2.19000  -1.33855408   0.85144592       1.36040562     3.000
dpb100            -1.20000  -1.29164421  -0.09164421       2.33296156    20.000
edso0              0.42000   0.41472198  -0.00527802       0.14213006    30.000
edso1              0.20000   0.24829888   0.04829888       0.05831954     1.000
 
 Total Error =    18.3033803234224     
 
 Iteration no.         6001
 Values of the pseudopotential parameters
 ----------------------------------------
 Weight of Kinetic Energy   1.00000000000000     
 
 6.88000  0.80000  1.00000           ! Ecut, Smth, scalkin
 
 Cd       48034       ! Atom, atomic_num
 2.6280000000000E+02      4          !norm. atomic volume, ngauss
 5.6805094969993E-02      1          !SO param
 6.2519141682222E-01      1          !af param for strain
 0.0000000000000E+00      0          !beta param
-4.9629670839887E-01  0.0000000000000E+00  2.3419358907137E+00   1  0  1  !gaussian's param
-1.1328911124679E-02  3.0657612199705E+00  1.6504628332766E+00   1  1  1  !gaussian's param
 1.0878268185795E+00 -1.0703967055774E+00  3.3533796871827E+00   1  1  1  !gaussian's param
 6.2224372583486E-02  1.7497509373075E+00  1.5363272445136E+00   1  1  1  !gaussian's param
 
 Se       34048       ! Atom, atomic_num
 1.4520000000000E+02      4          !norm. atomic volume, ngauss
 1.3059261777576E-01      1          !SO param
 0.0000000000000E+00      0          !af param for strain
 0.0000000000000E+00      0          !beta param
-1.3622600892326E+00  0.0000000000000E+00  1.1344179085617E+00   1  0  1  !gaussian's param
-1.1441563513070E-06  1.3149956348368E-01  3.0464341703823E+00   1  1  1  !gaussian's param
-1.7491063022956E-02  5.3898146426828E-01  3.0630289172631E-01   1  1  1  !gaussian's param
 9.7078232396383E-02  8.5004719671100E-02  1.9510714536189E-01   1  1  1  !gaussian's param
 Results for structure bulkCdSe.config               
X-point:  1.00000  0.00000  0.00000
The  8th state is the VBM of bulkCdSe.config     
   Property       Ideal_Value   fitted_Value  Error    Weighted_Err**2   Weight
   --------             ------   -------     -----     ------------
 
eg1v             -12.97000 -11.88760667   1.08239333       0.00696451     1.000
evbm              -5.35971  -5.36017333  -0.00046814       0.00373817   700.000
eg1c               1.74000   1.73813691  -0.00186309       0.04585944   200.000
eg15c              6.45000   5.62709173  -0.82290827       0.06510936     2.000
ex1v             -12.41000 -11.15255864   1.25744136       0.00256668     0.500
ex3v              -4.36000  -3.53794046   0.82205954       0.00888738     0.500
ex5v              -2.05000  -1.41889341   0.63110659       0.37910342     2.000
ex1c               3.95000   2.95412938  -0.99587062       0.57207657     3.000
ex3c               4.14000   3.89356400  -0.24643600       0.01417319     2.000
el1v             -12.54000 -11.32973538   1.21026462       0.00009315     0.100
el2v              -4.75000  -3.74094540   1.00905460       0.01128190     0.500
el3v              -0.78000  -0.51556525   0.26443475       0.45973529     2.000
el1c               3.39000   3.06939195  -0.32060805       0.22360910     5.000
mg1c               0.12000   0.13090953   0.01090953       5.16570480    25.000
mghh100            0.90000   0.80496839  -0.09503161       1.11493922    10.000
mghh110            1.70000   1.45618700  -0.24381300       0.08227651     2.000
mghh111            2.14000   1.89815339  -0.24184661       0.00319295     0.500
mglh100            0.18000   0.19179953   0.01179953       0.01718877     2.000
mglh110            0.16000   0.17336148   0.01336148       0.00697380     1.000
mglh111            0.16000   0.16874996   0.00874996       0.00299070     1.000
dpa               -2.90000  -2.90595852  -0.00595852       0.00168865    20.000
dpag15v            0.90000   0.89553265  -0.00446735       0.00246385    10.000
dpaGX              1.03000   1.87688745   0.84688745       6.08442370     3.000
dpaGL             -2.19000  -1.34611743   0.84388257       1.33634414     3.000
dpb100            -1.20000  -1.29319272  -0.09319272       2.41246745    20.000
edso0              0.42000   0.41796025  -0.00203975       0.02122750    30.000
edso1              0.20000   0.25017268   0.05017268       0.06293245     1.000
 
 Total Error =    18.1080126412804     
 
 Iteration no.         6501
 Values of the pseudopotential parameters
 ----------------------------------------
 Weight of Kinetic Energy   1.00000000000000     
 
 6.88000  0.80000  1.00000           ! Ecut, Smth, scalkin
 
 Cd       48034       ! Atom, atomic_num
 2.6280000000000E+02      4          !norm. atomic volume, ngauss
 5.6583587070507E-02      1          !SO param
 6.3010263785060E-01      1          !af param for strain
 0.0000000000000E+00      0          !beta param
-4.9577608890342E-01  0.0000000000000E+00  2.3539877558801E+00   1  0  1  !gaussian's param
-1.1473721463891E-02  2.8725113445809E+00  1.6497550863359E+00   1  1  1  !gaussian's param
 1.0877289653961E+00 -1.0703976209726E+00  3.3533805934769E+00   1  1  1  !gaussian's param
 6.2237378452284E-02  1.7703013306760E+00  1.5277503845510E+00   1  1  1  !gaussian's param
 
 Se       34048       ! Atom, atomic_num
 1.4520000000000E+02      4          !norm. atomic volume, ngauss
 1.2983267619865E-01      1          !SO param
 0.0000000000000E+00      0          !af param for strain
 0.0000000000000E+00      0          !beta param
-1.3622601988845E+00  0.0000000000000E+00  1.1344013826633E+00   1  0  1  !gaussian's param
-1.1454577555091E-06  1.3242853687353E-01  3.0603816100021E+00   1  1  1  !gaussian's param
-1.7811706580687E-02  5.3896779543114E-01  3.0631620763739E-01   1  1  1  !gaussian's param
 9.7090585807087E-02  8.5001688825528E-02  1.9503973348821E-01   1  1  1  !gaussian's param
 Results for structure bulkCdSe.config               
X-point:  1.00000  0.00000  0.00000
The  8th state is the VBM of bulkCdSe.config     
   Property       Ideal_Value   fitted_Value  Error    Weighted_Err**2   Weight
   --------             ------   -------     -----     ------------
 
eg1v             -12.97000 -11.90134080   1.06865920       0.00678889     1.000
evbm              -5.35971  -5.35572980   0.00397539       0.26957086   700.000
eg1c               1.74000   1.73784373  -0.00215627       0.06142847   200.000
eg15c              6.45000   5.64343210  -0.80656790       0.06254930     2.000
ex1v             -12.41000 -11.17104473   1.23895527       0.00249177     0.500
ex3v              -4.36000  -3.52898058   0.83101942       0.00908216     0.500
ex5v              -2.05000  -1.41602132   0.63397868       0.38256178     2.000
ex1c               3.95000   2.96516964  -0.98483036       0.55946275     3.000
ex3c               4.14000   3.90351502  -0.23648498       0.01305168     2.000
el1v             -12.54000 -11.34702179   1.19297821       0.00009050     0.100
el2v              -4.75000  -3.73266270   1.01733730       0.01146787     0.500
el3v              -0.78000  -0.51493490   0.26506510       0.46192971     2.000
el1c               3.39000   3.07643956  -0.31356044       0.21388639     5.000
mg1c               0.12000   0.13110426   0.01110426       5.35176373    25.000
mghh100            0.90000   0.80614400  -0.09385600       1.08752462    10.000
mghh110            1.70000   1.45731784  -0.24268216       0.08151506     2.000
mghh111            2.14000   1.89875177  -0.24124823       0.00317717     0.500
mglh100            0.18000   0.19219146   0.01219146       0.01834959     2.000
mglh110            0.16000   0.17372023   0.01372023       0.00735331     1.000
mglh111            0.16000   0.16910027   0.00910027       0.00323496     1.000
dpa               -2.90000  -2.88526078   0.01473922       0.01033268    20.000
dpag15v            0.90000   0.87872667  -0.02127333       0.05587096    10.000
dpaGX              1.03000   1.85943365   0.82943365       5.83621602     3.000
dpaGL             -2.19000  -1.34090224   0.84909776       1.35291239     3.000
dpb100            -1.20000  -1.27869714  -0.07869714       1.72034427    20.000
edso0              0.42000   0.41634141  -0.00365859       0.06829214    30.000
edso1              0.20000   0.24927969   0.04927969       0.06071219     1.000
 
 Total Error =    17.7119612115627     
 
 Iteration no.         7001
 Values of the pseudopotential parameters
 ----------------------------------------
 Weight of Kinetic Energy   1.00000000000000     
 
 6.88000  0.80000  1.00000           ! Ecut, Smth, scalkin
 
 Cd       48034       ! Atom, atomic_num
 2.6280000000000E+02      4          !norm. atomic volume, ngauss
 5.6641497705275E-02      1          !SO param
 6.2750905825270E-01      1          !af param for strain
 0.0000000000000E+00      0          !beta param
-4.9593853962216E-01  0.0000000000000E+00  2.3553173947640E+00   1  0  1  !gaussian's param
-1.1493324152312E-02  2.8761463668720E+00  1.6512716432053E+00   1  1  1  !gaussian's param
 1.0879406209004E+00 -1.0703978533514E+00  3.3533808235455E+00   1  1  1  !gaussian's param
 6.2244389815540E-02  1.7704300841125E+00  1.5373864590293E+00   1  1  1  !gaussian's param
 
 Se       34048       ! Atom, atomic_num
 1.4520000000000E+02      4          !norm. atomic volume, ngauss
 1.2990941191746E-01      1          !SO param
 0.0000000000000E+00      0          !af param for strain
 0.0000000000000E+00      0          !beta param
-1.3622602267203E+00  0.0000000000000E+00  1.1343973663503E+00   1  0  1  !gaussian's param
-1.1473126372052E-06  1.3237920039255E-01  3.0601662843286E+00   1  1  1  !gaussian's param
-1.7853863577779E-02  5.3896385224551E-01  3.0632572637759E-01   1  1  1  !gaussian's param
 9.7133821595728E-02  8.5001890083597E-02  1.9501568521927E-01   1  1  1  !gaussian's param
 Results for structure bulkCdSe.config               
X-point:  1.00000  0.00000  0.00000
The  8th state is the VBM of bulkCdSe.config     
   Property       Ideal_Value   fitted_Value  Error    Weighted_Err**2   Weight
   --------             ------   -------     -----     ------------
 
eg1v             -12.97000 -11.90034671   1.06965329       0.00680152     1.000
evbm              -5.35971  -5.35679779   0.00290740       0.14418631   700.000
eg1c               1.74000   1.73740052  -0.00259948       0.08927600   200.000
eg15c              6.45000   5.64092621  -0.80907379       0.06293856     2.000
ex1v             -12.41000 -11.16960974   1.24039026       0.00249754     0.500
ex3v              -4.36000  -3.53036466   0.82963534       0.00905194     0.500
ex5v              -2.05000  -1.41651059   0.63348941       0.38197152     2.000
ex1c               3.95000   2.96482461  -0.98517539       0.55985483     3.000
ex3c               4.14000   3.90240439  -0.23759561       0.01317456     2.000
el1v             -12.54000 -11.34569285   1.19430715       0.00009071     0.100
el2v              -4.75000  -3.73374093   1.01625907       0.01144357     0.500
el3v              -0.78000  -0.51522131   0.26477869       0.46093199     2.000
el1c               3.39000   3.07517930  -0.31482070       0.21560914     5.000
mg1c               0.12000   0.13105089   0.01105089       5.30044567    25.000
mghh100            0.90000   0.80565935  -0.09434065       1.09878507    10.000
mghh110            1.70000   1.45634060  -0.24365940       0.08217288     2.000
mghh111            2.14000   1.89739153  -0.24260847       0.00321310     0.500
mglh100            0.18000   0.19208211   0.01208211       0.01802189     2.000
mglh110            0.16000   0.17362237   0.01362237       0.00724878     1.000
mglh111            0.16000   0.16900525   0.00900525       0.00316775     1.000
dpa               -2.90000  -2.89177989   0.00822011       0.00321381    20.000
dpag15v            0.90000   0.89281489  -0.00718511       0.00637356    10.000
dpaGX              1.03000   1.85798923   0.82798923       5.81590677     3.000
dpaGL             -2.19000  -1.34328069   0.84671931       1.34534357     3.000
dpb100            -1.20000  -1.27912357  -0.07912357       1.73903887    20.000
edso0              0.42000   0.41644997  -0.00355003       0.06429960    30.000
edso1              0.20000   0.24933277   0.04933277       0.06084305     1.000
 
 Total Error =    17.5059025768114     
 
 Iteration no.         7501
 Values of the pseudopotential parameters
 ----------------------------------------
 Weight of Kinetic Energy   1.00000000000000     
 
 6.88000  0.80000  1.00000           ! Ecut, Smth, scalkin
 
 Cd       48034       ! Atom, atomic_num
 2.6280000000000E+02      4          !norm. atomic volume, ngauss
 5.4827985702235E-02      1          !SO param
 6.3237889491281E-01      1          !af param for strain
 0.0000000000000E+00      0          !beta param
-4.9608763830080E-01  0.0000000000000E+00  2.3589203847528E+00   1  0  1  !gaussian's param
-1.3007777631607E-02  2.8729332865746E+00  1.6426312338752E+00   1  1  1  !gaussian's param
 1.0869289512236E+00 -1.0703980666308E+00  3.3533810347044E+00   1  1  1  !gaussian's param
 6.2033362315818E-02  1.7712850627349E+00  1.6376239398590E+00   1  1  1  !gaussian's param
 
 Se       34048       ! Atom, atomic_num
 1.4520000000000E+02      4          !norm. atomic volume, ngauss
 1.3154789168023E-01      1          !SO param
 0.0000000000000E+00      0          !af param for strain
 0.0000000000000E+00      0          !beta param
-1.3622602896825E+00  0.0000000000000E+00  1.1343952856920E+00   1  0  1  !gaussian's param
-1.1605603821074E-06  1.2857716694953E-01  2.9917005254118E+00   1  1  1  !gaussian's param
-1.7894982880681E-02  5.3894349533446E-01  3.0630035095436E-01   1  1  1  !gaussian's param
 9.6687198745301E-02  8.5019422134048E-02  1.9492150583739E-01   1  1  1  !gaussian's param
 Results for structure bulkCdSe.config               
X-point:  1.00000  0.00000  0.00000
The  8th state is the VBM of bulkCdSe.config     
   Property       Ideal_Value   fitted_Value  Error    Weighted_Err**2   Weight
   --------             ------   -------     -----     ------------
 
eg1v             -12.97000 -11.90244557   1.06755443       0.00677486     1.000
evbm              -5.35971  -5.36011636  -0.00041117       0.00288376   700.000
eg1c               1.74000   1.73758345  -0.00241655       0.07715283   200.000
eg15c              6.45000   5.63092951  -0.81907049       0.06450348     2.000
ex1v             -12.41000 -11.17161324   1.23838676       0.00248948     0.500
ex3v              -4.36000  -3.53539892   0.82460108       0.00894242     0.500
ex5v              -2.05000  -1.41873970   0.63126030       0.37928811     2.000
ex1c               3.95000   2.96764661  -0.98235339       0.55665205     3.000
ex3c               4.14000   3.90901463  -0.23098537       0.01245169     2.000
el1v             -12.54000 -11.34772073   1.19227927       0.00009040     0.100
el2v              -4.75000  -3.73735405   1.01264595       0.01136235     0.500
el3v              -0.78000  -0.51702803   0.26297197       0.45466309     2.000
el1c               3.39000   3.07461237  -0.31538763       0.21638638     5.000
mg1c               0.12000   0.13101900   0.01101900       5.26989725    25.000
mghh100            0.90000   0.80253305  -0.09746695       1.17281563    10.000
mghh110            1.70000   1.44956122  -0.25043878       0.08680911     2.000
mghh111            2.14000   1.88741297  -0.25258703       0.00348285     0.500
mglh100            0.18000   0.19180646   0.01180646       0.01720895     2.000
mglh110            0.16000   0.17334768   0.01334768       0.00695940     1.000
mglh111            0.16000   0.16873265   0.00873265       0.00297887     1.000
dpa               -2.90000  -2.93557586  -0.03557586       0.06019700    20.000
dpag15v            0.90000   0.89545514  -0.00454486       0.00255010    10.000
dpaGX              1.03000   1.82270826   0.79270826       5.33082993     3.000
dpaGL             -2.19000  -1.39033887   0.79966113       1.19995856     3.000
dpb100            -1.20000  -1.28463666  -0.08463666       1.98982328    20.000
edso0              0.42000   0.42040503   0.00040503       0.00083700    30.000
edso1              0.20000   0.25143674   0.05143674       0.06614345     1.000
 
 Total Error =    17.0041322568723     
 
 Iteration no.         8001
 Values of the pseudopotential parameters
 ----------------------------------------
 Weight of Kinetic Energy   1.00000000000000     
 
 6.88000  0.80000  1.00000           ! Ecut, Smth, scalkin
 
 Cd       48034       ! Atom, atomic_num
 2.6280000000000E+02      4          !norm. atomic volume, ngauss
 5.4306633457601E-02      1          !SO param
 6.3227023536682E-01      1          !af param for strain
 0.0000000000000E+00      0          !beta param
-4.9607983443389E-01  0.0000000000000E+00  2.3619870486759E+00   1  0  1  !gaussian's param
-1.3028174336116E-02  2.8726125798052E+00  1.6463717004407E+00   1  1  1  !gaussian's param
 1.0870297982202E+00 -1.0703980527310E+00  3.3533810265732E+00   1  1  1  !gaussian's param
 6.1972984708810E-02  1.7718183223310E+00  1.6432309052578E+00   1  1  1  !gaussian's param
 
 Se       34048       ! Atom, atomic_num
 1.4520000000000E+02      4          !norm. atomic volume, ngauss
 1.3121454436103E-01      1          !SO param
 0.0000000000000E+00      0          !af param for strain
 0.0000000000000E+00      0          !beta param
-1.3622602823590E+00  0.0000000000000E+00  1.1343952272369E+00   1  0  1  !gaussian's param
-1.1601380119068E-06  1.2847494149263E-01  2.9936982053678E+00   1  1  1  !gaussian's param
-1.7894742631777E-02  5.3894396638469E-01  3.0630117983093E-01   1  1  1  !gaussian's param
 9.6688167530620E-02  8.5019118648993E-02  1.9493459237967E-01   1  1  1  !gaussian's param
 Results for structure bulkCdSe.config               
X-point:  1.00000  0.00000  0.00000
The  8th state is the VBM of bulkCdSe.config     
   Property       Ideal_Value   fitted_Value  Error    Weighted_Err**2   Weight
   --------             ------   -------     -----     ------------
 
eg1v             -12.97000 -11.90289765   1.06710235       0.00676912     1.000
evbm              -5.35971  -5.36004615  -0.00034096       0.00198302   700.000
eg1c               1.74000   1.73800615  -0.00199385       0.05252244   200.000
eg15c              6.45000   5.63242700  -0.81757300       0.06426783     2.000
ex1v             -12.41000 -11.17232529   1.23767471       0.00248662     0.500
ex3v              -4.36000  -3.53438129   0.82561871       0.00896450     0.500
ex5v              -2.05000  -1.41843338   0.63156662       0.37965630     2.000
ex1c               3.95000   2.96831236  -0.98168764       0.55589781     3.000
ex3c               4.14000   3.90945001  -0.23054999       0.01240479     2.000
el1v             -12.54000 -11.34836180   1.19163820       0.00009030     0.100
el2v              -4.75000  -3.73649547   1.01350453       0.01138162     0.500
el3v              -0.78000  -0.51691834   0.26308166       0.45504248     2.000
el1c               3.39000   3.07527699  -0.31472301       0.21547535     5.000
mg1c               0.12000   0.13104460   0.01104460       5.29440836    25.000
mghh100            0.90000   0.80277751  -0.09722249       1.16693986    10.000
mghh110            1.70000   1.44992696  -0.25007304       0.08655575     2.000
mghh111            2.14000   1.88781630  -0.25218370       0.00347173     0.500
mglh100            0.18000   0.19188600   0.01188600       0.01744161     2.000
mglh110            0.16000   0.17341902   0.01341902       0.00703399     1.000
mglh111            0.16000   0.16880204   0.00880204       0.00302640     1.000
dpa               -2.90000  -2.93176443  -0.03176443       0.04798950    20.000
dpag15v            0.90000   0.89488512  -0.00511488       0.00322987    10.000
dpaGX              1.03000   1.82393869   0.79393869       5.34739165     3.000
dpaGL             -2.19000  -1.38676725   0.80323275       1.21070153     3.000
dpb100            -1.20000  -1.28272162  -0.08272162       1.90079633    20.000
edso0              0.42000   0.41935586  -0.00064414       0.00211689    30.000
edso1              0.20000   0.25080010   0.05080010       0.06451625     1.000
 
 Total Error =    16.9225619307130     
 
 Iteration no.         8501
 Values of the pseudopotential parameters
 ----------------------------------------
 Weight of Kinetic Energy   1.00000000000000     
 
 6.88000  0.80000  1.00000           ! Ecut, Smth, scalkin
 
 Cd       48034       ! Atom, atomic_num
 2.6280000000000E+02      4          !norm. atomic volume, ngauss
 5.5361764012718E-02      1          !SO param
 6.3044780394728E-01      1          !af param for strain
 0.0000000000000E+00      0          !beta param
-4.9612274814230E-01  0.0000000000000E+00  2.4061276151530E+00   1  0  1  !gaussian's param
-1.3003560199810E-02  2.8758011585933E+00  1.8100436353098E+00   1  1  1  !gaussian's param
 1.0871714208577E+00 -1.0703983259841E+00  3.3533810708034E+00   1  1  1  !gaussian's param
 6.1409850919004E-02  1.7746050735153E+00  1.8085942064494E+00   1  1  1  !gaussian's param
 
 Se       34048       ! Atom, atomic_num
 1.4520000000000E+02      4          !norm. atomic volume, ngauss
 1.3061965512217E-01      1          !SO param
 0.0000000000000E+00      0          !af param for strain
 0.0000000000000E+00      0          !beta param
-1.3622603195989E+00  0.0000000000000E+00  1.1343940925816E+00   1  0  1  !gaussian's param
-1.1626955526987E-06  1.4143047879321E-01  3.1214869244442E+00   1  1  1  !gaussian's param
-1.7903982980048E-02  5.3894750962313E-01  3.0629246041638E-01   1  1  1  !gaussian's param
 9.6543843731906E-02  8.4952146180089E-02  1.9509410944407E-01   1  1  1  !gaussian's param
 Results for structure bulkCdSe.config               
X-point:  1.00000  0.00000  0.00000
The  8th state is the VBM of bulkCdSe.config     
   Property       Ideal_Value   fitted_Value  Error    Weighted_Err**2   Weight
   --------             ------   -------     -----     ------------
 
eg1v             -12.97000 -11.90557457   1.06442543       0.00673520     1.000
evbm              -5.35971  -5.35894764   0.00075755       0.00978893   700.000
eg1c               1.74000   1.73892638  -0.00107362       0.01522877   200.000
eg15c              6.45000   5.62873946  -0.82126054       0.06484888     2.000
ex1v             -12.41000 -11.17570577   1.23429423       0.00247306     0.500
ex3v              -4.36000  -3.53393042   0.82606958       0.00897429     0.500
ex5v              -2.05000  -1.41954367   0.63045633       0.37832260     2.000
ex1c               3.95000   2.97270053  -0.97729947       0.55093916     3.000
ex3c               4.14000   3.90975133  -0.23024867       0.01237239     2.000
el1v             -12.54000 -11.35150342   1.18849658       0.00008983     0.100
el2v              -4.75000  -3.73585033   1.01414967       0.01139612     0.500
el3v              -0.78000  -0.51805926   0.26194074       0.45110422     2.000
el1c               3.39000   3.07488487  -0.31511513       0.21601262     5.000
mg1c               0.12000   0.13108149   0.01108149       5.32983604    25.000
mghh100            0.90000   0.80059149  -0.09940851       1.22000650    10.000
mghh110            1.70000   1.44516313  -0.25483687       0.08988489     2.000
mghh111            2.14000   1.88067725  -0.25932275       0.00367108     0.500
mglh100            0.18000   0.19193253   0.01193253       0.01757842     2.000
mglh110            0.16000   0.17342388   0.01342388       0.00703908     1.000
mglh111            0.16000   0.16879944   0.00879944       0.00302461     1.000
dpa               -2.90000  -2.94098380  -0.04098380       0.07988928    20.000
dpag15v            0.90000   0.90495707   0.00495707       0.00303364    10.000
dpaGX              1.03000   1.81707932   0.78707932       5.25539138     3.000
dpaGL             -2.19000  -1.37698421   0.81301579       1.24037282     3.000
dpb100            -1.20000  -1.26388747  -0.06388747       1.13378039    20.000
edso0              0.42000   0.41694126  -0.00305874       0.04773407    30.000
edso1              0.20000   0.24937041   0.04937041       0.06093594     1.000
 
 Total Error =    16.2204642160371     
 
 Iteration no.         9001
 Values of the pseudopotential parameters
 ----------------------------------------
 Weight of Kinetic Energy   1.00000000000000     
 
 6.88000  0.80000  1.00000           ! Ecut, Smth, scalkin
 
 Cd       48034       ! Atom, atomic_num
 2.6280000000000E+02      4          !norm. atomic volume, ngauss
 5.6108884467025E-02      1          !SO param
 6.3342255312360E-01      1          !af param for strain
 0.0000000000000E+00      0          !beta param
-4.9615335744684E-01  0.0000000000000E+00  2.4122120955584E+00   1  0  1  !gaussian's param
-1.3020617635073E-02  2.8768558079997E+00  1.8421077104674E+00   1  1  1  !gaussian's param
 1.0872293156077E+00 -1.0703984574356E+00  3.3533811023365E+00   1  1  1  !gaussian's param
 6.1424283610269E-02  1.7753913088254E+00  1.8082884885815E+00   1  1  1  !gaussian's param
 
 Se       34048       ! Atom, atomic_num
 1.4520000000000E+02      4          !norm. atomic volume, ngauss
 1.3090914651095E-01      1          !SO param
 0.0000000000000E+00      0          !af param for strain
 0.0000000000000E+00      0          !beta param
-1.3622603455086E+00  0.0000000000000E+00  1.1343936074266E+00   1  0  1  !gaussian's param
-1.1692859248939E-06  1.3367871629935E-01  3.1058368165842E+00   1  1  1  !gaussian's param
-1.7906731138537E-02  5.3894814846730E-01  3.0629093877817E-01   1  1  1  !gaussian's param
 9.6500916861105E-02  8.4927754889890E-02  1.9513935530717E-01   1  1  1  !gaussian's param
 Results for structure bulkCdSe.config               
X-point:  1.00000  0.00000  0.00000
The  8th state is the VBM of bulkCdSe.config     
   Property       Ideal_Value   fitted_Value  Error    Weighted_Err**2   Weight
   --------             ------   -------     -----     ------------
 
eg1v             -12.97000 -11.91046079   1.05953921       0.00667351     1.000
evbm              -5.35971  -5.36027236  -0.00056717       0.00548701   700.000
eg1c               1.74000   1.73638509  -0.00361491       0.17264585   200.000
eg15c              6.45000   5.62994427  -0.82005573       0.06465875     2.000
ex1v             -12.41000 -11.18175552   1.22824448       0.00244887     0.500
ex3v              -4.36000  -3.53272099   0.82727901       0.00900059     0.500
ex5v              -2.05000  -1.41919084   0.63080916       0.37874617     2.000
ex1c               3.95000   2.97261353  -0.97738647       0.55103726     3.000
ex3c               4.14000   3.91007041  -0.22992959       0.01233812     2.000
el1v             -12.54000 -11.35725501   1.18274499       0.00008896     0.100
el2v              -4.75000  -3.73495541   1.01504459       0.01141624     0.500
el3v              -0.78000  -0.51781718   0.26218282       0.45193842     2.000
el1c               3.39000   3.07440260  -0.31559740       0.21667432     5.000
mg1c               0.12000   0.13098933   0.01098933       5.24155249    25.000
mghh100            0.90000   0.80096995  -0.09903005       1.21073455    10.000
mghh110            1.70000   1.44582360  -0.25417640       0.08941957     2.000
mghh111            2.14000   1.88163237  -0.25836763       0.00364409     0.500
mglh100            0.18000   0.19177392   0.01177392       0.01711421     2.000
mglh110            0.16000   0.17330245   0.01330245       0.00691231     1.000
mglh111            0.16000   0.16868569   0.00868569       0.00294692     1.000
dpa               -2.90000  -2.93329175  -0.03329175       0.05271538    20.000
dpag15v            0.90000   0.88967550  -0.01032450       0.01315992    10.000
dpaGX              1.03000   1.81822667   0.78822667       5.27072442     3.000
dpaGL             -2.19000  -1.37239419   0.81760581       1.25441782     3.000
dpb100            -1.20000  -1.26019620  -0.06019620       1.00655063    20.000
edso0              0.42000   0.41811335  -0.00188665       0.01816051    30.000
edso1              0.20000   0.25009192   0.05009192       0.06273001     1.000
 
 Total Error =    16.1339369020954     
Output flag from DQED, IGO =      3
 
Computed X:
 
   1.26131    
  0.991773    
  0.996297    
   1.06324    
   1.13448    
  0.933381    
   1.10422    
   1.00090    
  0.999461    
  0.999524    
  0.984960    
   1.04032    
   1.19368    
  0.990527    
  0.998152    
  0.994026    
  0.949359    
  0.938989    
   1.08604    
   1.00251    
  0.999576    
   1.00827    
  0.995435    
  0.999058    
  0.984677    
 
L2 norm of the residual, FNORM =    16.0782    
 
EPMFIT_DQED
Normal end of execution.
 
 Iteration no.         9466
 Values of the pseudopotential parameters
 ----------------------------------------
 Weight of Kinetic Energy   1.00000000000000     
 
 6.88000  0.80000  1.00000           ! Ecut, Smth, scalkin
 
 Cd       48034       ! Atom, atomic_num
 2.6280000000000E+02      4          !norm. atomic volume, ngauss
 5.5335820241142E-02      1          !SO param
 6.3195497113685E-01      1          !af param for strain
 0.0000000000000E+00      0          !beta param
-4.9615064452707E-01  0.0000000000000E+00  2.4155297480012E+00   1  0  1  !gaussian's param
-1.3016948530619E-02  2.8768441762656E+00  1.8221741938585E+00   1  1  1  !gaussian's param
 1.0869093271565E+00 -1.0703985439336E+00  3.3533811067600E+00   1  1  1  !gaussian's param
 6.1366417222992E-02  1.7754811198348E+00  1.8265814839292E+00   1  1  1  !gaussian's param
 
 Se       34048       ! Atom, atomic_num
 1.4520000000000E+02      4          !norm. atomic volume, ngauss
 1.3097427645193E-01      1          !SO param
 0.0000000000000E+00      0          !af param for strain
 0.0000000000000E+00      0          !beta param
-1.3622603432236E+00  0.0000000000000E+00  1.1343932881364E+00   1  0  1  !gaussian's param
-1.1648727700785E-06  1.2721880892852E-01  3.1104817244894E+00   1  1  1  !gaussian's param
-1.7906611429806E-02  5.3894872943240E-01  3.0629096405829E-01   1  1  1  !gaussian's param
 9.6494487374009E-02  8.4908109199107E-02  1.9514452370471E-01   1  1  1  !gaussian's param
 Results for structure bulkCdSe.config               
X-point:  1.00000  0.00000  0.00000
The  8th state is the VBM of bulkCdSe.config     
   Property       Ideal_Value   fitted_Value  Error    Weighted_Err**2   Weight
   --------             ------   -------     -----     ------------
 
eg1v             -12.97000 -11.90964325   1.06035675       0.00668381     1.000
evbm              -5.35971  -5.35990420  -0.00019901       0.00067555   700.000
eg1c               1.74000   1.73796265  -0.00203735       0.05483953   200.000
eg15c              6.45000   5.63085914  -0.81914086       0.06451456     2.000
ex1v             -12.41000 -11.18086083   1.22913917       0.00245244     0.500
ex3v              -4.36000  -3.53242446   0.82757554       0.00900704     0.500
ex5v              -2.05000  -1.41909614   0.63090386       0.37885989     2.000
ex1c               3.95000   2.97344508  -0.97655492       0.55010003     3.000
ex3c               4.14000   3.91073904  -0.22926096       0.01226647     2.000
el1v             -12.54000 -11.35637704   1.18362296       0.00008909     0.100
el2v              -4.75000  -3.73469905   1.01530095       0.01142201     0.500
el3v              -0.78000  -0.51786783   0.26213217       0.45176381     2.000
el1c               3.39000   3.07545599  -0.31454401       0.21523031     5.000
mg1c               0.12000   0.13109110   0.01109110       5.33908812    25.000
mghh100            0.90000   0.80090911  -0.09909089       1.21222281    10.000
mghh110            1.70000   1.44564707  -0.25435293       0.08954383     2.000
mghh111            2.14000   1.88127137  -0.25872863       0.00365428     0.500
mglh100            0.18000   0.19192834   0.01192834       0.01756607     2.000
mglh110            0.16000   0.17342802   0.01342802       0.00704343     1.000
mglh111            0.16000   0.16880504   0.00880504       0.00302846     1.000
dpa               -2.90000  -2.93155012  -0.03155012       0.04734413    20.000
dpag15v            0.90000   0.89553429  -0.00446571       0.00246204    10.000
dpaGX              1.03000   1.81966506   0.78966506       5.28997845     3.000
dpaGL             -2.19000  -1.36901559   0.82098441       1.26480652     3.000
dpb100            -1.20000  -1.25894039  -0.05894039       0.96499153    20.000
edso0              0.42000   0.41824313  -0.00175687       0.01574790    30.000
edso1              0.20000   0.25013012   0.05013012       0.06282572     1.000
 
 Total Error =    16.0782078454756     
 Ending at
June 27 2011  11:22:28.524 PM
