    2       1             ! num_pot, pot. type
 6.88000  0.80000  1.00000           ! Ecut, Smth, scalkin
 
 Cd       48034       ! Atom, atomic_num
 2.6280000000000E+02      4          !norm. atomic volume, ngauss
 2.9288459687994E-02      1          !SO param
 0.0000000000000E+00      0          !af param for strain
 0.0000000000000E+00      0          !beta param
-3.8088496296252E-01  0.0000000000000E+00  1.2948724697065E+00   1  0  1  !gaussian's param
-1.9525422795929E-02  2.5296131637950E+00  2.4601543446355E+00   1  1  1  !gaussian's param
 1.3415054877050E+00 -7.6958570542149E-01  3.0116642250725E+00   1  1  1  !gaussian's param
 5.4619805041652E-02  1.6565163198456E+00  2.7398722258938E+00   1  1  1  !gaussian's param
 
 Se       34048       ! Atom, atomic_num
 1.4520000000000E+02      4          !norm. atomic volume, ngauss
 8.7018252693404E-02      1          !SO param
 0.0000000000000E+00      0          !af param for strain
 0.0000000000000E+00      0          !beta param
-1.3977516161937E+00  0.0000000000000E+00  9.8042923642897E-01   1  0  1  !gaussian's param
-1.6974864223783E-06  1.9082821339269E-01  2.8148823931510E+00   1  1  1  !gaussian's param
-2.6859917144709E-02  7.7676077443439E-01  3.3692372969676E-01   1  1  1  !gaussian's param
 4.8247243687012E-02  8.3593142909332E-02  1.5619077120569E-01   1  1  1  !gaussian's param
 1.0000000000000E+00      0          !kin_scal param
 
 SO calc.
 **************************
 Results for structure bulkCdSe.config               
X-point:  1.00000  0.00000  0.00000
The  8th state is the VBM of bulkCdSe.config     
   Property       Ideal_Value   fitted_Value  Error    Weighted_Err**2   Weight
   --------             ------   -------     -----     ------------
 
eg1v             -12.97000 -16.71158320  -3.74158320       0.08322060     1.000
evbm              -5.35971  -5.35035080   0.00935439       1.49260562   700.000
eg1c               1.74000   1.74062998   0.00062998       0.00524340   200.000
eg15c              6.45000   8.31831893   1.86831893       0.33561595     2.000
ex1v             -12.41000 -16.58087294  -4.17087294       0.02823907     0.500
ex3v              -4.36000  -2.52955122   1.83044878       0.04406382     0.500
ex5v              -2.05000  -0.81957970   1.23042030       1.44098428     2.000
ex1c               3.95000   5.63398935   1.68398935       1.63578794     3.000
ex3c               4.14000   6.20959818   2.06959818       0.99961180     2.000
el1v             -12.54000 -16.61118280  -4.07118280       0.00105401     0.100
el2v              -4.75000  -2.54237489   2.20762511       0.05400120     0.500
el3v              -0.78000  -0.30218777   0.47781223       1.50101595     2.000
el1c               3.39000   4.16537435   0.77537435       1.30786667     5.000
mg1c               0.12000   0.16235166   0.04235166      77.84994522    25.000
mghh100            0.90000   1.60238609   0.70238609      60.90694110    10.000
mghh110            1.70000   2.44173619   0.74173619       0.76148454     2.000
mghh111            2.14000   2.91134112   0.77134112       0.03247921     0.500
mglh100            0.18000   0.26690851   0.08690851       0.93248014     2.000
mglh110            0.16000   0.25237128   0.09237128       0.33329896     1.000
mglh111            0.16000   0.24829859   0.08829859       0.30455629     1.000
dpa               -2.90000  -1.13662604   1.76337396     332.76325174    30.000
dpag15v            0.90000   1.01483059   0.11483059      26.04654856    40.000
dpaGX              1.03000   1.13007645   0.10007645       0.08496339     3.000
dpaGL             -2.19000  -1.00311346   1.18688654       2.64345965     3.000
dpb100            -1.20000  -1.61027193  -0.41027193      46.75640384    20.000
edso0              0.42000   0.40824735  -0.01175265       0.70471865    30.000
edso1              0.20000   0.24522402   0.04522402       0.05113029     1.000
 Total Error =    559.100971893691     
