July  7 2011   9:43:48.137 AM
 Spin-Orbit interaction is ON
 Reweight of KE term    1.00000000000000     
 Fixed Reweight
 debug: close fit.d file 
 Read in a total of            2  pseudopotentials
 There are a total of          25 parameters to be fitted
 
 Reading expt. data from input.CdTe                    
     Input Quantity      Non So.      S.O.    weight
     --------------       -----     ------    ------
  eg1v                 -11.07000   -11.59000     1.00000
  evbm                  -4.63391    -4.63391   600.00000
  eg1c                   1.47500     1.47500   300.00000
  eg15c                  5.36000     5.36000     2.00000
  ex1v                  -9.12000   -11.04000     0.50000
  ex3v                  -5.05000    -4.57000     0.50000
  ex5v                  -1.60000    -2.05000     3.00000
  ex1c                   3.48000     3.29000     5.00000
  ex3c                   3.95000     3.95000     2.00000
  el1v                  -9.64000   -11.16000     0.10000
  el2v                  -4.73000    -4.76000     0.50000
  el3v                  -0.65000    -0.85000     2.00000
  el1c                   2.82000     2.70000     5.00000
  el3c                   6.18000     6.18000     2.00000
  mg1c                   0.12800     0.12800    20.00000
  mghh100                1.31500     1.31500     5.00000
  mghh111                2.56500     2.56500     0.50000
  mghh110                2.09200     2.09200     0.50000
  mglh100                0.16600     0.16600     1.00000
  mglh111                0.15700     0.15700     1.00000
  dpa                   -3.70000    -3.70000    20.00000
  dpag15v                0.89000     0.89000    10.00000
  dpaGX                  1.44000     1.44000     3.00000
  dpaGL                 -1.88000    -1.88000     3.00000
  dpb100                -1.20000    -1.20000     5.00000
  edso0                  0.89000     0.89000    30.00000
  edso1                  0.53000     0.53000     5.00000
  edso2                  0.38000     0.38000     2.00000
          28  Properties to be fitted for bulkCdTe.config               
 
          28  total expt. properties to be fitted
 
 Reading in structure bulkCdTe.config               
 Initial EPM:
 
 Iteration no.            1
 Values of the pseudopotential parameters
 ----------------------------------------
 Weight of Kinetic Energy   1.00000000000000     
 
 6.88000  0.80000  1.00000           ! Ecut, Smth, scalkin
 
 Cd       48052       ! Atom, atomic_num
 2.6280000000000E+02      4          !norm. atomic volume, ngauss
 8.5913179312750E-02      1          !SO param
 0.0000000000000E+00      0          !af param for strain
 0.0000000000000E+00      0          !beta param
-4.8440259165586E-01  0.0000000000000E+00  1.7636151183004E+00   1  0  1  !gaussian's param
-9.7267191539753E-04  4.4721359529369E+00  2.0575412118294E+00   1  1  1  !gaussian's param
 1.3474108654973E+00 -9.7816245013449E-01  2.6468217199467E+00   1  1  1  !gaussian's param
 9.7519172180972E-02  1.5552901918688E+00  7.5353016134917E+00   1  1  1  !gaussian's param
 
 Te       52048       ! Atom, atomic_num
 1.4520000000000E+02      4          !norm. atomic volume, ngauss
 3.1982510792059E-01      1          !SO param
 1.1177092903470E-01      1          !af param for strain
 0.0000000000000E+00      0          !beta param
-1.4099353269969E+00  0.0000000000000E+00  1.1136766391897E+00   1  0  1  !gaussian's param
-1.7888792975277E-07  3.7392935388021E-01  2.5947199792368E-01   1  1  1  !gaussian's param
-2.1435333456718E-02  1.0399064181743E+00  1.0052229969118E-01   1  1  1  !gaussian's param
 8.5893469679819E-02  1.7378471542068E-01  1.1944772471947E-01   1  1  1  !gaussian's param
 Results for structure bulkCdTe.config               
X-point:  1.00000  0.00000  0.00000
The  8th state is the VBM of bulkCdTe.config     
   Property       Ideal_Value   fitted_Value  Error    Weighted_Err**2   Weight
   --------             ------   -------     -----     ------------
 
eg1v             -11.59000 -10.80458819   0.78541181       0.00459228     1.000
evbm              -4.63391  -4.63397574  -0.00006156       0.00006353   600.000
eg1c               1.47500   1.47158252  -0.00341748       0.48313751   300.000
eg15c              5.36000   5.19710331  -0.16289669       0.00369449     2.000
ex1v             -11.04000 -10.30028569   0.73971431       0.00112235     0.500
ex3v              -4.57000  -3.21153511   1.35846489       0.02209044     0.500
ex5v              -2.05000  -1.09630281   0.95369719       1.94785127     3.000
ex1c               3.29000   3.56163266   0.27163266       0.17041671     5.000
ex3c               3.95000   4.31824236   0.36824236       0.03476428     2.000
el1v             -11.16000 -10.43083657   0.72916343       0.00004269     0.100
el2v              -4.76000  -3.19731170   1.56268830       0.02694454     0.500
el3v              -0.85000  -0.43861898   0.41138102       0.93693755     2.000
el1c               2.70000   2.98285012   0.28285012       0.27436280     5.000
el3c               6.18000   5.79465848  -0.38534152       0.01555158     2.000
mg1c               0.12800   0.13928784   0.01128784       3.11072349    20.000
mghh100            1.31500   0.95609417  -0.35890583       1.86229956     5.000
mghh111            2.56500   2.04987184  -0.51512816       0.01008314     0.500
mghh110            2.09200   1.62357168  -0.46842832       0.01253438     0.500
mglh100            0.16600   0.19040341   0.02440341       0.02161150     1.000
mglh111            0.15700   0.17226658   0.01526658       0.00945550     1.000
dpa               -3.70000  -3.67505704   0.02494296       0.01817827    20.000
dpag15v            0.89000   0.97603764   0.08603764       0.93453794    10.000
dpaGX              1.44000   1.69069269   0.25069269       0.27277268     3.000
dpaGL             -1.88000  -1.35429804   0.52570196       0.70372989     3.000
dpb100            -1.20000  -1.27937197  -0.07937197       0.10937342     5.000
edso0              0.89000   0.88272862  -0.00727138       0.06007540    30.000
edso1              0.53000   0.51896815  -0.01103185       0.01083141     5.000
edso2              0.38000   0.43389582   0.05389582       0.08046424     2.000
 
 Total Error =    11.1382428473673     
 
 Iteration no.          501
 Values of the pseudopotential parameters
 ----------------------------------------
 Weight of Kinetic Energy   1.00000000000000     
 
 6.88000  0.80000  1.00000           ! Ecut, Smth, scalkin
 
 Cd       48052       ! Atom, atomic_num
 2.6280000000000E+02      4          !norm. atomic volume, ngauss
 8.5866618153640E-02      1          !SO param
 0.0000000000000E+00      0          !af param for strain
 0.0000000000000E+00      0          !beta param
-4.7996542376510E-01  0.0000000000000E+00  1.7782398671484E+00   1  0  1  !gaussian's param
-9.6426918878356E-04  4.4325506204008E+00  2.0394759547225E+00   1  1  1  !gaussian's param
 1.3480977134190E+00 -9.7793539852148E-01  2.6685174595199E+00   1  1  1  !gaussian's param
 9.6670871651794E-02  1.5552901918688E+00  7.5966494625915E+00   1  1  1  !gaussian's param
 
 Te       52048       ! Atom, atomic_num
 1.4520000000000E+02      4          !norm. atomic volume, ngauss
 3.1796134105147E-01      1          !SO param
 1.1268295923443E-01      1          !af param for strain
 0.0000000000000E+00      0          !beta param
-1.4099353269969E+00  0.0000000000000E+00  1.1126282900530E+00   1  0  1  !gaussian's param
-1.7732075888321E-07  3.7700883105425E-01  2.5933032424686E-01   1  1  1  !gaussian's param
-2.1519204369956E-02  1.0307539225437E+00  1.0134149376809E-01   1  1  1  !gaussian's param
 8.5893469679819E-02  1.7227637554328E-01  1.1834421697213E-01   1  1  1  !gaussian's param
 Results for structure bulkCdTe.config               
X-point:  1.00000  0.00000  0.00000
The  8th state is the VBM of bulkCdTe.config     
   Property       Ideal_Value   fitted_Value  Error    Weighted_Err**2   Weight
   --------             ------   -------     -----     ------------
 
eg1v             -11.59000 -10.83236171   0.75763829       0.00427324     1.000
evbm              -4.63391  -4.63196453   0.00194965       0.06372617   600.000
eg1c               1.47500   1.51521853   0.04021853      66.91305140   300.000
eg15c              5.36000   5.24956361  -0.11043639       0.00169807     2.000
ex1v             -11.04000 -10.33717935   0.70282065       0.00101319     0.500
ex3v              -4.57000  -3.17633686   1.39366314       0.02325002     0.500
ex5v              -2.05000  -1.08645243   0.96354757       1.98829632     3.000
ex1c               3.29000   3.59323307   0.30323307       0.21237400     5.000
ex3c               3.95000   4.34535396   0.39535396       0.04007172     2.000
el1v             -11.16000 -10.46517936   0.69482064       0.00003876     0.100
el2v              -4.76000  -3.16799039   1.59200961       0.02796517     0.500
el3v              -0.85000  -0.43319799   0.41680201       0.96179332     2.000
el1c               2.70000   3.02509300   0.32509300       0.36243299     5.000
el3c               6.18000   5.83217440  -0.34782560       0.01267086     2.000
mg1c               0.12800   0.14341466   0.01541466       5.80106566    20.000
mghh100            1.31500   0.96913116  -0.34586884       1.72946339     5.000
mghh111            2.56500   2.08053053  -0.48446947       0.00891863     0.500
mghh110            2.09200   1.64774699  -0.44425301       0.01127398     0.500
mglh100            0.16600   0.19727501   0.03127501       0.03549593     1.000
mglh111            0.15700   0.17808327   0.02108327       0.01803336     1.000
dpa               -3.70000  -3.56208233   0.13791767       0.55577164    20.000
dpag15v            0.89000   0.91264215   0.02264215       0.06472248    10.000
dpaGX              1.44000   1.75667264   0.31667264       0.43524982     3.000
dpaGL             -1.88000  -1.28898711   0.59101289       0.88944831     3.000
dpb100            -1.20000  -1.24680481  -0.04680481       0.03803282     5.000
edso0              0.89000   0.88773819  -0.00226181       0.00581267    30.000
edso1              0.53000   0.52130685  -0.00869315       0.00672578     5.000
edso2              0.38000   0.43574474   0.05574474       0.08607967     2.000
 
 Total Error =    80.2987493796773     
 
 Iteration no.         1001
 Values of the pseudopotential parameters
 ----------------------------------------
 Weight of Kinetic Energy   1.00000000000000     
 
 6.88000  0.80000  1.00000           ! Ecut, Smth, scalkin
 
 Cd       48052       ! Atom, atomic_num
 2.6280000000000E+02      4          !norm. atomic volume, ngauss
 8.5864332460129E-02      1          !SO param
 0.0000000000000E+00      0          !af param for strain
 0.0000000000000E+00      0          !beta param
-4.8437034041514E-01  0.0000000000000E+00  1.7637541471010E+00   1  0  1  !gaussian's param
-9.7222297289927E-04  4.4605263314272E+00  2.0509475575219E+00   1  1  1  !gaussian's param
 1.3477721481781E+00 -9.7787007808588E-01  2.6453801530085E+00   1  1  1  !gaussian's param
 9.7550622858132E-02  1.5551074205969E+00  7.5398329252912E+00   1  1  1  !gaussian's param
 
 Te       52048       ! Atom, atomic_num
 1.4520000000000E+02      4          !norm. atomic volume, ngauss
 3.1978849114378E-01      1          !SO param
 1.1197975355942E-01      1          !af param for strain
 0.0000000000000E+00      0          !beta param
-1.4101089905291E+00  0.0000000000000E+00  1.1136463923315E+00   1  0  1  !gaussian's param
-1.7874138425182E-07  3.7395606050054E-01  2.5934645842172E-01   1  1  1  !gaussian's param
-2.1430851133338E-02  1.0393294288273E+00  1.0052988067125E-01   1  1  1  !gaussian's param
 8.5907170062200E-02  1.7385268025828E-01  1.1942861148993E-01   1  1  1  !gaussian's param
 Results for structure bulkCdTe.config               
X-point:  1.00000  0.00000  0.00000
The  8th state is the VBM of bulkCdTe.config     
   Property       Ideal_Value   fitted_Value  Error    Weighted_Err**2   Weight
   --------             ------   -------     -----     ------------
 
eg1v             -11.59000 -10.80370107   0.78629893       0.00460266     1.000
evbm              -4.63391  -4.63335496   0.00055922       0.00524297   600.000
eg1c               1.47500   1.47456205  -0.00043795       0.00793418   300.000
eg15c              5.36000   5.19881632  -0.16118368       0.00361720     2.000
ex1v             -11.04000 -10.29944157   0.74055843       0.00112492     0.500
ex3v              -4.57000  -3.21043001   1.35956999       0.02212640     0.500
ex5v              -2.05000  -1.09597061   0.95402939       1.94920851     3.000
ex1c               3.29000   3.56338119   0.27338119       0.17261776     5.000
ex3c               3.95000   4.31982926   0.36982926       0.03506456     2.000
el1v             -11.16000 -10.42997876   0.73002124       0.00004279     0.100
el2v              -4.76000  -3.19631267   1.56368733       0.02697901     0.500
el3v              -0.85000  -0.43845286   0.41154714       0.93769437     2.000
el1c               2.70000   2.98521242   0.28521242       0.27896476     5.000
el3c               6.18000   5.79593655  -0.38406345       0.01544860     2.000
mg1c               0.12800   0.13951905   0.01151905       3.23946295    20.000
mghh100            1.31500   0.95652311  -0.35847689       1.85785077     5.000
mghh111            2.56500   2.05082164  -0.51417836       0.01004599     0.500
mghh110            2.09200   1.62436285  -0.46763715       0.01249208     0.500
mglh100            0.16600   0.19077910   0.02477910       0.02228203     1.000
mglh111            0.15700   0.17258082   0.01558082       0.00984875     1.000
dpa               -3.70000  -3.67361784   0.02638216       0.02033655    20.000
dpag15v            0.89000   0.96906355   0.07906355       0.78917375    10.000
dpaGX              1.44000   1.69444923   0.25444923       0.28100873     3.000
dpaGL             -1.88000  -1.35202981   0.52797019       0.70981572     3.000
dpb100            -1.20000  -1.27833927  -0.07833927       0.10654585     5.000
edso0              0.89000   0.88277702  -0.00722298       0.05927823    30.000
edso1              0.53000   0.51897764  -0.01102236       0.01081279     5.000
edso2              0.38000   0.43391726   0.05391726       0.08052828     2.000
 
 Total Error =    10.6701511368942     
 
 Iteration no.         1501
 Values of the pseudopotential parameters
 ----------------------------------------
 Weight of Kinetic Energy   1.00000000000000     
 
 6.88000  0.80000  1.00000           ! Ecut, Smth, scalkin
 
 Cd       48052       ! Atom, atomic_num
 2.6280000000000E+02      4          !norm. atomic volume, ngauss
 8.6116218308914E-02      1          !SO param
 0.0000000000000E+00      0          !af param for strain
 0.0000000000000E+00      0          !beta param
-4.8449376187622E-01  0.0000000000000E+00  1.7637209776027E+00   1  0  1  !gaussian's param
-9.5176326373515E-04  4.3901016021443E+00  2.0329861616093E+00   1  1  1  !gaussian's param
 1.3477961098793E+00 -9.7782791329110E-01  2.6451676840080E+00   1  1  1  !gaussian's param
 9.7597685562181E-02  1.5551826693482E+00  7.5417312328546E+00   1  1  1  !gaussian's param
 
 Te       52048       ! Atom, atomic_num
 1.4520000000000E+02      4          !norm. atomic volume, ngauss
 3.1979966532672E-01      1          !SO param
 1.1560115047427E-01      1          !af param for strain
 0.0000000000000E+00      0          !beta param
-1.4100645964625E+00  0.0000000000000E+00  1.1136599915549E+00   1  0  1  !gaussian's param
-1.7853315911536E-07  3.7323157571149E-01  2.5917603677775E-01   1  1  1  !gaussian's param
-2.1430988919454E-02  1.0378023111239E+00  1.0052807200065E-01   1  1  1  !gaussian's param
 8.5909243481546E-02  1.7384124849459E-01  1.1943313988594E-01   1  1  1  !gaussian's param
 Results for structure bulkCdTe.config               
X-point:  1.00000  0.00000  0.00000
The  8th state is the VBM of bulkCdTe.config     
   Property       Ideal_Value   fitted_Value  Error    Weighted_Err**2   Weight
   --------             ------   -------     -----     ------------
 
eg1v             -11.59000 -10.80220139   0.78779861       0.00462023     1.000
evbm              -4.63391  -4.63375908   0.00015510       0.00040332   600.000
eg1c               1.47500   1.47429717  -0.00070283       0.02043440   300.000
eg15c              5.36000   5.19752400  -0.16247600       0.00367544     2.000
ex1v             -11.04000 -10.29761843   0.74238157       0.00113046     0.500
ex3v              -4.57000  -3.21119175   1.35880825       0.02210161     0.500
ex5v              -2.05000  -1.09621043   0.95378957       1.94822863     3.000
ex1c               3.29000   3.56283792   0.27283792       0.17193238     5.000
ex3c               3.95000   4.31955098   0.36955098       0.03501181     2.000
el1v             -11.16000 -10.42824736   0.73175264       0.00004299     0.100
el2v              -4.76000  -3.19691924   1.56308076       0.02695808     0.500
el3v              -0.85000  -0.43858438   0.41141562       0.93709517     2.000
el1c               2.70000   2.98471924   0.28471924       0.27800085     5.000
el3c               6.18000   5.79512788  -0.38487212       0.01551372     2.000
mg1c               0.12800   0.13947272   0.01147272       3.21345742    20.000
mghh100            1.31500   0.95620582  -0.35879418       1.86114107     5.000
mghh111            2.56500   2.05007577  -0.51492423       0.01007516     0.500
mghh110            2.09200   1.62378917  -0.46821083       0.01252275     0.500
mglh100            0.16600   0.19069903   0.02469903       0.02213826     1.000
mglh111            0.15700   0.17251031   0.01551031       0.00975981     1.000
dpa               -3.70000  -3.64936472   0.05063528       0.07491400    20.000
dpag15v            0.89000   0.91314183   0.02314183       0.06761069    10.000
dpaGX              1.44000   1.73240173   0.29240173       0.37108841     3.000
dpaGL             -1.88000  -1.32165148   0.55834852       0.79384835     3.000
dpb100            -1.20000  -1.27866926  -0.07866926       0.10744535     5.000
edso0              0.89000   0.88256916  -0.00743084       0.06273914    30.000
edso1              0.53000   0.51887928  -0.01112072       0.01100662     5.000
edso2              0.38000   0.43380613   0.05380613       0.08019667     2.000
 
 Total Error =    10.1630927858235     
 
 Iteration no.         2001
 Values of the pseudopotential parameters
 ----------------------------------------
 Weight of Kinetic Energy   1.00000000000000     
 
 6.88000  0.80000  1.00000           ! Ecut, Smth, scalkin
 
 Cd       48052       ! Atom, atomic_num
 2.6280000000000E+02      4          !norm. atomic volume, ngauss
 8.6403768446798E-02      1          !SO param
 0.0000000000000E+00      0          !af param for strain
 0.0000000000000E+00      0          !beta param
-4.8541500295485E-01  0.0000000000000E+00  1.7635121567683E+00   1  0  1  !gaussian's param
-9.5338945022903E-04  4.4196997852406E+00  1.8384863227379E+00   1  1  1  !gaussian's param
 1.3477904383337E+00 -9.7775483172570E-01  2.6428829797718E+00   1  1  1  !gaussian's param
 9.8364560225057E-02  1.5553908859374E+00  7.5446719007781E+00   1  1  1  !gaussian's param
 
 Te       52048       ! Atom, atomic_num
 1.4520000000000E+02      4          !norm. atomic volume, ngauss
 3.1983056126769E-01      1          !SO param
 1.1721386250528E-01      1          !af param for strain
 0.0000000000000E+00      0          !beta param
-1.4092947900876E+00  0.0000000000000E+00  1.1141609996355E+00   1  0  1  !gaussian's param
-1.7843854406437E-07  3.7174620937036E-01  2.5890184088532E-01   1  1  1  !gaussian's param
-2.1430375821800E-02  1.0351637986479E+00  1.0053321369303E-01   1  1  1  !gaussian's param
 8.5972945239006E-02  1.7384876566648E-01  1.1937715027724E-01   1  1  1  !gaussian's param
 Results for structure bulkCdTe.config               
X-point:  1.00000  0.00000  0.00000
The  8th state is the VBM of bulkCdTe.config     
   Property       Ideal_Value   fitted_Value  Error    Weighted_Err**2   Weight
   --------             ------   -------     -----     ------------
 
eg1v             -11.59000 -10.77635913   0.81364087       0.00492832     1.000
evbm              -4.63391  -4.63137403   0.00254015       0.10817424   600.000
eg1c               1.47500   1.47555850   0.00055850       0.01290335   300.000
eg15c              5.36000   5.17825589  -0.18174411       0.00459887     2.000
ex1v             -11.04000 -10.26622238   0.77377762       0.00122810     0.500
ex3v              -4.57000  -3.22077167   1.34922833       0.02179107     0.500
ex5v              -2.05000  -1.10034000   0.94966000       1.93139491     3.000
ex1c               3.29000   3.55065698   0.26065698       0.15692312     5.000
ex3c               3.95000   4.31450111   0.36450111       0.03406148     2.000
el1v             -11.16000 -10.39838131   0.76161869       0.00004657     0.100
el2v              -4.76000  -3.20532506   1.55467494       0.02666891     0.500
el3v              -0.85000  -0.44070229   0.40929771       0.92747192     2.000
el1c               2.70000   2.97933390   0.27933390       0.26758377     5.000
el3c               6.18000   5.77992880  -0.40007120       0.01676323     2.000
mg1c               0.12800   0.13913685   0.01113685       3.02806190    20.000
mghh100            1.31500   0.95088137  -0.36411863       1.91678898     5.000
mghh111            2.56500   2.03804847  -0.52695153       0.01055132     0.500
mghh110            2.09200   1.61452769  -0.47747231       0.01302306     0.500
mglh100            0.16600   0.19010505   0.02410505       0.02108627     1.000
mglh111            0.15700   0.17193591   0.01493591       0.00905032     1.000
dpa               -3.70000  -3.69720687   0.00279313       0.00022795    20.000
dpag15v            0.89000   0.89849917   0.00849917       0.00911955    10.000
dpaGX              1.44000   1.73868104   0.29868104       0.38719776     3.000
dpaGL             -1.88000  -1.33124790   0.54875210       0.76679488     3.000
dpb100            -1.20000  -1.28525612  -0.08525612       0.12619108     5.000
edso0              0.89000   0.87792871  -0.01207129       0.16556562    30.000
edso1              0.53000   0.51637304  -0.01362696       0.01652669     5.000
edso2              0.38000   0.43165472   0.05165472       0.07391164     2.000
 
 Total Error =    10.0586348873235     
 
 Iteration no.         2501
 Values of the pseudopotential parameters
 ----------------------------------------
 Weight of Kinetic Energy   1.00000000000000     
 
 6.88000  0.80000  1.00000           ! Ecut, Smth, scalkin
 
 Cd       48052       ! Atom, atomic_num
 2.6280000000000E+02      4          !norm. atomic volume, ngauss
 8.8964587640652E-02      1          !SO param
 0.0000000000000E+00      0          !af param for strain
 0.0000000000000E+00      0          !beta param
-4.8584263105311E-01  0.0000000000000E+00  1.7633621017550E+00   1  0  1  !gaussian's param
-9.9019166411669E-04  4.4703302386035E+00  1.9513165909959E+00   1  1  1  !gaussian's param
 1.3477970189702E+00 -9.7773084275705E-01  2.6439019616460E+00   1  1  1  !gaussian's param
 9.8129598410867E-02  1.5553836843063E+00  7.5510941509211E+00   1  1  1  !gaussian's param
 
 Te       52048       ! Atom, atomic_num
 1.4520000000000E+02      4          !norm. atomic volume, ngauss
 3.1985481531647E-01      1          !SO param
 1.1669615057299E-01      1          !af param for strain
 0.0000000000000E+00      0          !beta param
-1.4094122946858E+00  0.0000000000000E+00  1.1142387225710E+00   1  0  1  !gaussian's param
-1.7851375421840E-07  3.7384596962962E-01  2.5892395215618E-01   1  1  1  !gaussian's param
-2.1429988498724E-02  1.0358088279608E+00  1.0053555552134E-01   1  1  1  !gaussian's param
 8.6033453959418E-02  1.7390509512909E-01  1.1941299452461E-01   1  1  1  !gaussian's param
 Results for structure bulkCdTe.config               
X-point:  1.00000  0.00000  0.00000
The  8th state is the VBM of bulkCdTe.config     
   Property       Ideal_Value   fitted_Value  Error    Weighted_Err**2   Weight
   --------             ------   -------     -----     ------------
 
eg1v             -11.59000 -10.77646047   0.81353953       0.00492709     1.000
evbm              -4.63391  -4.63289910   0.00101508       0.01727450   600.000
eg1c               1.47500   1.47336095  -0.00163905       0.11113256   300.000
eg15c              5.36000   5.17740490  -0.18259510       0.00464204     2.000
ex1v             -11.04000 -10.26614956   0.77385044       0.00122833     0.500
ex3v              -4.57000  -3.22178805   1.34821195       0.02175825     0.500
ex5v              -2.05000  -1.10051330   0.94948670       1.93069004     3.000
ex1c               3.29000   3.55051778   0.26051778       0.15675556     5.000
ex3c               3.95000   4.31126737   0.36126737       0.03345980     2.000
el1v             -11.16000 -10.39835256   0.76164744       0.00004658     0.100
el2v              -4.76000  -3.20617516   1.55382484       0.02663975     0.500
el3v              -0.85000  -0.44063116   0.40936884       0.92779431     2.000
el1c               2.70000   2.97723941   0.27723941       0.26358605     5.000
el3c               6.18000   5.77930156  -0.40069844       0.01681583     2.000
mg1c               0.12800   0.13896613   0.01096613       2.93593717    20.000
mghh100            1.31500   0.95064475  -0.36435525       1.91928101     5.000
mghh111            2.56500   2.03852740  -0.52647260       0.01053214     0.500
mghh110            2.09200   1.61457554  -0.47742446       0.01302045     0.500
mglh100            0.16600   0.18982413   0.02382413       0.02059766     1.000
mglh111            0.15700   0.17169531   0.01469531       0.00876110     1.000
dpa               -3.70000  -3.69556486   0.00443514       0.00057474    20.000
dpag15v            0.89000   0.90818526   0.01818526       0.04175024    10.000
dpaGX              1.44000   1.73525975   0.29525975       0.37837813     3.000
dpaGL             -1.88000  -1.33165961   0.54834039       0.76564472     3.000
dpb100            -1.20000  -1.28469186  -0.08469186       0.12452624     5.000
edso0              0.89000   0.87843619  -0.01156381       0.15193721    30.000
edso1              0.53000   0.51677623  -0.01322377       0.01556319     5.000
edso2              0.38000   0.43161688   0.05161688       0.07380338     2.000
 
 Total Error =    9.97705807614082     
 
 Iteration no.         3001
 Values of the pseudopotential parameters
 ----------------------------------------
 Weight of Kinetic Energy   1.00000000000000     
 
 6.88000  0.80000  1.00000           ! Ecut, Smth, scalkin
 
 Cd       48052       ! Atom, atomic_num
 2.6280000000000E+02      4          !norm. atomic volume, ngauss
 8.8427981581087E-02      1          !SO param
 0.0000000000000E+00      0          !af param for strain
 0.0000000000000E+00      0          !beta param
-4.8629145264305E-01  0.0000000000000E+00  1.7632125902436E+00   1  0  1  !gaussian's param
-1.0096825532573E-03  4.4721359549996E+00  2.0439314043422E+00   1  1  1  !gaussian's param
 1.3477957086980E+00 -9.7768519396684E-01  2.6435055017787E+00   1  1  1  !gaussian's param
 9.8252884308347E-02  1.5553700610666E+00  7.5562851152410E+00   1  1  1  !gaussian's param
 
 Te       52048       ! Atom, atomic_num
 1.4520000000000E+02      4          !norm. atomic volume, ngauss
 3.1996720855266E-01      1          !SO param
 1.1695317620043E-01      1          !af param for strain
 0.0000000000000E+00      0          !beta param
-1.4093718784267E+00  0.0000000000000E+00  1.1145198746430E+00   1  0  1  !gaussian's param
-1.7860242948037E-07  3.7317780314049E-01  2.5918134863043E-01   1  1  1  !gaussian's param
-2.1430033160155E-02  1.0359447493495E+00  1.0053569257118E-01   1  1  1  !gaussian's param
 8.6098564988671E-02  1.7396497976127E-01  1.1940479504968E-01   1  1  1  !gaussian's param
 Results for structure bulkCdTe.config               
X-point:  1.00000  0.00000  0.00000
The  8th state is the VBM of bulkCdTe.config     
   Property       Ideal_Value   fitted_Value  Error    Weighted_Err**2   Weight
   --------             ------   -------     -----     ------------
 
eg1v             -11.59000 -10.76756199   0.82243801       0.00503546     1.000
evbm              -4.63391  -4.63298267   0.00093151       0.01454731   600.000
eg1c               1.47500   1.47390951  -0.00109049       0.04919239   300.000
eg15c              5.36000   5.17178556  -0.18821444       0.00493215     2.000
ex1v             -11.04000 -10.25529822   0.78470178       0.00126302     0.500
ex3v              -4.57000  -3.22510562   1.34489438       0.02165130     0.500
ex5v              -2.05000  -1.10173665   0.94826335       1.92571811     3.000
ex1c               3.29000   3.54702037   0.25702037       0.15257497     5.000
ex3c               3.95000   4.30820741   0.35820741       0.03289538     2.000
el1v             -11.16000 -10.38803534   0.77196466       0.00004785     0.100
el2v              -4.76000  -3.20908513   1.55091487       0.02654007     0.500
el3v              -0.85000  -0.44125301   0.40874699       0.92497772     2.000
el1c               2.70000   2.97525468   0.27525468       0.25982557     5.000
el3c               6.18000   5.77449519  -0.40550481       0.01722166     2.000
mg1c               0.12800   0.13886680   0.01086680       2.88299400    20.000
mghh100            1.31500   0.94908633  -0.36591367       1.93573440     5.000
mghh111            2.56500   2.03505696  -0.52994304       0.01067146     0.500
mghh110            2.09200   1.61188803  -0.48011197       0.01316745     0.500
mglh100            0.16600   0.18964197   0.02364197       0.02028389     1.000
mglh111            0.15700   0.17152004   0.01452004       0.00855335     1.000
dpa               -3.70000  -3.70979436  -0.00979436       0.00280291    20.000
dpag15v            0.89000   0.90750429   0.01750429       0.03868199    10.000
dpaGX              1.44000   1.73658467   0.29658467       0.38178153     3.000
dpaGL             -1.88000  -1.33429435   0.54570565       0.75830465     3.000
dpb100            -1.20000  -1.28627032  -0.08627032       0.12921126     5.000
edso0              0.89000   0.87733835  -0.01266165       0.18215585    30.000
edso1              0.53000   0.51617210  -0.01382790       0.01701771     5.000
edso2              0.38000   0.43116976   0.05116976       0.07253031     2.000
 
 Total Error =    9.89031370762472     
 
 Iteration no.         3501
 Values of the pseudopotential parameters
 ----------------------------------------
 Weight of Kinetic Energy   1.00000000000000     
 
 6.88000  0.80000  1.00000           ! Ecut, Smth, scalkin
 
 Cd       48052       ! Atom, atomic_num
 2.6280000000000E+02      4          !norm. atomic volume, ngauss
 8.9135346209579E-02      1          !SO param
 0.0000000000000E+00      0          !af param for strain
 0.0000000000000E+00      0          !beta param
-4.8633369269738E-01  0.0000000000000E+00  1.7633663168712E+00   1  0  1  !gaussian's param
-1.0401777036015E-03  4.4721359549996E+00  2.4197923437095E+00   1  1  1  !gaussian's param
 1.3477955988628E+00 -9.7768553608955E-01  2.6434786871662E+00   1  1  1  !gaussian's param
 9.8729028258430E-02  1.5552909123522E+00  7.5600818003343E+00   1  1  1  !gaussian's param
 
 Te       52048       ! Atom, atomic_num
 1.4520000000000E+02      4          !norm. atomic volume, ngauss
 3.2029047495471E-01      1          !SO param
 1.1751178753736E-01      1          !af param for strain
 0.0000000000000E+00      0          !beta param
-1.4093837588524E+00  0.0000000000000E+00  1.1145042636174E+00   1  0  1  !gaussian's param
-1.7866685657285E-07  3.7764382182314E-01  2.6015175092107E-01   1  1  1  !gaussian's param
-2.1426879431237E-02  1.0347941887746E+00  1.0053678339846E-01   1  1  1  !gaussian's param
 8.6661534325318E-02  1.7432022172173E-01  1.1938772872930E-01   1  1  1  !gaussian's param
 Results for structure bulkCdTe.config               
X-point:  1.00000  0.00000  0.00000
The  8th state is the VBM of bulkCdTe.config     
   Property       Ideal_Value   fitted_Value  Error    Weighted_Err**2   Weight
   --------             ------   -------     -----     ------------
 
eg1v             -11.59000 -10.73466942   0.85533058       0.00544629     1.000
evbm              -4.63391  -4.63214893   0.00176525       0.05224209   600.000
eg1c               1.47500   1.49449038   0.01949038      15.71444814   300.000
eg15c              5.36000   5.16374295  -0.19625705       0.00536267     2.000
ex1v             -11.04000 -10.21665233   0.82334767       0.00139049     0.500
ex3v              -4.57000  -3.22835645   1.34164355       0.02154676     0.500
ex5v              -2.05000  -1.10352839   0.94647161       1.91844772     3.000
ex1c               3.29000   3.54643158   0.25643158       0.15187673     5.000
ex3c               3.95000   4.30806415   0.35806415       0.03286907     2.000
el1v             -11.16000 -10.35097480   0.80902520       0.00005255     0.100
el2v              -4.76000  -3.21183062   1.54816938       0.02644619     0.500
el3v              -0.85000  -0.44212653   0.40787347       0.92102845     2.000
el1c               2.70000   2.98391383   0.28391383       0.27643026     5.000
el3c               6.18000   5.76791369  -0.41208631       0.01778523     2.000
mg1c               0.12800   0.14004307   0.01204307       3.54090648    20.000
mghh100            1.31500   0.94681036  -0.36818964       1.95988970     5.000
mghh111            2.56500   2.03022304  -0.53477696       0.01086702     0.500
mghh110            2.09200   1.60842419  -0.48357581       0.01335813     0.500
mglh100            0.16600   0.19145113   0.02545113       0.02350704     1.000
mglh111            0.15700   0.17295477   0.01595477       0.01032718     1.000
dpa               -3.70000  -3.75686937  -0.05686937       0.09449598    20.000
dpag15v            0.89000   0.90218866   0.01218866       0.01875565    10.000
dpaGX              1.44000   1.74280837   0.30280837       0.39797270     3.000
dpaGL             -1.88000  -1.34589147   0.53410853       0.72641674     3.000
dpb100            -1.20000  -1.28846590  -0.08846590       0.13587179     5.000
edso0              0.89000   0.87528709  -0.01471291       0.24595718    30.000
edso1              0.53000   0.51503856  -0.01496144       0.01992210     5.000
edso2              0.38000   0.43013722   0.05013722       0.06963271     2.000
 
 Total Error =    26.4132530391505     
 
 Iteration no.         4001
 Values of the pseudopotential parameters
 ----------------------------------------
 Weight of Kinetic Energy   1.00000000000000     
 
 6.88000  0.80000  1.00000           ! Ecut, Smth, scalkin
 
 Cd       48052       ! Atom, atomic_num
 2.6280000000000E+02      4          !norm. atomic volume, ngauss
 8.8391956891127E-02      1          !SO param
 0.0000000000000E+00      0          !af param for strain
 0.0000000000000E+00      0          !beta param
-4.8657485998331E-01  0.0000000000000E+00  1.7632241487729E+00   1  0  1  !gaussian's param
-1.0031085533561E-03  4.4719029469685E+00  2.0730414170928E+00   1  1  1  !gaussian's param
 1.3477952687925E+00 -9.7769085043819E-01  2.6435756250706E+00   1  1  1  !gaussian's param
 9.8356442450375E-02  1.5553559786188E+00  7.5565742926488E+00   1  1  1  !gaussian's param
 
 Te       52048       ! Atom, atomic_num
 1.4520000000000E+02      4          !norm. atomic volume, ngauss
 3.2326697380754E-01      1          !SO param
 1.1738902285705E-01      1          !af param for strain
 0.0000000000000E+00      0          !beta param
-1.4094117169639E+00  0.0000000000000E+00  1.1144325903420E+00   1  0  1  !gaussian's param
-1.7863512429428E-07  3.7440500785126E-01  2.5902627251239E-01   1  1  1  !gaussian's param
-2.1429511212992E-02  1.0358935819456E+00  1.0053593339374E-01   1  1  1  !gaussian's param
 8.6193101383901E-02  1.7404453768483E-01  1.1940196844724E-01   1  1  1  !gaussian's param
 Results for structure bulkCdTe.config               
X-point:  1.00000  0.00000  0.00000
The  8th state is the VBM of bulkCdTe.config     
   Property       Ideal_Value   fitted_Value  Error    Weighted_Err**2   Weight
   --------             ------   -------     -----     ------------
 
eg1v             -11.59000 -10.76484849   0.82515151       0.00506875     1.000
evbm              -4.63391  -4.63367160   0.00024258       0.00098658   600.000
eg1c               1.47500   1.47436841  -0.00063159       0.01650172   300.000
eg15c              5.36000   5.16729979  -0.19270021       0.00517005     2.000
ex1v             -11.04000 -10.25168854   0.78831146       0.00127467     0.500
ex3v              -4.57000  -3.22961524   1.34038476       0.02150634     0.500
ex5v              -2.05000  -1.10246271   0.94753729       1.92277031     3.000
ex1c               3.29000   3.54491859   0.25491859       0.15008981     5.000
ex3c               3.95000   4.30615593   0.35615593       0.03251967     2.000
el1v             -11.16000 -10.38467754   0.77532246       0.00004827     0.100
el2v              -4.76000  -3.21318421   1.54681579       0.02639996     0.500
el3v              -0.85000  -0.44162074   0.40837926       0.92331418     2.000
el1c               2.70000   2.97414207   0.27414207       0.25772934     5.000
el3c               6.18000   5.77074615  -0.40925385       0.01754157     2.000
mg1c               0.12800   0.13894219   0.01094219       2.92313050    20.000
mghh100            1.31500   0.94816438  -0.36683562       1.94550115     5.000
mghh111            2.56500   2.03310934  -0.53189066       0.01075004     0.500
mghh110            2.09200   1.61034670  -0.48165330       0.01325213     0.500
mglh100            0.16600   0.18953196   0.02353196       0.02009556     1.000
mglh111            0.15700   0.17141368   0.01441368       0.00842850     1.000
dpa               -3.70000  -3.71707764  -0.01707764       0.00852143    20.000
dpag15v            0.89000   0.90447541   0.01447541       0.02645341    10.000
dpaGX              1.44000   1.73941069   0.29941069       0.38909184     3.000
dpaGL             -1.88000  -1.33504459   0.54495541       0.75622103     3.000
dpb100            -1.20000  -1.28767320  -0.08767320       0.13344775     5.000
edso0              0.89000   0.88627596  -0.00372404       0.01575764    30.000
edso1              0.53000   0.52112239  -0.00887761       0.00701423     5.000
edso2              0.38000   0.43532409   0.05532409       0.08478545     2.000
 
 Total Error =    9.72337188036883     
 
 Iteration no.         4501
 Values of the pseudopotential parameters
 ----------------------------------------
 Weight of Kinetic Energy   1.00000000000000     
 
 6.88000  0.80000  1.00000           ! Ecut, Smth, scalkin
 
 Cd       48052       ! Atom, atomic_num
 2.6280000000000E+02      4          !norm. atomic volume, ngauss
 8.8430088037123E-02      1          !SO param
 0.0000000000000E+00      0          !af param for strain
 0.0000000000000E+00      0          !beta param
-4.8681236752604E-01  0.0000000000000E+00  1.7632145212652E+00   1  0  1  !gaussian's param
-1.0046332588150E-03  4.4719019817418E+00  2.0737997943795E+00   1  1  1  !gaussian's param
 1.3477954033693E+00 -9.7769488855865E-01  2.6436373867854E+00   1  1  1  !gaussian's param
 9.8377967752349E-02  1.5553518881093E+00  7.5566929821865E+00   1  1  1  !gaussian's param
 
 Te       52048       ! Atom, atomic_num
 1.4520000000000E+02      4          !norm. atomic volume, ngauss
 3.2394343680607E-01      1          !SO param
 1.1751612550918E-01      1          !af param for strain
 0.0000000000000E+00      0          !beta param
-1.4094097994273E+00  0.0000000000000E+00  1.1145414248722E+00   1  0  1  !gaussian's param
-1.7862685609556E-07  3.7449144008037E-01  2.5908015948530E-01   1  1  1  !gaussian's param
-2.1429502201147E-02  1.0359014879588E+00  1.0053596555264E-01   1  1  1  !gaussian's param
 8.6238405426939E-02  1.7405326652207E-01  1.1940191285130E-01   1  1  1  !gaussian's param
 Results for structure bulkCdTe.config               
X-point:  1.00000  0.00000  0.00000
The  8th state is the VBM of bulkCdTe.config     
   Property       Ideal_Value   fitted_Value  Error    Weighted_Err**2   Weight
   --------             ------   -------     -----     ------------
 
eg1v             -11.59000 -10.76148943   0.82851057       0.00511010     1.000
evbm              -4.63391  -4.63379572   0.00011846       0.00023526   600.000
eg1c               1.47500   1.47432616  -0.00067384       0.01878314   300.000
eg15c              5.36000   5.16448055  -0.19551945       0.00532243     2.000
ex1v             -11.04000 -10.24749752   0.79250248       0.00128826     0.500
ex3v              -4.57000  -3.23167436   1.33832564       0.02144032     0.500
ex5v              -2.05000  -1.10303554   0.94696446       1.92044622     3.000
ex1c               3.29000   3.54321369   0.25321369       0.14808893     5.000
ex3c               3.95000   4.30423382   0.35423382       0.03216961     2.000
el1v             -11.16000 -10.38071490   0.77928510       0.00004876     0.100
el2v              -4.76000  -3.21503539   1.54496461       0.02633681     0.500
el3v              -0.85000  -0.44189129   0.40810871       0.92209119     2.000
el1c               2.70000   2.97295869   0.27295869       0.25550908     5.000
el3c               6.18000   5.76830921  -0.41169079       0.01775110     2.000
mg1c               0.12800   0.13890139   0.01090139       2.90137481    20.000
mghh100            1.31500   0.94743914  -0.36756086       1.95320142     5.000
mghh111            2.56500   2.03163475  -0.53336525       0.01080973     0.500
mghh110            2.09200   1.60915937  -0.48284063       0.01331755     0.500
mglh100            0.16600   0.18941405   0.02341405       0.01989468     1.000
mglh111            0.15700   0.17130403   0.01430403       0.00830076     1.000
dpa               -3.70000  -3.72238880  -0.02238880       0.01464597    20.000
dpag15v            0.89000   0.90494670   0.01494670       0.02820400    10.000
dpaGX              1.44000   1.74003361   0.30003361       0.39071253     3.000
dpaGL             -1.88000  -1.33601115   0.54398885       0.75354085     3.000
dpb100            -1.20000  -1.28864547  -0.08864547       0.13642393     5.000
edso0              0.89000   0.88770233  -0.00229767       0.00599843    30.000
edso1              0.53000   0.52192410  -0.00807590       0.00580457     5.000
edso2              0.38000   0.43598016   0.05598016       0.08680825     2.000
 
 Total Error =    9.70365869046466     
 
 Iteration no.         5001
 Values of the pseudopotential parameters
 ----------------------------------------
 Weight of Kinetic Energy   1.00000000000000     
 
 6.88000  0.80000  1.00000           ! Ecut, Smth, scalkin
 
 Cd       48052       ! Atom, atomic_num
 2.6280000000000E+02      4          !norm. atomic volume, ngauss
 8.8422733071456E-02      1          !SO param
 0.0000000000000E+00      0          !af param for strain
 0.0000000000000E+00      0          !beta param
-4.8692572747469E-01  0.0000000000000E+00  1.7631863890414E+00   1  0  1  !gaussian's param
-1.0059781615931E-03  4.4719875898024E+00  2.0727650876802E+00   1  1  1  !gaussian's param
 1.3477949524308E+00 -9.7769553443860E-01  2.6436491358595E+00   1  1  1  !gaussian's param
 9.8397122416258E-02  1.5553468371216E+00  7.5567005948679E+00   1  1  1  !gaussian's param
 
 Te       52048       ! Atom, atomic_num
 1.4520000000000E+02      4          !norm. atomic volume, ngauss
 3.2352113268805E-01      1          !SO param
 1.1780069334964E-01      1          !af param for strain
 0.0000000000000E+00      0          !beta param
-1.4094089518772E+00  0.0000000000000E+00  1.1146682415777E+00   1  0  1  !gaussian's param
-1.7860018307618E-07  3.7384908839294E-01  2.5896181114509E-01   1  1  1  !gaussian's param
-2.1429515109189E-02  1.0359042208074E+00  1.0053599880578E-01   1  1  1  !gaussian's param
 8.6259046924413E-02  1.7406670600253E-01  1.1940193983242E-01   1  1  1  !gaussian's param
 Results for structure bulkCdTe.config               
X-point:  1.00000  0.00000  0.00000
The  8th state is the VBM of bulkCdTe.config     
   Property       Ideal_Value   fitted_Value  Error    Weighted_Err**2   Weight
   --------             ------   -------     -----     ------------
 
eg1v             -11.59000 -10.75840522   0.83159478       0.00514821     1.000
evbm              -4.63391  -4.63389665   0.00001753       0.00000515   600.000
eg1c               1.47500   1.47482575  -0.00017425       0.00125607   300.000
eg15c              5.36000   5.16314335  -0.19685665       0.00539549     2.000
ex1v             -11.04000 -10.24379882   0.79620118       0.00130031     0.500
ex3v              -4.57000  -3.23215804   1.33784196       0.02142482     0.500
ex5v              -2.05000  -1.10336576   0.94663424       1.91910709     3.000
ex1c               3.29000   3.54237539   0.25237539       0.14711001     5.000
ex3c               3.95000   4.30340566   0.35340566       0.03201937     2.000
el1v             -11.16000 -10.37718367   0.78281633       0.00004920     0.100
el2v              -4.76000  -3.21544335   1.54455665       0.02632290     0.500
el3v              -0.85000  -0.44204935   0.40795065       0.92137708     2.000
el1c               2.70000   2.97261255   0.27261255       0.25486146     5.000
el3c               6.18000   5.76715992  -0.41284008       0.01785035     2.000
mg1c               0.12800   0.13888180   0.01088180       2.89095386    20.000
mghh100            1.31500   0.94702054  -0.36797946       1.95765270     5.000
mghh111            2.56500   2.03074910  -0.53425090       0.01084566     0.500
mghh110            2.09200   1.60846777  -0.48353223       0.01335573     0.500
mglh100            0.16600   0.18940606   0.02340606       0.01988110     1.000
mglh111            0.15700   0.17129005   0.01429005       0.00828454     1.000
dpa               -3.70000  -3.72446919  -0.02446919       0.01749426    20.000
dpag15v            0.89000   0.90167092   0.01167092       0.01719611    10.000
dpaGX              1.44000   1.74279999   0.30279999       0.39795066     3.000
dpaGL             -1.88000  -1.33474190   0.54525810       0.75706133     3.000
dpb100            -1.20000  -1.28918475  -0.08918475       0.13808888     5.000
edso0              0.89000   0.88607550  -0.00392450       0.01749972    30.000
edso1              0.53000   0.52103076  -0.00896924       0.00715978     5.000
edso2              0.38000   0.43522642   0.05522642       0.08448636     2.000
 
 Total Error =    9.69113821352452     
 
 Iteration no.         5501
 Values of the pseudopotential parameters
 ----------------------------------------
 Weight of Kinetic Energy   1.00000000000000     
 
 6.88000  0.80000  1.00000           ! Ecut, Smth, scalkin
 
 Cd       48052       ! Atom, atomic_num
 2.6280000000000E+02      4          !norm. atomic volume, ngauss
 8.8452346054134E-02      1          !SO param
 0.0000000000000E+00      0          !af param for strain
 0.0000000000000E+00      0          !beta param
-4.8702706536268E-01  0.0000000000000E+00  1.7631181912941E+00   1  0  1  !gaussian's param
-1.0088483716280E-03  4.4720479572071E+00  2.0632814202406E+00   1  1  1  !gaussian's param
 1.3477942011561E+00 -9.7769477490628E-01  2.6436119433871E+00   1  1  1  !gaussian's param
 9.8427359446167E-02  1.5553469712326E+00  7.5567154256498E+00   1  1  1  !gaussian's param
 
 Te       52048       ! Atom, atomic_num
 1.4520000000000E+02      4          !norm. atomic volume, ngauss
 3.2376785994812E-01      1          !SO param
 1.1806365852860E-01      1          !af param for strain
 0.0000000000000E+00      0          !beta param
-1.4094047507104E+00  0.0000000000000E+00  1.1147449442208E+00   1  0  1  !gaussian's param
-1.7859755722217E-07  3.7553099059314E-01  2.5862859713422E-01   1  1  1  !gaussian's param
-2.1429540190734E-02  1.0359058975562E+00  1.0053600273637E-01   1  1  1  !gaussian's param
 8.6266426804574E-02  1.7406738979456E-01  1.1940199173943E-01   1  1  1  !gaussian's param
 Results for structure bulkCdTe.config               
X-point:  1.00000  0.00000  0.00000
The  8th state is the VBM of bulkCdTe.config     
   Property       Ideal_Value   fitted_Value  Error    Weighted_Err**2   Weight
   --------             ------   -------     -----     ------------
 
eg1v             -11.59000 -10.75680662   0.83319338       0.00516803     1.000
evbm              -4.63391  -4.63388855   0.00002563       0.00001101   600.000
eg1c               1.47500   1.47452537  -0.00047463       0.00931888   300.000
eg15c              5.36000   5.16153503  -0.19846497       0.00548401     2.000
ex1v             -11.04000 -10.24178892   0.79821108       0.00130688     0.500
ex3v              -4.57000  -3.23320695   1.33679305       0.02139124     0.500
ex5v              -2.05000  -1.10369949   0.94630051       1.91775418     3.000
ex1c               3.29000   3.54132705   0.25132705       0.14589039     5.000
ex3c               3.95000   4.30253912   0.35253912       0.03186254     2.000
el1v             -11.16000 -10.37528678   0.78471322       0.00004944     0.100
el2v              -4.76000  -3.21638027   1.54361973       0.02629098     0.500
el3v              -0.85000  -0.44221240   0.40778760       0.92064070     2.000
el1c               2.70000   2.97184516   0.27184516       0.25342865     5.000
el3c               6.18000   5.76581988  -0.41418012       0.01796642     2.000
mg1c               0.12800   0.13883578   0.01083578       2.86655549    20.000
mghh100            1.31500   0.94659648  -0.36840352       1.96216732     5.000
mghh111            2.56500   2.02985014  -0.53514986       0.01088219     0.500
mghh110            2.09200   1.60775140  -0.48424860       0.01339533     0.500
mglh100            0.16600   0.18931254   0.02331254       0.01972255     1.000
mglh111            0.15700   0.17120614   0.01420614       0.00818753     1.000
dpa               -3.70000  -3.72604889  -0.02604889       0.01982599    20.000
dpag15v            0.89000   0.89871330   0.00871330       0.00958485    10.000
dpaGX              1.44000   1.74496932   0.30496932       0.40367312     3.000
dpaGL             -1.88000  -1.33374155   0.54625845       0.75984175     3.000
dpb100            -1.20000  -1.28974864  -0.08974864       0.13984058     5.000
edso0              0.89000   0.88645819  -0.00354181       0.01425325    30.000
edso1              0.53000   0.52124971  -0.00875029       0.00681448     5.000
edso2              0.38000   0.43540138   0.05540138       0.08502252     2.000
 
 Total Error =    9.67633029814982     
 
 Iteration no.         6001
 Values of the pseudopotential parameters
 ----------------------------------------
 Weight of Kinetic Energy   1.00000000000000     
 
 6.88000  0.80000  1.00000           ! Ecut, Smth, scalkin
 
 Cd       48052       ! Atom, atomic_num
 2.6280000000000E+02      4          !norm. atomic volume, ngauss
 8.8297641519236E-02      1          !SO param
 0.0000000000000E+00      0          !af param for strain
 0.0000000000000E+00      0          !beta param
-4.8703911359567E-01  0.0000000000000E+00  1.7626269047854E+00   1  0  1  !gaussian's param
-9.9024705279075E-04  4.4720311419656E+00  2.0273543285613E+00   1  1  1  !gaussian's param
 1.3477944174727E+00 -9.7769356309550E-01  2.6435776977673E+00   1  1  1  !gaussian's param
 9.8508026222644E-02  1.5553450510752E+00  7.5567163845145E+00   1  1  1  !gaussian's param
 
 Te       52048       ! Atom, atomic_num
 1.4520000000000E+02      4          !norm. atomic volume, ngauss
 3.2366954298200E-01      1          !SO param
 1.1799793046407E-01      1          !af param for strain
 0.0000000000000E+00      0          !beta param
-1.4094017525035E+00  0.0000000000000E+00  1.1148069289298E+00   1  0  1  !gaussian's param
-1.7859522218277E-07  3.7033151850269E-01  2.5828220537444E-01   1  1  1  !gaussian's param
-2.1429549491017E-02  1.0359057195028E+00  1.0053600435352E-01   1  1  1  !gaussian's param
 8.6271014373427E-02  1.7406994420974E-01  1.1940201132819E-01   1  1  1  !gaussian's param
 Results for structure bulkCdTe.config               
X-point:  1.00000  0.00000  0.00000
The  8th state is the VBM of bulkCdTe.config     
   Property       Ideal_Value   fitted_Value  Error    Weighted_Err**2   Weight
   --------             ------   -------     -----     ------------
 
eg1v             -11.59000 -10.75438421   0.83561579       0.00519812     1.000
evbm              -4.63391  -4.63387070   0.00004348       0.00003170   600.000
eg1c               1.47500   1.47451527  -0.00048473       0.00971979   300.000
eg15c              5.36000   5.15982079  -0.20017921       0.00557915     2.000
ex1v             -11.04000 -10.23884552   0.80115448       0.00131654     0.500
ex3v              -4.57000  -3.23410615   1.33589385       0.02136247     0.500
ex5v              -2.05000  -1.10405257   0.94594743       1.91632333     3.000
ex1c               3.29000   3.54043333   0.25043333       0.14485466     5.000
ex3c               3.95000   4.30221423   0.35221423       0.03180384     2.000
el1v             -11.16000 -10.37248850   0.78751150       0.00004979     0.100
el2v              -4.76000  -3.21711480   1.54288520       0.02626596     0.500
el3v              -0.85000  -0.44241566   0.40758434       0.91972316     2.000
el1c               2.70000   2.97131449   0.27131449       0.25244016     5.000
el3c               6.18000   5.76457045  -0.41542955       0.01807498     2.000
mg1c               0.12800   0.13878962   0.01078962       2.84218363    20.000
mghh100            1.31500   0.94614131  -0.36885869       1.96701890     5.000
mghh111            2.56500   2.02871200  -0.53628800       0.01092852     0.500
mghh110            2.09200   1.60690195  -0.48509805       0.01344237     0.500
mglh100            0.16600   0.18924080   0.02324080       0.01960135     1.000
mglh111            0.15700   0.17114069   0.01414069       0.00811226     1.000
dpa               -3.70000  -3.73237536  -0.03237536       0.03062569    20.000
dpag15v            0.89000   0.90050938   0.01050938       0.01394358    10.000
dpaGX              1.44000   1.74301183   0.30301183       0.39850768     3.000
dpaGL             -1.88000  -1.33658022   0.54341978       0.75196513     3.000
dpb100            -1.20000  -1.29047963  -0.09047963       0.14212785     5.000
edso0              0.89000   0.88568501  -0.00431499       0.02115540    30.000
edso1              0.53000   0.52082361  -0.00917639       0.00749431     5.000
edso2              0.38000   0.43507097   0.05507097       0.08401140     2.000
 
 Total Error =    9.66386172002026     
 
 Iteration no.         6501
 Values of the pseudopotential parameters
 ----------------------------------------
 Weight of Kinetic Energy   1.00000000000000     
 
 6.88000  0.80000  1.00000           ! Ecut, Smth, scalkin
 
 Cd       48052       ! Atom, atomic_num
 2.6280000000000E+02      4          !norm. atomic volume, ngauss
 8.8644428058461E-02      1          !SO param
 0.0000000000000E+00      0          !af param for strain
 0.0000000000000E+00      0          !beta param
-4.8705037930731E-01  0.0000000000000E+00  1.7625370888991E+00   1  0  1  !gaussian's param
-1.0171058476490E-03  4.4720297480899E+00  2.0126888108952E+00   1  1  1  !gaussian's param
 1.3477946555649E+00 -9.7769476979602E-01  2.6436109620592E+00   1  1  1  !gaussian's param
 9.8567095698175E-02  1.5553434844206E+00  7.5567164328142E+00   1  1  1  !gaussian's param
 
 Te       52048       ! Atom, atomic_num
 1.4520000000000E+02      4          !norm. atomic volume, ngauss
 3.2399616970131E-01      1          !SO param
 1.1812411105524E-01      1          !af param for strain
 0.0000000000000E+00      0          !beta param
-1.4094013667151E+00  0.0000000000000E+00  1.1148692718107E+00   1  0  1  !gaussian's param
-1.7860849387005E-07  3.6922525209181E-01  2.5819875298777E-01   1  1  1  !gaussian's param
-2.1429541924758E-02  1.0359054743548E+00  1.0053600204419E-01   1  1  1  !gaussian's param
 8.6275153415356E-02  1.7407068840590E-01  1.1940201673436E-01   1  1  1  !gaussian's param
 Results for structure bulkCdTe.config               
X-point:  1.00000  0.00000  0.00000
The  8th state is the VBM of bulkCdTe.config     
   Property       Ideal_Value   fitted_Value  Error    Weighted_Err**2   Weight
   --------             ------   -------     -----     ------------
 
eg1v             -11.59000 -10.75286942   0.83713058       0.00521698     1.000
evbm              -4.63391  -4.63360690   0.00030728       0.00158300   600.000
eg1c               1.47500   1.47459809  -0.00040191       0.00668230   300.000
eg15c              5.36000   5.15820864  -0.20179136       0.00566938     2.000
ex1v             -11.04000 -10.23695884   0.80304116       0.00132275     0.500
ex3v              -4.57000  -3.23504335   1.33495665       0.02133251     0.500
ex5v              -2.05000  -1.10438684   0.94561316       1.91496926     3.000
ex1c               3.29000   3.53947326   0.24947326       0.14374614     5.000
ex3c               3.95000   4.30175689   0.35175689       0.03172130     2.000
el1v             -11.16000 -10.37070420   0.78929580       0.00005002     0.100
el2v              -4.76000  -3.21796353   1.54203647       0.02623707     0.500
el3v              -0.85000  -0.44256876   0.40743124       0.91903235     2.000
el1c               2.70000   2.97088191   0.27088191       0.25163583     5.000
el3c               6.18000   5.76329057  -0.41670943       0.01818652     2.000
mg1c               0.12800   0.13877724   0.01077724       2.83566754    20.000
mghh100            1.31500   0.94571473  -0.36928527       1.97157128     5.000
mghh111            2.56500   2.02786542  -0.53713458       0.01096305     0.500
mghh110            2.09200   1.60621803  -0.48578197       0.01348030     0.500
mglh100            0.16600   0.18919607   0.02319607       0.01952597     1.000
mglh111            0.15700   0.17109614   0.01409614       0.00806123     1.000
dpa               -3.70000  -3.73539751  -0.03539751       0.03661018    20.000
dpag15v            0.89000   0.89911625   0.00911625       0.01049186    10.000
dpaGX              1.44000   1.74378603   0.30378603       0.40054667     3.000
dpaGL             -1.88000  -1.33696535   0.54303465       0.75089964     3.000
dpb100            -1.20000  -1.29091949  -0.09091949       0.14351308     5.000
edso0              0.89000   0.88630010  -0.00369990       0.01555402    30.000
edso1              0.53000   0.52117862  -0.00882138       0.00692567     5.000
edso2              0.38000   0.43531745   0.05531745       0.08476511     2.000
 
 Total Error =    9.65596101843409     
 
 Iteration no.         7001
 Values of the pseudopotential parameters
 ----------------------------------------
 Weight of Kinetic Energy   1.00000000000000     
 
 6.88000  0.80000  1.00000           ! Ecut, Smth, scalkin
 
 Cd       48052       ! Atom, atomic_num
 2.6280000000000E+02      4          !norm. atomic volume, ngauss
 8.8981722434099E-02      1          !SO param
 0.0000000000000E+00      0          !af param for strain
 0.0000000000000E+00      0          !beta param
-4.8700985305658E-01  0.0000000000000E+00  1.7615302730258E+00   1  0  1  !gaussian's param
-1.0096627770918E-03  4.4720427956763E+00  2.0173777821080E+00   1  1  1  !gaussian's param
 1.3477949598053E+00 -9.7766950959518E-01  2.6435486507439E+00   1  1  1  !gaussian's param
 9.8912554755192E-02  1.5553432228353E+00  7.5567246542254E+00   1  1  1  !gaussian's param
 
 Te       52048       ! Atom, atomic_num
 1.4520000000000E+02      4          !norm. atomic volume, ngauss
 3.2413902304193E-01      1          !SO param
 1.1855608646409E-01      1          !af param for strain
 0.0000000000000E+00      0          !beta param
-1.4094007790066E+00  0.0000000000000E+00  1.1152682273858E+00   1  0  1  !gaussian's param
-1.7861045303678E-07  3.7033943735584E-01  2.5853257232682E-01   1  1  1  !gaussian's param
-2.1429544065858E-02  1.0359056435975E+00  1.0053613693817E-01   1  1  1  !gaussian's param
 8.6275844513590E-02  1.7407045024290E-01  1.1940201483159E-01   1  1  1  !gaussian's param
 Results for structure bulkCdTe.config               
X-point:  1.00000  0.00000  0.00000
The  8th state is the VBM of bulkCdTe.config     
   Property       Ideal_Value   fitted_Value  Error    Weighted_Err**2   Weight
   --------             ------   -------     -----     ------------
 
eg1v             -11.59000 -10.74322640   0.84677360       0.00533787     1.000
evbm              -4.63391  -4.63214078   0.00177340       0.05272559   600.000
eg1c               1.47500   1.47545694   0.00045694       0.00863737   300.000
eg15c              5.36000   5.15065561  -0.20934439       0.00610173     2.000
ex1v             -11.04000 -10.22519058   0.81480942       0.00136180     0.500
ex3v              -4.57000  -3.23871588   1.33128412       0.02121530     0.500
ex5v              -2.05000  -1.10602230   0.94397770       1.90835102     3.000
ex1c               3.29000   3.53490827   0.24490827       0.13853359     5.000
ex3c               3.95000   4.30023412   0.35023412       0.03144725     2.000
el1v             -11.16000 -10.35952175   0.80047825       0.00005145     0.100
el2v              -4.76000  -3.22118101   1.53881899       0.02612770     0.500
el3v              -0.85000  -0.44340527   0.40659473       0.91526241     2.000
el1c               2.70000   2.96905476   0.26905476       0.24825262     5.000
el3c               6.18000   5.75738795  -0.42261205       0.01870539     2.000
mg1c               0.12800   0.13867882   0.01067882       2.78411105    20.000
mghh100            1.31500   0.94362936  -0.37137064       1.99390115     5.000
mghh111            2.56500   2.02319338  -0.54180662       0.01115460     0.500
mghh110            2.09200   1.60261801  -0.48938199       0.01368084     0.500
mglh100            0.16600   0.18901278   0.02301278       0.01921862     1.000
mglh111            0.15700   0.17091109   0.01391109       0.00785097     1.000
dpa               -3.70000  -3.75496823  -0.05496823       0.08828360    20.000
dpag15v            0.89000   0.89447970   0.00447970       0.00253348    10.000
dpaGX              1.44000   1.74489144   0.30489144       0.40346696     3.000
dpaGL             -1.88000  -1.34156417   0.53843583       0.73823515     3.000
dpb100            -1.20000  -1.29340081  -0.09340081       0.15145333     5.000
edso0              0.89000   0.88469944  -0.00530056       0.03192317    30.000
edso1              0.53000   0.52031875  -0.00968125       0.00834163     5.000
edso2              0.38000   0.43454826   0.05454826       0.08242417     2.000
 
 Total Error =    9.71868980159239     
Output flag from DQED, IGO =      3
 
Computed X:
 
   1.03560    
   1.00548    
  0.998741    
   1.03678    
  0.999980    
  0.980497    
   1.00028    
  0.999513    
  0.998784    
   1.01322    
   1.00004    
   1.00284    
   1.01350    
   1.05839    
  0.999621    
   1.00119    
  0.998446    
  0.988668    
  0.995094    
  0.999730    
  0.996153    
   1.00014    
   1.00440    
   1.00165    
  0.999617    
 
L2 norm of the residual, FNORM =    9.63460    
 
EPMFIT_DQED
Normal end of execution.
 
 Iteration no.         7490
 Values of the pseudopotential parameters
 ----------------------------------------
 Weight of Kinetic Energy   1.00000000000000     
 
 6.88000  0.80000  1.00000           ! Ecut, Smth, scalkin
 
 Cd       48052       ! Atom, atomic_num
 2.6280000000000E+02      4          !norm. atomic volume, ngauss
 8.8972055609650E-02      1          !SO param
 0.0000000000000E+00      0          !af param for strain
 0.0000000000000E+00      0          !beta param
-4.8705551709767E-01  0.0000000000000E+00  1.7613949404010E+00   1  0  1  !gaussian's param
-1.0084513691575E-03  4.4720485355719E+00  2.0174123907772E+00   1  1  1  !gaussian's param
 1.3477948602892E+00 -9.7768633502503E-01  2.6436024745007E+00   1  1  1  !gaussian's param
 9.8808015524099E-02  1.5553448102821E+00  7.5567193200987E+00   1  1  1  !gaussian's param
 
 Te       52048       ! Atom, atomic_num
 1.4520000000000E+02      4          !norm. atomic volume, ngauss
 3.2414391887604E-01      1          !SO param
 1.1829702933369E-01      1          !af param for strain
 0.0000000000000E+00      0          !beta param
-1.4094011588910E+00  0.0000000000000E+00  1.1150024892358E+00   1  0  1  !gaussian's param
-1.7861000187746E-07  3.6969193738614E-01  2.5819898624988E-01   1  1  1  !gaussian's param
-2.1429545602949E-02  1.0359056313595E+00  1.0053605508447E-01   1  1  1  !gaussian's param
 8.6271650539872E-02  1.7407077200554E-01  1.1940201490672E-01   1  1  1  !gaussian's param
 Results for structure bulkCdTe.config               
X-point:  1.00000  0.00000  0.00000
The  8th state is the VBM of bulkCdTe.config     
   Property       Ideal_Value   fitted_Value  Error    Weighted_Err**2   Weight
   --------             ------   -------     -----     ------------
 
eg1v             -11.59000 -10.74758715   0.84241285       0.00528303     1.000
evbm              -4.63391  -4.63384808   0.00006610       0.00007326   600.000
eg1c               1.47500   1.47443729  -0.00056271       0.01309853   300.000
eg15c              5.36000   5.15353538  -0.20646462       0.00593501     2.000
ex1v             -11.04000 -10.23049290   0.80950710       0.00134414     0.500
ex3v              -4.57000  -3.23753188   1.33246812       0.02125305     0.500
ex5v              -2.05000  -1.10532536   0.94467464       1.91116993     3.000
ex1c               3.29000   3.53710835   0.24710835       0.14103375     5.000
ex3c               3.95000   4.30133014   0.35133014       0.03164438     2.000
el1v             -11.16000 -10.36456944   0.79543056       0.00005080     0.100
el2v              -4.76000  -3.22003285   1.53996715       0.02616670     0.500
el3v              -0.85000  -0.44308084   0.40691916       0.91672363     2.000
el1c               2.70000   2.96957676   0.26957676       0.24921683     5.000
el3c               6.18000   5.75999984  -0.42000016       0.01847489     2.000
mg1c               0.12800   0.13867037   0.01067037       2.77970452    20.000
mghh100            1.31500   0.94450096  -0.37049904       1.98455288     5.000
mghh111            2.56500   2.02500654  -0.53999346       0.01108006     0.500
mghh110            2.09200   1.60403960  -0.48796040       0.01360147     0.500
mglh100            0.16600   0.18900471   0.02300471       0.01920514     1.000
mglh111            0.15700   0.17092030   0.01392030       0.00786136     1.000
dpa               -3.70000  -3.74914370  -0.04914370       0.07056548    20.000
dpag15v            0.89000   0.89841787   0.00841787       0.00894590    10.000
dpaGX              1.44000   1.74214686   0.30214686       0.39623578     3.000
dpaGL             -1.88000  -1.34162503   0.53837497       0.73806826     3.000
dpb100            -1.20000  -1.29274069  -0.09274069       0.14932006     5.000
edso0              0.89000   0.88552263  -0.00447737       0.02277761    30.000
edso1              0.53000   0.52077568  -0.00922432       0.00757281     5.000
edso2              0.38000   0.43494951   0.05494951       0.08364124     2.000
 
 Total Error =    9.63460050917990     
 Ending at
July  7 2011  10:28:12.026 AM
