    2       1             ! num_pot, pot. type
 6.88000  0.80000  1.00000           ! Ecut, Smth, scalkin
 
 Cd       48052       ! Atom, atomic_num
 2.6280000000000E+02      4          !norm. atomic volume, ngauss
 5.5456340819089E-02      1          !SO param
 0.0000000000000E+00      0          !af param for strain
 0.0000000000000E+00      0          !beta param
-5.6602266556997E-01  0.0000000000000E+00  1.6952252319678E+00   1  0  1  !gaussian's param
-4.5760840362654E-03  1.8304685582806E+00  2.2659078719964E+00   1  1  1  !gaussian's param
 1.2609618365901E+00 -9.1202089888512E-01  1.7072378315521E+00   1  1  1  !gaussian's param
 6.9453138460229E-02  2.1834494121910E+00  3.2147157105039E+00   1  1  1  !gaussian's param
 
 Te       52048       ! Atom, atomic_num
 1.4520000000000E+02      4          !norm. atomic volume, ngauss
 1.8775689812424E-01      1          !SO param
 0.0000000000000E+00      0          !af param for strain
 0.0000000000000E+00      0          !beta param
-1.3891063302318E+00  0.0000000000000E+00  9.0334246653598E-01   1  0  1  !gaussian's param
-1.1057425402584E-06  2.1053682988351E-01  2.6375102439264E+00   1  1  1  !gaussian's param
-6.0045491199220E-03  8.4650818171883E-01  1.4993584791060E-01   1  1  1  !gaussian's param
 1.6022500469776E-01  1.4766886156124E-01  1.0000000422038E-01   1  1  1  !gaussian's param
 1.0000000000000E+00      0          !kin_scal param
 
 SO calc.
 **************************
 Results for structure bulkCdTe.config               
X-point:  1.00000  0.00000  0.00000
The  8th state is the VBM of bulkCdTe.config     
   Property       Ideal_Value   fitted_Value  Error    Weighted_Err**2   Weight
   --------             ------   -------     -----     ------------
 
eg1v             -11.59000  -9.91357038   1.67642962       0.02092203     1.000
evbm              -4.63391  -4.62735461   0.00655957       0.98186316   700.000
eg1c               1.47500   1.43619803  -0.03880197      27.68111357   200.000
eg15c              5.36000   6.50383855   1.14383855       0.18216287     2.000
ex1v             -11.04000  -9.51979821   1.52020179       0.00474028     0.500
ex3v              -4.57000  -2.74341091   1.82658909       0.03993828     0.500
ex5v              -2.05000  -0.71784836   1.33215164       3.80051205     3.000
ex1c               3.29000   3.36919020   0.07919020       0.01448409     5.000
ex3c               3.95000   5.47173568   1.52173568       0.59366883     2.000
el1v             -11.16000  -9.63227959   1.52772041       0.00018740     0.100
el2v              -4.76000  -2.62078655   2.13921345       0.05049337     0.500
el3v              -0.85000  -0.27525882   0.57474118       1.82880236     2.000
el1c               2.70000   2.84060499   0.14060499       0.06779754     5.000
el3c               6.18000   7.08289992   0.90289992       0.08538120     2.000
mg1c               0.12800   0.20486324   0.07686324     144.23725421    20.000
mghh100            1.31500   1.57954627   0.26454627       1.01179325     5.000
mghh111            2.56500   3.44354958   0.87854958       0.02932904     0.500
mghh110            2.09200   2.70071394   0.60871394       0.02116621     0.500
mglh100            0.16600   0.26097975   0.09497975       0.32737527     1.000
mglh111            0.15700   0.23988630   0.08288630       0.27871876     1.000
dpa               -3.70000  -2.70933834   0.99066166     114.70100997    40.000
dpag15v            0.89000   1.07074573   0.18074573      37.11919851    30.000
dpaGX              1.44000  -2.96211686  -4.40211686     233.63513760     5.000
dpaGL             -1.88000  -2.95309237  -1.07309237       8.14513952     5.000
dpb100            -1.20000  -0.71380075   0.48619925      16.41595185    10.000
edso0              0.89000   0.79779681  -0.09220319       9.65949331    30.000
edso1              0.53000   0.48198827  -0.04801173       0.20515540     5.000
edso2              0.38000   0.42469695   0.04469695       0.05534120     2.000
 Total Error =    601.194131146537     
