July  8 2011  11:21:36.217 AM
 Spin-Orbit interaction is ON
 Reweight of KE term    1.00000000000000     
 Fixed Reweight
 debug: close fit.d file 
 Read in a total of            2  pseudopotentials
 There are a total of          25 parameters to be fitted
 
 Reading expt. data from input.CdTe                    
     Input Quantity      Non So.      S.O.    weight
     --------------       -----     ------    ------
  eg1v                 -11.07000   -11.59000     1.00000
  evbm                  -4.63391    -4.63391   700.00000
  eg1c                   1.47500     1.47500   200.00000
  eg15c                  5.36000     5.36000     2.00000
  ex1v                  -9.12000   -11.04000     0.50000
  ex3v                  -5.05000    -4.57000     0.50000
  ex5v                  -1.60000    -2.05000     3.00000
  ex1c                   3.48000     3.29000     5.00000
  ex3c                   3.95000     3.95000     2.00000
  el1v                  -9.64000   -11.16000     0.10000
  el2v                  -4.73000    -4.76000     0.50000
  el3v                  -0.65000    -0.85000     2.00000
  el1c                   2.82000     2.70000     5.00000
  el3c                   6.18000     6.18000     2.00000
  mg1c                   0.12800     0.12800    20.00000
  mghh100                1.31500     1.31500     5.00000
  mghh111                2.56500     2.56500     0.50000
  mghh110                2.09200     2.09200     0.50000
  mglh100                0.16600     0.16600     1.00000
  mglh111                0.15700     0.15700     1.00000
  dpa                   -3.70000    -3.70000    20.00000
  dpag15v                0.89000     0.89000    10.00000
  dpaGX                  1.44000     1.44000     5.00000
  dpaGL                 -1.88000    -1.88000     5.00000
  dpb100                -1.20000    -1.20000     8.00000
  edso0                  0.89000     0.89000    30.00000
  edso1                  0.53000     0.53000     5.00000
  edso2                  0.38000     0.38000     2.00000
          28  Properties to be fitted for bulkCdTe.config               
 
          28  total expt. properties to be fitted
 
 Reading in structure bulkCdTe.config               
 Initial EPM:
 
 Iteration no.            1
 Values of the pseudopotential parameters
 ----------------------------------------
 Weight of Kinetic Energy   1.00000000000000     
 
 6.88000  0.80000  1.00000           ! Ecut, Smth, scalkin
 
 Cd       48052       ! Atom, atomic_num
 2.6280000000000E+02      4          !norm. atomic volume, ngauss
 8.6057187125503E-02      1          !SO param
 0.0000000000000E+00      0          !af param for strain
 0.0000000000000E+00      0          !beta param
-5.1546763089218E-01  0.0000000000000E+00  1.6550938679139E+00   1  0  1  !gaussian's param
-5.4315644579535E-03  2.4845760020841E+00  1.2509732946773E+00   1  1  1  !gaussian's param
 1.1155193608711E+00 -9.2646586341973E-01  2.8352395614011E+00   1  1  1  !gaussian's param
 5.7447198243378E-02  1.5997912614015E+00  4.2001278922860E+00   1  1  1  !gaussian's param
 
 Te       52048       ! Atom, atomic_num
 1.4520000000000E+02      4          !norm. atomic volume, ngauss
 3.3403940012298E-01      1          !SO param
 1.5595043541292E-01      1          !af param for strain
 0.0000000000000E+00      0          !beta param
-1.4935080762188E+00  0.0000000000000E+00  1.1669330724518E+00   1  0  1  !gaussian's param
-1.3174307306629E-06  7.0858917643149E-02  1.8773914206136E+00   1  1  1  !gaussian's param
-9.9358595925187E-03  7.2444118943619E-01  1.0001193726609E-01   1  1  1  !gaussian's param
 1.1703737620417E-01  9.3710836332743E-02  1.6002202473231E-01   1  1  1  !gaussian's param
 Results for structure bulkCdTe.config               
X-point:  1.00000  0.00000  0.00000
The  8th state is the VBM of bulkCdTe.config     
   Property       Ideal_Value   fitted_Value  Error    Weighted_Err**2   Weight
   --------             ------   -------     -----     ------------
 
eg1v             -11.59000 -10.07862312   1.51137688       0.01700508     1.000
evbm              -4.63391  -4.63269384   0.00122034       0.03398308   700.000
eg1c               1.47500   1.47489049  -0.00010951       0.00022051   200.000
eg15c              5.36000   4.93928510  -0.42071490       0.02464372     2.000
ex1v             -11.04000  -9.37613098   1.66386902       0.00567859     0.500
ex3v              -4.57000  -3.51575871   1.05424129       0.01330417     0.500
ex5v              -2.05000  -1.14518309   0.90481691       1.75329987     3.000
ex1c               3.29000   3.52421110   0.23421110       0.12669608     5.000
ex3c               3.95000   3.52846555  -0.42153445       0.04555457     2.000
el1v             -11.16000  -9.56249915   1.59750085       0.00020491     0.100
el2v              -4.76000  -3.44896392   1.31103608       0.01896511     0.500
el3v              -0.85000  -0.45718017   0.39281983       0.85429711     2.000
el1c               2.70000   2.66220191  -0.03779809       0.00489950     5.000
el3c               6.18000   5.55779398  -0.62220602       0.04054632     2.000
mg1c               0.12800   0.13304211   0.00504211       0.62067605    20.000
mghh100            1.31500   0.89701027  -0.41798973       2.52592078     5.000
mghh111            2.56500   1.96467080  -0.60032920       0.01369444     0.500
mghh110            2.09200   1.54311946  -0.54888054       0.01720966     0.500
mglh100            0.16600   0.17540704   0.00940704       0.00321137     1.000
mglh111            0.15700   0.15869106   0.00169106       0.00011602     1.000
dpa               -3.70000  -3.55341924   0.14658076       0.62778436    20.000
dpag15v            0.89000   0.92542188   0.03542188       0.15840288    10.000
dpaGX              1.44000   1.47386414   0.03386414       0.01382596     5.000
dpaGL             -1.88000  -1.09593810   0.78406190       4.34835518     5.000
dpb100            -1.20000  -1.55212109  -0.35212109       5.51063397     8.000
edso0              0.89000   0.87979777  -0.01020223       0.11826395    30.000
edso1              0.53000   0.52241054  -0.00758946       0.00512638     5.000
edso2              0.38000   0.43400921   0.05400921       0.08080319     2.000
 
 Total Error =    16.9833227707741     
 
 Iteration no.          501
 Values of the pseudopotential parameters
 ----------------------------------------
 Weight of Kinetic Energy   1.00000000000000     
 
 6.88000  0.80000  1.00000           ! Ecut, Smth, scalkin
 
 Cd       48052       ! Atom, atomic_num
 2.6280000000000E+02      4          !norm. atomic volume, ngauss
 8.6059344094116E-02      1          !SO param
 0.0000000000000E+00      0          !af param for strain
 0.0000000000000E+00      0          !beta param
-5.1548372067388E-01  0.0000000000000E+00  1.6549723562838E+00   1  0  1  !gaussian's param
-5.4274454981484E-03  2.4844191668074E+00  1.2509115222656E+00   1  1  1  !gaussian's param
 1.1154477692049E+00 -9.2650565694523E-01  2.8353296717261E+00   1  1  1  !gaussian's param
 5.7443196525104E-02  1.5998061167672E+00  4.2002192283345E+00   1  1  1  !gaussian's param
 
 Te       52048       ! Atom, atomic_num
 1.4520000000000E+02      4          !norm. atomic volume, ngauss
 3.3410174414195E-01      1          !SO param
 1.5594023215328E-01      1          !af param for strain
 0.0000000000000E+00      0          !beta param
-1.4935550941689E+00  0.0000000000000E+00  1.1668947941047E+00   1  0  1  !gaussian's param
-1.3171250413868E-06  7.0862058874632E-02  1.8774522991414E+00   1  1  1  !gaussian's param
-9.9356454335289E-03  7.2442513191268E-01  1.0001242207624E-01   1  1  1  !gaussian's param
 1.1704480015965E-01  9.3713368743945E-02  1.6001493083025E-01   1  1  1  !gaussian's param
 Results for structure bulkCdTe.config               
X-point:  1.00000  0.00000  0.00000
The  8th state is the VBM of bulkCdTe.config     
   Property       Ideal_Value   fitted_Value  Error    Weighted_Err**2   Weight
   --------             ------   -------     -----     ------------
 
eg1v             -11.59000 -10.07880403   1.51119597       0.01700101     1.000
evbm              -4.63391  -4.63369227   0.00022191       0.00112369   700.000
eg1c               1.47500   1.47474634  -0.00025366       0.00118296   200.000
eg15c              5.36000   4.93955706  -0.42044294       0.02461187     2.000
ex1v             -11.04000  -9.37639427   1.66360573       0.00567679     0.500
ex3v              -4.57000  -3.51577099   1.05422901       0.01330386     0.500
ex5v              -2.05000  -1.14508205   0.90491795       1.75369149     3.000
ex1c               3.29000   3.52472914   0.23472914       0.12725716     5.000
ex3c               3.95000   3.52859671  -0.42140329       0.04552623     2.000
el1v             -11.16000  -9.56274154   1.59725846       0.00020484     0.100
el2v              -4.76000  -3.44891803   1.31108197       0.01896644     0.500
el3v              -0.85000  -0.45714511   0.39285489       0.85444963     2.000
el1c               2.70000   2.66225853  -0.03774147       0.00488484     5.000
el3c               6.18000   5.55815675  -0.62184325       0.04049906     2.000
mg1c               0.12800   0.13304027   0.00504027       0.62022243    20.000
mghh100            1.31500   0.89712483  -0.41787517       2.52453635     5.000
mghh111            2.56500   1.96487037  -0.60012963       0.01368533     0.500
mghh110            2.09200   1.54328601  -0.54871399       0.01719922     0.500
mglh100            0.16600   0.17539819   0.00939819       0.00320533     1.000
mglh111            0.15700   0.15868611   0.00168611       0.00011534     1.000
dpa               -3.70000  -3.55328076   0.14671924       0.62897108    20.000
dpag15v            0.89000   0.92598712   0.03598712       0.16349868    10.000
dpaGX              1.44000   1.34415429  -0.09584571       0.11075423     5.000
dpaGL             -1.88000  -1.09616502   0.78383498       4.34583859     5.000
dpb100            -1.20000  -1.55212139  -0.35212139       5.51064339     8.000
edso0              0.89000   0.88004905  -0.00995095       0.11251014    30.000
edso1              0.53000   0.52255763  -0.00744237       0.00492959     5.000
edso2              0.38000   0.43414154   0.05414154       0.08119961     2.000
 
 Total Error =    17.0456891591169     
 
 Iteration no.         1001
 Values of the pseudopotential parameters
 ----------------------------------------
 Weight of Kinetic Energy   1.00000000000000     
 
 6.88000  0.80000  1.00000           ! Ecut, Smth, scalkin
 
 Cd       48052       ! Atom, atomic_num
 2.6280000000000E+02      4          !norm. atomic volume, ngauss
 8.6083625550844E-02      1          !SO param
 0.0000000000000E+00      0          !af param for strain
 0.0000000000000E+00      0          !beta param
-5.1551991210030E-01  0.0000000000000E+00  1.6550769023724E+00   1  0  1  !gaussian's param
-5.4303501597294E-03  2.4845806641693E+00  1.2510131289123E+00   1  1  1  !gaussian's param
 1.1154699002677E+00 -9.2654643633359E-01  2.8355425456587E+00   1  1  1  !gaussian's param
 5.7447886411881E-02  1.5998085892170E+00  4.1999987198496E+00   1  1  1  !gaussian's param
 
 Te       52048       ! Atom, atomic_num
 1.4520000000000E+02      4          !norm. atomic volume, ngauss
 3.3429636026858E-01      1          !SO param
 1.5593521549915E-01      1          !af param for strain
 0.0000000000000E+00      0          !beta param
-1.4934371594262E+00  0.0000000000000E+00  1.1667732248234E+00   1  0  1  !gaussian's param
-1.3178168444393E-06  7.0879429200038E-02  1.8775485278026E+00   1  1  1  !gaussian's param
-9.9358296914859E-03  7.2451701715098E-01  1.0001120603088E-01   1  1  1  !gaussian's param
 1.1703612579132E-01  9.3705307912922E-02  1.6002103427658E-01   1  1  1  !gaussian's param
 Results for structure bulkCdTe.config               
X-point:  1.00000  0.00000  0.00000
The  8th state is the VBM of bulkCdTe.config     
   Property       Ideal_Value   fitted_Value  Error    Weighted_Err**2   Weight
   --------             ------   -------     -----     ------------
 
eg1v             -11.59000 -10.07969549   1.51030451       0.01698096     1.000
evbm              -4.63391  -4.63391278   0.00000140       0.00000004   700.000
eg1c               1.47500   1.47428691  -0.00071309       0.00934901   200.000
eg15c              5.36000   4.93971598  -0.42028402       0.02459326     2.000
ex1v             -11.04000  -9.37751589   1.66248411       0.00566914     0.500
ex3v              -4.57000  -3.51572966   1.05427034       0.01330490     0.500
ex5v              -2.05000  -1.14502820   0.90497180       1.75390023     3.000
ex1c               3.29000   3.52470516   0.23470516       0.12723116     5.000
ex3c               3.95000   3.52883857  -0.42116143       0.04547398     2.000
el1v             -11.16000  -9.56379734   1.59620266       0.00020457     0.100
el2v              -4.76000  -3.44891213   1.31108787       0.01896661     0.500
el3v              -0.85000  -0.45711965   0.39288035       0.85456038     2.000
el1c               2.70000   2.66220412  -0.03779588       0.00489893     5.000
el3c               6.18000   5.55830600  -0.62169400       0.04047962     2.000
mg1c               0.12800   0.13302108   0.00502108       0.61550968    20.000
mghh100            1.31500   0.89718969  -0.41781031       2.52375274     5.000
mghh111            2.56500   1.96501395  -0.59998605       0.01367879     0.500
mghh110            2.09200   1.54338937  -0.54861063       0.01719274     0.500
mglh100            0.16600   0.17536099   0.00936099       0.00318000     1.000
mglh111            0.15700   0.15865682   0.00165682       0.00011137     1.000
dpa               -3.70000  -3.55318479   0.14681521       0.62979415    20.000
dpag15v            0.89000   0.92677987   0.03677987       0.17078128    10.000
dpaGX              1.44000   1.43183807  -0.00816193       0.00080316     5.000
dpaGL             -1.88000  -1.09676919   0.78323081       4.33914178     5.000
dpb100            -1.20000  -1.55211661  -0.35211661       5.51049378     8.000
edso0              0.89000   0.88069405  -0.00930595       0.09839757    30.000
edso1              0.53000   0.52292545  -0.00707455       0.00445437     5.000
edso2              0.38000   0.43445298   0.05445298       0.08213649     2.000
 
 Total Error =    16.9250406891325     
 
 Iteration no.         1501
 Values of the pseudopotential parameters
 ----------------------------------------
 Weight of Kinetic Energy   1.00000000000000     
 
 6.88000  0.80000  1.00000           ! Ecut, Smth, scalkin
 
 Cd       48052       ! Atom, atomic_num
 2.6280000000000E+02      4          !norm. atomic volume, ngauss
 8.6094280516446E-02      1          !SO param
 0.0000000000000E+00      0          !af param for strain
 0.0000000000000E+00      0          !beta param
-5.1551614665098E-01  0.0000000000000E+00  1.6551151412574E+00   1  0  1  !gaussian's param
-5.4304166807359E-03  2.4846035703720E+00  1.2510592231880E+00   1  1  1  !gaussian's param
 1.1154858331228E+00 -9.2654550366061E-01  2.8354981582848E+00   1  1  1  !gaussian's param
 5.7448906205340E-02  1.5998074460619E+00  4.1999124926545E+00   1  1  1  !gaussian's param
 
 Te       52048       ! Atom, atomic_num
 1.4520000000000E+02      4          !norm. atomic volume, ngauss
 3.3457904216472E-01      1          !SO param
 1.5591785548028E-01      1          !af param for strain
 0.0000000000000E+00      0          !beta param
-1.4934430372223E+00  0.0000000000000E+00  1.1667780322286E+00   1  0  1  !gaussian's param
-1.3179326162651E-06  7.0886059380503E-02  1.8775429555157E+00   1  1  1  !gaussian's param
-9.9356482670420E-03  7.2452463230487E-01  1.0001137644008E-01   1  1  1  !gaussian's param
 1.1704763927391E-01  9.3706955375537E-02  1.6001974263240E-01   1  1  1  !gaussian's param
 Results for structure bulkCdTe.config               
X-point:  1.00000  0.00000  0.00000
The  8th state is the VBM of bulkCdTe.config     
   Property       Ideal_Value   fitted_Value  Error    Weighted_Err**2   Weight
   --------             ------   -------     -----     ------------
 
eg1v             -11.59000 -10.07957190   1.51042810       0.01698374     1.000
evbm              -4.63391  -4.63357103   0.00034315       0.00268706   700.000
eg1c               1.47500   1.47446601  -0.00053399       0.00524251   200.000
eg15c              5.36000   4.93941501  -0.42058499       0.02462850     2.000
ex1v             -11.04000  -9.37731532   1.66268468       0.00567050     0.500
ex3v              -4.57000  -3.51599690   1.05400310       0.01329815     0.500
ex5v              -2.05000  -1.14509081   0.90490919       1.75365755     3.000
ex1c               3.29000   3.52448132   0.23448132       0.12698859     5.000
ex3c               3.95000   3.52862919  -0.42137081       0.04551921     2.000
el1v             -11.16000  -9.56361839   1.59638161       0.00020462     0.100
el2v              -4.76000  -3.44918347   1.31081653       0.01895876     0.500
el3v              -0.85000  -0.45714465   0.39285535       0.85445165     2.000
el1c               2.70000   2.66216191  -0.03783809       0.00490988     5.000
el3c               6.18000   5.55799589  -0.62200411       0.04052001     2.000
mg1c               0.12800   0.13303948   0.00503948       0.62002779    20.000
mghh100            1.31500   0.89711700  -0.41788300       2.52463099     5.000
mghh111            2.56500   1.96488620  -0.60011380       0.01368461     0.500
mghh110            2.09200   1.54328365  -0.54871635       0.01719937     0.500
mglh100            0.16600   0.17537048   0.00937048       0.00318645     1.000
mglh111            0.15700   0.15866310   0.00166310       0.00011221     1.000
dpa               -3.70000  -3.55370051   0.14629949       0.62537740    20.000
dpag15v            0.89000   0.92700860   0.03700860       0.17291204    10.000
dpaGX              1.44000   1.43668248  -0.00331752       0.00013269     5.000
dpaGL             -1.88000  -1.09697862   0.78302138       4.33682151     5.000
dpb100            -1.20000  -1.55215148  -0.35215148       5.51158495     8.000
edso0              0.89000   0.88144188  -0.00855812       0.08321839    30.000
edso1              0.53000   0.52334958  -0.00665042       0.00393628     5.000
edso2              0.38000   0.43480963   0.05480963       0.08321593     2.000
 
 Total Error =    16.9097613513821     
 
 Iteration no.         2001
 Values of the pseudopotential parameters
 ----------------------------------------
 Weight of Kinetic Energy   1.00000000000000     
 
 6.88000  0.80000  1.00000           ! Ecut, Smth, scalkin
 
 Cd       48052       ! Atom, atomic_num
 2.6280000000000E+02      4          !norm. atomic volume, ngauss
 8.6250731974777E-02      1          !SO param
 0.0000000000000E+00      0          !af param for strain
 0.0000000000000E+00      0          !beta param
-5.1553936887778E-01  0.0000000000000E+00  1.6551920476769E+00   1  0  1  !gaussian's param
-5.4313230713694E-03  2.4851787982191E+00  1.2510728287971E+00   1  1  1  !gaussian's param
 1.1154918291861E+00 -9.2657179010205E-01  2.8354676713010E+00   1  1  1  !gaussian's param
 5.7482123023680E-02  1.5998244296705E+00  4.1996190160341E+00   1  1  1  !gaussian's param
 
 Te       52048       ! Atom, atomic_num
 1.4520000000000E+02      4          !norm. atomic volume, ngauss
 3.3803620936884E-01      1          !SO param
 1.5525585971686E-01      1          !af param for strain
 0.0000000000000E+00      0          !beta param
-1.4934072555360E+00  0.0000000000000E+00  1.1666967324699E+00   1  0  1  !gaussian's param
-1.3163062058588E-06  7.1138989995903E-02  1.8776660279876E+00   1  1  1  !gaussian's param
-9.9351793698703E-03  7.2449500427124E-01  1.0004223777013E-01   1  1  1  !gaussian's param
 1.1709142613815E-01  9.3711189611123E-02  1.5993969483402E-01   1  1  1  !gaussian's param
 Results for structure bulkCdTe.config               
X-point:  1.00000  0.00000  0.00000
The  8th state is the VBM of bulkCdTe.config     
   Property       Ideal_Value   fitted_Value  Error    Weighted_Err**2   Weight
   --------             ------   -------     -----     ------------
 
eg1v             -11.59000 -10.08040939   1.50959061       0.01696491     1.000
evbm              -4.63391  -4.63165424   0.00225994       0.11654507   700.000
eg1c               1.47500   1.47422881  -0.00077119       0.01093451   200.000
eg15c              5.36000   4.93626328  -0.42373672       0.02499900     2.000
ex1v             -11.04000  -9.37783724   1.66216276       0.00566694     0.500
ex3v              -4.57000  -3.51931744   1.05068256       0.01321450     0.500
ex5v              -2.05000  -1.14562889   0.90437111       1.75157260     3.000
ex1c               3.29000   3.52250676   0.23250676       0.12485887     5.000
ex3c               3.95000   3.52681831  -0.42318169       0.04591129     2.000
el1v             -11.16000  -9.56423576   1.59576424       0.00020446     0.100
el2v              -4.76000  -3.45241185   1.30758815       0.01886549     0.500
el3v              -0.85000  -0.45738706   0.39261294       0.85339749     2.000
el1c               2.70000   2.66101182  -0.03898818       0.00521289     5.000
el3c               6.18000   5.55512064  -0.62487936       0.04089549     2.000
mg1c               0.12800   0.13310805   0.00510805       0.63701617    20.000
mghh100            1.31500   0.89648342  -0.41851658       2.53229230     5.000
mghh111            2.56500   1.96368287  -0.60131713       0.01373955     0.500
mghh110            2.09200   1.54228346  -0.54971654       0.01726213     0.500
mglh100            0.16600   0.17525752   0.00925752       0.00311009     1.000
mglh111            0.15700   0.15855856   0.00155856       0.00009855     1.000
dpa               -3.70000  -3.56295832   0.13704168       0.54873406    20.000
dpag15v            0.89000   0.93859281   0.04859281       0.29810142    10.000
dpaGX              1.44000   1.48477913   0.04477913       0.02417500     5.000
dpaGL             -1.88000  -1.10470639   0.77529361       4.25164229     5.000
dpb100            -1.20000  -1.55275442  -0.35275442       5.53047481     8.000
edso0              0.89000   0.89090436   0.00090436       0.00092928    30.000
edso1              0.53000   0.52872859  -0.00127141       0.00014387     5.000
edso2              0.38000   0.43934824   0.05934824       0.09756824     2.000
 
 Total Error =    16.9845312432335     
 
 Iteration no.         2501
 Values of the pseudopotential parameters
 ----------------------------------------
 Weight of Kinetic Energy   1.00000000000000     
 
 6.88000  0.80000  1.00000           ! Ecut, Smth, scalkin
 
 Cd       48052       ! Atom, atomic_num
 2.6280000000000E+02      4          !norm. atomic volume, ngauss
 8.6332338670337E-02      1          !SO param
 0.0000000000000E+00      0          !af param for strain
 0.0000000000000E+00      0          !beta param
-5.1560809754796E-01  0.0000000000000E+00  1.6551717728277E+00   1  0  1  !gaussian's param
-5.4305780280740E-03  2.4851601504836E+00  1.2510684973520E+00   1  1  1  !gaussian's param
 1.1153410820929E+00 -9.2663937845745E-01  2.8356581780326E+00   1  1  1  !gaussian's param
 5.7476361590967E-02  1.5998353889065E+00  4.1996807107686E+00   1  1  1  !gaussian's param
 
 Te       52048       ! Atom, atomic_num
 1.4520000000000E+02      4          !norm. atomic volume, ngauss
 3.3668541542053E-01      1          !SO param
 1.5569648647853E-01      1          !af param for strain
 0.0000000000000E+00      0          !beta param
-1.4934163272582E+00  0.0000000000000E+00  1.1666843776482E+00   1  0  1  !gaussian's param
-1.3155561335083E-06  7.1142525907192E-02  1.8776050834420E+00   1  1  1  !gaussian's param
-9.9353008224845E-03  7.2449182737582E-01  1.0003029765635E-01   1  1  1  !gaussian's param
 1.1708933959980E-01  9.3710368756302E-02  1.5994175592917E-01   1  1  1  !gaussian's param
 Results for structure bulkCdTe.config               
X-point:  1.00000  0.00000  0.00000
The  8th state is the VBM of bulkCdTe.config     
   Property       Ideal_Value   fitted_Value  Error    Weighted_Err**2   Weight
   --------             ------   -------     -----     ------------
 
eg1v             -11.59000 -10.07956700   1.51043300       0.01698385     1.000
evbm              -4.63391  -4.63380546   0.00010872       0.00026973   700.000
eg1c               1.47500   1.47466830  -0.00033170       0.00202286   200.000
eg15c              5.36000   4.93739939  -0.42260061       0.02486513     2.000
ex1v             -11.04000  -9.37701121   1.66298879       0.00567258     0.500
ex3v              -4.57000  -3.51811167   1.05188833       0.01324485     0.500
ex5v              -2.05000  -1.14540948   0.90459052       1.75242261     3.000
ex1c               3.29000   3.52358802   0.23358802       0.12602286     5.000
ex3c               3.95000   3.52771024  -0.42228976       0.04571797     2.000
el1v             -11.16000  -9.56340684   1.59659316       0.00020467     0.100
el2v              -4.76000  -3.45117522   1.30882478       0.01890119     0.500
el3v              -0.85000  -0.45729375   0.39270625       0.85380317     2.000
el1c               2.70000   2.66169237  -0.03830763       0.00503249     5.000
el3c               6.18000   5.55632305  -0.62367695       0.04073826     2.000
mg1c               0.12800   0.13310370   0.00510370       0.63593217    20.000
mghh100            1.31500   0.89673532  -0.41826468       2.52924493     5.000
mghh111            2.56500   1.96415477  -0.60084523       0.01371799     0.500
mghh110            2.09200   1.54268307  -0.54931693       0.01723704     0.500
mglh100            0.16600   0.17533152   0.00933152       0.00316001     1.000
mglh111            0.15700   0.15862393   0.00162393       0.00010699     1.000
dpa               -3.70000  -3.55950554   0.14049446       0.57673318    20.000
dpag15v            0.89000   0.93281553   0.04281553       0.23143164    10.000
dpaGX              1.44000   1.42461786  -0.01538214       0.00285265     5.000
dpaGL             -1.88000  -1.10122498   0.77877502       4.28991149     5.000
dpb100            -1.20000  -1.55269206  -0.35269206       5.52851949     8.000
edso0              0.89000   0.88720418  -0.00279582       0.00888141    30.000
edso1              0.53000   0.52663476  -0.00336524       0.00100791     5.000
edso2              0.38000   0.43756117   0.05756117       0.09178085     2.000
 
 Total Error =    16.8364199448576     
 
 Iteration no.         3001
 Values of the pseudopotential parameters
 ----------------------------------------
 Weight of Kinetic Energy   1.00000000000000     
 
 6.88000  0.80000  1.00000           ! Ecut, Smth, scalkin
 
 Cd       48052       ! Atom, atomic_num
 2.6280000000000E+02      4          !norm. atomic volume, ngauss
 8.6276984708445E-02      1          !SO param
 0.0000000000000E+00      0          !af param for strain
 0.0000000000000E+00      0          !beta param
-5.1589757852974E-01  0.0000000000000E+00  1.6551634678149E+00   1  0  1  !gaussian's param
-5.4301260953350E-03  2.4851469547265E+00  1.2510535897782E+00   1  1  1  !gaussian's param
 1.1154262877633E+00 -9.2659920068105E-01  2.8353126446215E+00   1  1  1  !gaussian's param
 5.7481938420702E-02  1.5998529831759E+00  4.1997265178224E+00   1  1  1  !gaussian's param
 
 Te       52048       ! Atom, atomic_num
 1.4520000000000E+02      4          !norm. atomic volume, ngauss
 3.3709244834322E-01      1          !SO param
 1.5579052048621E-01      1          !af param for strain
 0.0000000000000E+00      0          !beta param
-1.4934157855160E+00  0.0000000000000E+00  1.1666838447377E+00   1  0  1  !gaussian's param
-1.3151142038270E-06  7.1070370864175E-02  1.8776107178175E+00   1  1  1  !gaussian's param
-9.9352267670522E-03  7.2450876581563E-01  1.0003310376173E-01   1  1  1  !gaussian's param
 1.1715132640090E-01  9.3709841841740E-02  1.5993614217904E-01   1  1  1  !gaussian's param
 Results for structure bulkCdTe.config               
X-point:  1.00000  0.00000  0.00000
The  8th state is the VBM of bulkCdTe.config     
   Property       Ideal_Value   fitted_Value  Error    Weighted_Err**2   Weight
   --------             ------   -------     -----     ------------
 
eg1v             -11.59000 -10.07777301   1.51222699       0.01702422     1.000
evbm              -4.63391  -4.63450974  -0.00059556       0.00809370   700.000
eg1c               1.47500   1.47399142  -0.00100858       0.01870244   200.000
eg15c              5.36000   4.93545430  -0.42454570       0.02509454     2.000
ex1v             -11.04000  -9.37447622   1.66552378       0.00568989     0.500
ex3v              -4.57000  -3.51990008   1.05009992       0.01319985     0.500
ex5v              -2.05000  -1.14578722   0.90421278       1.75095936     3.000
ex1c               3.29000   3.52269413   0.23269413       0.12506019     5.000
ex3c               3.95000   3.52631422  -0.42368578       0.04602074     2.000
el1v             -11.16000  -9.56109249   1.59890751       0.00020527     0.100
el2v              -4.76000  -3.45265421   1.30734579       0.01885850     0.500
el3v              -0.85000  -0.45749375   0.39250625       0.85293373     2.000
el1c               2.70000   2.66048799  -0.03951201       0.00535391     5.000
el3c               6.18000   5.55480041  -0.62519959       0.04093741     2.000
mg1c               0.12800   0.13303131   0.00503131       0.61801985    20.000
mghh100            1.31500   0.89627535  -0.41872465       2.53481088     5.000
mghh111            2.56500   1.96309612  -0.60190388       0.01376637     0.500
mghh110            2.09200   1.54185735  -0.55014265       0.01728890     0.500
mglh100            0.16600   0.17518613   0.00918613       0.00306231     1.000
mglh111            0.15700   0.15849755   0.00149755       0.00009098     1.000
dpa               -3.70000  -3.56426752   0.13573248       0.53829966    20.000
dpag15v            0.89000   0.93413270   0.04413270       0.24589010    10.000
dpaGX              1.44000   1.25606687  -0.18393313       0.40788240     5.000
dpaGL             -1.88000  -1.10317408   0.77682592       4.26846499     5.000
dpb100            -1.20000  -1.55360259  -0.35360259       5.55710193     8.000
edso0              0.89000   0.88797956  -0.00202044       0.00463825    30.000
edso1              0.53000   0.52708620  -0.00291380       0.00075563     5.000
edso2              0.38000   0.43794907   0.05794907       0.09302201     2.000
 
 Total Error =    17.2312279915078     
 
 Iteration no.         3501
 Values of the pseudopotential parameters
 ----------------------------------------
 Weight of Kinetic Energy   1.00000000000000     
 
 6.88000  0.80000  1.00000           ! Ecut, Smth, scalkin
 
 Cd       48052       ! Atom, atomic_num
 2.6280000000000E+02      4          !norm. atomic volume, ngauss
 8.4873019153441E-02      1          !SO param
 0.0000000000000E+00      0          !af param for strain
 0.0000000000000E+00      0          !beta param
-5.1577872241569E-01  0.0000000000000E+00  1.6551702217230E+00   1  0  1  !gaussian's param
-5.4350871921898E-03  2.4880331126480E+00  1.2511996626881E+00   1  1  1  !gaussian's param
 1.1155428249135E+00 -9.2637464369708E-01  2.8349562549241E+00   1  1  1  !gaussian's param
 5.7498960299449E-02  1.6001526714237E+00  4.1996882933937E+00   1  1  1  !gaussian's param
 
 Te       52048       ! Atom, atomic_num
 1.4520000000000E+02      4          !norm. atomic volume, ngauss
 3.3642903397671E-01      1          !SO param
 1.5603198649742E-01      1          !af param for strain
 0.0000000000000E+00      0          !beta param
-1.4934103698034E+00  0.0000000000000E+00  1.1666627372258E+00   1  0  1  !gaussian's param
-1.3141079405142E-06  7.1005819358206E-02  1.8776011875015E+00   1  1  1  !gaussian's param
-9.9361160668935E-03  7.2441442382841E-01  1.0080467069895E-01   1  1  1  !gaussian's param
 1.1712683456012E-01  9.3714285425756E-02  1.5993364141043E-01   1  1  1  !gaussian's param
 Results for structure bulkCdTe.config               
X-point:  1.00000  0.00000  0.00000
The  8th state is the VBM of bulkCdTe.config     
   Property       Ideal_Value   fitted_Value  Error    Weighted_Err**2   Weight
   --------             ------   -------     -----     ------------
 
eg1v             -11.59000 -10.07771561   1.51228439       0.01702551     1.000
evbm              -4.63391  -4.63378051   0.00013367       0.00040775   700.000
eg1c               1.47500   1.47499584  -0.00000416       0.00000032   200.000
eg15c              5.36000   4.93694763  -0.42305237       0.02491831     2.000
ex1v             -11.04000  -9.37466326   1.66533674       0.00568861     0.500
ex3v              -4.57000  -3.51871315   1.05128685       0.01322970     0.500
ex5v              -2.05000  -1.14543318   0.90456682       1.75233079     3.000
ex1c               3.29000   3.52384053   0.23384053       0.12629547     5.000
ex3c               3.95000   3.52778116  -0.42221884       0.04570261     2.000
el1v             -11.16000  -9.56121963   1.59878037       0.00020523     0.100
el2v              -4.76000  -3.45152960   1.30847040       0.01889095     0.500
el3v              -0.85000  -0.45744120   0.39255880       0.85316214     2.000
el1c               2.70000   2.66173138  -0.03826862       0.00502225     5.000
el3c               6.18000   5.55615934  -0.62384066       0.04075965     2.000
mg1c               0.12800   0.13309495   0.00509495       0.63375304    20.000
mghh100            1.31500   0.89670272  -0.41829728       2.52963923     5.000
mghh111            2.56500   1.96338180  -0.60161820       0.01375331     0.500
mghh110            2.09200   1.54228607  -0.54971393       0.01726196     0.500
mglh100            0.16600   0.17532555   0.00932555       0.00315597     1.000
mglh111            0.15700   0.15862310   0.00162310       0.00010688     1.000
dpa               -3.70000  -3.56306536   0.13693464       0.54787713    20.000
dpag15v            0.89000   0.92923792   0.03923792       0.19437121    10.000
dpaGX              1.44000   1.36316911  -0.07683089       0.07116832     5.000
dpaGL             -1.88000  -1.10226118   0.77773882       4.27850318     5.000
dpb100            -1.20000  -1.55327025  -0.35327025       5.54666085     8.000
edso0              0.89000   0.88623044  -0.00376956       0.01614521    30.000
edso1              0.53000   0.52601811  -0.00398189       0.00141113     5.000
edso2              0.38000   0.43731465   0.05731465       0.09099637     2.000
 
 Total Error =    16.8484430837345     
 
 Iteration no.         4001
 Values of the pseudopotential parameters
 ----------------------------------------
 Weight of Kinetic Energy   1.00000000000000     
 
 6.88000  0.80000  1.00000           ! Ecut, Smth, scalkin
 
 Cd       48052       ! Atom, atomic_num
 2.6280000000000E+02      4          !norm. atomic volume, ngauss
 8.6604379262346E-02      1          !SO param
 0.0000000000000E+00      0          !af param for strain
 0.0000000000000E+00      0          !beta param
-5.1582817602911E-01  0.0000000000000E+00  1.6551700583921E+00   1  0  1  !gaussian's param
-5.4344874728736E-03  2.4878017723520E+00  1.2511013958910E+00   1  1  1  !gaussian's param
 1.1156255176681E+00 -9.2640700619577E-01  2.8349972101364E+00   1  1  1  !gaussian's param
 5.7505845401446E-02  1.6000894893696E+00  4.1996905620190E+00   1  1  1  !gaussian's param
 
 Te       52048       ! Atom, atomic_num
 1.4520000000000E+02      4          !norm. atomic volume, ngauss
 3.3635768807518E-01      1          !SO param
 1.5592018962045E-01      1          !af param for strain
 0.0000000000000E+00      0          !beta param
-1.4933959912573E+00  0.0000000000000E+00  1.1666856851793E+00   1  0  1  !gaussian's param
-1.3165189468929E-06  7.1090103165235E-02  1.8776313247576E+00   1  1  1  !gaussian's param
-9.9323344267738E-03  7.2417576744732E-01  1.0030658975236E-01   1  1  1  !gaussian's param
 1.1712578462047E-01  9.3703477039973E-02  1.5994269032466E-01   1  1  1  !gaussian's param
 Results for structure bulkCdTe.config               
X-point:  1.00000  0.00000  0.00000
The  8th state is the VBM of bulkCdTe.config     
   Property       Ideal_Value   fitted_Value  Error    Weighted_Err**2   Weight
   --------             ------   -------     -----     ------------
 
eg1v             -11.59000 -10.07756474   1.51243526       0.01702890     1.000
evbm              -4.63391  -4.63371742   0.00019676       0.00088342   700.000
eg1c               1.47500   1.47453447  -0.00046553       0.00398439   200.000
eg15c              5.36000   4.93566526  -0.42433474       0.02506961     2.000
ex1v             -11.04000  -9.37437080   1.66562920       0.00569061     0.500
ex3v              -4.57000  -3.51908047   1.05091953       0.01322046     0.500
ex5v              -2.05000  -1.14573355   0.90426645       1.75116724     3.000
ex1c               3.29000   3.52320919   0.23320919       0.12561443     5.000
ex3c               3.95000   3.52740837  -0.42259163       0.04578335     2.000
el1v             -11.16000  -9.56096648   1.59903352       0.00020530     0.100
el2v              -4.76000  -3.45185898   1.30814102       0.01888145     0.500
el3v              -0.85000  -0.45748035   0.39251965       0.85299199     2.000
el1c               2.70000   2.66122630  -0.03877370       0.00515569     5.000
el3c               6.18000   5.55536703  -0.62463297       0.04086324     2.000
mg1c               0.12800   0.13304588   0.00504588       0.62160460    20.000
mghh100            1.31500   0.89633127  -0.41866873       2.53413391     5.000
mghh111            2.56500   1.96317205  -0.60182795       0.01376290     0.500
mghh110            2.09200   1.54194183  -0.55005817       0.01728359     0.500
mglh100            0.16600   0.17525710   0.00925710       0.00310981     1.000
mglh111            0.15700   0.15855686   0.00155686       0.00009833     1.000
dpa               -3.70000  -3.56471854   0.13528146       0.53472823    20.000
dpag15v            0.89000   0.93151921   0.04151921       0.21762967    10.000
dpaGX              1.44000   1.44879637   0.00879637       0.00093287     5.000
dpaGL             -1.88000  -1.10337306   0.77662694       4.26627860     5.000
dpb100            -1.20000  -1.55344639  -0.35344639       5.55219338     8.000
edso0              0.89000   0.88599239  -0.00400761       0.01824874    30.000
edso1              0.53000   0.52596721  -0.00403279       0.00144744     5.000
edso2              0.38000   0.43694443   0.05694443       0.08982461     2.000
 
 Total Error =    16.7778167472707     
 
 Iteration no.         4501
 Values of the pseudopotential parameters
 ----------------------------------------
 Weight of Kinetic Energy   1.00000000000000     
 
 6.88000  0.80000  1.00000           ! Ecut, Smth, scalkin
 
 Cd       48052       ! Atom, atomic_num
 2.6280000000000E+02      4          !norm. atomic volume, ngauss
 8.6701412968772E-02      1          !SO param
 0.0000000000000E+00      0          !af param for strain
 0.0000000000000E+00      0          !beta param
-5.1582760855469E-01  0.0000000000000E+00  1.6551738138709E+00   1  0  1  !gaussian's param
-5.4402463143702E-03  2.4891658349108E+00  1.2510394218234E+00   1  1  1  !gaussian's param
 1.1155488571381E+00 -9.2650175260794E-01  2.8350755391839E+00   1  1  1  !gaussian's param
 5.7558828372346E-02  1.6005796942931E+00  4.1996855273102E+00   1  1  1  !gaussian's param
 
 Te       52048       ! Atom, atomic_num
 1.4520000000000E+02      4          !norm. atomic volume, ngauss
 3.3627660368076E-01      1          !SO param
 1.5592181277769E-01      1          !af param for strain
 0.0000000000000E+00      0          !beta param
-1.4933950130408E+00  0.0000000000000E+00  1.1666765771920E+00   1  0  1  !gaussian's param
-1.3167079232130E-06  7.1081899617755E-02  1.8775275732945E+00   1  1  1  !gaussian's param
-9.9273178492246E-03  7.2434116280328E-01  1.0029687651074E-01   1  1  1  !gaussian's param
 1.1715434382316E-01  9.3759389038540E-02  1.5993919057412E-01   1  1  1  !gaussian's param
 Results for structure bulkCdTe.config               
X-point:  1.00000  0.00000  0.00000
The  8th state is the VBM of bulkCdTe.config     
   Property       Ideal_Value   fitted_Value  Error    Weighted_Err**2   Weight
   --------             ------   -------     -----     ------------
 
eg1v             -11.59000 -10.07624501   1.51375499       0.01705864     1.000
evbm              -4.63391  -4.63424668  -0.00033250       0.00252273   700.000
eg1c               1.47500   1.47500398   0.00000398       0.00000029   200.000
eg15c              5.36000   4.93424638  -0.42575362       0.02523755     2.000
ex1v             -11.04000  -9.37265103   1.66734897       0.00570236     0.500
ex3v              -4.57000  -3.51967010   1.05032990       0.01320563     0.500
ex5v              -2.05000  -1.14597368   0.90402632       1.75023731     3.000
ex1c               3.29000   3.52297775   0.23297775       0.12536523     5.000
ex3c               3.95000   3.52765521  -0.42234479       0.04572988     2.000
el1v             -11.16000  -9.55937909   1.60062091       0.00020571     0.100
el2v              -4.76000  -3.45228437   1.30771563       0.01886917     0.500
el3v              -0.85000  -0.45764089   0.39235911       0.85229436     2.000
el1c               2.70000   2.66134280  -0.03865720       0.00512476     5.000
el3c               6.18000   5.55467761  -0.62532239       0.04095350     2.000
mg1c               0.12800   0.13304431   0.00504431       0.62121730    20.000
mghh100            1.31500   0.89603189  -0.41896811       2.53775935     5.000
mghh111            2.56500   1.96233828  -0.60266172       0.01380106     0.500
mghh110            2.09200   1.54135147  -0.55064853       0.01732071     0.500
mglh100            0.16600   0.17526085   0.00926085       0.00311233     1.000
mglh111            0.15700   0.15855597   0.00155597       0.00009822     1.000
dpa               -3.70000  -3.57074270   0.12925730       0.48816511    20.000
dpag15v            0.89000   0.93423365   0.04423365       0.24701628    10.000
dpaGX              1.44000   1.60530880   0.16530880       0.32946323     5.000
dpaGL             -1.88000  -1.10697149   0.77302851       4.22683535     5.000
dpb100            -1.20000  -1.55377332  -0.35377332       5.56246931     8.000
edso0              0.89000   0.88550551  -0.00449449       0.02295215    30.000
edso1              0.53000   0.52569289  -0.00430711       0.00165105     5.000
edso2              0.38000   0.43669787   0.05669787       0.08904845     2.000
 
 Total Error =    17.0634169824551     
 
 Iteration no.         5001
 Values of the pseudopotential parameters
 ----------------------------------------
 Weight of Kinetic Energy   1.00000000000000     
 
 6.88000  0.80000  1.00000           ! Ecut, Smth, scalkin
 
 Cd       48052       ! Atom, atomic_num
 2.6280000000000E+02      4          !norm. atomic volume, ngauss
 8.6685812909959E-02      1          !SO param
 0.0000000000000E+00      0          !af param for strain
 0.0000000000000E+00      0          !beta param
-5.1583479083623E-01  0.0000000000000E+00  1.6551730239544E+00   1  0  1  !gaussian's param
-5.4408190393440E-03  2.4892850772813E+00  1.2515381421006E+00   1  1  1  !gaussian's param
 1.1155641915201E+00 -9.2652470331987E-01  2.8351001297474E+00   1  1  1  !gaussian's param
 5.7553370292967E-02  1.6008260872080E+00  4.1996876963337E+00   1  1  1  !gaussian's param
 
 Te       52048       ! Atom, atomic_num
 1.4520000000000E+02      4          !norm. atomic volume, ngauss
 3.3641092208001E-01      1          !SO param
 1.5594087066327E-01      1          !af param for strain
 0.0000000000000E+00      0          !beta param
-1.4933971247673E+00  0.0000000000000E+00  1.1666770894228E+00   1  0  1  !gaussian's param
-1.3167782168652E-06  7.1096322878395E-02  1.8779117089131E+00   1  1  1  !gaussian's param
-9.9292127117261E-03  7.2437575818406E-01  1.0035962652683E-01   1  1  1  !gaussian's param
 1.1720462995760E-01  9.3778573543897E-02  1.5993773129769E-01   1  1  1  !gaussian's param
 Results for structure bulkCdTe.config               
X-point:  1.00000  0.00000  0.00000
The  8th state is the VBM of bulkCdTe.config     
   Property       Ideal_Value   fitted_Value  Error    Weighted_Err**2   Weight
   --------             ------   -------     -----     ------------
 
eg1v             -11.59000 -10.07517576   1.51482424       0.01708274     1.000
evbm              -4.63391  -4.63369524   0.00021894       0.00109378   700.000
eg1c               1.47500   1.47501354   0.00001354       0.00000337   200.000
eg15c              5.36000   4.93333043  -0.42666957       0.02534625     2.000
ex1v             -11.04000  -9.37119955   1.66880045       0.00571230     0.500
ex3v              -4.57000  -3.52038808   1.04961192       0.01318758     0.500
ex5v              -2.05000  -1.14614576   0.90385424       1.74957107     3.000
ex1c               3.29000   3.52262696   0.23262696       0.12498800     5.000
ex3c               3.95000   3.52686640  -0.42313360       0.04590086     2.000
el1v             -11.16000  -9.55804320   1.60195680       0.00020605     0.100
el2v              -4.76000  -3.45288040   1.30711960       0.01885197     0.500
el3v              -0.85000  -0.45773362   0.39226638       0.85189155     2.000
el1c               2.70000   2.66088469  -0.03911531       0.00524694     5.000
el3c               6.18000   5.55400475  -0.62599525       0.04104168     2.000
mg1c               0.12800   0.13303340   0.00503340       0.61853277    20.000
mghh100            1.31500   0.89582358  -0.41917642       2.54028354     5.000
mghh111            2.56500   1.96185301  -0.60314699       0.01382330     0.500
mghh110            2.09200   1.54098070  -0.55101930       0.01734404     0.500
mglh100            0.16600   0.17522924   0.00922924       0.00309112     1.000
mglh111            0.15700   0.15852675   0.00152675       0.00009457     1.000
dpa               -3.70000  -3.57303316   0.12696684       0.47101762    20.000
dpag15v            0.89000   0.93450190   0.04450190       0.25002131    10.000
dpaGX              1.44000   1.45855680   0.01855680       0.00415166     5.000
dpaGL             -1.88000  -1.10791040   0.77208960       4.21657393     5.000
dpb100            -1.20000  -1.55384500  -0.35384500       5.56472364     8.000
edso0              0.89000   0.88573666  -0.00426334       0.02065204    30.000
edso1              0.53000   0.52582765  -0.00417235       0.00154935     5.000
edso2              0.38000   0.43681147   0.05681147       0.08940563     2.000
 
 Total Error =    16.7113886651796     
 
 Iteration no.         5501
 Values of the pseudopotential parameters
 ----------------------------------------
 Weight of Kinetic Energy   1.00000000000000     
 
 6.88000  0.80000  1.00000           ! Ecut, Smth, scalkin
 
 Cd       48052       ! Atom, atomic_num
 2.6280000000000E+02      4          !norm. atomic volume, ngauss
 8.6638779501181E-02      1          !SO param
 0.0000000000000E+00      0          !af param for strain
 0.0000000000000E+00      0          !beta param
-5.1585375191105E-01  0.0000000000000E+00  1.6551721126972E+00   1  0  1  !gaussian's param
-5.4361529380424E-03  2.4892896290398E+00  1.2511401042269E+00   1  1  1  !gaussian's param
 1.1155092448983E+00 -9.2639402583634E-01  2.8350231575971E+00   1  1  1  !gaussian's param
 5.7595095248406E-02  1.6014765594106E+00  4.1996885571509E+00   1  1  1  !gaussian's param
 
 Te       52048       ! Atom, atomic_num
 1.4520000000000E+02      4          !norm. atomic volume, ngauss
 3.3641361208361E-01      1          !SO param
 1.5618985872990E-01      1          !af param for strain
 0.0000000000000E+00      0          !beta param
-1.4934115117527E+00  0.0000000000000E+00  1.1666475205424E+00   1  0  1  !gaussian's param
-1.3168217229642E-06  7.1027913097149E-02  1.8773761892825E+00   1  1  1  !gaussian's param
-9.9286285206516E-03  7.2419486195688E-01  1.0036139166181E-01   1  1  1  !gaussian's param
 1.1722837179131E-01  9.3828499572085E-02  1.5993543547373E-01   1  1  1  !gaussian's param
 Results for structure bulkCdTe.config               
X-point:  1.00000  0.00000  0.00000
The  8th state is the VBM of bulkCdTe.config     
   Property       Ideal_Value   fitted_Value  Error    Weighted_Err**2   Weight
   --------             ------   -------     -----     ------------
 
eg1v             -11.59000 -10.07461653   1.51538347       0.01709536     1.000
evbm              -4.63391  -4.63350978   0.00040440       0.00373190   700.000
eg1c               1.47500   1.47438468  -0.00061532       0.00696107   200.000
eg15c              5.36000   4.93200220  -0.42799780       0.02550430     2.000
ex1v             -11.04000  -9.37040915   1.66959085       0.00571771     0.500
ex3v              -4.57000  -3.52119433   1.04880567       0.01316733     0.500
ex5v              -2.05000  -1.14631910   0.90368090       1.74890006     3.000
ex1c               3.29000   3.52256085   0.23256085       0.12491696     5.000
ex3c               3.95000   3.52680998  -0.42319002       0.04591310     2.000
el1v             -11.16000  -9.55734082   1.60265918       0.00020623     0.100
el2v              -4.76000  -3.45345492   1.30654508       0.01883540     0.500
el3v              -0.85000  -0.45788124   0.39211876       0.85125051     2.000
el1c               2.70000   2.66043051  -0.03956949       0.00536950     5.000
el3c               6.18000   5.55349338  -0.62650662       0.04110876     2.000
mg1c               0.12800   0.13296279   0.00496279       0.60130141    20.000
mghh100            1.31500   0.89559964  -0.41940036       2.54299845     5.000
mghh111            2.56500   1.96109642  -0.60390358       0.01385800     0.500
mghh110            2.09200   1.54045547  -0.55154453       0.01737712     0.500
mglh100            0.16600   0.17512390   0.00912390       0.00302096     1.000
mglh111            0.15700   0.15843859   0.00143859       0.00008396     1.000
dpa               -3.70000  -3.57587900   0.12412100       0.45013943    20.000
dpag15v            0.89000   0.93238884   0.04238884       0.22684174    10.000
dpaGX              1.44000   1.46001889   0.02001889       0.00483165     5.000
dpaGL             -1.88000  -1.10921866   0.77078134       4.20229652     5.000
dpb100            -1.20000  -1.55406518  -0.35406518       5.57165105     8.000
edso0              0.89000   0.88558595  -0.00441405       0.02213795    30.000
edso1              0.53000   0.52574432  -0.00425568       0.00161186     5.000
edso2              0.38000   0.43675569   0.05675569       0.08923014     2.000
 
 Total Error =    16.6560584087869     
 
 Iteration no.         6001
 Values of the pseudopotential parameters
 ----------------------------------------
 Weight of Kinetic Energy   1.00000000000000     
 
 6.88000  0.80000  1.00000           ! Ecut, Smth, scalkin
 
 Cd       48052       ! Atom, atomic_num
 2.6280000000000E+02      4          !norm. atomic volume, ngauss
 8.6558613475287E-02      1          !SO param
 0.0000000000000E+00      0          !af param for strain
 0.0000000000000E+00      0          !beta param
-5.1586834542932E-01  0.0000000000000E+00  1.6551725558281E+00   1  0  1  !gaussian's param
-5.4511544989374E-03  2.4896413751545E+00  1.2504701321185E+00   1  1  1  !gaussian's param
 1.1154714388206E+00 -9.2653825708812E-01  2.8350233936601E+00   1  1  1  !gaussian's param
 5.7631988520190E-02  1.6021230951533E+00  4.1996880958922E+00   1  1  1  !gaussian's param
 
 Te       52048       ! Atom, atomic_num
 1.4520000000000E+02      4          !norm. atomic volume, ngauss
 3.3650109498422E-01      1          !SO param
 1.5664572683861E-01      1          !af param for strain
 0.0000000000000E+00      0          !beta param
-1.4934108625699E+00  0.0000000000000E+00  1.1666488547765E+00   1  0  1  !gaussian's param
-1.3174054561815E-06  7.1056752618793E-02  1.8743697916955E+00   1  1  1  !gaussian's param
-9.9275673215350E-03  7.2334377827911E-01  1.0037625438775E-01   1  1  1  !gaussian's param
 1.1724854216508E-01  9.3946827782809E-02  1.5993188894497E-01   1  1  1  !gaussian's param
 Results for structure bulkCdTe.config               
X-point:  1.00000  0.00000  0.00000
The  8th state is the VBM of bulkCdTe.config     
   Property       Ideal_Value   fitted_Value  Error    Weighted_Err**2   Weight
   --------             ------   -------     -----     ------------
 
eg1v             -11.59000 -10.07379696   1.51620304       0.01711386     1.000
evbm              -4.63391  -4.63404670  -0.00013252       0.00040076   700.000
eg1c               1.47500   1.47387864  -0.00112136       0.02311877   200.000
eg15c              5.36000   4.93054861  -0.42945139       0.02567784     2.000
ex1v             -11.04000  -9.36924243   1.67075757       0.00572570     0.500
ex3v              -4.57000  -3.52215542   1.04784458       0.01314321     0.500
ex5v              -2.05000  -1.14654069   0.90345931       1.74804250     3.000
ex1c               3.29000   3.52226747   0.23226747       0.12460200     5.000
ex3c               3.95000   3.52646186  -0.42353814       0.04598867     2.000
el1v             -11.16000  -9.55629232   1.60370768       0.00020650     0.100
el2v              -4.76000  -3.45419159   1.30580841       0.01881417     0.500
el3v              -0.85000  -0.45804460   0.39195540       0.85054136     2.000
el1c               2.70000   2.65986601  -0.04013399       0.00552379     5.000
el3c               6.18000   5.55277401  -0.62722599       0.04120322     2.000
mg1c               0.12800   0.13290092   0.00490092       0.58640282    20.000
mghh100            1.31500   0.89532276  -0.41967724       2.54635721     5.000
mghh111            2.56500   1.96025292  -0.60474708       0.01389674     0.500
mghh110            2.09200   1.53985602  -0.55214398       0.01741491     0.500
mglh100            0.16600   0.17502406   0.00902406       0.00295520     1.000
mglh111            0.15700   0.15835382   0.00135382       0.00007436     1.000
dpa               -3.70000  -3.57763274   0.12236726       0.43750904    20.000
dpag15v            0.89000   0.92815729   0.03815729       0.18381249    10.000
dpaGX              1.44000   1.44189960   0.00189960       0.00004350     5.000
dpaGL             -1.88000  -1.10875749   0.77124251       4.20732665     5.000
dpb100            -1.20000  -1.55428725  -0.35428725       5.57864258     8.000
edso0              0.89000   0.88562303  -0.00437697       0.02176754    30.000
edso1              0.53000   0.52576675  -0.00423325       0.00159491     5.000
edso2              0.38000   0.43679518   0.05679518       0.08935435     2.000
 
 Total Error =    16.6072546401206     
 
 Iteration no.         6501
 Values of the pseudopotential parameters
 ----------------------------------------
 Weight of Kinetic Energy   1.00000000000000     
 
 6.88000  0.80000  1.00000           ! Ecut, Smth, scalkin
 
 Cd       48052       ! Atom, atomic_num
 2.6280000000000E+02      4          !norm. atomic volume, ngauss
 8.6574301906711E-02      1          !SO param
 0.0000000000000E+00      0          !af param for strain
 0.0000000000000E+00      0          !beta param
-5.1586448507617E-01  0.0000000000000E+00  1.6551726316799E+00   1  0  1  !gaussian's param
-5.4520360197126E-03  2.4897669910684E+00  1.2505652473365E+00   1  1  1  !gaussian's param
 1.1155388946486E+00 -9.2639732997504E-01  2.8350131643685E+00   1  1  1  !gaussian's param
 5.7636429873789E-02  1.6021155341000E+00  4.1996880035777E+00   1  1  1  !gaussian's param
 
 Te       52048       ! Atom, atomic_num
 1.4520000000000E+02      4          !norm. atomic volume, ngauss
 3.3650167428678E-01      1          !SO param
 1.5664389509842E-01      1          !af param for strain
 0.0000000000000E+00      0          !beta param
-1.4934231443239E+00  0.0000000000000E+00  1.1666236126772E+00   1  0  1  !gaussian's param
-1.3181203240212E-06  7.1056752423125E-02  1.8745706542438E+00   1  1  1  !gaussian's param
-9.9273738587014E-03  7.2327538658087E-01  1.0046058020985E-01   1  1  1  !gaussian's param
 1.1725101084689E-01  9.3994273985274E-02  1.5993066235438E-01   1  1  1  !gaussian's param
 Results for structure bulkCdTe.config               
X-point:  1.00000  0.00000  0.00000
The  8th state is the VBM of bulkCdTe.config     
   Property       Ideal_Value   fitted_Value  Error    Weighted_Err**2   Weight
   --------             ------   -------     -----     ------------
 
eg1v             -11.59000 -10.07375746   1.51624254       0.01711475     1.000
evbm              -4.63391  -4.63381356   0.00010062       0.00023103   700.000
eg1c               1.47500   1.47432759  -0.00067241       0.00831262   200.000
eg15c              5.36000   4.93085585  -0.42914415       0.02564111     2.000
ex1v             -11.04000  -9.36925594   1.67074406       0.00572561     0.500
ex3v              -4.57000  -3.52192936   1.04807064       0.01314888     0.500
ex5v              -2.05000  -1.14646218   0.90353782       1.74834629     3.000
ex1c               3.29000   3.52263405   0.23263405       0.12499561     5.000
ex3c               3.95000   3.52683122  -0.42316878       0.04590849     2.000
el1v             -11.16000  -9.55629125   1.60370875       0.00020650     0.100
el2v              -4.76000  -3.45398058   1.30601942       0.01882025     0.500
el3v              -0.85000  -0.45801147   0.39198853       0.85068516     2.000
el1c               2.70000   2.66027804  -0.03972196       0.00541095     5.000
el3c               6.18000   5.55308367  -0.62691633       0.04116254     2.000
mg1c               0.12800   0.13293788   0.00493788       0.59527971    20.000
mghh100            1.31500   0.89541479  -0.41958521       2.54524057     5.000
mghh111            2.56500   1.96043441  -0.60456559       0.01388840     0.500
mghh110            2.09200   1.54001099  -0.55198901       0.01740514     0.500
mglh100            0.16600   0.17507912   0.00907912       0.00299138     1.000
mglh111            0.15700   0.15840052   0.00140052       0.00007958     1.000
dpa               -3.70000  -3.57772509   0.12227491       0.43684891    20.000
dpag15v            0.89000   0.92763866   0.03763866       0.17884971    10.000
dpaGX              1.44000   1.44261453   0.00261453       0.00008241     5.000
dpaGL             -1.88000  -1.10892729   0.77107271       4.20547418     5.000
dpb100            -1.20000  -1.55424958  -0.35424958       5.57745618     8.000
edso0              0.89000   0.88567507  -0.00432493       0.02125300    30.000
edso1              0.53000   0.52579546  -0.00420454       0.00157335     5.000
edso2              0.38000   0.43682196   0.05682196       0.08943864     2.000
 
 Total Error =    16.5915709551028     
 
 Iteration no.         7001
 Values of the pseudopotential parameters
 ----------------------------------------
 Weight of Kinetic Energy   1.00000000000000     
 
 6.88000  0.80000  1.00000           ! Ecut, Smth, scalkin
 
 Cd       48052       ! Atom, atomic_num
 2.6280000000000E+02      4          !norm. atomic volume, ngauss
 8.6684647521028E-02      1          !SO param
 0.0000000000000E+00      0          !af param for strain
 0.0000000000000E+00      0          !beta param
-5.1587280619813E-01  0.0000000000000E+00  1.6551725924679E+00   1  0  1  !gaussian's param
-5.4565981301571E-03  2.4898965492273E+00  1.2505474140416E+00   1  1  1  !gaussian's param
 1.1155493294072E+00 -9.2631248042638E-01  2.8350095739972E+00   1  1  1  !gaussian's param
 5.7647483083185E-02  1.6022275175036E+00  4.1996878344942E+00   1  1  1  !gaussian's param
 
 Te       52048       ! Atom, atomic_num
 1.4520000000000E+02      4          !norm. atomic volume, ngauss
 3.3651538155714E-01      1          !SO param
 1.5662211916222E-01      1          !af param for strain
 0.0000000000000E+00      0          !beta param
-1.4934298865400E+00  0.0000000000000E+00  1.1665936342231E+00   1  0  1  !gaussian's param
-1.3209551379708E-06  7.1056890380397E-02  1.8740151306345E+00   1  1  1  !gaussian's param
-9.9270758323093E-03  7.2323269290048E-01  1.0054026762233E-01   1  1  1  !gaussian's param
 1.1725481381162E-01  9.4027639254894E-02  1.5992894867035E-01   1  1  1  !gaussian's param
 Results for structure bulkCdTe.config               
X-point:  1.00000  0.00000  0.00000
The  8th state is the VBM of bulkCdTe.config     
   Property       Ideal_Value   fitted_Value  Error    Weighted_Err**2   Weight
   --------             ------   -------     -----     ------------
 
eg1v             -11.59000 -10.07372214   1.51627786       0.01711554     1.000
evbm              -4.63391  -4.63388021   0.00003397       0.00002634   700.000
eg1c               1.47500   1.47448639  -0.00051361       0.00485008   200.000
eg15c              5.36000   4.93084834  -0.42915166       0.02564201     2.000
ex1v             -11.04000  -9.36924017   1.67075983       0.00572572     0.500
ex3v              -4.57000  -3.52190425   1.04809575       0.01314951     0.500
ex5v              -2.05000  -1.14643315   0.90356685       1.74845866     3.000
ex1c               3.29000   3.52291468   0.23291468       0.12529737     5.000
ex3c               3.95000   3.52711697  -0.42288303       0.04584651     2.000
el1v             -11.16000  -9.55627392   1.60372608       0.00020651     0.100
el2v              -4.76000  -3.45392469   1.30607531       0.01882186     0.500
el3v              -0.85000  -0.45800672   0.39199328       0.85070578     2.000
el1c               2.70000   2.66048787  -0.03951213       0.00535394     5.000
el3c               6.18000   5.55324873  -0.62675127       0.04114087     2.000
mg1c               0.12800   0.13294962   0.00494962       0.59811354    20.000
mghh100            1.31500   0.89544438  -0.41955562       2.54488160     5.000
mghh111            2.56500   1.96046980  -0.60453020       0.01388677     0.500
mghh110            2.09200   1.54004946  -0.55195054       0.01740271     0.500
mglh100            0.16600   0.17509572   0.00909572       0.00300232     1.000
mglh111            0.15700   0.15841478   0.00141478       0.00008120     1.000
dpa               -3.70000  -3.57886908   0.12113092       0.42871291    20.000
dpag15v            0.89000   0.92816754   0.03816754       0.18391123    10.000
dpaGX              1.44000   1.44322911   0.00322911       0.00012571     5.000
dpaGL             -1.88000  -1.10989993   0.77010007       4.19487122     5.000
dpb100            -1.20000  -1.55426178  -0.35426178       5.57784036     8.000
edso0              0.89000   0.88574041  -0.00425959       0.02061573    30.000
edso1              0.53000   0.52583808  -0.00416192       0.00154161     5.000
edso2              0.38000   0.43684413   0.05684413       0.08950846     2.000
 
 Total Error =    16.5768360790387     
Output flag from DQED, IGO =      3
 
Computed X:
 
   1.00729    
   1.00079    
   1.00005    
   1.00460    
   1.00214    
  0.999660    
   1.00003    
  0.999834    
  0.999919    
   1.00349    
   1.00152    
  0.999895    
   1.00741    
   1.00431    
  0.999948    
  0.999709    
   1.00267    
   1.00279    
  0.998203    
  0.999116    
  0.998332    
   1.00528    
   1.00186    
   1.00338    
  0.999418    
 
L2 norm of the residual, FNORM =    16.5768    
 
EPMFIT_DQED
Normal end of execution.
 
 Iteration no.         7230
 Values of the pseudopotential parameters
 ----------------------------------------
 Weight of Kinetic Energy   1.00000000000000     
 
 6.88000  0.80000  1.00000           ! Ecut, Smth, scalkin
 
 Cd       48052       ! Atom, atomic_num
 2.6280000000000E+02      4          !norm. atomic volume, ngauss
 8.6684540355505E-02      1          !SO param
 0.0000000000000E+00      0          !af param for strain
 0.0000000000000E+00      0          !beta param
-5.1587280775113E-01  0.0000000000000E+00  1.6551725923663E+00   1  0  1  !gaussian's param
-5.4565596517459E-03  2.4898964440956E+00  1.2505473582420E+00   1  1  1  !gaussian's param
 1.1155493527295E+00 -9.2631245095856E-01  2.8350095727503E+00   1  1  1  !gaussian's param
 5.7647481582078E-02  1.6022276008369E+00  4.1996878344247E+00   1  1  1  !gaussian's param
 
 Te       52048       ! Atom, atomic_num
 1.4520000000000E+02      4          !norm. atomic volume, ngauss
 3.3651538987969E-01      1          !SO param
 1.5662211005731E-01      1          !af param for strain
 0.0000000000000E+00      0          !beta param
-1.4934298756485E+00  0.0000000000000E+00  1.1665936262982E+00   1  0  1  !gaussian's param
-1.3209540804918E-06  7.1056890034759E-02  1.8740181572181E+00   1  1  1  !gaussian's param
-9.9270756105308E-03  7.2323248857070E-01  1.0054008020333E-01   1  1  1  !gaussian's param
 1.1725481664162E-01  9.4027642754469E-02  1.5992894737688E-01   1  1  1  !gaussian's param
 Results for structure bulkCdTe.config               
X-point:  1.00000  0.00000  0.00000
The  8th state is the VBM of bulkCdTe.config     
   Property       Ideal_Value   fitted_Value  Error    Weighted_Err**2   Weight
   --------             ------   -------     -----     ------------
 
eg1v             -11.59000 -10.07372223   1.51627777       0.01711554     1.000
evbm              -4.63391  -4.63387984   0.00003434       0.00002690   700.000
eg1c               1.47500   1.47448565  -0.00051435       0.00486392   200.000
eg15c              5.36000   4.93084777  -0.42915223       0.02564207     2.000
ex1v             -11.04000  -9.36924023   1.67075977       0.00572572     0.500
ex3v              -4.57000  -3.52190461   1.04809539       0.01314950     0.500
ex5v              -2.05000  -1.14643324   0.90356676       1.74845830     3.000
ex1c               3.29000   3.52291438   0.23291438       0.12529704     5.000
ex3c               3.95000   3.52711661  -0.42288339       0.04584659     2.000
el1v             -11.16000  -9.55627399   1.60372601       0.00020651     0.100
el2v              -4.76000  -3.45392500   1.30607500       0.01882185     0.500
el3v              -0.85000  -0.45800678   0.39199322       0.85070552     2.000
el1c               2.70000   2.66048734  -0.03951266       0.00535408     5.000
el3c               6.18000   5.55324834  -0.62675166       0.04114092     2.000
mg1c               0.12800   0.13294956   0.00494956       0.59809930    20.000
mghh100            1.31500   0.89544428  -0.41955572       2.54488289     5.000
mghh111            2.56500   1.96046950  -0.60453050       0.01388678     0.500
mghh110            2.09200   1.54004922  -0.55195078       0.01740273     0.500
mglh100            0.16600   0.17509563   0.00909563       0.00300227     1.000
mglh111            0.15700   0.15841470   0.00141470       0.00008120     1.000
dpa               -3.70000  -3.57886894   0.12113106       0.42871391    20.000
dpag15v            0.89000   0.92816761   0.03816761       0.18391194    10.000
dpaGX              1.44000   1.44321351   0.00321351       0.00012450     5.000
dpaGL             -1.88000  -1.10990019   0.77009981       4.19486837     5.000
dpb100            -1.20000  -1.55426184  -0.35426184       5.57784241     8.000
edso0              0.89000   0.88574039  -0.00425961       0.02061586    30.000
edso1              0.53000   0.52583807  -0.00416193       0.00154162     5.000
edso2              0.38000   0.43684413   0.05684413       0.08950846     2.000
 
 Total Error =    16.5768367040312     
 Ending at
July  8 2011  12:03:46.126 PM
