    2       1             ! num_pot, pot. type
 6.88000  0.80000  1.00000           ! Ecut, Smth, scalkin
 
 Cd       48052       ! Atom, atomic_num
 2.6280000000000E+02      4          !norm. atomic volume, ngauss
 8.6684540355505E-02      1          !SO param
 0.0000000000000E+00      0          !af param for strain
 0.0000000000000E+00      0          !beta param
-5.1587280775113E-01  0.0000000000000E+00  1.6551725923663E+00   1  0  1  !gaussian's param
-5.4565596517459E-03  2.4898964440956E+00  1.2505473582420E+00   1  1  1  !gaussian's param
 1.1155493527295E+00 -9.2631245095856E-01  2.8350095727503E+00   1  1  1  !gaussian's param
 5.7647481582078E-02  1.6022276008369E+00  4.1996878344247E+00   1  1  1  !gaussian's param
 
 Te       52048       ! Atom, atomic_num
 1.4520000000000E+02      4          !norm. atomic volume, ngauss
 3.3651538987969E-01      1          !SO param
 1.5662211005731E-01      1          !af param for strain
 0.0000000000000E+00      0          !beta param
-1.4934298756485E+00  0.0000000000000E+00  1.1665936262982E+00   1  0  1  !gaussian's param
-1.3209540804918E-06  7.1056890034759E-02  1.8740181572181E+00   1  1  1  !gaussian's param
-9.9270756105308E-03  7.2323248857070E-01  1.0054008020333E-01   1  1  1  !gaussian's param
 1.1725481664162E-01  9.4027642754469E-02  1.5992894737688E-01   1  1  1  !gaussian's param
 1.0000000000000E+00      0          !kin_scal param
 
 SO calc.
 **************************
 Results for structure bulkCdTe.config               
X-point:  1.00000  0.00000  0.00000
The  8th state is the VBM of bulkCdTe.config     
   Property       Ideal_Value   fitted_Value  Error    Weighted_Err**2   Weight
   --------             ------   -------     -----     ------------
 
eg1v             -11.59000 -10.07372223   1.51627777       0.01711554     1.000
evbm              -4.63391  -4.63387984   0.00003434       0.00002690   700.000
eg1c               1.47500   1.47448565  -0.00051435       0.00486392   200.000
eg15c              5.36000   4.93084777  -0.42915223       0.02564207     2.000
ex1v             -11.04000  -9.36924023   1.67075977       0.00572572     0.500
ex3v              -4.57000  -3.52190461   1.04809539       0.01314950     0.500
ex5v              -2.05000  -1.14643324   0.90356676       1.74845830     3.000
ex1c               3.29000   3.52291438   0.23291438       0.12529704     5.000
ex3c               3.95000   3.52711661  -0.42288339       0.04584659     2.000
el1v             -11.16000  -9.55627399   1.60372601       0.00020651     0.100
el2v              -4.76000  -3.45392500   1.30607500       0.01882185     0.500
el3v              -0.85000  -0.45800678   0.39199322       0.85070552     2.000
el1c               2.70000   2.66048734  -0.03951266       0.00535408     5.000
el3c               6.18000   5.55324834  -0.62675166       0.04114092     2.000
mg1c               0.12800   0.13294956   0.00494956       0.59809930    20.000
mghh100            1.31500   0.89544428  -0.41955572       2.54488289     5.000
mghh111            2.56500   1.96046950  -0.60453050       0.01388678     0.500
mghh110            2.09200   1.54004922  -0.55195078       0.01740273     0.500
mglh100            0.16600   0.17509563   0.00909563       0.00300227     1.000
mglh111            0.15700   0.15841470   0.00141470       0.00008120     1.000
dpa               -3.70000  -3.57886894   0.12113106       0.42871391    20.000
dpag15v            0.89000   0.92816761   0.03816761       0.18391194    10.000
dpaGX              1.44000   1.44321351   0.00321351       0.00012450     5.000
dpaGL             -1.88000  -1.10990019   0.77009981       4.19486837     5.000
dpb100            -1.20000  -1.55426184  -0.35426184       5.57784241     8.000
edso0              0.89000   0.88574039  -0.00425961       0.02061586    30.000
edso1              0.53000   0.52583807  -0.00416193       0.00154162     5.000
edso2              0.38000   0.43684413   0.05684413       0.08950846     2.000
 Total Error =    16.5768367040312     
