July  8 2011  11:22:38.459 PM
 Spin-Orbit interaction is ON
 Reweight of KE term    1.00000000000000     
 Fixed Reweight
 debug: close fit.d file 
 Read in a total of            2  pseudopotentials
 There are a total of          25 parameters to be fitted
 
 Reading expt. data from input.CdSe                    
     Input Quantity      Non So.      S.O.    weight
     --------------       -----     ------    ------
  eg1v                 -11.75000   -12.97000     1.00000
  evbm                  -5.35971    -5.35971   700.00000
  eg1c                   1.74000     1.74000   200.00000
  eg15c                  6.45000     6.45000     2.00000
  ex1v                 -10.95000   -12.41000     0.50000
  ex3v                  -3.57000    -4.36000     0.50000
  ex5v                  -1.34000    -2.05000     2.00000
  ex1c                   3.35000     3.95000     3.00000
  ex3c                   4.14000     4.14000     2.00000
  el1v                 -11.18000   -12.54000     0.10000
  el2v                  -3.72000    -4.75000     0.50000
  el3v                  -0.50000    -0.78000     2.00000
  el1c                   3.14000     3.39000     5.00000
  mg1c                   0.12000     0.12000    25.00000
  mghh100                0.90000     0.90000    10.00000
  mghh110                1.70000     1.70000     2.00000
  mghh111                2.14000     2.14000     0.50000
  mglh100                0.18000     0.18000     2.00000
  mglh110                0.16000     0.16000     1.00000
  mglh111                0.16000     0.16000     1.00000
  dpa                   -2.90000    -2.90000    30.00000
  dpag15v                0.90000     0.90000    15.00000
  dpaGX                  1.03000     1.03000     0.50000
  dpaGL                 -2.19000    -2.19000     0.50000
  dpb100                -1.20000    -1.20000     1.00000
  edso0                  0.41000     0.42000    30.00000
  edso1                  0.41000     0.20000     1.00000
          27  Properties to be fitted for bulkCdSe.config               
 
          27  total expt. properties to be fitted
 
 Reading in structure bulkCdSe.config               
 Initial EPM:
 
 Iteration no.            1
 Values of the pseudopotential parameters
 ----------------------------------------
 Weight of Kinetic Energy   1.00000000000000     
 
 6.88000  0.80000  1.00000           ! Ecut, Smth, scalkin
 
 Cd       48034       ! Atom, atomic_num
 2.6280000000000E+02      4          !norm. atomic volume, ngauss
 4.5601532229109E-02      1          !SO param
 0.0000000000000E+00      0          !af param for strain
 0.0000000000000E+00      0          !beta param
-4.7464053631936E-01  0.0000000000000E+00  2.0145593428117E+00   1  0  1  !gaussian's param
-1.7572880516335E-02  4.4721359549996E+00  2.1607537803893E+00   1  1  1  !gaussian's param
 1.2774660103684E+00 -1.0045809079907E+00  3.1733469073975E+00   1  1  1  !gaussian's param
 6.7227641540160E-02  1.8423842186545E+00  3.0138594477038E+00   1  1  1  !gaussian's param
 
 Se       34048       ! Atom, atomic_num
 1.4520000000000E+02      4          !norm. atomic volume, ngauss
 1.2518239699471E-01      1          !SO param
 1.6713079365960E-01      1          !af param for strain
 0.0000000000000E+00      0          !beta param
-1.3614478173724E+00  0.0000000000000E+00  1.1015781165956E+00   1  0  1  !gaussian's param
-1.1458427861594E-06  8.3723586867473E-02  3.1692832063044E+00   1  1  1  !gaussian's param
-2.5935115717819E-02  5.2141411522680E-01  3.1786650137024E-01   1  1  1  !gaussian's param
 9.2940915595855E-02  9.7183341486468E-02  1.4595379610772E-01   1  1  1  !gaussian's param
 Results for structure bulkCdSe.config               
X-point:  1.00000  0.00000  0.00000
The  8th state is the VBM of bulkCdSe.config     
   Property       Ideal_Value   fitted_Value  Error    Weighted_Err**2   Weight
   --------             ------   -------     -----     ------------
 
eg1v             -12.97000 -11.83965285   1.13034715       0.00759528     1.000
evbm              -5.35971  -5.35913647   0.00056872       0.00551719   700.000
eg1c               1.74000   1.73814862  -0.00185138       0.04528471   200.000
eg15c              6.45000   5.67987480  -0.77012520       0.05702473     2.000
ex1v             -12.41000 -11.11405413   1.29594587       0.00272628     0.500
ex3v              -4.36000  -3.65188489   0.70811511       0.00659439     0.500
ex5v              -2.05000  -1.35029528   0.69970472       0.46599566     2.000
ex1c               3.95000   3.54469712  -0.40530288       0.09475621     3.000
ex3c               4.14000   4.10693493  -0.03306507       0.00025515     2.000
el1v             -12.54000 -11.28627011   1.25372989       0.00009996     0.100
el2v              -4.75000  -3.71481751   1.03518249       0.01187372     0.500
el3v              -0.78000  -0.51586937   0.26413063       0.45867842     2.000
el1c               3.39000   3.10667744  -0.28332256       0.17462359     5.000
mg1c               0.12000   0.13100507   0.01100507       5.25657716    25.000
mghh100            0.90000   0.84992924  -0.05007076       0.30951614    10.000
mghh110            1.70000   1.47355032  -0.22644968       0.07097503     2.000
mghh111            2.14000   1.87565905  -0.26434095       0.00381453     0.500
mglh100            0.18000   0.19047857   0.01047857       0.01355561     2.000
mglh110            0.16000   0.17400188   0.01400188       0.00765831     1.000
mglh111            0.16000   0.16976889   0.00976889       0.00372778     1.000
dpa               -2.90000  -2.94817974  -0.04817974       0.24841367    30.000
dpag15v            0.90000   0.91510101   0.01510101       0.06334454    15.000
dpaGX              1.03000   3.36901086   2.33901086       1.28922891     0.500
dpaGL             -2.19000  -0.16344498   2.02655502       0.21407629     0.500
dpb100            -1.20000  -1.43392023  -0.23392023       0.03799908     1.000
edso0              0.42000   0.41888204  -0.00111796       0.00637673    30.000
edso1              0.20000   0.25056306   0.05056306       0.06391557     1.000
 
 Total Error =    8.92020463926205     
