May 10 2011   2:29:47.568 PM
 Spin-Orbit interaction is ON
 Reweight of KE term    1.00000000000000     
 Fixed Reweight
 debug: close fit.d file 
 Read in a total of            2  pseudopotentials
 There are a total of          25 parameters to be fitted
 
 Reading expt. data from input.CdTe                    
     Input Quantity      Non So.      S.O.    weight
     --------------       -----     ------    ------
  eg1v                 -11.07000   -11.59000     1.00000
  evbm                  -4.63391    -4.63391   500.00000
  eg1c                   1.59000     1.59000   100.00000
  eg15c                  5.36000     5.36000     2.00000
  ex1v                  -9.12000   -11.04000     0.50000
  ex3v                  -5.05000    -4.57000     0.50000
  ex5v                  -1.60000    -2.05000     2.00000
  ex1c                   3.48000     3.29000    60.00000
  ex3c                   3.95000     3.95000     2.00000
  el1v                  -9.64000   -11.16000     0.10000
  el2v                  -4.73000    -4.76000     0.50000
  el3v                  -0.65000    -0.85000    10.00000
  el1c                   2.82000     2.70000    70.00000
  el3c                   6.18000     6.18000     5.00000
  mg1c                   0.12800     0.12800    35.00000
  mghh100                1.31500     1.31500     5.00000
  mghh111                2.56500     2.56500     0.50000
  mghh110                2.09200     2.09200     0.50000
  mglh100                0.16600     0.16600     1.00000
  mglh111                0.15700     0.15700     1.00000
  dpa                   -3.70000    -3.70000    10.00000
  dpag15v                0.89000     0.89000    10.00000
  dpaGX                  1.44000     1.44000     5.00000
  dpaGL                 -1.88000    -1.88000     5.00000
  dpb100                -1.20000    -1.20000    10.00000
  edso0                  0.89000     0.89000    30.00000
  edso1                  0.53000     0.53000     5.00000
  edso2                  0.38000     0.38000     2.00000
          28  Properties to be fitted for bulkCdTe.config               
 
          28  total expt. properties to be fitted
 
 Reading in structure bulkCdTe.config               
 Initial EPM:
 
 Iteration no.            1
 Values of the pseudopotential parameters
 ----------------------------------------
 Weight of Kinetic Energy   1.00000000000000     
 
 6.88000  0.80000  1.00000           ! Ecut, Smth, scalkin
 
 Cd       48052       ! Atom, atomic_num
 1.3140000000000E+02      4          !norm. atomic volume, ngauss
 2.9236135252942E-01      1          !SO param
 3.6177277827038E-01      1          !af param for strain
 0.0000000000000E+00      0          !beta param
-9.9588338147688E-01  0.0000000000000E+00  7.4396509737501E-01   1  0  1  !gaussian's param
 6.7684578776132E-02  1.7256596503266E+00  5.1702943991567E+00   1  1  1  !gaussian's param
 9.3282607424004E-02  1.0398637698489E+00  1.7395819918975E-01   1  1  1  !gaussian's param
-3.1667359511731E-02  8.7829421812168E-01  8.2239626134459E+00   1  1  1  !gaussian's param
 
 Te       52048       ! Atom, atomic_num
 1.4520000000000E+02      4          !norm. atomic volume, ngauss
 1.6306507138009E-01      1          !SO param
 0.0000000000000E+00      0          !af param for strain
 0.0000000000000E+00      0          !beta param
-1.4548949924964E+00  0.0000000000000E+00  1.9608688729095E+00   1  0  1  !gaussian's param
-1.3037290355682E-04  3.0120247923451E+00  6.7804355223305E-01   1  1  1  !gaussian's param
-1.1463532160337E-02  6.9772947398125E-01  2.2616864797908E+00   1  1  1  !gaussian's param
 1.1204227525549E-01  2.3796727359361E-01  1.8723365710679E-01   1  1  1  !gaussian's param
 Results for structure bulkCdTe.config               
X-point:  1.00000  0.00000  0.00000
The  8th state is the VBM of bulkCdTe.config     
   Property       Ideal_Value   fitted_Value  Error    Weighted_Err**2   Weight
   --------             ------   -------     -----     ------------
 
eg1v             -11.59000  -9.73343434   1.85656566       0.02565983     1.000
evbm              -4.63391  -4.63378071   0.00013347       0.00020739   500.000
eg1c               1.59000   1.55830027  -0.03169973       3.97481573   100.000
eg15c              5.36000   5.16670426  -0.19329574       0.00520206     2.000
ex1v             -11.04000  -9.01799578   2.02200422       0.00838621     0.500
ex3v              -4.57000  -3.34022368   1.22977632       0.01810339     0.500
ex5v              -2.05000  -1.09656027   0.95343973       0.86524433     2.000
ex1c               3.29000   3.21237929  -0.07762071       2.00385308    60.000
ex3c               3.95000   3.36600436  -0.58399564       0.08743494     2.000
el1v             -11.16000  -9.20730881   1.95269119       0.00030615     0.100
el2v              -4.76000  -3.34062474   1.41937526       0.02222903     0.500
el3v              -0.85000  -0.40615417   0.44384583      27.26631467    10.000
el1c               2.70000   2.70362806   0.00362806       0.00884742    70.000
el3c               6.18000   5.59296152  -0.58703848       0.22557772     5.000
mg1c               0.12800   0.15031319   0.02231319      37.22541288    35.000
mghh100            1.31500   0.96123562  -0.35376438       1.80932549     5.000
mghh111            2.56500   2.26238834  -0.30261166       0.00347966     0.500
mghh110            2.09200   1.73015490  -0.36184510       0.00747932     0.500
mglh100            0.16600   0.19862767   0.03262767       0.03863277     1.000
mglh111            0.15700   0.17768941   0.02068941       0.01736588     1.000
dpa               -3.70000  -3.99419508  -0.29419508       0.63221873    10.000
dpag15v            0.89000   0.92311103   0.03311103       0.13840932    10.000
dpaGX              1.44000   2.11156971   0.67156971       5.43747443     5.000
dpaGL             -1.88000  -2.06895162  -0.18895162       0.25253731     5.000
dpb100            -1.20000  -1.49211270  -0.29211270       5.92568248    10.000
edso0              0.89000   0.86622542  -0.02377458       0.64222654    30.000
edso1              0.53000   0.52269635  -0.00730365       0.00474753     5.000
edso2              0.38000   0.40956272   0.02956272       0.02420927     2.000
 
 Total Error =    86.6713835545312     
 
 Iteration no.          501
 Values of the pseudopotential parameters
 ----------------------------------------
 Weight of Kinetic Energy   1.00000000000000     
 
 6.88000  0.80000  1.00000           ! Ecut, Smth, scalkin
 
 Cd       48052       ! Atom, atomic_num
 1.3140000000000E+02      4          !norm. atomic volume, ngauss
 2.9236135252942E-01      1          !SO param
 3.6177277827038E-01      1          !af param for strain
 0.0000000000000E+00      0          !beta param
-9.9588338147688E-01  0.0000000000000E+00  7.4396509737501E-01   1  0  1  !gaussian's param
 6.7684580793290E-02  1.7256596503266E+00  5.1702943991567E+00   1  1  1  !gaussian's param
 9.3282607424004E-02  1.0398637698489E+00  1.7395819918975E-01   1  1  1  !gaussian's param
-3.1667359511731E-02  8.7829421812168E-01  8.2239626134459E+00   1  1  1  !gaussian's param
 
 Te       52048       ! Atom, atomic_num
 1.4520000000000E+02      4          !norm. atomic volume, ngauss
 1.6306507138009E-01      1          !SO param
 0.0000000000000E+00      0          !af param for strain
 0.0000000000000E+00      0          !beta param
-1.4548949924964E+00  0.0000000000000E+00  1.9608688729095E+00   1  0  1  !gaussian's param
-1.3037290355682E-04  3.0120247923451E+00  6.7804355223305E-01   1  1  1  !gaussian's param
-1.1463532160337E-02  6.9772947398125E-01  2.2616864797908E+00   1  1  1  !gaussian's param
 1.1204227525549E-01  2.3796727359361E-01  1.8723365710679E-01   1  1  1  !gaussian's param
 Results for structure bulkCdTe.config               
X-point:  1.00000  0.00000  0.00000
The  8th state is the VBM of bulkCdTe.config     
   Property       Ideal_Value   fitted_Value  Error    Weighted_Err**2   Weight
   --------             ------   -------     -----     ------------
 
eg1v             -11.59000  -9.73343430   1.85656570       0.02565983     1.000
evbm              -4.63391  -4.63378073   0.00013345       0.00020735   500.000
eg1c               1.59000   1.55830031  -0.03169969       3.97480385   100.000
eg15c              5.36000   5.16670427  -0.19329573       0.00520205     2.000
ex1v             -11.04000  -9.01799574   2.02200426       0.00838622     0.500
ex3v              -4.57000  -3.34022368   1.22977632       0.01810339     0.500
ex5v              -2.05000  -1.09656027   0.95343973       0.86524433     2.000
ex1c               3.29000   3.21237931  -0.07762069       2.00385224    60.000
ex3c               3.95000   3.36600437  -0.58399563       0.08743493     2.000
el1v             -11.16000  -9.20730878   1.95269122       0.00030615     0.100
el2v              -4.76000  -3.34062474   1.41937526       0.02222903     0.500
el3v              -0.85000  -0.40615417   0.44384583      27.26631471    10.000
el1c               2.70000   2.70362808   0.00362808       0.00884755    70.000
el3c               6.18000   5.59296153  -0.58703847       0.22557771     5.000
mg1c               0.12800   0.15031319   0.02231319      37.22542552    35.000
mghh100            1.31500   0.96123562  -0.35376438       1.80932548     5.000
mghh111            2.56500   2.26238834  -0.30261166       0.00347966     0.500
mghh110            2.09200   1.73015490  -0.36184510       0.00747932     0.500
mglh100            0.16600   0.19862767   0.03262767       0.03863279     1.000
mglh111            0.15700   0.17768941   0.02068941       0.01736589     1.000
dpa               -3.70000  -3.99419514  -0.29419514       0.63221899    10.000
dpag15v            0.89000   0.92311104   0.03311104       0.13840944    10.000
dpaGX              1.44000   2.11156971   0.67156971       5.43747431     5.000
dpaGL             -1.88000  -2.06895165  -0.18895165       0.25253738     5.000
dpb100            -1.20000  -1.49211270  -0.29211270       5.92568248    10.000
edso0              0.89000   0.86622541  -0.02377459       0.64222685    30.000
edso1              0.53000   0.52269635  -0.00730365       0.00474754     5.000
edso2              0.38000   0.40956272   0.02956272       0.02420926     2.000
 
 Total Error =    86.6713842404866     
 
 Iteration no.         1001
 Values of the pseudopotential parameters
 ----------------------------------------
 Weight of Kinetic Energy   1.00000000000000     
 
 6.88000  0.80000  1.00000           ! Ecut, Smth, scalkin
 
 Cd       48052       ! Atom, atomic_num
 1.3140000000000E+02      4          !norm. atomic volume, ngauss
 2.9233737861494E-01      1          !SO param
 3.6176082448714E-01      1          !af param for strain
 0.0000000000000E+00      0          !beta param
-9.9602002372249E-01  0.0000000000000E+00  7.4395412911628E-01   1  0  1  !gaussian's param
 6.7703792535488E-02  1.7250460695520E+00  5.1700101295432E+00   1  1  1  !gaussian's param
 9.3267456483456E-02  1.0396014710585E+00  1.7394452563231E-01   1  1  1  !gaussian's param
-3.1662787600284E-02  8.7815571814536E-01  8.2238276876610E+00   1  1  1  !gaussian's param
 
 Te       52048       ! Atom, atomic_num
 1.4520000000000E+02      4          !norm. atomic volume, ngauss
 1.6301726912434E-01      1          !SO param
 0.0000000000000E+00      0          !af param for strain
 0.0000000000000E+00      0          !beta param
-1.4548293780695E+00  0.0000000000000E+00  1.9603610013356E+00   1  0  1  !gaussian's param
-1.3036838238559E-04  3.0115062314776E+00  6.7802209154880E-01   1  1  1  !gaussian's param
-1.1463352739895E-02  6.9778462266151E-01  2.2616675134328E+00   1  1  1  !gaussian's param
 1.1203842193083E-01  2.3795302003077E-01  1.8717542445770E-01   1  1  1  !gaussian's param
 Results for structure bulkCdTe.config               
X-point:  1.00000  0.00000  0.00000
The  8th state is the VBM of bulkCdTe.config     
   Property       Ideal_Value   fitted_Value  Error    Weighted_Err**2   Weight
   --------             ------   -------     -----     ------------
 
eg1v             -11.59000  -9.73410035   1.85589965       0.02564142     1.000
evbm              -4.63391  -4.63391839  -0.00000421       0.00000021   500.000
eg1c               1.59000   1.55656037  -0.03343963       4.42311980   100.000
eg15c              5.36000   5.16557257  -0.19442743       0.00526315     2.000
ex1v             -11.04000  -9.01865251   2.02134749       0.00838077     0.500
ex3v              -4.57000  -3.34106868   1.22893132       0.01807852     0.500
ex5v              -2.05000  -1.09677224   0.95322776       0.86485965     2.000
ex1c               3.29000   3.21242989  -0.07757011       2.00124157    60.000
ex3c               3.95000   3.36529852  -0.58470148       0.08764642     2.000
el1v             -11.16000  -9.20797859   1.95202141       0.00030594     0.100
el2v              -4.76000  -3.34123927   1.41876073       0.02220979     0.500
el3v              -0.85000  -0.40628245   0.44371755      27.25055609    10.000
el1c               2.70000   2.70233636   0.00233636       0.00366900    70.000
el3c               6.18000   5.59231278  -0.58768722       0.22607657     5.000
mg1c               0.12800   0.15015864   0.02215864      36.71152780    35.000
mghh100            1.31500   0.96093953  -0.35406047       1.81235553     5.000
mghh111            2.56500   2.26151563  -0.30348437       0.00349976     0.500
mghh110            2.09200   1.72950495  -0.36249505       0.00750621     0.500
mglh100            0.16600   0.19839647   0.03239647       0.03808721     1.000
mglh111            0.15700   0.17749989   0.02049989       0.01704919     1.000
dpa               -3.70000  -3.99324627  -0.29324627       0.62814738    10.000
dpag15v            0.89000   0.92273725   0.03273725       0.13530209    10.000
dpaGX              1.44000   2.11164077   0.67164077       5.43862517     5.000
dpaGL             -1.88000  -2.06798722  -0.18798722       0.24996601     5.000
dpb100            -1.20000  -1.49294720  -0.29294720       5.95958780    10.000
edso0              0.89000   0.86605258  -0.02394742       0.65159807    30.000
edso1              0.53000   0.52260035  -0.00739965       0.00487316     5.000
edso2              0.38000   0.40947496   0.02947496       0.02406573     2.000
 
 Total Error =    86.6192399849957     
 
 Iteration no.         1501
 Values of the pseudopotential parameters
 ----------------------------------------
 Weight of Kinetic Energy   1.00000000000000     
 
 6.88000  0.80000  1.00000           ! Ecut, Smth, scalkin
 
 Cd       48052       ! Atom, atomic_num
 1.3140000000000E+02      4          !norm. atomic volume, ngauss
 2.9231773224579E-01      1          !SO param
 3.6145550139599E-01      1          !af param for strain
 0.0000000000000E+00      0          !beta param
-9.9666193204805E-01  0.0000000000000E+00  7.4502945287490E-01   1  0  1  !gaussian's param
 6.7690414040790E-02  1.7243902309684E+00  5.1698839166033E+00   1  1  1  !gaussian's param
 9.3152934168112E-02  1.0388175626961E+00  1.7393392350506E-01   1  1  1  !gaussian's param
-3.1659160461589E-02  8.7816993192302E-01  8.2256881027407E+00   1  1  1  !gaussian's param
 
 Te       52048       ! Atom, atomic_num
 1.4520000000000E+02      4          !norm. atomic volume, ngauss
 1.6304029407757E-01      1          !SO param
 0.0000000000000E+00      0          !af param for strain
 0.0000000000000E+00      0          !beta param
-1.4545155999911E+00  0.0000000000000E+00  1.9600100971339E+00   1  0  1  !gaussian's param
-1.3036777985728E-04  3.0098585725972E+00  6.7800889584202E-01   1  1  1  !gaussian's param
-1.1469020594080E-02  6.9773700304536E-01  2.2616696109924E+00   1  1  1  !gaussian's param
 1.1214773759335E-01  2.3794546827440E-01  1.8712438447570E-01   1  1  1  !gaussian's param
 Results for structure bulkCdTe.config               
X-point:  1.00000  0.00000  0.00000
The  8th state is the VBM of bulkCdTe.config     
   Property       Ideal_Value   fitted_Value  Error    Weighted_Err**2   Weight
   --------             ------   -------     -----     ------------
 
eg1v             -11.59000  -9.73154692   1.85845308       0.02571203     1.000
evbm              -4.63391  -4.63331321   0.00060097       0.00420477   500.000
eg1c               1.59000   1.55924686  -0.03075314       3.74097385   100.000
eg15c              5.36000   5.16247015  -0.19752985       0.00543245     2.000
ex1v             -11.04000  -9.01504331   2.02495669       0.00841072     0.500
ex3v              -4.57000  -3.34210513   1.22789487       0.01804804     0.500
ex5v              -2.05000  -1.09761171   0.95238829       0.86333701     2.000
ex1c               3.29000   3.21103281  -0.07896719       2.07397740    60.000
ex3c               3.95000   3.36444716  -0.58555284       0.08790184     2.000
el1v             -11.16000  -9.20466806   1.95533194       0.00030698     0.100
el2v              -4.76000  -3.34228656   1.41771344       0.02217701     0.500
el3v              -0.85000  -0.40665807   0.44334193      27.20443857    10.000
el1c               2.70000   2.70260342   0.00260342       0.00455572    70.000
el3c               6.18000   5.58948724  -0.59051276       0.22825570     5.000
mg1c               0.12800   0.15026195   0.02226195      37.05462023    35.000
mghh100            1.31500   0.95986166  -0.35513834       1.82340706     5.000
mghh111            2.56500   2.25897944  -0.30602056       0.00355850     0.500
mghh110            2.09200   1.72764917  -0.36435083       0.00758326     0.500
mglh100            0.16600   0.19856399   0.03256399       0.03848212     1.000
mglh111            0.15700   0.17761230   0.02061230       0.01723667     1.000
dpa               -3.70000  -3.99453846  -0.29453846       0.63369545    10.000
dpag15v            0.89000   0.92506752   0.03506752       0.15524947    10.000
dpaGX              1.44000   2.11168556   0.67168556       5.43935052     5.000
dpaGL             -1.88000  -2.06581616  -0.18581616       0.24422565     5.000
dpb100            -1.20000  -1.49429990  -0.29429990       6.01475211    10.000
edso0              0.89000   0.86486780  -0.02513220       0.71766761    30.000
edso1              0.53000   0.52189308  -0.00810692       0.00584925     5.000
edso2              0.38000   0.40882566   0.02882566       0.02301714     2.000
 
 Total Error =    86.4664271502285     
 
 Iteration no.         2001
 Values of the pseudopotential parameters
 ----------------------------------------
 Weight of Kinetic Energy   1.00000000000000     
 
 6.88000  0.80000  1.00000           ! Ecut, Smth, scalkin
 
 Cd       48052       ! Atom, atomic_num
 1.3140000000000E+02      4          !norm. atomic volume, ngauss
 2.9231782324970E-01      1          !SO param
 3.6157768822258E-01      1          !af param for strain
 0.0000000000000E+00      0          !beta param
-9.9683940519705E-01  0.0000000000000E+00  7.4501553596059E-01   1  0  1  !gaussian's param
 6.7739690084697E-02  1.7239118263860E+00  5.1704859626104E+00   1  1  1  !gaussian's param
 9.3114118859123E-02  1.0387155111746E+00  1.7395175497585E-01   1  1  1  !gaussian's param
-3.1660430514752E-02  8.7804962446213E-01  8.2299829905678E+00   1  1  1  !gaussian's param
 
 Te       52048       ! Atom, atomic_num
 1.4520000000000E+02      4          !norm. atomic volume, ngauss
 1.6304735562121E-01      1          !SO param
 0.0000000000000E+00      0          !af param for strain
 0.0000000000000E+00      0          !beta param
-1.4545338577085E+00  0.0000000000000E+00  1.9586568404563E+00   1  0  1  !gaussian's param
-1.3036437423343E-04  3.0098078110965E+00  6.7801975529707E-01   1  1  1  !gaussian's param
-1.1478398420936E-02  6.9773885219412E-01  2.2616753391741E+00   1  1  1  !gaussian's param
 1.1235848109522E-01  2.3794917691146E-01  1.8709732313023E-01   1  1  1  !gaussian's param
 Results for structure bulkCdTe.config               
X-point:  1.00000  0.00000  0.00000
The  8th state is the VBM of bulkCdTe.config     
   Property       Ideal_Value   fitted_Value  Error    Weighted_Err**2   Weight
   --------             ------   -------     -----     ------------
 
eg1v             -11.59000  -9.73218656   1.85781344       0.02569433     1.000
evbm              -4.63391  -4.63416027  -0.00024609       0.00070509   500.000
eg1c               1.59000   1.55773799  -0.03226201       4.11707434   100.000
eg15c              5.36000   5.16072411  -0.19927589       0.00552892     2.000
ex1v             -11.04000  -9.01571874   2.02428126       0.00840511     0.500
ex3v              -4.57000  -3.34310582   1.22689418       0.01801863     0.500
ex5v              -2.05000  -1.09786496   0.95213504       0.86287794     2.000
ex1c               3.29000   3.21167748  -0.07832252       2.04025290    60.000
ex3c               3.95000   3.36457201  -0.58542799       0.08786436     2.000
el1v             -11.16000  -9.20536225   1.95463775       0.00030676     0.100
el2v              -4.76000  -3.34292312   1.41707688       0.02215710     0.500
el3v              -0.85000  -0.40685065   0.44314935      27.18080861    10.000
el1c               2.70000   2.70177193   0.00177193       0.00211039    70.000
el3c               6.18000   5.58879709  -0.59120291       0.22878955     5.000
mg1c               0.12800   0.15010890   0.02210890      36.54689344    35.000
mghh100            1.31500   0.95948825  -0.35551175       1.82724345     5.000
mghh111            2.56500   2.25771867  -0.30728133       0.00358788     0.500
mghh110            2.09200   1.72676976  -0.36523024       0.00761991     0.500
mglh100            0.16600   0.19834034   0.03234034       0.03795534     1.000
mglh111            0.15700   0.17742858   0.02042858       0.01693079     1.000
dpa               -3.70000  -3.99499297  -0.29499297       0.63565269    10.000
dpag15v            0.89000   0.92379008   0.03379008       0.14414463    10.000
dpaGX              1.44000   2.11151235   0.67151235       5.43654552     5.000
dpaGL             -1.88000  -2.06586428  -0.18586428       0.24435217     5.000
dpb100            -1.20000  -1.49555841  -0.29555841       6.06630355    10.000
edso0              0.89000   0.86468354  -0.02531646       0.72822986    30.000
edso1              0.53000   0.52178800  -0.00821200       0.00600187     5.000
edso2              0.38000   0.40871839   0.02871839       0.02284615     2.000
 
 Total Error =    86.3249012944248     
 
 Iteration no.         2501
 Values of the pseudopotential parameters
 ----------------------------------------
 Weight of Kinetic Energy   1.00000000000000     
 
 6.88000  0.80000  1.00000           ! Ecut, Smth, scalkin
 
 Cd       48052       ! Atom, atomic_num
 1.3140000000000E+02      4          !norm. atomic volume, ngauss
 2.9231764576954E-01      1          !SO param
 3.6168263839382E-01      1          !af param for strain
 0.0000000000000E+00      0          !beta param
-9.9726161852925E-01  0.0000000000000E+00  7.4533088993938E-01   1  0  1  !gaussian's param
 6.7904689987314E-02  1.7234171659456E+00  5.1725634921484E+00   1  1  1  !gaussian's param
 9.3047334302345E-02  1.0383466087362E+00  1.7394689376982E-01   1  1  1  !gaussian's param
-3.1658637358198E-02  8.7765363600221E-01  8.2191336607597E+00   1  1  1  !gaussian's param
 
 Te       52048       ! Atom, atomic_num
 1.4520000000000E+02      4          !norm. atomic volume, ngauss
 1.6291145190624E-01      1          !SO param
 0.0000000000000E+00      0          !af param for strain
 0.0000000000000E+00      0          !beta param
-1.4544242839807E+00  0.0000000000000E+00  1.9561762310269E+00   1  0  1  !gaussian's param
-1.3032720380327E-04  3.0080441380723E+00  6.7799847648342E-01   1  1  1  !gaussian's param
-1.1470787113454E-02  6.9772247798249E-01  2.2616611488213E+00   1  1  1  !gaussian's param
 1.1258598199063E-01  2.3795174854283E-01  1.8700675102321E-01   1  1  1  !gaussian's param
 Results for structure bulkCdTe.config               
X-point:  1.00000  0.00000  0.00000
The  8th state is the VBM of bulkCdTe.config     
   Property       Ideal_Value   fitted_Value  Error    Weighted_Err**2   Weight
   --------             ------   -------     -----     ------------
 
eg1v             -11.59000  -9.72992012   1.86007988       0.02575706     1.000
evbm              -4.63391  -4.63536268  -0.00144850       0.02442752   500.000
eg1c               1.59000   1.55685496  -0.03314504       4.34553072   100.000
eg15c              5.36000   5.15662573  -0.20337427       0.00575867     2.000
ex1v             -11.04000  -9.01247103   2.02752897       0.00843210     0.500
ex3v              -4.57000  -3.34586176   1.22413824       0.01793777     0.500
ex5v              -2.05000  -1.09852879   0.95147121       0.86167516     2.000
ex1c               3.29000   3.21284758  -0.07715242       1.97974766    60.000
ex3c               3.95000   3.36323659  -0.58676341       0.08826567     2.000
el1v             -11.16000  -9.20244215   1.95755785       0.00030768     0.100
el2v              -4.76000  -3.34480114   1.41519886       0.02209841     0.500
el3v              -0.85000  -0.40730144   0.44269856      27.12553830    10.000
el1c               2.70000   2.70006884   0.00006884       0.00000319    70.000
el3c               6.18000   5.58674132  -0.59325868       0.23038344     5.000
mg1c               0.12800   0.14995186   0.02195186      36.02955405    35.000
mghh100            1.31500   0.95855491  -0.35644509       1.83685037     5.000
mghh111            2.56500   2.25477639  -0.31022361       0.00365692     0.500
mghh110            2.09200   1.72473221  -0.36726779       0.00770517     0.500
mglh100            0.16600   0.19808123   0.03208123       0.03734958     1.000
mglh111            0.15700   0.17720757   0.02020757       0.01656642     1.000
dpa               -3.70000  -4.00300259  -0.30300259       0.67063968    10.000
dpag15v            0.89000   0.92296257   0.03296257       0.13717093    10.000
dpaGX              1.44000   2.11035941   0.67035941       5.41789326     5.000
dpaGL             -1.88000  -2.06857824  -0.18857824       0.25154024     5.000
dpb100            -1.20000  -1.49775462  -0.29775462       6.15679249    10.000
edso0              0.89000   0.86375222  -0.02624778       0.78279425    30.000
edso1              0.53000   0.52125425  -0.00874575       0.00680742     5.000
edso2              0.38000   0.40825799   0.02825799       0.02211951     2.000
 
 Total Error =    86.1133036650358     
 
 Iteration no.         3001
 Values of the pseudopotential parameters
 ----------------------------------------
 Weight of Kinetic Energy   1.00000000000000     
 
 6.88000  0.80000  1.00000           ! Ecut, Smth, scalkin
 
 Cd       48052       ! Atom, atomic_num
 1.3140000000000E+02      4          !norm. atomic volume, ngauss
 2.9233560280302E-01      1          !SO param
 3.6008086510417E-01      1          !af param for strain
 0.0000000000000E+00      0          !beta param
-9.9818064661726E-01  0.0000000000000E+00  7.4590929413408E-01   1  0  1  !gaussian's param
 6.8091175709636E-02  1.7196982436538E+00  5.2056520697362E+00   1  1  1  !gaussian's param
 9.3051260669919E-02  1.0375550857048E+00  1.7436480763169E-01   1  1  1  !gaussian's param
-3.1679249492560E-02  8.6506587525721E-01  8.2484072332724E+00   1  1  1  !gaussian's param
 
 Te       52048       ! Atom, atomic_num
 1.4520000000000E+02      4          !norm. atomic volume, ngauss
 1.6781430588747E-01      1          !SO param
 0.0000000000000E+00      0          !af param for strain
 0.0000000000000E+00      0          !beta param
-1.4543836634540E+00  0.0000000000000E+00  1.9550571667174E+00   1  0  1  !gaussian's param
-1.2816110345884E-04  3.0103049736184E+00  6.7801164533912E-01   1  1  1  !gaussian's param
-1.1485193652313E-02  6.9775160676807E-01  2.2616671495138E+00   1  1  1  !gaussian's param
 1.1325190451412E-01  2.3801565356346E-01  1.8539297289008E-01   1  1  1  !gaussian's param
 Results for structure bulkCdTe.config               
X-point:  1.00000  0.00000  0.00000
The  8th state is the VBM of bulkCdTe.config     
   Property       Ideal_Value   fitted_Value  Error    Weighted_Err**2   Weight
   --------             ------   -------     -----     ------------
 
eg1v             -11.59000  -9.72515022   1.86484978       0.02588933     1.000
evbm              -4.63391  -4.62979667   0.00411751       0.19738451   500.000
eg1c               1.59000   1.55794123  -0.03205877       4.06536479   100.000
eg15c              5.36000   5.13821310  -0.22178690       0.00684861     2.000
ex1v             -11.04000  -9.00486046   2.03513954       0.00849553     0.500
ex3v              -4.57000  -3.35187424   1.21812576       0.01776200     0.500
ex5v              -2.05000  -1.10275571   0.94724429       0.85403617     2.000
ex1c               3.29000   3.20673346  -0.08326654       2.30595974    60.000
ex3c               3.95000   3.35828419  -0.59171581       0.08976192     2.000
el1v             -11.16000  -9.19572440   1.96427560       0.00030980     0.100
el2v              -4.76000  -3.35035196   1.40964804       0.02192540     0.500
el3v              -0.85000  -0.40897406   0.44102594      26.92095270    10.000
el1c               2.70000   2.69614744  -0.00385256       0.00997626    70.000
el3c               6.18000   5.57315883  -0.60684117       0.24105333     5.000
mg1c               0.12800   0.14965787   0.02165787      35.07096068    35.000
mghh100            1.31500   0.95303479  -0.36196521       1.89418404     5.000
mghh111            2.56500   2.24349854  -0.32150146       0.00392764     0.500
mghh110            2.09200   1.71575164  -0.37624836       0.00808660     0.500
mglh100            0.16600   0.19768044   0.03168044       0.03642221     1.000
mglh111            0.15700   0.17676736   0.01976736       0.01585251     1.000
dpa               -3.70000  -3.99211788  -0.29211788       0.62332255    10.000
dpag15v            0.89000   0.92030779   0.03030779       0.11596540    10.000
dpaGX              1.44000   2.12159727   0.68159727       5.60106617     5.000
dpaGL             -1.88000  -2.05048587  -0.17048587       0.20558958     5.000
dpb100            -1.20000  -1.49855609  -0.29855609       6.18998205    10.000
edso0              0.89000   0.86120338  -0.02879662       0.94220514    30.000
edso1              0.53000   0.51999180  -0.01000820       0.00891456     5.000
edso2              0.38000   0.40583610   0.02583610       0.01849041     2.000
 
 Total Error =    85.5006896190584     
 
 Iteration no.         3501
 Values of the pseudopotential parameters
 ----------------------------------------
 Weight of Kinetic Energy   1.00000000000000     
 
 6.88000  0.80000  1.00000           ! Ecut, Smth, scalkin
 
 Cd       48052       ! Atom, atomic_num
 1.3140000000000E+02      4          !norm. atomic volume, ngauss
 2.9234449024790E-01      1          !SO param
 3.6176017943898E-01      1          !af param for strain
 0.0000000000000E+00      0          !beta param
-9.9897084416909E-01  0.0000000000000E+00  7.4573378466969E-01   1  0  1  !gaussian's param
 6.8111499822235E-02  1.7198535747640E+00  5.2474147168478E+00   1  1  1  !gaussian's param
 9.2975585742994E-02  1.0375820424787E+00  1.7449968275198E-01   1  1  1  !gaussian's param
-3.1684989217911E-02  8.6263216085692E-01  8.2486963690859E+00   1  1  1  !gaussian's param
 
 Te       52048       ! Atom, atomic_num
 1.4520000000000E+02      4          !norm. atomic volume, ngauss
 1.6676298306960E-01      1          !SO param
 0.0000000000000E+00      0          !af param for strain
 0.0000000000000E+00      0          !beta param
-1.4544723050406E+00  0.0000000000000E+00  1.9549690382986E+00   1  0  1  !gaussian's param
-1.2795481518850E-04  3.0014498063833E+00  6.7811201179981E-01   1  1  1  !gaussian's param
-1.1495606973907E-02  6.9765049869175E-01  2.2616676406170E+00   1  1  1  !gaussian's param
 1.1391588825422E-01  2.3797899169485E-01  1.8500366221990E-01   1  1  1  !gaussian's param
 Results for structure bulkCdTe.config               
X-point:  1.00000  0.00000  0.00000
The  8th state is the VBM of bulkCdTe.config     
   Property       Ideal_Value   fitted_Value  Error    Weighted_Err**2   Weight
   --------             ------   -------     -----     ------------
 
eg1v             -11.59000  -9.73292155   1.85707845       0.02567401     1.000
evbm              -4.63391  -4.64012086  -0.00620668       0.44850096   500.000
eg1c               1.59000   1.56421904  -0.02578096       2.62907993   100.000
eg15c              5.36000   5.14815813  -0.21184187       0.00624819     2.000
ex1v             -11.04000  -9.01657200   2.02342800       0.00839803     0.500
ex3v              -4.57000  -3.34431207   1.22568793       0.01798322     0.500
ex5v              -2.05000  -1.10046427   0.94953573       0.85817309     2.000
ex1c               3.29000   3.21488105  -0.07511895       1.87676448    60.000
ex3c               3.95000   3.37009419  -0.57990581       0.08621458     2.000
el1v             -11.16000  -9.20634156   1.95365844       0.00030646     0.100
el2v              -4.76000  -3.34370454   1.41629546       0.02213267     0.500
el3v              -0.85000  -0.40814435   0.44185565      27.02234096    10.000
el1c               2.70000   2.70632304   0.00632304       0.02687324    70.000
el3c               6.18000   5.58223510  -0.59776490       0.23389659     5.000
mg1c               0.12800   0.15024118   0.02224118      36.98553420    35.000
mghh100            1.31500   0.95593186  -0.35906814       1.86398429     5.000
mghh111            2.56500   2.24916968  -0.31583032       0.00379029     0.500
mghh110            2.09200   1.72052072  -0.37147928       0.00788290     0.500
mglh100            0.16600   0.19869695   0.03269695       0.03879703     1.000
mglh111            0.15700   0.17764379   0.02064379       0.01728939     1.000
dpa               -3.70000  -3.96087661  -0.26087661       0.49712641    10.000
dpag15v            0.89000   0.89409327   0.00409327       0.00211525    10.000
dpaGX              1.44000   2.14603326   0.70603326       6.00987372     5.000
dpaGL             -1.88000  -2.02983344  -0.14983344       0.15879683     5.000
dpb100            -1.20000  -1.49470905  -0.29470905       6.03148796    10.000
edso0              0.89000   0.86252522  -0.02747478       0.85769139    30.000
edso1              0.53000   0.52060288  -0.00939712       0.00785918     5.000
edso2              0.38000   0.40673277   0.02673277       0.01979614     2.000
 
 Total Error =    85.7646113915540     
 
 Iteration no.         4001
 Values of the pseudopotential parameters
 ----------------------------------------
 Weight of Kinetic Energy   1.00000000000000     
 
 6.88000  0.80000  1.00000           ! Ecut, Smth, scalkin
 
 Cd       48052       ! Atom, atomic_num
 1.3140000000000E+02      4          !norm. atomic volume, ngauss
 2.9234456631166E-01      1          !SO param
 3.5890981030404E-01      1          !af param for strain
 0.0000000000000E+00      0          !beta param
-9.9887860953171E-01  0.0000000000000E+00  7.4582714977109E-01   1  0  1  !gaussian's param
 6.8114771605378E-02  1.7197617807067E+00  5.3139315503235E+00   1  1  1  !gaussian's param
 9.2917496231043E-02  1.0375781656517E+00  1.7489545384079E-01   1  1  1  !gaussian's param
-3.1683423570566E-02  8.5734609677058E-01  8.3126527559736E+00   1  1  1  !gaussian's param
 
 Te       52048       ! Atom, atomic_num
 1.4520000000000E+02      4          !norm. atomic volume, ngauss
 1.6656339131634E-01      1          !SO param
 0.0000000000000E+00      0          !af param for strain
 0.0000000000000E+00      0          !beta param
-1.4543507468487E+00  0.0000000000000E+00  1.9549632449447E+00   1  0  1  !gaussian's param
-1.2795383330849E-04  2.9366156838997E+00  6.7803803507571E-01   1  1  1  !gaussian's param
-1.1512188308229E-02  6.9793124444427E-01  2.2616665721848E+00   1  1  1  !gaussian's param
 1.1401800734287E-01  2.3801778893421E-01  1.8500154619339E-01   1  1  1  !gaussian's param
 Results for structure bulkCdTe.config               
X-point:  1.00000  0.00000  0.00000
The  8th state is the VBM of bulkCdTe.config     
   Property       Ideal_Value   fitted_Value  Error    Weighted_Err**2   Weight
   --------             ------   -------     -----     ------------
 
eg1v             -11.59000  -9.73619311   1.85380689       0.02558363     1.000
evbm              -4.63391  -4.63299514   0.00091904       0.00983351   500.000
eg1c               1.59000   1.55664204  -0.03335796       4.40154003   100.000
eg15c              5.36000   5.14211853  -0.21788147       0.00660954     2.000
ex1v             -11.04000  -9.01946975   2.02053025       0.00837399     0.500
ex3v              -4.57000  -3.34783413   1.22216587       0.01788002     0.500
ex5v              -2.05000  -1.10198041   0.94801959       0.85543476     2.000
ex1c               3.29000   3.20899025  -0.08100975       2.18265602    60.000
ex3c               3.95000   3.36507690  -0.58492310       0.08771288     2.000
el1v             -11.16000  -9.20935711   1.95064289       0.00030551     0.100
el2v              -4.76000  -3.34708857   1.41291143       0.02202703     0.500
el3v              -0.85000  -0.40879579   0.44120421      26.94272077    10.000
el1c               2.70000   2.69977469  -0.00022531       0.00003412    70.000
el3c               6.18000   5.57676371  -0.60323629       0.23819793     5.000
mg1c               0.12800   0.14951393   0.02151393      34.60634273    35.000
mghh100            1.31500   0.95397611  -0.36102389       1.88434485     5.000
mghh111            2.56500   2.24465309  -0.32034691       0.00389948     0.500
mghh110            2.09200   1.71690773  -0.37509227       0.00803698     0.500
mglh100            0.16600   0.19765573   0.03165573       0.03636540     1.000
mglh111            0.15700   0.17677310   0.01977310       0.01586171     1.000
dpa               -3.70000  -3.98461634  -0.28461634       0.59171995    10.000
dpag15v            0.89000   0.92539710   0.03539710       0.15818138    10.000
dpaGX              1.44000   2.12109403   0.68109403       5.59279847     5.000
dpaGL             -1.88000  -2.04895432  -0.16895432       0.20191237     5.000
dpb100            -1.20000  -1.49111044  -0.29111044       5.88508951    10.000
edso0              0.89000   0.86171886  -0.02828114       0.90877505    30.000
edso1              0.53000   0.52013842  -0.00986158       0.00865527     5.000
edso2              0.38000   0.40624501   0.02624501       0.01908035     2.000
 
 Total Error =    84.7199732174598     
 
 Iteration no.         4501
 Values of the pseudopotential parameters
 ----------------------------------------
 Weight of Kinetic Energy   1.00000000000000     
 
 6.88000  0.80000  1.00000           ! Ecut, Smth, scalkin
 
 Cd       48052       ! Atom, atomic_num
 1.3140000000000E+02      4          !norm. atomic volume, ngauss
 2.9233098526808E-01      1          !SO param
 3.5680370716442E-01      1          !af param for strain
 0.0000000000000E+00      0          !beta param
-9.9963902817817E-01  0.0000000000000E+00  7.4577667707425E-01   1  0  1  !gaussian's param
 6.8192195496458E-02  1.7197872577034E+00  5.3643759794170E+00   1  1  1  !gaussian's param
 9.2960230140822E-02  1.0375876793031E+00  1.7663116241361E-01   1  1  1  !gaussian's param
-3.1684729079393E-02  8.5037627883512E-01  8.7445224516454E+00   1  1  1  !gaussian's param
 
 Te       52048       ! Atom, atomic_num
 1.4520000000000E+02      4          !norm. atomic volume, ngauss
 1.6911522823383E-01      1          !SO param
 0.0000000000000E+00      0          !af param for strain
 0.0000000000000E+00      0          !beta param
-1.4543304633402E+00  0.0000000000000E+00  1.9549747701267E+00   1  0  1  !gaussian's param
-1.2785771503792E-04  3.1057116935678E+00  6.7805631212090E-01   1  1  1  !gaussian's param
-1.1677307519883E-02  6.9974467233351E-01  2.2616663941709E+00   1  1  1  !gaussian's param
 1.1483539072599E-01  2.3806644825542E-01  1.8519488813584E-01   1  1  1  !gaussian's param
 Results for structure bulkCdTe.config               
X-point:  1.00000  0.00000  0.00000
The  8th state is the VBM of bulkCdTe.config     
   Property       Ideal_Value   fitted_Value  Error    Weighted_Err**2   Weight
   --------             ------   -------     -----     ------------
 
eg1v             -11.59000  -9.73989966   1.85010034       0.02548142     1.000
evbm              -4.63391  -4.63080708   0.00310710       0.11239705   500.000
eg1c               1.59000   1.55793708  -0.03206292       4.06641650   100.000
eg15c              5.36000   5.13589774  -0.22410226       0.00699235     2.000
ex1v             -11.04000  -9.02352203   2.01647797       0.00834044     0.500
ex3v              -4.57000  -3.34810345   1.22189655       0.01787214     0.500
ex5v              -2.05000  -1.10351931   0.94648069       0.85265979     2.000
ex1c               3.29000   3.20690934  -0.08309066       2.29622839    60.000
ex3c               3.95000   3.36597397  -0.58402603       0.08744404     2.000
el1v             -11.16000  -9.21333206   1.94666794       0.00030427     0.100
el2v              -4.76000  -3.34773858   1.41226142       0.02200677     0.500
el3v              -0.85000  -0.40937979   0.44062021      26.87144261    10.000
el1c               2.70000   2.70021688   0.00021688       0.00003161    70.000
el3c               6.18000   5.57233150  -0.60766850       0.24171105     5.000
mg1c               0.12800   0.14941190   0.02141190      34.27888494    35.000
mghh100            1.31500   0.95199214  -0.36300786       1.90511217     5.000
mghh111            2.56500   2.24081463  -0.32418537       0.00399349     0.500
mghh110            2.09200   1.71380643  -0.37819357       0.00817043     0.500
mglh100            0.16600   0.19763495   0.03163495       0.03631767     1.000
mglh111            0.15700   0.17671177   0.01971177       0.01576348     1.000
dpa               -3.70000  -3.98340434  -0.28340434       0.58669118    10.000
dpag15v            0.89000   0.93533231   0.04533231       0.25943930    10.000
dpaGX              1.44000   2.11545115   0.67545115       5.50050949     5.000
dpaGL             -1.88000  -2.04340229  -0.16340229       0.18886027     5.000
dpb100            -1.20000  -1.48534245  -0.28534245       5.65418843    10.000
edso0              0.89000   0.86029334  -0.02970666       1.00269792    30.000
edso1              0.53000   0.51938603  -0.01061397       0.01002638     5.000
edso2              0.38000   0.40498575   0.02498575       0.01729329     2.000
 
 Total Error =    84.0772768661041     
 
 Iteration no.         5001
 Values of the pseudopotential parameters
 ----------------------------------------
 Weight of Kinetic Energy   1.00000000000000     
 
 6.88000  0.80000  1.00000           ! Ecut, Smth, scalkin
 
 Cd       48052       ! Atom, atomic_num
 1.3140000000000E+02      4          !norm. atomic volume, ngauss
 2.9244595742755E-01      1          !SO param
 3.6003137065994E-01      1          !af param for strain
 0.0000000000000E+00      0          !beta param
-1.0004313940467E+00  0.0000000000000E+00  7.4575809552571E-01   1  0  1  !gaussian's param
 6.8468131741350E-02  1.7197822504477E+00  5.4183646352588E+00   1  1  1  !gaussian's param
 9.2940864720937E-02  1.0375918220718E+00  1.8082249142303E-01   1  1  1  !gaussian's param
-3.1693945497147E-02  8.5167074197017E-01  9.0133788015333E+00   1  1  1  !gaussian's param
 
 Te       52048       ! Atom, atomic_num
 1.4520000000000E+02      4          !norm. atomic volume, ngauss
 1.7894630605447E-01      1          !SO param
 0.0000000000000E+00      0          !af param for strain
 0.0000000000000E+00      0          !beta param
-1.4543441802323E+00  0.0000000000000E+00  1.9549749956674E+00   1  0  1  !gaussian's param
-1.2789741667669E-04  3.1774064863166E+00  6.7807989240072E-01   1  1  1  !gaussian's param
-1.1819751261852E-02  7.0000925945515E-01  2.2616664732292E+00   1  1  1  !gaussian's param
 1.1561695954270E-01  2.3820820002882E-01  1.8502521309788E-01   1  1  1  !gaussian's param
 Results for structure bulkCdTe.config               
X-point:  1.00000  0.00000  0.00000
The  8th state is the VBM of bulkCdTe.config     
   Property       Ideal_Value   fitted_Value  Error    Weighted_Err**2   Weight
   --------             ------   -------     -----     ------------
 
eg1v             -11.59000  -9.75049091   1.83950909       0.02519051     1.000
evbm              -4.63391  -4.63162598   0.00228820       0.06095810   500.000
eg1c               1.59000   1.55928638  -0.03071362       3.73136430   100.000
eg15c              5.36000   5.12832109  -0.23167891       0.00747314     2.000
ex1v             -11.04000  -9.03626329   2.00373671       0.00823537     0.500
ex3v              -4.57000  -3.34629449   1.22370551       0.01792509     0.500
ex5v              -2.05000  -1.10516821   0.94483179       0.84969148     2.000
ex1c               3.29000   3.20455021  -0.08544979       2.42846978    60.000
ex3c               3.95000   3.37094951  -0.57905049       0.08596045     2.000
el1v             -11.16000  -9.22543698   1.93456302       0.00030050     0.100
el2v              -4.76000  -3.34680415   1.41319585       0.02203590     0.500
el3v              -0.85000  -0.40952578   0.44047422      26.85363813    10.000
el1c               2.70000   2.70288578   0.00288578       0.00559753    70.000
el3c               6.18000   5.56860190  -0.61139810       0.24468718     5.000
mg1c               0.12800   0.14926088   0.02126088      33.79705186    35.000
mghh100            1.31500   0.94987257  -0.36512743       1.92742470     5.000
mghh111            2.56500   2.24005436  -0.32494564       0.00401224     0.500
mghh110            2.09200   1.71205420  -0.37994580       0.00824632     0.500
mglh100            0.16600   0.19767200   0.03167200       0.03640280     1.000
mglh111            0.15700   0.17667218   0.01967218       0.01570022     1.000
dpa               -3.70000  -3.95502237  -0.25502237       0.47506508    10.000
dpag15v            0.89000   0.89846017   0.00846017       0.00903604    10.000
dpaGX              1.44000   2.14495529   0.70495529       5.99153604     5.000
dpaGL             -1.88000  -2.00991272  -0.12991272       0.11937892     5.000
dpb100            -1.20000  -1.48281428  -0.28281428       5.55443874    10.000
edso0              0.89000   0.85863354  -0.03136646       1.11787574    30.000
edso1              0.53000   0.51892088  -0.01107912       0.01092443     5.000
edso2              0.38000   0.40243432   0.02243432       0.01394179     2.000
 
 Total Error =    83.4225623760986     
 
 Iteration no.         5501
 Values of the pseudopotential parameters
 ----------------------------------------
 Weight of Kinetic Energy   1.00000000000000     
 
 6.88000  0.80000  1.00000           ! Ecut, Smth, scalkin
 
 Cd       48052       ! Atom, atomic_num
 1.3140000000000E+02      4          !norm. atomic volume, ngauss
 2.9259606531869E-01      1          !SO param
 3.5861370106072E-01      1          !af param for strain
 0.0000000000000E+00      0          !beta param
-1.0004801877182E+00  0.0000000000000E+00  7.4575672693656E-01   1  0  1  !gaussian's param
 6.8677159660520E-02  1.7197758505476E+00  5.4620138963479E+00   1  1  1  !gaussian's param
 9.2930429320795E-02  1.0375892300317E+00  1.8093460441990E-01   1  1  1  !gaussian's param
-3.1708385313503E-02  8.5252284172402E-01  9.1432535796431E+00   1  1  1  !gaussian's param
 
 Te       52048       ! Atom, atomic_num
 1.4520000000000E+02      4          !norm. atomic volume, ngauss
 1.7862341308506E-01      1          !SO param
 0.0000000000000E+00      0          !af param for strain
 0.0000000000000E+00      0          !beta param
-1.4543784111379E+00  0.0000000000000E+00  1.9549678496717E+00   1  0  1  !gaussian's param
-1.2793126778693E-04  3.1951202072991E+00  6.7809799114533E-01   1  1  1  !gaussian's param
-1.2476487493126E-02  7.0182270094434E-01  2.2616677387055E+00   1  1  1  !gaussian's param
 1.1609873963825E-01  2.3835977871349E-01  1.8468802283463E-01   1  1  1  !gaussian's param
 Results for structure bulkCdTe.config               
X-point:  1.00000  0.00000  0.00000
The  8th state is the VBM of bulkCdTe.config     
   Property       Ideal_Value   fitted_Value  Error    Weighted_Err**2   Weight
   --------             ------   -------     -----     ------------
 
eg1v             -11.59000  -9.74917209   1.84082791       0.02522665     1.000
evbm              -4.63391  -4.63148725   0.00242693       0.06857408   500.000
eg1c               1.59000   1.55796907  -0.03203093       4.05830620   100.000
eg15c              5.36000   5.12415990  -0.23584010       0.00774401     2.000
ex1v             -11.04000  -9.03434586   2.00565414       0.00825114     0.500
ex3v              -4.57000  -3.34876440   1.22123560       0.01785281     0.500
ex5v              -2.05000  -1.10583885   0.94416115       0.84848570     2.000
ex1c               3.29000   3.20471747  -0.08528253       2.41897224    60.000
ex3c               3.95000   3.37027300  -0.57972700       0.08616142     2.000
el1v             -11.16000  -9.22375365   1.93624635       0.00030102     0.100
el2v              -4.76000  -3.34857910   1.41142090       0.02198058     0.500
el3v              -0.85000  -0.40998428   0.44001572      26.79776294    10.000
el1c               2.70000   2.70150296   0.00150296       0.00151831    70.000
el3c               6.18000   5.56645820  -0.61354180       0.24640606     5.000
mg1c               0.12800   0.14906249   0.02106249      33.16925862    35.000
mghh100            1.31500   0.94893038  -0.36606962       1.93738479     5.000
mghh111            2.56500   2.23706827  -0.32793173       0.00408632     0.500
mghh110            2.09200   1.70998131  -0.38201869       0.00833654     0.500
mglh100            0.16600   0.19736878   0.03136878       0.03570911     1.000
mglh111            0.15700   0.17641614   0.01941614       0.01529418     1.000
dpa               -3.70000  -3.98238734  -0.28238734       0.58248802    10.000
dpag15v            0.89000   0.92341263   0.03341263       0.14094225    10.000
dpaGX              1.44000   2.12007596   0.68007596       5.57609129     5.000
dpaGL             -1.88000  -2.03239906  -0.15239906       0.16428158     5.000
dpb100            -1.20000  -1.48202349  -0.28202349       5.52341989    10.000
edso0              0.89000   0.85823424  -0.03176576       1.14651814    30.000
edso1              0.53000   0.51867684  -0.01132316       0.01141099     5.000
edso2              0.38000   0.40221920   0.02221920       0.01367570     2.000
 
 Total Error =    82.9364405763660     
 
 Iteration no.         6001
 Values of the pseudopotential parameters
 ----------------------------------------
 Weight of Kinetic Energy   1.00000000000000     
 
 6.88000  0.80000  1.00000           ! Ecut, Smth, scalkin
 
 Cd       48052       ! Atom, atomic_num
 1.3140000000000E+02      4          !norm. atomic volume, ngauss
 2.9264614631297E-01      1          !SO param
 3.5436514358178E-01      1          !af param for strain
 0.0000000000000E+00      0          !beta param
-9.9883705041762E-01  0.0000000000000E+00  7.4577237692889E-01   1  0  1  !gaussian's param
 6.8791016405085E-02  1.7196570350184E+00  5.4384869232525E+00   1  1  1  !gaussian's param
 9.3203082831661E-02  1.0375765477220E+00  1.8531775195884E-01   1  1  1  !gaussian's param
-3.1715410583995E-02  8.4852529659758E-01  9.1076926751805E+00   1  1  1  !gaussian's param
 
 Te       52048       ! Atom, atomic_num
 1.4520000000000E+02      4          !norm. atomic volume, ngauss
 2.2110255348308E-01      1          !SO param
 0.0000000000000E+00      0          !af param for strain
 0.0000000000000E+00      0          !beta param
-1.4537706441570E+00  0.0000000000000E+00  1.9548503038482E+00   1  0  1  !gaussian's param
-1.2757956410802E-04  3.1612937716545E+00  6.7809094927311E-01   1  1  1  !gaussian's param
-1.5120938328284E-02  7.0239288542659E-01  2.2616674872196E+00   1  1  1  !gaussian's param
 1.1614045672617E-01  2.3833697663322E-01  1.8355274100060E-01   1  1  1  !gaussian's param
 Results for structure bulkCdTe.config               
X-point:  1.00000  0.00000  0.00000
The  8th state is the VBM of bulkCdTe.config     
   Property       Ideal_Value   fitted_Value  Error    Weighted_Err**2   Weight
   --------             ------   -------     -----     ------------
 
eg1v             -11.59000  -9.73999600   1.85000400       0.02547877     1.000
evbm              -4.63391  -4.58762825   0.04628593      24.94261433   500.000
eg1c               1.59000   1.50699163  -0.08300837      27.25521157   100.000
eg15c              5.36000   5.04004444  -0.31995556       0.01425311     2.000
ex1v             -11.04000  -9.01271732   2.02728268       0.00843006     0.500
ex3v              -4.57000  -3.38902161   1.18097839       0.01669520     0.500
ex5v              -2.05000  -1.12275593   0.92724407       0.81835248     2.000
ex1c               3.29000   3.16543870  -0.12456130       5.16032375    60.000
ex3c               3.95000   3.32153382  -0.62846618       0.10125807     2.000
el1v             -11.16000  -9.20584078   1.95415922       0.00030661     0.100
el2v              -4.76000  -3.38311896   1.37688104       0.02091794     0.500
el3v              -0.85000  -0.41472770   0.43527230      26.22311113    10.000
el1c               2.70000   2.64623043  -0.05376957       1.94330792    70.000
el3c               6.18000   5.51013836  -0.66986164       0.29371983     5.000
mg1c               0.12800   0.14425641   0.01625641      19.75902953    35.000
mghh100            1.31500   0.92739505  -0.38760495       2.17203659     5.000
mghh111            2.56500   2.20579720  -0.35920280       0.00490281     0.500
mghh110            2.09200   1.67954030  -0.41245970       0.00971806     0.500
mglh100            0.16600   0.18992093   0.02392093       0.02076539     1.000
mglh111            0.15700   0.16992319   0.01292319       0.00677548     1.000
dpa               -3.70000  -4.08267221  -0.38267221       1.06967143    10.000
dpag15v            0.89000   0.98118432   0.09118432       1.04968824    10.000
dpaGX              1.44000   2.05442814   0.61442814       4.55152802     5.000
dpaGL             -1.88000  -2.08574873  -0.20574873       0.29943229     5.000
dpb100            -1.20000  -1.49245350  -0.29245350       5.93951722    10.000
edso0              0.89000   0.85360118  -0.03639882       1.50534839    30.000
edso1              0.53000   0.51894665  -0.01105335       0.01087366     5.000
edso2              0.38000   0.39177554   0.01177554       0.00384109     2.000
 
 Total Error =    123.227108979052     
 
 Iteration no.         6501
 Values of the pseudopotential parameters
 ----------------------------------------
 Weight of Kinetic Energy   1.00000000000000     
 
 6.88000  0.80000  1.00000           ! Ecut, Smth, scalkin
 
 Cd       48052       ! Atom, atomic_num
 1.3140000000000E+02      4          !norm. atomic volume, ngauss
 2.9271507382361E-01      1          !SO param
 3.5850192177944E-01      1          !af param for strain
 0.0000000000000E+00      0          !beta param
-1.0008044237105E+00  0.0000000000000E+00  7.4575787328504E-01   1  0  1  !gaussian's param
 6.9099290304830E-02  1.7197701738157E+00  5.4599674989519E+00   1  1  1  !gaussian's param
 9.2909864132249E-02  1.0375952581605E+00  1.8186243594904E-01   1  1  1  !gaussian's param
-3.1724537732171E-02  8.5181669239619E-01  9.2074077235855E+00   1  1  1  !gaussian's param
 
 Te       52048       ! Atom, atomic_num
 1.4520000000000E+02      4          !norm. atomic volume, ngauss
 1.8343856751718E-01      1          !SO param
 0.0000000000000E+00      0          !af param for strain
 0.0000000000000E+00      0          !beta param
-1.4543145365969E+00  0.0000000000000E+00  1.9549448555663E+00   1  0  1  !gaussian's param
-1.2792436922646E-04  3.1880276683109E+00  6.7812802346213E-01   1  1  1  !gaussian's param
-1.3097721086007E-02  7.0278971933276E-01  2.2616678943414E+00   1  1  1  !gaussian's param
 1.1631483940239E-01  2.3853088416401E-01  1.8438924230496E-01   1  1  1  !gaussian's param
 Results for structure bulkCdTe.config               
X-point:  1.00000  0.00000  0.00000
The  8th state is the VBM of bulkCdTe.config     
   Property       Ideal_Value   fitted_Value  Error    Weighted_Err**2   Weight
   --------             ------   -------     -----     ------------
 
eg1v             -11.59000  -9.74535486   1.84464514       0.02533138     1.000
evbm              -4.63391  -4.63368562   0.00022856       0.00060820   500.000
eg1c               1.59000   1.55962658  -0.03037342       3.64916140   100.000
eg15c              5.36000   5.11654585  -0.24345415       0.00825211     2.000
ex1v             -11.04000  -9.02904317   2.01095683       0.00829483     0.500
ex3v              -4.57000  -3.35191025   1.21808975       0.01776095     0.500
ex5v              -2.05000  -1.10709118   0.94290882       0.84623633     2.000
ex1c               3.29000   3.20657787  -0.08342213       2.31458567    60.000
ex3c               3.95000   3.36845443  -0.58154557       0.08670284     2.000
el1v             -11.16000  -9.21891853   1.94108147       0.00030252     0.100
el2v              -4.76000  -3.35070630   1.40929370       0.02191438     0.500
el3v              -0.85000  -0.41039796   0.43960204      26.74739870    10.000
el1c               2.70000   2.70045874   0.00045874       0.00014145    70.000
el3c               6.18000   5.56312955  -0.61687045       0.24908696     5.000
mg1c               0.12800   0.14906487   0.02106487      33.17674580    35.000
mghh100            1.31500   0.94724793  -0.36775207       1.95523409     5.000
mghh111            2.56500   2.23452692  -0.33047308       0.00414990     0.500
mghh110            2.09200   1.70768082  -0.38431918       0.00843725     0.500
mglh100            0.16600   0.19734276   0.03134276       0.03564990     1.000
mglh111            0.15700   0.17635245   0.01935245       0.01519401     1.000
dpa               -3.70000  -3.99670751  -0.29670751       0.64306317    10.000
dpag15v            0.89000   0.92581848   0.03581848       0.16196987    10.000
dpaGX              1.44000   2.11633985   0.67633985       5.51499315     5.000
dpaGL             -1.88000  -2.03677192  -0.15677192       0.17384447     5.000
dpb100            -1.20000  -1.48292925  -0.28292925       5.55895577    10.000
edso0              0.89000   0.85710752  -0.03289248       1.22929375    30.000
edso1              0.53000   0.51832679  -0.01167321       0.01212744     5.000
edso2              0.38000   0.40081815   0.02081815       0.01200542     2.000
 
 Total Error =    82.4774416833367     
 
 Iteration no.         7001
 Values of the pseudopotential parameters
 ----------------------------------------
 Weight of Kinetic Energy   1.00000000000000     
 
 6.88000  0.80000  1.00000           ! Ecut, Smth, scalkin
 
 Cd       48052       ! Atom, atomic_num
 1.3140000000000E+02      4          !norm. atomic volume, ngauss
 2.9272487941145E-01      1          !SO param
 3.5823546358239E-01      1          !af param for strain
 0.0000000000000E+00      0          !beta param
-1.0009640671368E+00  0.0000000000000E+00  7.4575801832191E-01   1  0  1  !gaussian's param
 6.9166455123578E-02  1.7197631612167E+00  5.4659753787408E+00   1  1  1  !gaussian's param
 9.2907952941080E-02  1.0375956747705E+00  1.8202154147114E-01   1  1  1  !gaussian's param
-3.1734964653178E-02  8.4774475378681E-01  9.2213897605561E+00   1  1  1  !gaussian's param
 
 Te       52048       ! Atom, atomic_num
 1.4520000000000E+02      4          !norm. atomic volume, ngauss
 1.8652419852368E-01      1          !SO param
 0.0000000000000E+00      0          !af param for strain
 0.0000000000000E+00      0          !beta param
-1.4546201152446E+00  0.0000000000000E+00  1.9549275883312E+00   1  0  1  !gaussian's param
-1.2795337740562E-04  3.1890378472688E+00  6.7816797558148E-01   1  1  1  !gaussian's param
-1.3272039949170E-02  7.0289573204121E-01  2.2616679582330E+00   1  1  1  !gaussian's param
 1.1646751705715E-01  2.3855406941866E-01  1.8432393752357E-01   1  1  1  !gaussian's param
 Results for structure bulkCdTe.config               
X-point:  1.00000  0.00000  0.00000
The  8th state is the VBM of bulkCdTe.config     
   Property       Ideal_Value   fitted_Value  Error    Weighted_Err**2   Weight
   --------             ------   -------     -----     ------------
 
eg1v             -11.59000  -9.74443148   1.84556852       0.02535674     1.000
evbm              -4.63391  -4.63338592   0.00052826       0.00324891   500.000
eg1c               1.59000   1.55718179  -0.03281821       4.26025525   100.000
eg15c              5.36000   5.11040008  -0.24959992       0.00867400     2.000
ex1v             -11.04000  -9.02727844   2.01272156       0.00830939     0.500
ex3v              -4.57000  -3.35456877   1.21543123       0.01768351     0.500
ex5v              -2.05000  -1.10828963   0.94171037       0.84408654     2.000
ex1c               3.29000   3.20513424  -0.08486576       2.39538701    60.000
ex3c               3.95000   3.36554776  -0.58445224       0.08757171     2.000
el1v             -11.16000  -9.21742086   1.94257914       0.00030299     0.100
el2v              -4.76000  -3.35287887   1.40712113       0.02184686     0.500
el3v              -0.85000  -0.41078039   0.43921961      26.70088063    10.000
el1c               2.70000   2.69732223  -0.00267777       0.00481965    70.000
el3c               6.18000   5.55940217  -0.62059783       0.25210622     5.000
mg1c               0.12800   0.14880440   0.02080440      32.36135694    35.000
mghh100            1.31500   0.94568522  -0.36931478       1.97188637     5.000
mghh111            2.56500   2.23201377  -0.33298623       0.00421326     0.500
mghh110            2.09200   1.70538968  -0.38661032       0.00853815     0.500
mglh100            0.16600   0.19693362   0.03093362       0.03472524     1.000
mglh111            0.15700   0.17598754   0.01898754       0.01462642     1.000
dpa               -3.70000  -3.99727631  -0.29727631       0.64553108    10.000
dpag15v            0.89000   0.92233776   0.03233776       0.13202000    10.000
dpaGX              1.44000   2.12177094   0.68177094       5.60392093     5.000
dpaGL             -1.88000  -2.03294719  -0.15294719       0.16546546     5.000
dpb100            -1.20000  -1.48224849  -0.28224849       5.53223678    10.000
edso0              0.89000   0.85677146  -0.03322854       1.25454129    30.000
edso1              0.53000   0.51832977  -0.01167023       0.01212125     5.000
edso2              0.38000   0.40006882   0.02006882       0.01115672     2.000
 
 Total Error =    82.3828692969618     
Output flag from DQED, IGO =      3
 
Computed X:
 
   1.00124    
  0.989758    
   1.00510    
   1.00241    
   1.02236    
  0.996584    
   1.05705    
  0.995985    
  0.997819    
   1.04634    
   1.00205    
  0.965280    
   1.12100    
   1.14321    
  0.999839    
  0.996971    
  0.981431    
   1.05896    
   1.00017    
   1.15331    
   1.00734    
  0.999992    
   1.04188    
   1.00246    
  0.984461    
 
L2 norm of the residual, FNORM =    82.3234    
 
EPMFIT_DQED
Normal end of execution.
 
 Iteration no.         7412
 Values of the pseudopotential parameters
 ----------------------------------------
 Weight of Kinetic Energy   1.00000000000000     
 
 6.88000  0.80000  1.00000           ! Ecut, Smth, scalkin
 
 Cd       48052       ! Atom, atomic_num
 1.3140000000000E+02      4          !norm. atomic volume, ngauss
 2.9272468639103E-01      1          !SO param
 3.5806764329809E-01      1          !af param for strain
 0.0000000000000E+00      0          !beta param
-1.0009655016272E+00  0.0000000000000E+00  7.4575800409509E-01   1  0  1  !gaussian's param
 6.9198025231259E-02  1.7197640186055E+00  5.4652552905996E+00   1  1  1  !gaussian's param
 9.2908091835105E-02  1.0375957863797E+00  1.8201904785489E-01   1  1  1  !gaussian's param
-3.1732340323243E-02  8.4780021921176E-01  9.2190384712653E+00   1  1  1  !gaussian's param
 
 Te       52048       ! Atom, atomic_num
 1.4520000000000E+02      4          !norm. atomic volume, ngauss
 1.8641811260985E-01      1          !SO param
 0.0000000000000E+00      0          !af param for strain
 0.0000000000000E+00      0          !beta param
-1.4546607784107E+00  0.0000000000000E+00  1.9549292269093E+00   1  0  1  !gaussian's param
-1.2795199038852E-04  3.1896136626007E+00  6.7815691949167E-01   1  1  1  !gaussian's param
-1.3220988910267E-02  7.0285370877718E-01  2.2616679562274E+00   1  1  1  !gaussian's param
 1.1673411510822E-01  2.3855362351881E-01  1.8432424238360E-01   1  1  1  !gaussian's param
 Results for structure bulkCdTe.config               
X-point:  1.00000  0.00000  0.00000
The  8th state is the VBM of bulkCdTe.config     
   Property       Ideal_Value   fitted_Value  Error    Weighted_Err**2   Weight
   --------             ------   -------     -----     ------------
 
eg1v             -11.59000  -9.74370179   1.84629821       0.02537680     1.000
evbm              -4.63391  -4.63382172   0.00009246       0.00009954   500.000
eg1c               1.59000   1.56182704  -0.02817296       3.13957402   100.000
eg15c              5.36000   5.11202060  -0.24797940       0.00856173     2.000
ex1v             -11.04000  -9.02680047   2.01319953       0.00831334     0.500
ex3v              -4.57000  -3.35256167   1.21743833       0.01774196     0.500
ex5v              -2.05000  -1.10803118   0.94196882       0.84454992     2.000
ex1c               3.29000   3.20580079  -0.08419921       2.35790742    60.000
ex3c               3.95000   3.36862160  -0.58137840       0.08665300     2.000
el1v             -11.16000  -9.21686778   1.94313222       0.00030316     0.100
el2v              -4.76000  -3.35134761   1.40865239       0.02189444     0.500
el3v              -0.85000  -0.41066432   0.43933568      26.71499471    10.000
el1c               2.70000   2.70116304   0.00116304       0.00090919    70.000
el3c               6.18000   5.56043871  -0.61956129       0.25126478     5.000
mg1c               0.12800   0.14915396   0.02115396      33.45797538    35.000
mghh100            1.31500   0.94603003  -0.36896997       1.96820592     5.000
mghh111            2.56500   2.23280378  -0.33219622       0.00419329     0.500
mghh110            2.09200   1.70610352  -0.38589648       0.00850664     0.500
mglh100            0.16600   0.19749046   0.03149046       0.03598668     1.000
mglh111            0.15700   0.17643849   0.01943849       0.01532942     1.000
dpa               -3.70000  -3.99699725  -0.29699725       0.64431968    10.000
dpag15v            0.89000   0.92491823   0.03491823       0.15393042    10.000
dpaGX              1.44000   2.12040966   0.68040966       5.58156466     5.000
dpaGL             -1.88000  -2.03418263  -0.15418263       0.16814935     5.000
dpb100            -1.20000  -1.48203873  -0.28203873       5.52401715    10.000
edso0              0.89000   0.85670359  -0.03329641       1.25967188    30.000
edso1              0.53000   0.51824445  -0.01175555       0.01229912     5.000
edso2              0.38000   0.40005177   0.02005177       0.01113777     2.000
 
 Total Error =    82.3234313655565     
 Ending at
May 10 2011   3:12:37.381 PM
