May 18 2011   3:12:00.878 PM
 Spin-Orbit interaction is ON
 Reweight of KE term    1.00000000000000     
 Fixed Reweight
 debug: close fit.d file 
 Read in a total of            2  pseudopotentials
 There are a total of          14 parameters to be fitted
 
 Reading expt. data from input.CdTe                    
     Input Quantity      Non So.      S.O.    weight
     --------------       -----     ------    ------
  eg1v                 -11.07000   -11.59000     1.00000
  evbm                  -4.63391    -4.63391   700.00000
  eg1c                   1.47500     1.47500   200.00000
  eg15c                  5.36000     5.36000     2.00000
  ex1v                  -9.12000   -11.04000     0.50000
  ex3v                  -5.05000    -4.57000     0.50000
  ex5v                  -1.60000    -2.05000     2.00000
  ex1c                   3.48000     3.29000    40.00000
  ex3c                   3.95000     3.95000     2.00000
  el1v                  -9.64000   -11.16000     0.10000
  el2v                  -4.73000    -4.76000     0.50000
  el3v                  -0.65000    -0.85000    20.00000
  el1c                   2.82000     2.70000    40.00000
  el3c                   6.18000     6.18000     5.00000
  mg1c                   0.12800     0.12800    35.00000
  mghh100                1.31500     1.31500    10.00000
  mghh111                2.56500     2.56500     0.50000
  mghh110                2.09200     2.09200     0.50000
  mglh100                0.16600     0.16600     1.00000
  mglh111                0.15700     0.15700     1.00000
  dpa                   -3.70000    -3.70000    10.00000
  dpag15v                0.89000     0.89000    10.00000
  dpaGX                  1.44000     1.44000     5.00000
  dpaGL                 -1.88000    -1.88000     5.00000
  dpb100                -1.20000    -1.20000    10.00000
  edso0                  0.89000     0.89000    30.00000
  edso1                  0.53000     0.53000     5.00000
  edso2                  0.38000     0.38000     2.00000
          28  Properties to be fitted for bulkCdTe.config               
 
          28  total expt. properties to be fitted
 
 Reading in structure bulkCdTe.config               
 Initial EPM:
 
 Iteration no.            1
 Values of the pseudopotential parameters
 ----------------------------------------
 Weight of Kinetic Energy   1.00000000000000     
 
 6.88000  0.80000  1.00000           ! Ecut, Smth, scalkin
 
 Cd       48052       ! Atom, atomic_num
 2.6280000000000E+02      4          !norm. atomic volume, ngauss
 1.1232135426018E-01      1          !SO param
 6.6276781121311E-01      1          !af param for strain
 0.0000000000000E+00      0          !beta param
-4.9480400000000E-01  0.0000000000000E+00  2.2508400000000E+00   0  0  0  !gaussian's param
-8.8119900000000E-03  3.5127900000000E+00  2.3379600000000E+00   0  0  0  !gaussian's param
 1.1256500000000E+00 -1.0642300000000E+00  3.2992700000000E+00   0  0  0  !gaussian's param
 6.2469600000000E-02  1.5789400000000E+00  1.7675600000000E+00   0  0  0  !gaussian's param
 
 Te       52048       ! Atom, atomic_num
 1.4520000000000E+02      4          !norm. atomic volume, ngauss
 3.1752820884187E-01      1          !SO param
 0.0000000000000E+00      0          !af param for strain
 0.0000000000000E+00      0          !beta param
-1.4460031273666E+00  0.0000000000000E+00  1.2095718382784E+00   1  0  1  !gaussian's param
-1.3503512917131E-06  7.8235899355790E-01  7.7155354123160E-01   1  1  1  !gaussian's param
-1.3055936667137E-02  1.2084351125415E+00  1.0216452043737E-01   1  1  1  !gaussian's param
 1.0145292977593E-01  1.7192556475903E-01  1.8576467724823E-01   1  1  1  !gaussian's param
 Results for structure bulkCdTe.config               
X-point:  1.00000  0.00000  0.00000
The  8th state is the VBM of bulkCdTe.config     
   Property       Ideal_Value   fitted_Value  Error    Weighted_Err**2   Weight
   --------             ------   -------     -----     ------------
 
eg1v             -11.59000 -10.71019524   0.87980476       0.00576243     1.000
evbm              -4.63391  -4.63228617   0.00162801       0.06048014   700.000
eg1c               1.47500   1.58368392   0.10868392     217.17335791   200.000
eg15c              5.36000   5.16705938  -0.19294062       0.00518296     2.000
ex1v             -11.04000 -10.17088490   0.86911510       0.00154937     0.500
ex3v              -4.57000  -3.07506666   1.49493334       0.02675169     0.500
ex5v              -2.05000  -1.15254428   0.89745572       0.76661680     2.000
ex1c               3.29000   3.00132772  -0.28867228      12.31794772    40.000
ex3c               3.95000   3.68325378  -0.26674622       0.01824158     2.000
el1v             -11.16000 -10.30822208   0.85177792       0.00005825     0.100
el2v              -4.76000  -3.19667471   1.56332529       0.02696651     0.500
el3v              -0.85000  -0.43023440   0.41976560      97.55192170    20.000
el1c               2.70000   2.86612061   0.16612061       6.05674781    40.000
el3c               6.18000   5.45754882  -0.72245118       0.34164893     5.000
mg1c               0.12800   0.14898051   0.02098051      32.91155282    35.000
mghh100            1.31500   0.89954513  -0.41545487       9.98150885    10.000
mghh111            2.56500   2.10754894  -0.45745106       0.00795160     0.500
mghh110            2.09200   1.61938306  -0.47261694       0.01275955     0.500
mglh100            0.16600   0.20843027   0.04243027       0.06533342     1.000
mglh111            0.15700   0.18414328   0.02714328       0.02988995     1.000
dpa               -3.70000  -2.88892795   0.81107205       4.80524373    10.000
dpag15v            0.89000   0.88489611  -0.00510389       0.00328869    10.000
dpaGX              1.44000   1.01653949  -0.42346051       2.16192621     5.000
dpaGL             -1.88000  -1.82125616   0.05874384       0.02440894     5.000
dpb100            -1.20000  -1.21728569  -0.01728569       0.02074966    10.000
edso0              0.89000   0.87074559  -0.01925441       0.42123357    30.000
edso1              0.53000   0.51133692  -0.01866308       0.03099951     5.000
edso2              0.38000   0.40734817   0.02734817       0.02071807     2.000
 
 Total Error =    384.850798380048     
 
 Iteration no.          501
 Values of the pseudopotential parameters
 ----------------------------------------
 Weight of Kinetic Energy   1.00000000000000     
 
 6.88000  0.80000  1.00000           ! Ecut, Smth, scalkin
 
 Cd       48052       ! Atom, atomic_num
 2.6280000000000E+02      4          !norm. atomic volume, ngauss
 1.1900023012724E-01      1          !SO param
 6.5324422979878E-01      1          !af param for strain
 0.0000000000000E+00      0          !beta param
-4.9480400000000E-01  0.0000000000000E+00  2.2508400000000E+00   0  0  0  !gaussian's param
-8.8119900000000E-03  3.5127900000000E+00  2.3379600000000E+00   0  0  0  !gaussian's param
 1.1256500000000E+00 -1.0642300000000E+00  3.2992700000000E+00   0  0  0  !gaussian's param
 6.2469600000000E-02  1.5789400000000E+00  1.7675600000000E+00   0  0  0  !gaussian's param
 
 Te       52048       ! Atom, atomic_num
 1.4520000000000E+02      4          !norm. atomic volume, ngauss
 3.4909624032938E-01      1          !SO param
 0.0000000000000E+00      0          !af param for strain
 0.0000000000000E+00      0          !beta param
-1.4580242695271E+00  0.0000000000000E+00  1.2146058303986E+00   1  0  1  !gaussian's param
-1.3700989333994E-06  1.2200769919104E-01  2.1460891923064E+00   1  1  1  !gaussian's param
-1.2967976399639E-02  1.2296429323368E+00  1.0002013622859E-01   1  1  1  !gaussian's param
 1.0392321957659E-01  9.2301611061326E-02  1.8866737908541E-01   1  1  1  !gaussian's param
 Results for structure bulkCdTe.config               
X-point:  1.00000  0.00000  0.00000
The  8th state is the VBM of bulkCdTe.config     
   Property       Ideal_Value   fitted_Value  Error    Weighted_Err**2   Weight
   --------             ------   -------     -----     ------------
 
eg1v             -11.59000 -10.84458731   0.74541269       0.00413644     1.000
evbm              -4.63391  -4.63722828  -0.00331410       0.25062974   700.000
eg1c               1.47500   1.46677818  -0.00822182       1.24282961   200.000
eg15c              5.36000   5.13153845  -0.22846155       0.00726702     2.000
ex1v             -11.04000 -10.32141668   0.71858332       0.00105915     0.500
ex3v              -4.57000  -3.11638635   1.45361365       0.02529331     0.500
ex5v              -2.05000  -1.16033031   0.88966969       0.75337266     2.000
ex1c               3.29000   2.95723808  -0.33276192      16.36799256    40.000
ex3c               3.95000   3.65363196  -0.29636804       0.02251793     2.000
el1v             -11.16000 -10.45425231   0.70574769       0.00003999     0.100
el2v              -4.76000  -3.23452344   1.52547656       0.02567658     0.500
el3v              -0.85000  -0.43332031   0.41667969      96.12288459    20.000
el1c               2.70000   2.79053824   0.09053824       1.79910513    40.000
el3c               6.18000   5.42528877  -0.75471123       0.37284188     5.000
mg1c               0.12800   0.14200154   0.01400154      14.65776763    35.000
mghh100            1.31500   0.89054496  -0.42445504      10.41866059    10.000
mghh111            2.56500   2.08942692  -0.47557308       0.00859409     0.500
mghh110            2.09200   1.60217169  -0.48982831       0.01370580     0.500
mglh100            0.16600   0.19503541   0.02903541       0.03059426     1.000
mglh111            0.15700   0.17340868   0.01640868       0.01092315     1.000
dpa               -3.70000  -2.71775509   0.98224491       7.04751694    10.000
dpag15v            0.89000   0.90398213   0.01398213       0.02468122    10.000
dpaGX              1.44000   1.06302704  -0.37697296       1.71330797     5.000
dpaGL             -1.88000  -1.71588672   0.16411328       0.19050737     5.000
dpb100            -1.20000  -1.22169145  -0.02169145       0.03267492    10.000
edso0              0.89000   0.95999990   0.06999990       5.56746360    30.000
edso1              0.53000   0.56056175   0.03056175       0.08312748     5.000
edso2              0.38000   0.44453501   0.06453501       0.11536752     2.000
 
 Total Error =    156.910539125719     
 
 Iteration no.         1001
 Values of the pseudopotential parameters
 ----------------------------------------
 Weight of Kinetic Energy   1.00000000000000     
 
 6.88000  0.80000  1.00000           ! Ecut, Smth, scalkin
 
 Cd       48052       ! Atom, atomic_num
 2.6280000000000E+02      4          !norm. atomic volume, ngauss
 1.1885284908043E-01      1          !SO param
 6.5861643470417E-01      1          !af param for strain
 0.0000000000000E+00      0          !beta param
-4.9480400000000E-01  0.0000000000000E+00  2.2508400000000E+00   0  0  0  !gaussian's param
-8.8119900000000E-03  3.5127900000000E+00  2.3379600000000E+00   0  0  0  !gaussian's param
 1.1256500000000E+00 -1.0642300000000E+00  3.2992700000000E+00   0  0  0  !gaussian's param
 6.2469600000000E-02  1.5789400000000E+00  1.7675600000000E+00   0  0  0  !gaussian's param
 
 Te       52048       ! Atom, atomic_num
 1.4520000000000E+02      4          !norm. atomic volume, ngauss
 3.2496141499398E-01      1          !SO param
 0.0000000000000E+00      0          !af param for strain
 0.0000000000000E+00      0          !beta param
-1.4576102709583E+00  0.0000000000000E+00  1.2178210216247E+00   1  0  1  !gaussian's param
-1.3705983589207E-06  1.2105064151981E-01  2.1577129545212E+00   1  1  1  !gaussian's param
-1.2965001434530E-02  1.2296324418617E+00  1.0000550276932E-01   1  1  1  !gaussian's param
 1.0345478127306E-01  9.1415951767104E-02  1.8818422547236E-01   1  1  1  !gaussian's param
 Results for structure bulkCdTe.config               
X-point:  1.00000  0.00000  0.00000
The  8th state is the VBM of bulkCdTe.config     
   Property       Ideal_Value   fitted_Value  Error    Weighted_Err**2   Weight
   --------             ------   -------     -----     ------------
 
eg1v             -11.59000 -10.80987446   0.78012554       0.00453067     1.000
evbm              -4.63391  -4.63338078   0.00053340       0.00649233   700.000
eg1c               1.47500   1.47230179  -0.00269821       0.13385243   200.000
eg15c              5.36000   5.12811566  -0.23188434       0.00748640     2.000
ex1v             -11.04000 -10.28144259   0.75855741       0.00118026     0.500
ex3v              -4.57000  -3.09816989   1.47183011       0.02593122     0.500
ex5v              -2.05000  -1.16225405   0.88774595       0.75011813     2.000
ex1c               3.29000   2.95180256  -0.33819744      16.90708832    40.000
ex3c               3.95000   3.64888995  -0.30111005       0.02324429     2.000
el1v             -11.16000 -10.41563571   0.74436429       0.00004449     0.100
el2v              -4.76000  -3.21981081   1.54018919       0.02617425     0.500
el3v              -0.85000  -0.43401446   0.41598554      95.80288829    20.000
el1c               2.70000   2.78965234   0.08965234       1.76406951    40.000
el3c               6.18000   5.42169837  -0.75830163       0.37639777     5.000
mg1c               0.12800   0.14131629   0.01331629      13.25814682    35.000
mghh100            1.31500   0.88829286  -0.42670714      10.52951355    10.000
mghh111            2.56500   2.08418916  -0.48081084       0.00878443     0.500
mghh110            2.09200   1.59835473  -0.49364527       0.01392024     0.500
mglh100            0.16600   0.19547100   0.02947100       0.03151909     1.000
mglh111            0.15700   0.17370311   0.01670311       0.01131867     1.000
dpa               -3.70000  -2.72913920   0.97086080       6.88510369    10.000
dpag15v            0.89000   0.88125008  -0.00874992       0.00966558    10.000
dpaGX              1.44000   1.06725529  -0.37274471       1.67508940     5.000
dpaGL             -1.88000  -1.71780657   0.16219343       0.18607620     5.000
dpb100            -1.20000  -1.22196472  -0.02196472       0.03350339    10.000
edso0              0.89000   0.88703542  -0.00296458       0.00998593    30.000
edso1              0.53000   0.52060750  -0.00939250       0.00785146     5.000
edso2              0.38000   0.41338652   0.03338652       0.03087700     2.000
 
 Total Error =    148.520853833881     
Output flag from DQED, IGO =      3
 
Computed X:
 
   1.05718    
  0.992230    
   1.01947    
   1.00802    
   1.00695    
   1.01484    
  0.160308    
   2.79563    
  0.992759    
   1.01744    
  0.978868    
   1.01928    
  0.531950    
   1.01316    
 
L2 norm of the residual, FNORM =    148.466    
 
EPMFIT_DQED
Normal end of execution.
 
 Iteration no.         1337
 Values of the pseudopotential parameters
 ----------------------------------------
 Weight of Kinetic Energy   1.00000000000000     
 
 6.88000  0.80000  1.00000           ! Ecut, Smth, scalkin
 
 Cd       48052       ! Atom, atomic_num
 2.6280000000000E+02      4          !norm. atomic volume, ngauss
 1.1874360426276E-01      1          !SO param
 6.5761833793656E-01      1          !af param for strain
 0.0000000000000E+00      0          !beta param
-4.9480400000000E-01  0.0000000000000E+00  2.2508400000000E+00   0  0  0  !gaussian's param
-8.8119900000000E-03  3.5127900000000E+00  2.3379600000000E+00   0  0  0  !gaussian's param
 1.1256500000000E+00 -1.0642300000000E+00  3.2992700000000E+00   0  0  0  !gaussian's param
 6.2469600000000E-02  1.5789400000000E+00  1.7675600000000E+00   0  0  0  !gaussian's param
 
 Te       52048       ! Atom, atomic_num
 1.4520000000000E+02      4          !norm. atomic volume, ngauss
 3.2371033684749E-01      1          !SO param
 0.0000000000000E+00      0          !af param for strain
 0.0000000000000E+00      0          !beta param
-1.4576065223189E+00  0.0000000000000E+00  1.2179778043665E+00   1  0  1  !gaussian's param
-1.3703862353299E-06  1.2541808155997E-01  2.1569775745346E+00   1  1  1  !gaussian's param
-1.2961399437044E-02  1.2295150746309E+00  1.0000556599125E-01   1  1  1  !gaussian's param
 1.0340874369623E-01  9.1455865948094E-02  1.8820953400625E-01   1  1  1  !gaussian's param
 Results for structure bulkCdTe.config               
X-point:  1.00000  0.00000  0.00000
The  8th state is the VBM of bulkCdTe.config     
   Property       Ideal_Value   fitted_Value  Error    Weighted_Err**2   Weight
   --------             ------   -------     -----     ------------
 
eg1v             -11.59000 -10.80907981   0.78092019       0.00453990     1.000
evbm              -4.63391  -4.63357809   0.00033609       0.00257756   700.000
eg1c               1.47500   1.47208453  -0.00291547       0.15627639   200.000
eg15c              5.36000   5.12827614  -0.23172386       0.00747605     2.000
ex1v             -11.04000 -10.28056461   0.75943539       0.00118300     0.500
ex3v              -4.57000  -3.09712159   1.47287841       0.02596817     0.500
ex5v              -2.05000  -1.16226945   0.88773055       0.75009212     2.000
ex1c               3.29000   2.95169577  -0.33830423      16.91776746    40.000
ex3c               3.95000   3.64894706  -0.30105294       0.02323547     2.000
el1v             -11.16000 -10.41477722   0.74522278       0.00004459     0.100
el2v              -4.76000  -3.21892576   1.54107424       0.02620434     0.500
el3v              -0.85000  -0.43402140   0.41597860      95.79969104    20.000
el1c               2.70000   2.78951209   0.08951209       1.75855454    40.000
el3c               6.18000   5.42183063  -0.75816937       0.37626648     5.000
mg1c               0.12800   0.14125377   0.01325377      13.13394514    35.000
mghh100            1.31500   0.88827216  -0.42672784      10.53053536    10.000
mghh111            2.56500   2.08409720  -0.48090280       0.00878779     0.500
mghh110            2.09200   1.59829522  -0.49370478       0.01392359     0.500
mglh100            0.16600   0.19545291   0.02945291       0.03148040     1.000
mglh111            0.15700   0.17368874   0.01668874       0.01129920     1.000
dpa               -3.70000  -2.72799496   0.97200504       6.90134260    10.000
dpag15v            0.89000   0.88494049  -0.00505951       0.00323174    10.000
dpaGX              1.44000   1.06788527  -0.37211473       1.66943201     5.000
dpaGL             -1.88000  -1.71661101   0.16338899       0.18882952     5.000
dpb100            -1.20000  -1.22193819  -0.02193819       0.03342251    10.000
edso0              0.89000   0.88335159  -0.00664841       0.05022254    30.000
edso1              0.53000   0.51857246  -0.01142754       0.01162235     5.000
edso2              0.38000   0.41180598   0.03180598       0.02802273     2.000
 
 Total Error =    148.465974591950     
 Ending at
May 18 2011   3:19:59.938 PM
