    4       1             ! num_pot, pot. type
 6.88000  0.80000  1.00000           ! Ecut, Smth, scalkin
 
 Cd       48034       ! Atom, atomic_num
 2.6280000000000E+02      4          !norm. atomic volume, ngauss
 5.5335820241142E-02      1          !SO param
 6.3195497113685E-01      1          !af param for strain
 0.0000000000000E+00      0          !beta param
-4.9615064452707E-01  0.0000000000000E+00  2.4155297480012E+00   1  0  1  !gaussian's param
-1.3016948530619E-02  2.8768441762656E+00  1.8221741938585E+00   1  1  1  !gaussian's param
 1.0869093271565E+00 -1.0703985439336E+00  3.3533811067600E+00   1  1  1  !gaussian's param
 6.1366417222992E-02  1.7754811198348E+00  1.8265814839292E+00   1  1  1  !gaussian's param
 
 Se       34048       ! Atom, atomic_num
 1.4520000000000E+02      4          !norm. atomic volume, ngauss
 1.3097427645193E-01      1          !SO param
 0.0000000000000E+00      0          !af param for strain
 0.0000000000000E+00      0          !beta param
-1.3622603432236E+00  0.0000000000000E+00  1.1343932881364E+00   1  0  1  !gaussian's param
-1.1648727700785E-06  1.2721880892852E-01  3.1104817244894E+00   1  1  1  !gaussian's param
-1.7906611429806E-02  5.3894872943240E-01  3.0629096405829E-01   1  1  1  !gaussian's param
 9.6494487374009E-02  8.4908109199107E-02  1.9514452370471E-01   1  1  1  !gaussian's param
 
 Cd       48052       ! Atom, atomic_num
 2.6280000000000E+02      4          !norm. atomic volume, ngauss
 8.5731880184007E-02      1          !SO param
 6.7525462886487E-01      1          !af param for strain
 0.0000000000000E+00      0          !beta param
-5.0325603790901E-01  0.0000000000000E+00  2.1544333664503E+00   1  0  1  !gaussian's param
-9.1519356836461E-03  3.6609371165574E+00  2.3278164203043E+00   1  1  1  !gaussian's param
 1.1050740752372E+00 -1.0712543690225E+00  3.2636545513522E+00   1  1  1  !gaussian's param
 5.7617805557454E-02  1.6226707030223E+00  2.8000852615240E+00   1  1  1  !gaussian's param
 
 Te       52048       ! Atom, atomic_num
 1.4520000000000E+02      4          !norm. atomic volume, ngauss
 3.3483974889830E-01      1          !SO param
 0.0000000000000E+00      0          !af param for strain
 0.0000000000000E+00      0          !beta param
-1.4646370133196E+00  0.0000000000000E+00  1.2173980927743E+00   1  0  1  !gaussian's param
-1.3654873281876E-06  1.4056139319288E-01  2.3263623377575E+00   1  1  1  !gaussian's param
-1.2009098239844E-02  1.0756155859607E+00  1.0000000020826E-01   1  1  1  !gaussian's param
 1.0681666979851E-01  9.8445907707496E-02  1.8322474406959E-01   1  1  1  !gaussian's param
 1.0000000000000E+00      0          !kin_scal param
 
 SO calc.
 **************************
 Results for structure bulkCdSe.config               
X-point:  1.00000  0.00000  0.00000
The  8th state is the VBM of bulkCdSe.config     
   Property       Ideal_Value   fitted_Value  Error    Weighted_Err**2   Weight
   --------             ------   -------     -----     ------------
 
eg1v             -12.97000 -11.90964325   1.06035675       0.00668381     1.000
evbm              -5.35971  -5.35990420  -0.00019901       0.00067555   700.000
eg1c               1.74000   1.73796265  -0.00203735       0.05483953   200.000
eg15c              6.45000   5.63085914  -0.81914086       0.06451456     2.000
ex1v             -12.41000 -11.18086083   1.22913917       0.00245244     0.500
ex3v              -4.36000  -3.53242446   0.82757554       0.00900704     0.500
ex5v              -2.05000  -1.41909614   0.63090386       0.37885989     2.000
ex1c               3.95000   2.97344508  -0.97655492       6.11222254    10.000
ex3c               4.14000   3.91073904  -0.22926096       0.01226647     2.000
el1v             -12.54000 -11.35637704   1.18362296       0.00008909     0.100
el2v              -4.75000  -3.73469905   1.01530095       0.01142201     0.500
el3v              -0.78000  -0.51786783   0.26213217       0.45176381     2.000
el1c               3.39000   3.07545599  -0.31454401       0.86092126    10.000
mg1c               0.12000   0.13109110   0.01109110       5.33908815    25.000
ml1cl              1.90000   2.34545405   0.44545405       1.37416418     5.000
ml1ct              0.07500   0.20095455   0.12595455      70.50910895     5.000
mx1cl              1.30000   0.75019996  -0.54980004       4.47159890     5.000
mx1ct              0.23000   0.31588666   0.08588666       0.13944269     1.000
mghh100            0.90000   0.80090911  -0.09909089       1.21222284    10.000
mghh110            1.70000   1.44564707  -0.25435293       0.08954383     2.000
mghh111            2.14000   1.88127137  -0.25872863       0.00365428     0.500
mglh100            0.18000   0.19192834   0.01192834       0.01756607     2.000
mglh110            0.16000   0.17342802   0.01342802       0.00704343     1.000
mglh111            0.16000   0.16880504   0.00880504       0.00302846     1.000
dpa               -2.90000  -2.93155012  -0.03155012       0.04734413    20.000
dpag15v            0.90000   0.89553429  -0.00446571       0.00061551     5.000
dpaGX              1.03000   1.81966506   0.78966506       5.28997845     3.000
dpaGL             -2.19000  -1.36901559   0.82098441       1.26480652     3.000
dpb100            -1.20000  -1.25894039  -0.05894039       0.96499153    20.000
edso0              0.42000   0.41824313  -0.00175687       0.01574790    30.000
edso1              0.20000   0.25013012   0.05013012       0.06282572     1.000
 Results for structure bulkCdTe.config               
X-point:  1.00000  0.00000  0.00000
The  8th state is the VBM of bulkCdTe.config     
   Property       Ideal_Value   fitted_Value  Error    Weighted_Err**2   Weight
   --------             ------   -------     -----     ------------
 
eg1v             -11.59000 -10.51052922   1.07947078       0.00867471     1.000
evbm              -4.63391  -4.63372024   0.00019394       0.00085828   700.000
eg1c               1.47500   1.47424629  -0.00075371       0.01044436   200.000
eg15c              5.36000   4.93120158  -0.42879842       0.02559981     2.000
ex1v             -11.04000  -9.90573510   1.13426490       0.00263895     0.500
ex3v              -4.57000  -3.26698321   1.30301679       0.02032393     0.500
ex5v              -2.05000  -1.19556564   0.85443436       0.69487979     2.000
ex1c               3.29000   2.97702184  -0.31297816      14.47958940    40.000
ex3c               3.95000   3.47914169  -0.47085831       0.05683898     2.000
el1v             -11.16000 -10.06132722   1.09867278       0.00009692     0.100
el2v              -4.76000  -3.34377891   1.41622109       0.02213035     0.500
el3v              -0.85000  -0.45763392   0.39236608      85.23246734    20.000
el1c               2.70000   2.66958544  -0.03041456       0.20302776    40.000
el3c               6.18000   5.32482219  -0.85517781       0.47871376     5.000
mg1c               0.12800   0.13652335   0.00852335       5.43171126    35.000
mghh100            1.31500   0.84917523  -0.46582477      12.54855312    10.000
mghh111            2.56500   1.95283847  -0.61216153       0.01423959     0.500
mghh110            2.09200   1.50908439  -0.58291561       0.01941011     0.500
mglh100            0.16600   0.18548789   0.01948789       0.01378203     1.000
mglh111            0.15700   0.16524264   0.00824264       0.00275634     1.000
dpa               -3.70000  -3.62035462   0.07964538       0.04633591    10.000
dpag15v            0.89000   0.89490138   0.00490138       0.00303289    10.000
dpaGX              1.44000   0.88434402  -0.55565598       3.72243407     5.000
dpaGL             -1.88000  -2.08647757  -0.20647757       0.30155745     5.000
dpb100            -1.20000  -1.31234134  -0.11234134       0.87642895    10.000
edso0              0.89000   0.88312716  -0.00687284       0.05367049    30.000
edso1              0.53000   0.51813402  -0.01186598       0.01253128     5.000
edso2              0.38000   0.41807363   0.03807363       0.04015515     2.000
 Results for structure SQS8.CdSe25Te75.config        
X-point:  1.00000  0.00000  0.00000
The 64th state is the VBM of SQS8.CdSe25Te75.conf
   Property       Ideal_Value   fitted_Value  Error    Weighted_Err**2   Weight
   --------             ------   -------     -----     ------------
 
eg1c               1.49300   1.41956443  -0.07343557       6.04830044    50.000
 Results for structure SQS8.CdSe50Te50.config        
X-point:  1.00000  0.00000  0.00000
The 64th state is the VBM of SQS8.CdSe50Te50.conf
   Property       Ideal_Value   fitted_Value  Error    Weighted_Err**2   Weight
   --------             ------   -------     -----     ------------
 
eg1c               1.49100   1.37935029  -0.11164971      14.01844713    50.000
 Results for structure SQS8.CdSe75Te25.config        
X-point:  1.00000  0.00000  0.00000
The 64th state is the VBM of SQS8.CdSe75Te25.conf
   Property       Ideal_Value   fitted_Value  Error    Weighted_Err**2   Weight
   --------             ------   -------     -----     ------------
 
eg1c               1.58100   1.39692618  -0.18407382     135.55649461   100.000
 Total Error =    378.724614713574     
