June 25 2011  11:54:08.129 PM
 Spin-Orbit interaction is ON
 Reweight of KE term    1.00000000000000     
 Fixed Reweight
 debug: close fit.d file 
 Read in a total of            2  pseudopotentials
 There are a total of          14 parameters to be fitted
 
 Reading expt. data from input.CdSe                    
     Input Quantity      Non So.      S.O.    weight
     --------------       -----     ------    ------
  eg1v                 -11.75000   -12.97000     1.00000
  evbm                  -5.35971    -5.35971   700.00000
  eg1c                   1.74000     1.74000   200.00000
  eg15c                  6.45000     6.45000     2.00000
  ex1v                 -10.95000   -12.41000     0.50000
  ex3v                  -3.57000    -4.36000     0.50000
  ex5v                  -1.34000    -2.05000     2.00000
  ex1c                   3.35000     3.95000    10.00000
  ex3c                   4.14000     4.14000     2.00000
  el1v                 -11.18000   -12.54000     0.10000
  el2v                  -3.72000    -4.75000     0.50000
  el3v                  -0.50000    -0.78000     2.00000
  el1c                   3.14000     3.39000    10.00000
  mg1c                   0.12000     0.12000    25.00000
  ml1cl                  1.90000     1.90000     5.00000
  ml1ct                  0.07500     0.07500     5.00000
  mx1cl                  1.30000     1.30000     5.00000
  mx1ct                  0.23000     0.23000     1.00000
  mghh100                0.90000     0.90000    10.00000
  mghh110                1.70000     1.70000     2.00000
  mghh111                2.14000     2.14000     0.50000
  mglh100                0.18000     0.18000     2.00000
  mglh110                0.16000     0.16000     1.00000
  mglh111                0.16000     0.16000     1.00000
  dpa                   -2.90000    -2.90000    20.00000
  dpag15v                0.90000     0.90000     5.00000
  dpaGX                  1.03000     1.03000     3.00000
  dpaGL                 -2.19000    -2.19000     3.00000
  dpb100                -1.20000    -1.20000    20.00000
  edso0                  0.41000     0.42000    30.00000
  edso1                  0.41000     0.20000     1.00000
          31  Properties to be fitted for bulkCdSe.config               
 
          31  total expt. properties to be fitted
 
 Reading in structure bulkCdSe.config               
 Initial EPM:
 
 Iteration no.            1
 Values of the pseudopotential parameters
 ----------------------------------------
 Weight of Kinetic Energy   1.00000000000000     
 
 6.88000  0.80000  1.00000           ! Ecut, Smth, scalkin
 
 Cd       48034       ! Atom, atomic_num
 2.6280000000000E+02      4          !norm. atomic volume, ngauss
 4.3832971701991E-02      1          !SO param
 6.0678528787044E-01      1          !af param for strain
 0.0000000000000E+00      0          !beta param
-4.9480400000000E-01  0.0000000000000E+00  2.2508400000000E+00   0  0  0  !gaussian's param
-8.8119900000000E-03  3.5127900000000E+00  2.3379600000000E+00   0  0  0  !gaussian's param
 1.1256500000000E+00 -1.0642300000000E+00  3.2992700000000E+00   0  0  0  !gaussian's param
 6.2469600000000E-02  1.5789400000000E+00  1.7675600000000E+00   0  0  0  !gaussian's param
 
 Se       34048       ! Atom, atomic_num
 1.4520000000000E+02      4          !norm. atomic volume, ngauss
 1.3506651657836E-01      1          !SO param
 0.0000000000000E+00      0          !af param for strain
 0.0000000000000E+00      0          !beta param
-1.3959333134924E+00  0.0000000000000E+00  1.1787633187490E+00   1  0  1  !gaussian's param
-1.2778872036327E-06  9.3937180021848E-02  3.2039765571727E+00   1  1  1  !gaussian's param
-1.8418436635723E-02  6.4017072030514E-01  2.2017989169229E-01   1  1  1  !gaussian's param
 9.7163758709889E-02  8.1467971425794E-02  2.0400820498400E-01   1  1  1  !gaussian's param
 Results for structure bulkCdSe.config               
X-point:  1.00000  0.00000  0.00000
The  8th state is the VBM of bulkCdSe.config     
   Property       Ideal_Value   fitted_Value  Error    Weighted_Err**2   Weight
   --------             ------   -------     -----     ------------
 
eg1v             -12.97000 -11.83349859   1.13650141       0.00767821     1.000
evbm              -5.35971  -5.35801387   0.00169132       0.04879378   700.000
eg1c               1.74000   1.74121384   0.00121384       0.01946642   200.000
eg15c              6.45000   5.59356311  -0.85643689       0.07052308     2.000
ex1v             -12.41000 -11.07603475   1.33396525       0.00288859     0.500
ex3v              -4.36000  -3.54462495   0.81537505       0.00874343     0.500
ex5v              -2.05000  -1.45589171   0.59410829       0.33595684     2.000
ex1c               3.95000   2.75438661  -1.19561339       9.16193801    10.000
ex3c               4.14000   3.87398526  -0.26601474       0.01651470     2.000
el1v             -12.54000 -11.26113434   1.27886566       0.00010401     0.100
el2v              -4.75000  -3.78584299   0.96415701       0.01030026     0.500
el3v              -0.78000  -0.52432433   0.25567567       0.42978335     2.000
el1c               3.39000   3.06875500  -0.32124500       0.89799383    10.000
mg1c               0.12000   0.13042704   0.01042704       4.71888596    25.000
ml1cl              1.90000   2.45522975   0.55522975       2.13490360     5.000
ml1ct              0.07500   0.19933668   0.12433668      68.70937631     5.000
mx1cl              1.30000   0.69138746  -0.60861254       5.47942643     5.000
mx1ct              0.23000   0.30633688   0.07633688       0.11015726     1.000
mghh100            0.90000   0.77162668  -0.12837332       2.03453194    10.000
mghh110            1.70000   1.41817909  -0.28182091       0.10992807     2.000
mghh111            2.14000   1.86419703  -0.27580297       0.00415251     0.500
mglh100            0.18000   0.19058646   0.01058646       0.01383618     2.000
mglh110            0.16000   0.17133370   0.01133370       0.00501769     1.000
mglh111            0.16000   0.16658552   0.00658552       0.00169411     1.000
dpa               -2.90000  -2.15430797   0.74569203      26.44740078    20.000
dpag15v            0.90000   0.89604497  -0.00395503       0.00048279     5.000
dpaGX              1.03000   2.26894457   1.23894457      13.02182368     3.000
dpaGL             -2.19000  -0.97265488   1.21734512       2.78087662     3.000
dpb100            -1.20000  -1.39884695  -0.19884695      10.98336395    20.000
edso0              0.42000   0.41665708  -0.00334292       0.05701589    30.000
edso1              0.20000   0.24883603   0.04883603       0.05962395     1.000
 
 Total Error =    147.683182208843     
Output flag from DQED, IGO =      3
 
Computed X:
 
  0.988330    
   1.03260    
  0.979364    
  0.977720    
  0.969299    
   1.00635    
  0.985140    
   1.00648    
  0.974961    
  0.982562    
   1.01926    
  0.975384    
  0.974162    
  0.972416    
 
L2 norm of the residual, FNORM =    144.770    
 
EPMFIT_DQED
Normal end of execution.
 
 Iteration no.          482
 Values of the pseudopotential parameters
 ----------------------------------------
 Weight of Kinetic Energy   1.00000000000000     
 
 6.88000  0.80000  1.00000           ! Ecut, Smth, scalkin
 
 Cd       48034       ! Atom, atomic_num
 2.6280000000000E+02      4          !norm. atomic volume, ngauss
 4.3321452747877E-02      1          !SO param
 6.2656847168920E-01      1          !af param for strain
 0.0000000000000E+00      0          !beta param
-4.9480400000000E-01  0.0000000000000E+00  2.2508400000000E+00   0  0  0  !gaussian's param
-8.8119900000000E-03  3.5127900000000E+00  2.3379600000000E+00   0  0  0  !gaussian's param
 1.1256500000000E+00 -1.0642300000000E+00  3.2992700000000E+00   0  0  0  !gaussian's param
 6.2469600000000E-02  1.5789400000000E+00  1.7675600000000E+00   0  0  0  !gaussian's param
 
 Se       34048       ! Atom, atomic_num
 1.4520000000000E+02      4          !norm. atomic volume, ngauss
 1.3227924414546E-01      1          !SO param
 0.0000000000000E+00      0          !af param for strain
 0.0000000000000E+00      0          !beta param
-1.3648315738640E+00  0.0000000000000E+00  1.1425735753591E+00   1  0  1  !gaussian's param
-1.2859991637149E-06  9.2541284175853E-02  3.2247403724869E+00   1  1  1  !gaussian's param
-1.7957264543843E-02  6.2900732198128E-01  2.2441974446725E-01   1  1  1  !gaussian's param
 9.4771939966946E-02  7.9362999178717E-02  1.9838074912385E-01   1  1  1  !gaussian's param
 Results for structure bulkCdSe.config               
X-point:  1.00000  0.00000  0.00000
The  8th state is the VBM of bulkCdSe.config     
   Property       Ideal_Value   fitted_Value  Error    Weighted_Err**2   Weight
   --------             ------   -------     -----     ------------
 
eg1v             -12.97000 -12.00462527   0.96537473       0.00554003     1.000
evbm              -5.35971  -5.35771250   0.00199269       0.06773174   700.000
eg1c               1.74000   1.74065267   0.00065267       0.00562786   200.000
eg15c              6.45000   5.78752938  -0.66247062       0.04219625     2.000
ex1v             -12.41000 -11.30725007   1.10274993       0.00197402     0.500
ex3v              -4.36000  -3.44412675   0.91587325       0.01103158     0.500
ex5v              -2.05000  -1.40261324   0.64738676       0.39891457     2.000
ex1c               3.95000   2.90438250  -1.04561750       7.00731268    10.000
ex3c               4.14000   4.06732763  -0.07267237       0.00123253     2.000
el1v             -12.54000 -11.47697946   1.06302054       0.00007186     0.100
el2v              -4.75000  -3.68160049   1.06839951       0.01264795     0.500
el3v              -0.78000  -0.50283444   0.27716556       0.50506736     2.000
el1c               3.39000   3.17728634  -0.21271366       0.39372353    10.000
mg1c               0.12000   0.13299932   0.01299932       7.33429774    25.000
ml1cl              1.90000   2.69983865   0.79983865       4.43034539     5.000
ml1ct              0.07500   0.20538665   0.13038665      75.55856692     5.000
mx1cl              1.30000   0.69681224  -0.60318776       5.38218163     5.000
mx1ct              0.23000   0.31352501   0.08352501       0.13187952     1.000
mghh100            0.90000   0.81632424  -0.08367576       0.86439906    10.000
mghh110            1.70000   1.49211144  -0.20788856       0.05981682     2.000
mghh111            2.14000   1.95716193  -0.18283807       0.00182493     0.500
mglh100            0.18000   0.19616608   0.01616608       0.03226446     2.000
mglh110            0.16000   0.17693994   0.01693994       0.01120944     1.000
mglh111            0.16000   0.17215514   0.01215514       0.00577138     1.000
dpa               -2.90000  -2.21088228   0.68911772      22.58659875    20.000
dpag15v            0.90000   0.85501934  -0.04498066       0.06244628     5.000
dpaGX              1.03000   2.02044249   0.99044249       8.32197850     3.000
dpaGL             -2.19000  -1.17807371   1.01192629       1.92155153     3.000
dpb100            -1.20000  -1.38487710  -0.18487710       9.49431724    20.000
edso0              0.42000   0.42304736   0.00304736       0.04737953    30.000
edso1              0.20000   0.25308061   0.05308061       0.07043877     1.000
 
 Total Error =    144.770339834999     
 Ending at
June 25 2011  11:57:19.067 PM
